[0.291s] Invoking command in '/home/sebas/workspace/ros_ur_driver/build/joint_limits': CMAKE_PREFIX_PATH=${CMAKE_PREFIX_PATH}:/home/sebas/workspace/ros_ur_driver/install/ur3_rl:/home/sebas/workspace/ros_ur_driver/install/rqt_joint_trajectory_controller:/home/sebas/workspace/ros_ur_driver/install/rqt_controller_manager:/home/sebas/workspace/ros_ur_driver/install/ros2controlcli:/home/sebas/workspace/ros_ur_driver/install/ros2_controllers_test_nodes:/opt/ros/humble /usr/bin/cmake /home/sebas/workspace/ros_ur_driver/src/ros2_control/joint_limits -DCMAKE_INSTALL_PREFIX=/home/sebas/workspace/ros_ur_driver/install/joint_limits
[1.211s] -- The C compiler identification is GNU 11.4.0
[1.211s] -- The CXX compiler identification is GNU 11.4.0
[1.211s] -- Detecting C compiler ABI info
[1.211s] -- Detecting C compiler ABI info - done
[1.211s] -- Check for working C compiler: /usr/bin/cc - skipped
[1.211s] -- Detecting C compile features
[1.211s] -- Detecting C compile features - done
[1.211s] -- Detecting CXX compiler ABI info
[1.211s] -- Detecting CXX compiler ABI info - done
[1.211s] -- Check for working CXX compiler: /usr/bin/c++ - skipped
[1.211s] -- Detecting CXX compile features
[1.212s] -- Detecting CXX compile features - done
[1.212s] -- Found ament_cmake: 1.3.10 (/opt/ros/humble/share/ament_cmake/cmake)
[1.222s] -- Found Python3: /usr/bin/python3 (found version "3.10.12") found components: Interpreter 
[1.393s] -- Found rclcpp: 16.0.10 (/opt/ros/humble/share/rclcpp/cmake)
[1.461s] -- Found rosidl_generator_c: 3.1.5 (/opt/ros/humble/share/rosidl_generator_c/cmake)
[1.463s] -- Found rosidl_adapter: 3.1.5 (/opt/ros/humble/share/rosidl_adapter/cmake)
[1.476s] -- Found rosidl_generator_cpp: 3.1.5 (/opt/ros/humble/share/rosidl_generator_cpp/cmake)
[1.498s] -- Using all available rosidl_typesupport_c: rosidl_typesupport_fastrtps_c;rosidl_typesupport_introspection_c
[1.542s] -- Using all available rosidl_typesupport_cpp: rosidl_typesupport_fastrtps_cpp;rosidl_typesupport_introspection_cpp
[1.676s] -- Found rmw_implementation_cmake: 6.1.2 (/opt/ros/humble/share/rmw_implementation_cmake/cmake)
[1.691s] -- Found rmw_fastrtps_cpp: 6.2.7 (/opt/ros/humble/share/rmw_fastrtps_cpp/cmake)
[2.030s] -- Found OpenSSL: /usr/lib/x86_64-linux-gnu/libcrypto.so (found version "3.0.2")  
[2.088s] -- Found FastRTPS: /opt/ros/humble/include  
[2.175s] -- Using RMW implementation 'rmw_fastrtps_cpp' as default
[2.189s] -- Looking for pthread.h
[2.459s] -- Looking for pthread.h - found
[2.459s] -- Performing Test CMAKE_HAVE_LIBC_PTHREAD
[2.725s] -- Performing Test CMAKE_HAVE_LIBC_PTHREAD - Success
[2.729s] -- Found Threads: TRUE  
[2.883s] -- Found rclcpp_lifecycle: 16.0.10 (/opt/ros/humble/share/rclcpp_lifecycle/cmake)
[2.943s] -- Found ament_cmake_gtest: 1.3.10 (/opt/ros/humble/share/ament_cmake_gtest/cmake)
[2.947s] -- Found launch_testing_ament_cmake: 1.0.6 (/opt/ros/humble/share/launch_testing_ament_cmake/cmake)
[2.953s] -- Found python_cmake_module: 0.10.0 (/opt/ros/humble/share/python_cmake_module/cmake)
[3.017s] -- Found PythonInterp: /usr/bin/python3 (found suitable version "3.10.12", minimum required is "3.6") 
[3.046s] -- Found PythonLibs: /usr/lib/x86_64-linux-gnu/libpython3.10.so (found suitable version "3.10.12", minimum required is "3.5") 
[3.047s] -- Using PYTHON_EXECUTABLE: /usr/bin/python3
[3.047s] -- Using PYTHON_INCLUDE_DIRS: /usr/include/python3.10
[3.047s] -- Using PYTHON_LIBRARIES: /usr/lib/x86_64-linux-gnu/libpython3.10.so
[3.126s] -- Found PythonExtra: .so  
[3.134s] -- Found gtest sources under '/opt/ros/humble/src/gtest_vendor': C++ tests using 'Google Test' will be built
[3.392s] -- Configuring done
[3.409s] -- Generating done
[3.411s] -- Build files have been written to: /home/sebas/workspace/ros_ur_driver/build/joint_limits
[3.451s] Invoked command in '/home/sebas/workspace/ros_ur_driver/build/joint_limits' returned '0': CMAKE_PREFIX_PATH=${CMAKE_PREFIX_PATH}:/home/sebas/workspace/ros_ur_driver/install/ur3_rl:/home/sebas/workspace/ros_ur_driver/install/rqt_joint_trajectory_controller:/home/sebas/workspace/ros_ur_driver/install/rqt_controller_manager:/home/sebas/workspace/ros_ur_driver/install/ros2controlcli:/home/sebas/workspace/ros_ur_driver/install/ros2_controllers_test_nodes:/opt/ros/humble /usr/bin/cmake /home/sebas/workspace/ros_ur_driver/src/ros2_control/joint_limits -DCMAKE_INSTALL_PREFIX=/home/sebas/workspace/ros_ur_driver/install/joint_limits
[3.452s] Invoking command in '/home/sebas/workspace/ros_ur_driver/build/joint_limits': CMAKE_PREFIX_PATH=${CMAKE_PREFIX_PATH}:/home/sebas/workspace/ros_ur_driver/install/ur3_rl:/home/sebas/workspace/ros_ur_driver/install/rqt_joint_trajectory_controller:/home/sebas/workspace/ros_ur_driver/install/rqt_controller_manager:/home/sebas/workspace/ros_ur_driver/install/ros2controlcli:/home/sebas/workspace/ros_ur_driver/install/ros2_controllers_test_nodes:/opt/ros/humble /usr/bin/cmake --build /home/sebas/workspace/ros_ur_driver/build/joint_limits -- -j12 -l12
[4.010s] [ 16%] [32mBuilding CXX object gtest/CMakeFiles/gtest_main.dir/src/gtest_main.cc.o[0m
[4.010s] [ 33%] [32mBuilding CXX object gtest/CMakeFiles/gtest.dir/src/gtest-all.cc.o[0m
[6.184s] [ 50%] [32m[1mLinking CXX static library libgtest_main.a[0m
[6.425s] [ 50%] Built target gtest_main
[11.392s] [ 66%] [32m[1mLinking CXX static library libgtest.a[0m
[11.806s] [ 66%] Built target gtest
[11.914s] [ 83%] [32mBuilding CXX object CMakeFiles/joint_limits_rosparam_test.dir/test/joint_limits_rosparam_test.cpp.o[0m
[26.268s] [100%] [32m[1mLinking CXX executable joint_limits_rosparam_test[0m
[26.683s] [100%] Built target joint_limits_rosparam_test
[26.722s] Invoked command in '/home/sebas/workspace/ros_ur_driver/build/joint_limits' returned '0': CMAKE_PREFIX_PATH=${CMAKE_PREFIX_PATH}:/home/sebas/workspace/ros_ur_driver/install/ur3_rl:/home/sebas/workspace/ros_ur_driver/install/rqt_joint_trajectory_controller:/home/sebas/workspace/ros_ur_driver/install/rqt_controller_manager:/home/sebas/workspace/ros_ur_driver/install/ros2controlcli:/home/sebas/workspace/ros_ur_driver/install/ros2_controllers_test_nodes:/opt/ros/humble /usr/bin/cmake --build /home/sebas/workspace/ros_ur_driver/build/joint_limits -- -j12 -l12
[26.866s] Invoking command in '/home/sebas/workspace/ros_ur_driver/build/joint_limits': CMAKE_PREFIX_PATH=${CMAKE_PREFIX_PATH}:/home/sebas/workspace/ros_ur_driver/install/ur3_rl:/home/sebas/workspace/ros_ur_driver/install/rqt_joint_trajectory_controller:/home/sebas/workspace/ros_ur_driver/install/rqt_controller_manager:/home/sebas/workspace/ros_ur_driver/install/ros2controlcli:/home/sebas/workspace/ros_ur_driver/install/ros2_controllers_test_nodes:/opt/ros/humble /usr/bin/cmake --install /home/sebas/workspace/ros_ur_driver/build/joint_limits
[26.894s] -- Install configuration: ""
[26.894s] -- Installing: /home/sebas/workspace/ros_ur_driver/install/joint_limits/include
[26.894s] -- Installing: /home/sebas/workspace/ros_ur_driver/install/joint_limits/include/joint_limits
[26.894s] -- Installing: /home/sebas/workspace/ros_ur_driver/install/joint_limits/include/joint_limits/joint_limits_rosparam.hpp
[26.894s] -- Installing: /home/sebas/workspace/ros_ur_driver/install/joint_limits/include/joint_limits/joint_limits.hpp
[26.895s] -- Installing: /home/sebas/workspace/ros_ur_driver/install/joint_limits/lib/joint_limits/joint_limits_rosparam_test
[26.900s] -- Set runtime path of "/home/sebas/workspace/ros_ur_driver/install/joint_limits/lib/joint_limits/joint_limits_rosparam_test" to ""
[26.901s] -- Installing: /home/sebas/workspace/ros_ur_driver/install/joint_limits/share/joint_limits/test/joint_limits_rosparam.yaml
[26.901s] -- Installing: /home/sebas/workspace/ros_ur_driver/install/joint_limits/share/ament_index/resource_index/package_run_dependencies/joint_limits
[26.901s] -- Installing: /home/sebas/workspace/ros_ur_driver/install/joint_limits/share/ament_index/resource_index/parent_prefix_path/joint_limits
[26.902s] -- Installing: /home/sebas/workspace/ros_ur_driver/install/joint_limits/share/joint_limits/environment/ament_prefix_path.sh
[26.902s] -- Installing: /home/sebas/workspace/ros_ur_driver/install/joint_limits/share/joint_limits/environment/ament_prefix_path.dsv
[26.902s] -- Installing: /home/sebas/workspace/ros_ur_driver/install/joint_limits/share/joint_limits/environment/path.sh
[26.903s] -- Installing: /home/sebas/workspace/ros_ur_driver/install/joint_limits/share/joint_limits/environment/path.dsv
[26.903s] -- Installing: /home/sebas/workspace/ros_ur_driver/install/joint_limits/share/joint_limits/local_setup.bash
[26.903s] -- Installing: /home/sebas/workspace/ros_ur_driver/install/joint_limits/share/joint_limits/local_setup.sh
[26.904s] -- Installing: /home/sebas/workspace/ros_ur_driver/install/joint_limits/share/joint_limits/local_setup.zsh
[26.904s] -- Installing: /home/sebas/workspace/ros_ur_driver/install/joint_limits/share/joint_limits/local_setup.dsv
[26.904s] -- Installing: /home/sebas/workspace/ros_ur_driver/install/joint_limits/share/joint_limits/package.dsv
[26.904s] -- Installing: /home/sebas/workspace/ros_ur_driver/install/joint_limits/share/ament_index/resource_index/packages/joint_limits
[26.906s] -- Installing: /home/sebas/workspace/ros_ur_driver/install/joint_limits/share/joint_limits/cmake/ament_cmake_export_dependencies-extras.cmake
[26.906s] -- Installing: /home/sebas/workspace/ros_ur_driver/install/joint_limits/share/joint_limits/cmake/ament_cmake_export_include_directories-extras.cmake
[26.907s] -- Installing: /home/sebas/workspace/ros_ur_driver/install/joint_limits/share/joint_limits/cmake/joint_limitsConfig.cmake
[26.907s] -- Installing: /home/sebas/workspace/ros_ur_driver/install/joint_limits/share/joint_limits/cmake/joint_limitsConfig-version.cmake
[26.907s] -- Installing: /home/sebas/workspace/ros_ur_driver/install/joint_limits/share/joint_limits/package.xml
[26.916s] Invoked command in '/home/sebas/workspace/ros_ur_driver/build/joint_limits' returned '0': CMAKE_PREFIX_PATH=${CMAKE_PREFIX_PATH}:/home/sebas/workspace/ros_ur_driver/install/ur3_rl:/home/sebas/workspace/ros_ur_driver/install/rqt_joint_trajectory_controller:/home/sebas/workspace/ros_ur_driver/install/rqt_controller_manager:/home/sebas/workspace/ros_ur_driver/install/ros2controlcli:/home/sebas/workspace/ros_ur_driver/install/ros2_controllers_test_nodes:/opt/ros/humble /usr/bin/cmake --install /home/sebas/workspace/ros_ur_driver/build/joint_limits
