[0.032s] Invoking command in '/home/sebas/workspace/ros_ur_driver/build/controller_manager': CMAKE_PREFIX_PATH=/home/sebas/workspace/ros_ur_driver/install/hardware_interface_testing:/home/sebas/workspace/ros_ur_driver/install/controller_interface:/home/sebas/workspace/ros_ur_driver/install/hardware_interface:/home/sebas/workspace/ros_ur_driver/install/ros2_control_test_assets:/home/sebas/workspace/ros_ur_driver/install/realtime_tools:/home/sebas/workspace/ros_ur_driver/install/controller_manager_msgs:/home/sebas/workspace/ros_ur_driver/install/control_msgs:/home/sebas/workspace/ros_ur_driver/install/ur:/home/sebas/workspace/ros_ur_driver/install/ur_calibration:/home/sebas/workspace/ros_ur_driver/install/ur_robot_driver:/home/sebas/workspace/ros_ur_driver/install/ur_bringup:/home/sebas/workspace/ros_ur_driver/install/ros2_controllers:/home/sebas/workspace/ros_ur_driver/install/velocity_controllers:/home/sebas/workspace/ros_ur_driver/install/ur_controllers:/home/sebas/workspace/ros_ur_driver/install/ur_msgs:/home/sebas/workspace/ros_ur_driver/install/ur_moveit_config:/home/sebas/workspace/ros_ur_driver/install/ur_description:/home/sebas/workspace/ros_ur_driver/install/ur_dashboard_msgs:/home/sebas/workspace/ros_ur_driver/install/ur_client_library:/home/sebas/workspace/ros_ur_driver/install/tricycle_steering_controller:/home/sebas/workspace/ros_ur_driver/install/tricycle_controller:/home/sebas/workspace/ros_ur_driver/install/ros2_control:/home/sebas/workspace/ros_ur_driver/install/transmission_interface:/home/sebas/workspace/ros_ur_driver/install/bicycle_steering_controller:/home/sebas/workspace/ros_ur_driver/install/ackermann_steering_controller:/home/sebas/workspace/ros_ur_driver/install/steering_controllers_library:/home/sebas/workspace/ros_ur_driver/install/controller_manager:/home/sebas/workspace/ros_ur_driver/install/range_sensor_broadcaster:/home/sebas/workspace/ros_ur_driver/install/position_controllers:/home/sebas/workspace/ros_ur_driver/install/pose_broadcaster:/home/sebas/workspace/ros_ur_driver/install/pid_controller:/home/sebas/workspace/ros_ur_driver/install/admittance_controller:/home/sebas/workspace/ros_ur_driver/install/joint_trajectory_controller:/home/sebas/workspace/ros_ur_driver/install/joint_state_broadcaster:/home/sebas/workspace/ros_ur_driver/install/imu_sensor_broadcaster:/home/sebas/workspace/ros_ur_driver/install/gripper_controllers:/home/sebas/workspace/ros_ur_driver/install/effort_controllers:/home/sebas/workspace/ros_ur_driver/install/forward_command_controller:/home/sebas/workspace/ros_ur_driver/install/force_torque_sensor_broadcaster:/home/sebas/workspace/ros_ur_driver/install/diff_drive_controller:/home/sebas/workspace/ros_ur_driver/install/kinematics_interface_kdl:/home/sebas/workspace/ros_ur_driver/install/kinematics_interface:/home/sebas/workspace/ros_ur_driver/install/joint_limits:/home/sebas/workspace/ros_ur_driver/install/ur3_rl:/home/sebas/workspace/ros_ur_driver/install/rqt_joint_trajectory_controller:/home/sebas/workspace/ros_ur_driver/install/rqt_controller_manager:/home/sebas/workspace/ros_ur_driver/install/ros2controlcli:/home/sebas/workspace/ros_ur_driver/install/ros2_controllers_test_nodes:/opt/ros/humble LD_LIBRARY_PATH=/home/sebas/workspace/ros_ur_driver/install/hardware_interface_testing/lib:/home/sebas/workspace/ros_ur_driver/install/controller_interface/lib:/home/sebas/workspace/ros_ur_driver/install/hardware_interface/lib:/home/sebas/workspace/ros_ur_driver/install/realtime_tools/lib:/home/sebas/workspace/ros_ur_driver/install/controller_manager_msgs/lib:/home/sebas/workspace/ros_ur_driver/install/control_msgs/lib:/home/sebas/workspace/ros_ur_driver/install/ur_robot_driver/lib:/home/sebas/workspace/ros_ur_driver/install/velocity_controllers/lib:/home/sebas/workspace/ros_ur_driver/install/ur_controllers/lib:/home/sebas/workspace/ros_ur_driver/install/ur_msgs/lib:/home/sebas/workspace/ros_ur_driver/install/ur_dashboard_msgs/lib:/home/sebas/workspace/ros_ur_driver/install/ur_client_library/lib:/home/sebas/workspace/ros_ur_driver/install/tricycle_steering_controller/lib:/home/sebas/workspace/ros_ur_driver/install/tricycle_controller/lib:/home/sebas/workspace/ros_ur_driver/install/transmission_interface/lib:/home/sebas/workspace/ros_ur_driver/install/bicycle_steering_controller/lib:/home/sebas/workspace/ros_ur_driver/install/ackermann_steering_controller/lib:/home/sebas/workspace/ros_ur_driver/install/steering_controllers_library/lib:/home/sebas/workspace/ros_ur_driver/install/controller_manager/lib:/home/sebas/workspace/ros_ur_driver/install/range_sensor_broadcaster/lib:/home/sebas/workspace/ros_ur_driver/install/position_controllers/lib:/home/sebas/workspace/ros_ur_driver/install/pose_broadcaster/lib:/home/sebas/workspace/ros_ur_driver/install/pid_controller/lib:/home/sebas/workspace/ros_ur_driver/install/admittance_controller/lib:/home/sebas/workspace/ros_ur_driver/install/joint_trajectory_controller/lib:/home/sebas/workspace/ros_ur_driver/install/joint_state_broadcaster/lib:/home/sebas/workspace/ros_ur_driver/install/imu_sensor_broadcaster/lib:/home/sebas/workspace/ros_ur_driver/install/gripper_controllers/lib:/home/sebas/workspace/ros_ur_driver/install/effort_controllers/lib:/home/sebas/workspace/ros_ur_driver/install/forward_command_controller/lib:/home/sebas/workspace/ros_ur_driver/install/force_torque_sensor_broadcaster/lib:/home/sebas/workspace/ros_ur_driver/install/diff_drive_controller/lib:/home/sebas/workspace/ros_ur_driver/install/kinematics_interface_kdl/lib:/home/sebas/workspace/ros_ur_driver/install/kinematics_interface/lib:/opt/ros/humble/opt/rviz_ogre_vendor/lib:/opt/ros/humble/lib/x86_64-linux-gnu:/opt/ros/humble/lib /usr/bin/cmake --build /home/sebas/workspace/ros_ur_driver/build/controller_manager -- -j12 -l12
[0.106s] [ 10%] Built target gmock_main
[0.106s] [ 13%] Built target gmock
[0.109s] [ 18%] Built target controller_manager
[0.121s] [ 18%] Built target ament_cmake_python_copy_controller_manager_setup
[0.121s] [ 18%] Built target ament_cmake_python_copy_controller_manager
[0.157s] [ 37%] Built target ros2_control_node
[0.157s] [ 37%] Built target test_hardware_spawner
[0.157s] [ 40%] Built target test_chainable_controller
[0.157s] [ 40%] Built target test_controller_failed_init
[0.157s] [ 45%] Built target test_controller_manager_urdf_passing
[0.158s] [ 51%] Built target test_controller
[0.164s] [ 56%] Built target test_controller_with_interfaces
[0.205s] [ 78%] Built target test_controller_manager_srvs
[0.205s] [ 78%] Built target test_load_controller
[0.205s] [ 78%] Built target test_controller_manager_with_namespace.cpp
[0.205s] [ 78%] Built target test_controller_manager
[0.210s] [ 83%] Built target test_hardware_management_srvs
[0.213s] [ 89%] Built target test_controllers_chaining_with_controller_manager
[0.217s] [ 94%] Built target test_release_interfaces
[0.217s] [100%] Built target test_spawner_unspawner
[0.332s] running install_scripts
[0.333s] running egg_info
[0.349s] writing controller_manager.egg-info/PKG-INFO
[0.349s] writing dependency_links to controller_manager.egg-info/dependency_links.txt
[0.349s] writing entry points to controller_manager.egg-info/entry_points.txt
[0.350s] writing top-level names to controller_manager.egg-info/top_level.txt
[0.364s] /home/sebas/.local/lib/python3.10/site-packages/setuptools/_distutils/cmd.py:66: SetuptoolsDeprecationWarning: setup.py install is deprecated.
[0.364s] !!
[0.365s] 
[0.365s]         ********************************************************************************
[0.365s]         Please avoid running ``setup.py`` directly.
[0.365s]         Instead, use pypa/build, pypa/installer or other
[0.365s]         standards-based tools.
[0.365s] 
[0.365s]         See https://blog.ganssle.io/articles/2021/10/setup-py-deprecated.html for details.
[0.365s]         ********************************************************************************
[0.365s] 
[0.365s] !!
[0.365s]   self.initialize_options()
[0.368s] running egg_info
[0.394s] reading manifest file 'controller_manager.egg-info/SOURCES.txt'
[0.394s] writing manifest file 'controller_manager.egg-info/SOURCES.txt'
[0.400s] writing controller_manager.egg-info/PKG-INFO
[0.400s] writing dependency_links to controller_manager.egg-info/dependency_links.txt
[0.400s] writing entry points to controller_manager.egg-info/entry_points.txt
[0.400s] writing top-level names to controller_manager.egg-info/top_level.txt
[0.423s] [100%] Built target ament_cmake_python_build_controller_manager_egg
[0.431s] reading manifest file 'controller_manager.egg-info/SOURCES.txt'
[0.432s] writing manifest file 'controller_manager.egg-info/SOURCES.txt'
[0.546s] Installing hardware_spawner script to scripts
[0.546s] Installing spawner script to scripts
[0.546s] Installing unspawner script to scripts
[0.578s] [100%] Built target ament_cmake_python_build_controller_manager_scripts
[0.592s] Invoked command in '/home/sebas/workspace/ros_ur_driver/build/controller_manager' returned '0': CMAKE_PREFIX_PATH=/home/sebas/workspace/ros_ur_driver/install/hardware_interface_testing:/home/sebas/workspace/ros_ur_driver/install/controller_interface:/home/sebas/workspace/ros_ur_driver/install/hardware_interface:/home/sebas/workspace/ros_ur_driver/install/ros2_control_test_assets:/home/sebas/workspace/ros_ur_driver/install/realtime_tools:/home/sebas/workspace/ros_ur_driver/install/controller_manager_msgs:/home/sebas/workspace/ros_ur_driver/install/control_msgs:/home/sebas/workspace/ros_ur_driver/install/ur:/home/sebas/workspace/ros_ur_driver/install/ur_calibration:/home/sebas/workspace/ros_ur_driver/install/ur_robot_driver:/home/sebas/workspace/ros_ur_driver/install/ur_bringup:/home/sebas/workspace/ros_ur_driver/install/ros2_controllers:/home/sebas/workspace/ros_ur_driver/install/velocity_controllers:/home/sebas/workspace/ros_ur_driver/install/ur_controllers:/home/sebas/workspace/ros_ur_driver/install/ur_msgs:/home/sebas/workspace/ros_ur_driver/install/ur_moveit_config:/home/sebas/workspace/ros_ur_driver/install/ur_description:/home/sebas/workspace/ros_ur_driver/install/ur_dashboard_msgs:/home/sebas/workspace/ros_ur_driver/install/ur_client_library:/home/sebas/workspace/ros_ur_driver/install/tricycle_steering_controller:/home/sebas/workspace/ros_ur_driver/install/tricycle_controller:/home/sebas/workspace/ros_ur_driver/install/ros2_control:/home/sebas/workspace/ros_ur_driver/install/transmission_interface:/home/sebas/workspace/ros_ur_driver/install/bicycle_steering_controller:/home/sebas/workspace/ros_ur_driver/install/ackermann_steering_controller:/home/sebas/workspace/ros_ur_driver/install/steering_controllers_library:/home/sebas/workspace/ros_ur_driver/install/controller_manager:/home/sebas/workspace/ros_ur_driver/install/range_sensor_broadcaster:/home/sebas/workspace/ros_ur_driver/install/position_controllers:/home/sebas/workspace/ros_ur_driver/install/pose_broadcaster:/home/sebas/workspace/ros_ur_driver/install/pid_controller:/home/sebas/workspace/ros_ur_driver/install/admittance_controller:/home/sebas/workspace/ros_ur_driver/install/joint_trajectory_controller:/home/sebas/workspace/ros_ur_driver/install/joint_state_broadcaster:/home/sebas/workspace/ros_ur_driver/install/imu_sensor_broadcaster:/home/sebas/workspace/ros_ur_driver/install/gripper_controllers:/home/sebas/workspace/ros_ur_driver/install/effort_controllers:/home/sebas/workspace/ros_ur_driver/install/forward_command_controller:/home/sebas/workspace/ros_ur_driver/install/force_torque_sensor_broadcaster:/home/sebas/workspace/ros_ur_driver/install/diff_drive_controller:/home/sebas/workspace/ros_ur_driver/install/kinematics_interface_kdl:/home/sebas/workspace/ros_ur_driver/install/kinematics_interface:/home/sebas/workspace/ros_ur_driver/install/joint_limits:/home/sebas/workspace/ros_ur_driver/install/ur3_rl:/home/sebas/workspace/ros_ur_driver/install/rqt_joint_trajectory_controller:/home/sebas/workspace/ros_ur_driver/install/rqt_controller_manager:/home/sebas/workspace/ros_ur_driver/install/ros2controlcli:/home/sebas/workspace/ros_ur_driver/install/ros2_controllers_test_nodes:/opt/ros/humble LD_LIBRARY_PATH=/home/sebas/workspace/ros_ur_driver/install/hardware_interface_testing/lib:/home/sebas/workspace/ros_ur_driver/install/controller_interface/lib:/home/sebas/workspace/ros_ur_driver/install/hardware_interface/lib:/home/sebas/workspace/ros_ur_driver/install/realtime_tools/lib:/home/sebas/workspace/ros_ur_driver/install/controller_manager_msgs/lib:/home/sebas/workspace/ros_ur_driver/install/control_msgs/lib:/home/sebas/workspace/ros_ur_driver/install/ur_robot_driver/lib:/home/sebas/workspace/ros_ur_driver/install/velocity_controllers/lib:/home/sebas/workspace/ros_ur_driver/install/ur_controllers/lib:/home/sebas/workspace/ros_ur_driver/install/ur_msgs/lib:/home/sebas/workspace/ros_ur_driver/install/ur_dashboard_msgs/lib:/home/sebas/workspace/ros_ur_driver/install/ur_client_library/lib:/home/sebas/workspace/ros_ur_driver/install/tricycle_steering_controller/lib:/home/sebas/workspace/ros_ur_driver/install/tricycle_controller/lib:/home/sebas/workspace/ros_ur_driver/install/transmission_interface/lib:/home/sebas/workspace/ros_ur_driver/install/bicycle_steering_controller/lib:/home/sebas/workspace/ros_ur_driver/install/ackermann_steering_controller/lib:/home/sebas/workspace/ros_ur_driver/install/steering_controllers_library/lib:/home/sebas/workspace/ros_ur_driver/install/controller_manager/lib:/home/sebas/workspace/ros_ur_driver/install/range_sensor_broadcaster/lib:/home/sebas/workspace/ros_ur_driver/install/position_controllers/lib:/home/sebas/workspace/ros_ur_driver/install/pose_broadcaster/lib:/home/sebas/workspace/ros_ur_driver/install/pid_controller/lib:/home/sebas/workspace/ros_ur_driver/install/admittance_controller/lib:/home/sebas/workspace/ros_ur_driver/install/joint_trajectory_controller/lib:/home/sebas/workspace/ros_ur_driver/install/joint_state_broadcaster/lib:/home/sebas/workspace/ros_ur_driver/install/imu_sensor_broadcaster/lib:/home/sebas/workspace/ros_ur_driver/install/gripper_controllers/lib:/home/sebas/workspace/ros_ur_driver/install/effort_controllers/lib:/home/sebas/workspace/ros_ur_driver/install/forward_command_controller/lib:/home/sebas/workspace/ros_ur_driver/install/force_torque_sensor_broadcaster/lib:/home/sebas/workspace/ros_ur_driver/install/diff_drive_controller/lib:/home/sebas/workspace/ros_ur_driver/install/kinematics_interface_kdl/lib:/home/sebas/workspace/ros_ur_driver/install/kinematics_interface/lib:/opt/ros/humble/opt/rviz_ogre_vendor/lib:/opt/ros/humble/lib/x86_64-linux-gnu:/opt/ros/humble/lib /usr/bin/cmake --build /home/sebas/workspace/ros_ur_driver/build/controller_manager -- -j12 -l12
[0.777s] Invoking command in '/home/sebas/workspace/ros_ur_driver/build/controller_manager': CMAKE_PREFIX_PATH=/home/sebas/workspace/ros_ur_driver/install/hardware_interface_testing:/home/sebas/workspace/ros_ur_driver/install/controller_interface:/home/sebas/workspace/ros_ur_driver/install/hardware_interface:/home/sebas/workspace/ros_ur_driver/install/ros2_control_test_assets:/home/sebas/workspace/ros_ur_driver/install/realtime_tools:/home/sebas/workspace/ros_ur_driver/install/controller_manager_msgs:/home/sebas/workspace/ros_ur_driver/install/control_msgs:/home/sebas/workspace/ros_ur_driver/install/ur:/home/sebas/workspace/ros_ur_driver/install/ur_calibration:/home/sebas/workspace/ros_ur_driver/install/ur_robot_driver:/home/sebas/workspace/ros_ur_driver/install/ur_bringup:/home/sebas/workspace/ros_ur_driver/install/ros2_controllers:/home/sebas/workspace/ros_ur_driver/install/velocity_controllers:/home/sebas/workspace/ros_ur_driver/install/ur_controllers:/home/sebas/workspace/ros_ur_driver/install/ur_msgs:/home/sebas/workspace/ros_ur_driver/install/ur_moveit_config:/home/sebas/workspace/ros_ur_driver/install/ur_description:/home/sebas/workspace/ros_ur_driver/install/ur_dashboard_msgs:/home/sebas/workspace/ros_ur_driver/install/ur_client_library:/home/sebas/workspace/ros_ur_driver/install/tricycle_steering_controller:/home/sebas/workspace/ros_ur_driver/install/tricycle_controller:/home/sebas/workspace/ros_ur_driver/install/ros2_control:/home/sebas/workspace/ros_ur_driver/install/transmission_interface:/home/sebas/workspace/ros_ur_driver/install/bicycle_steering_controller:/home/sebas/workspace/ros_ur_driver/install/ackermann_steering_controller:/home/sebas/workspace/ros_ur_driver/install/steering_controllers_library:/home/sebas/workspace/ros_ur_driver/install/controller_manager:/home/sebas/workspace/ros_ur_driver/install/range_sensor_broadcaster:/home/sebas/workspace/ros_ur_driver/install/position_controllers:/home/sebas/workspace/ros_ur_driver/install/pose_broadcaster:/home/sebas/workspace/ros_ur_driver/install/pid_controller:/home/sebas/workspace/ros_ur_driver/install/admittance_controller:/home/sebas/workspace/ros_ur_driver/install/joint_trajectory_controller:/home/sebas/workspace/ros_ur_driver/install/joint_state_broadcaster:/home/sebas/workspace/ros_ur_driver/install/imu_sensor_broadcaster:/home/sebas/workspace/ros_ur_driver/install/gripper_controllers:/home/sebas/workspace/ros_ur_driver/install/effort_controllers:/home/sebas/workspace/ros_ur_driver/install/forward_command_controller:/home/sebas/workspace/ros_ur_driver/install/force_torque_sensor_broadcaster:/home/sebas/workspace/ros_ur_driver/install/diff_drive_controller:/home/sebas/workspace/ros_ur_driver/install/kinematics_interface_kdl:/home/sebas/workspace/ros_ur_driver/install/kinematics_interface:/home/sebas/workspace/ros_ur_driver/install/joint_limits:/home/sebas/workspace/ros_ur_driver/install/ur3_rl:/home/sebas/workspace/ros_ur_driver/install/rqt_joint_trajectory_controller:/home/sebas/workspace/ros_ur_driver/install/rqt_controller_manager:/home/sebas/workspace/ros_ur_driver/install/ros2controlcli:/home/sebas/workspace/ros_ur_driver/install/ros2_controllers_test_nodes:/opt/ros/humble LD_LIBRARY_PATH=/home/sebas/workspace/ros_ur_driver/install/hardware_interface_testing/lib:/home/sebas/workspace/ros_ur_driver/install/controller_interface/lib:/home/sebas/workspace/ros_ur_driver/install/hardware_interface/lib:/home/sebas/workspace/ros_ur_driver/install/realtime_tools/lib:/home/sebas/workspace/ros_ur_driver/install/controller_manager_msgs/lib:/home/sebas/workspace/ros_ur_driver/install/control_msgs/lib:/home/sebas/workspace/ros_ur_driver/install/ur_robot_driver/lib:/home/sebas/workspace/ros_ur_driver/install/velocity_controllers/lib:/home/sebas/workspace/ros_ur_driver/install/ur_controllers/lib:/home/sebas/workspace/ros_ur_driver/install/ur_msgs/lib:/home/sebas/workspace/ros_ur_driver/install/ur_dashboard_msgs/lib:/home/sebas/workspace/ros_ur_driver/install/ur_client_library/lib:/home/sebas/workspace/ros_ur_driver/install/tricycle_steering_controller/lib:/home/sebas/workspace/ros_ur_driver/install/tricycle_controller/lib:/home/sebas/workspace/ros_ur_driver/install/transmission_interface/lib:/home/sebas/workspace/ros_ur_driver/install/bicycle_steering_controller/lib:/home/sebas/workspace/ros_ur_driver/install/ackermann_steering_controller/lib:/home/sebas/workspace/ros_ur_driver/install/steering_controllers_library/lib:/home/sebas/workspace/ros_ur_driver/install/controller_manager/lib:/home/sebas/workspace/ros_ur_driver/install/range_sensor_broadcaster/lib:/home/sebas/workspace/ros_ur_driver/install/position_controllers/lib:/home/sebas/workspace/ros_ur_driver/install/pose_broadcaster/lib:/home/sebas/workspace/ros_ur_driver/install/pid_controller/lib:/home/sebas/workspace/ros_ur_driver/install/admittance_controller/lib:/home/sebas/workspace/ros_ur_driver/install/joint_trajectory_controller/lib:/home/sebas/workspace/ros_ur_driver/install/joint_state_broadcaster/lib:/home/sebas/workspace/ros_ur_driver/install/imu_sensor_broadcaster/lib:/home/sebas/workspace/ros_ur_driver/install/gripper_controllers/lib:/home/sebas/workspace/ros_ur_driver/install/effort_controllers/lib:/home/sebas/workspace/ros_ur_driver/install/forward_command_controller/lib:/home/sebas/workspace/ros_ur_driver/install/force_torque_sensor_broadcaster/lib:/home/sebas/workspace/ros_ur_driver/install/diff_drive_controller/lib:/home/sebas/workspace/ros_ur_driver/install/kinematics_interface_kdl/lib:/home/sebas/workspace/ros_ur_driver/install/kinematics_interface/lib:/opt/ros/humble/opt/rviz_ogre_vendor/lib:/opt/ros/humble/lib/x86_64-linux-gnu:/opt/ros/humble/lib /usr/bin/cmake --install /home/sebas/workspace/ros_ur_driver/build/controller_manager
[0.787s] -- Install configuration: ""
[0.787s] -- Up-to-date: /home/sebas/workspace/ros_ur_driver/install/controller_manager/lib/libcontroller_manager.so
[0.788s] -- Up-to-date: /home/sebas/workspace/ros_ur_driver/install/controller_manager/lib/controller_manager/ros2_control_node
[0.788s] -- Up-to-date: /home/sebas/workspace/ros_ur_driver/install/controller_manager/include
[0.788s] -- Up-to-date: /home/sebas/workspace/ros_ur_driver/install/controller_manager/include/controller_manager
[0.788s] -- Up-to-date: /home/sebas/workspace/ros_ur_driver/install/controller_manager/include/controller_manager/controller_spec.hpp
[0.788s] -- Up-to-date: /home/sebas/workspace/ros_ur_driver/install/controller_manager/include/controller_manager/visibility_control.h
[0.788s] -- Up-to-date: /home/sebas/workspace/ros_ur_driver/install/controller_manager/include/controller_manager/controller_manager.hpp
[0.788s] -- Up-to-date: /home/sebas/workspace/ros_ur_driver/install/controller_manager/share/controller_manager/test/test_controller/test_controller.xml
[0.788s] -- Up-to-date: /home/sebas/workspace/ros_ur_driver/install/controller_manager/lib/libtest_controller.so
[0.788s] -- Up-to-date: /home/sebas/workspace/ros_ur_driver/install/controller_manager/share/controller_manager/test/test_controller_failed_init/test_controller_failed_init.xml
[0.788s] -- Up-to-date: /home/sebas/workspace/ros_ur_driver/install/controller_manager/lib/libtest_controller_failed_init.so
[0.788s] -- Up-to-date: /home/sebas/workspace/ros_ur_driver/install/controller_manager/share/controller_manager/test/test_chainable_controller/test_chainable_controller.xml
[0.788s] -- Up-to-date: /home/sebas/workspace/ros_ur_driver/install/controller_manager/lib/libtest_chainable_controller.so
[0.789s] -- Up-to-date: /home/sebas/workspace/ros_ur_driver/install/controller_manager/share/controller_manager/test/test_controller_with_interfaces/test_controller_with_interfaces.xml
[0.789s] -- Up-to-date: /home/sebas/workspace/ros_ur_driver/install/controller_manager/lib/libtest_controller_with_interfaces.so
[0.789s] -- Up-to-date: /home/sebas/workspace/ros_ur_driver/install/controller_manager/test/test_controller_spawner_with_type.yaml
[0.789s] -- Up-to-date: /home/sebas/workspace/ros_ur_driver/install/controller_manager/test/test_ros2_control_node.yaml
[0.789s] -- Up-to-date: /home/sebas/workspace/ros_ur_driver/install/controller_manager/share/controller_manager/environment/pythonpath.sh
[0.789s] -- Up-to-date: /home/sebas/workspace/ros_ur_driver/install/controller_manager/share/controller_manager/environment/pythonpath.dsv
[0.789s] -- Up-to-date: /home/sebas/workspace/ros_ur_driver/install/controller_manager/local/lib/python3.10/dist-packages/controller_manager-2.44.0-py3.10.egg-info
[0.789s] -- Installing: /home/sebas/workspace/ros_ur_driver/install/controller_manager/local/lib/python3.10/dist-packages/controller_manager-2.44.0-py3.10.egg-info/top_level.txt
[0.789s] -- Installing: /home/sebas/workspace/ros_ur_driver/install/controller_manager/local/lib/python3.10/dist-packages/controller_manager-2.44.0-py3.10.egg-info/dependency_links.txt
[0.789s] -- Installing: /home/sebas/workspace/ros_ur_driver/install/controller_manager/local/lib/python3.10/dist-packages/controller_manager-2.44.0-py3.10.egg-info/SOURCES.txt
[0.789s] -- Installing: /home/sebas/workspace/ros_ur_driver/install/controller_manager/local/lib/python3.10/dist-packages/controller_manager-2.44.0-py3.10.egg-info/entry_points.txt
[0.789s] -- Installing: /home/sebas/workspace/ros_ur_driver/install/controller_manager/local/lib/python3.10/dist-packages/controller_manager-2.44.0-py3.10.egg-info/PKG-INFO
[0.790s] -- Up-to-date: /home/sebas/workspace/ros_ur_driver/install/controller_manager/lib/controller_manager/
[0.790s] -- Installing: /home/sebas/workspace/ros_ur_driver/install/controller_manager/lib/controller_manager//unspawner
[0.790s] -- Installing: /home/sebas/workspace/ros_ur_driver/install/controller_manager/lib/controller_manager//spawner
[0.790s] -- Installing: /home/sebas/workspace/ros_ur_driver/install/controller_manager/lib/controller_manager//hardware_spawner
[0.790s] -- Up-to-date: /home/sebas/workspace/ros_ur_driver/install/controller_manager/local/lib/python3.10/dist-packages/controller_manager
[0.790s] -- Up-to-date: /home/sebas/workspace/ros_ur_driver/install/controller_manager/local/lib/python3.10/dist-packages/controller_manager/spawner.py
[0.790s] -- Up-to-date: /home/sebas/workspace/ros_ur_driver/install/controller_manager/local/lib/python3.10/dist-packages/controller_manager/launch_utils.py
[0.790s] -- Up-to-date: /home/sebas/workspace/ros_ur_driver/install/controller_manager/local/lib/python3.10/dist-packages/controller_manager/unspawner.py
[0.790s] -- Up-to-date: /home/sebas/workspace/ros_ur_driver/install/controller_manager/local/lib/python3.10/dist-packages/controller_manager/__init__.py
[0.790s] -- Up-to-date: /home/sebas/workspace/ros_ur_driver/install/controller_manager/local/lib/python3.10/dist-packages/controller_manager/hardware_spawner.py
[0.790s] -- Up-to-date: /home/sebas/workspace/ros_ur_driver/install/controller_manager/local/lib/python3.10/dist-packages/controller_manager/controller_manager_services.py
[0.819s] Listing '/home/sebas/workspace/ros_ur_driver/install/controller_manager/local/lib/python3.10/dist-packages/controller_manager'...
[0.822s] -- Up-to-date: /home/sebas/workspace/ros_ur_driver/install/controller_manager/share/controller_manager/environment/library_path.sh
[0.822s] -- Up-to-date: /home/sebas/workspace/ros_ur_driver/install/controller_manager/share/controller_manager/environment/library_path.dsv
[0.822s] -- Up-to-date: /home/sebas/workspace/ros_ur_driver/install/controller_manager/share/ament_index/resource_index/package_run_dependencies/controller_manager
[0.822s] -- Up-to-date: /home/sebas/workspace/ros_ur_driver/install/controller_manager/share/ament_index/resource_index/parent_prefix_path/controller_manager
[0.822s] -- Up-to-date: /home/sebas/workspace/ros_ur_driver/install/controller_manager/share/controller_manager/environment/ament_prefix_path.sh
[0.822s] -- Up-to-date: /home/sebas/workspace/ros_ur_driver/install/controller_manager/share/controller_manager/environment/ament_prefix_path.dsv
[0.822s] -- Up-to-date: /home/sebas/workspace/ros_ur_driver/install/controller_manager/share/controller_manager/environment/path.sh
[0.822s] -- Up-to-date: /home/sebas/workspace/ros_ur_driver/install/controller_manager/share/controller_manager/environment/path.dsv
[0.822s] -- Up-to-date: /home/sebas/workspace/ros_ur_driver/install/controller_manager/share/controller_manager/local_setup.bash
[0.822s] -- Up-to-date: /home/sebas/workspace/ros_ur_driver/install/controller_manager/share/controller_manager/local_setup.sh
[0.823s] -- Up-to-date: /home/sebas/workspace/ros_ur_driver/install/controller_manager/share/controller_manager/local_setup.zsh
[0.823s] -- Up-to-date: /home/sebas/workspace/ros_ur_driver/install/controller_manager/share/controller_manager/local_setup.dsv
[0.823s] -- Installing: /home/sebas/workspace/ros_ur_driver/install/controller_manager/share/controller_manager/package.dsv
[0.823s] -- Up-to-date: /home/sebas/workspace/ros_ur_driver/install/controller_manager/share/ament_index/resource_index/packages/controller_manager
[0.823s] -- Up-to-date: /home/sebas/workspace/ros_ur_driver/install/controller_manager/share/ament_index/resource_index/controller_interface__pluginlib__plugin/controller_manager
[0.823s] -- Up-to-date: /home/sebas/workspace/ros_ur_driver/install/controller_manager/share/controller_manager/cmake/ament_cmake_export_libraries-extras.cmake
[0.823s] -- Up-to-date: /home/sebas/workspace/ros_ur_driver/install/controller_manager/share/controller_manager/cmake/ament_cmake_export_include_directories-extras.cmake
[0.823s] -- Up-to-date: /home/sebas/workspace/ros_ur_driver/install/controller_manager/share/controller_manager/cmake/ament_cmake_export_dependencies-extras.cmake
[0.823s] -- Up-to-date: /home/sebas/workspace/ros_ur_driver/install/controller_manager/share/controller_manager/cmake/controller_managerConfig.cmake
[0.823s] -- Up-to-date: /home/sebas/workspace/ros_ur_driver/install/controller_manager/share/controller_manager/cmake/controller_managerConfig-version.cmake
[0.823s] -- Up-to-date: /home/sebas/workspace/ros_ur_driver/install/controller_manager/share/controller_manager/package.xml
[0.825s] Invoked command in '/home/sebas/workspace/ros_ur_driver/build/controller_manager' returned '0': CMAKE_PREFIX_PATH=/home/sebas/workspace/ros_ur_driver/install/hardware_interface_testing:/home/sebas/workspace/ros_ur_driver/install/controller_interface:/home/sebas/workspace/ros_ur_driver/install/hardware_interface:/home/sebas/workspace/ros_ur_driver/install/ros2_control_test_assets:/home/sebas/workspace/ros_ur_driver/install/realtime_tools:/home/sebas/workspace/ros_ur_driver/install/controller_manager_msgs:/home/sebas/workspace/ros_ur_driver/install/control_msgs:/home/sebas/workspace/ros_ur_driver/install/ur:/home/sebas/workspace/ros_ur_driver/install/ur_calibration:/home/sebas/workspace/ros_ur_driver/install/ur_robot_driver:/home/sebas/workspace/ros_ur_driver/install/ur_bringup:/home/sebas/workspace/ros_ur_driver/install/ros2_controllers:/home/sebas/workspace/ros_ur_driver/install/velocity_controllers:/home/sebas/workspace/ros_ur_driver/install/ur_controllers:/home/sebas/workspace/ros_ur_driver/install/ur_msgs:/home/sebas/workspace/ros_ur_driver/install/ur_moveit_config:/home/sebas/workspace/ros_ur_driver/install/ur_description:/home/sebas/workspace/ros_ur_driver/install/ur_dashboard_msgs:/home/sebas/workspace/ros_ur_driver/install/ur_client_library:/home/sebas/workspace/ros_ur_driver/install/tricycle_steering_controller:/home/sebas/workspace/ros_ur_driver/install/tricycle_controller:/home/sebas/workspace/ros_ur_driver/install/ros2_control:/home/sebas/workspace/ros_ur_driver/install/transmission_interface:/home/sebas/workspace/ros_ur_driver/install/bicycle_steering_controller:/home/sebas/workspace/ros_ur_driver/install/ackermann_steering_controller:/home/sebas/workspace/ros_ur_driver/install/steering_controllers_library:/home/sebas/workspace/ros_ur_driver/install/controller_manager:/home/sebas/workspace/ros_ur_driver/install/range_sensor_broadcaster:/home/sebas/workspace/ros_ur_driver/install/position_controllers:/home/sebas/workspace/ros_ur_driver/install/pose_broadcaster:/home/sebas/workspace/ros_ur_driver/install/pid_controller:/home/sebas/workspace/ros_ur_driver/install/admittance_controller:/home/sebas/workspace/ros_ur_driver/install/joint_trajectory_controller:/home/sebas/workspace/ros_ur_driver/install/joint_state_broadcaster:/home/sebas/workspace/ros_ur_driver/install/imu_sensor_broadcaster:/home/sebas/workspace/ros_ur_driver/install/gripper_controllers:/home/sebas/workspace/ros_ur_driver/install/effort_controllers:/home/sebas/workspace/ros_ur_driver/install/forward_command_controller:/home/sebas/workspace/ros_ur_driver/install/force_torque_sensor_broadcaster:/home/sebas/workspace/ros_ur_driver/install/diff_drive_controller:/home/sebas/workspace/ros_ur_driver/install/kinematics_interface_kdl:/home/sebas/workspace/ros_ur_driver/install/kinematics_interface:/home/sebas/workspace/ros_ur_driver/install/joint_limits:/home/sebas/workspace/ros_ur_driver/install/ur3_rl:/home/sebas/workspace/ros_ur_driver/install/rqt_joint_trajectory_controller:/home/sebas/workspace/ros_ur_driver/install/rqt_controller_manager:/home/sebas/workspace/ros_ur_driver/install/ros2controlcli:/home/sebas/workspace/ros_ur_driver/install/ros2_controllers_test_nodes:/opt/ros/humble LD_LIBRARY_PATH=/home/sebas/workspace/ros_ur_driver/install/hardware_interface_testing/lib:/home/sebas/workspace/ros_ur_driver/install/controller_interface/lib:/home/sebas/workspace/ros_ur_driver/install/hardware_interface/lib:/home/sebas/workspace/ros_ur_driver/install/realtime_tools/lib:/home/sebas/workspace/ros_ur_driver/install/controller_manager_msgs/lib:/home/sebas/workspace/ros_ur_driver/install/control_msgs/lib:/home/sebas/workspace/ros_ur_driver/install/ur_robot_driver/lib:/home/sebas/workspace/ros_ur_driver/install/velocity_controllers/lib:/home/sebas/workspace/ros_ur_driver/install/ur_controllers/lib:/home/sebas/workspace/ros_ur_driver/install/ur_msgs/lib:/home/sebas/workspace/ros_ur_driver/install/ur_dashboard_msgs/lib:/home/sebas/workspace/ros_ur_driver/install/ur_client_library/lib:/home/sebas/workspace/ros_ur_driver/install/tricycle_steering_controller/lib:/home/sebas/workspace/ros_ur_driver/install/tricycle_controller/lib:/home/sebas/workspace/ros_ur_driver/install/transmission_interface/lib:/home/sebas/workspace/ros_ur_driver/install/bicycle_steering_controller/lib:/home/sebas/workspace/ros_ur_driver/install/ackermann_steering_controller/lib:/home/sebas/workspace/ros_ur_driver/install/steering_controllers_library/lib:/home/sebas/workspace/ros_ur_driver/install/controller_manager/lib:/home/sebas/workspace/ros_ur_driver/install/range_sensor_broadcaster/lib:/home/sebas/workspace/ros_ur_driver/install/position_controllers/lib:/home/sebas/workspace/ros_ur_driver/install/pose_broadcaster/lib:/home/sebas/workspace/ros_ur_driver/install/pid_controller/lib:/home/sebas/workspace/ros_ur_driver/install/admittance_controller/lib:/home/sebas/workspace/ros_ur_driver/install/joint_trajectory_controller/lib:/home/sebas/workspace/ros_ur_driver/install/joint_state_broadcaster/lib:/home/sebas/workspace/ros_ur_driver/install/imu_sensor_broadcaster/lib:/home/sebas/workspace/ros_ur_driver/install/gripper_controllers/lib:/home/sebas/workspace/ros_ur_driver/install/effort_controllers/lib:/home/sebas/workspace/ros_ur_driver/install/forward_command_controller/lib:/home/sebas/workspace/ros_ur_driver/install/force_torque_sensor_broadcaster/lib:/home/sebas/workspace/ros_ur_driver/install/diff_drive_controller/lib:/home/sebas/workspace/ros_ur_driver/install/kinematics_interface_kdl/lib:/home/sebas/workspace/ros_ur_driver/install/kinematics_interface/lib:/opt/ros/humble/opt/rviz_ogre_vendor/lib:/opt/ros/humble/lib/x86_64-linux-gnu:/opt/ros/humble/lib /usr/bin/cmake --install /home/sebas/workspace/ros_ur_driver/build/controller_manager
