[0.470s] Invoking command in '/home/sebas/workspace/ros_ur_driver/build/joint_limits': CMAKE_PREFIX_PATH=${CMAKE_PREFIX_PATH}:/home/sebas/workspace/ros_ur_driver/install/ur3_rl:/home/sebas/workspace/ros_ur_driver/install/rqt_joint_trajectory_controller:/home/sebas/workspace/ros_ur_driver/install/rqt_controller_manager:/home/sebas/workspace/ros_ur_driver/install/ros2controlcli:/home/sebas/workspace/ros_ur_driver/install/ros2_controllers_test_nodes:/opt/ros/humble /usr/bin/cmake --build /home/sebas/workspace/ros_ur_driver/build/joint_limits -- -j12 -l12
[0.633s] [ 33%] Built target gtest_main
[0.641s] [ 66%] Built target gtest
[0.698s] [100%] Built target joint_limits_rosparam_test
[0.725s] Invoked command in '/home/sebas/workspace/ros_ur_driver/build/joint_limits' returned '0': CMAKE_PREFIX_PATH=${CMAKE_PREFIX_PATH}:/home/sebas/workspace/ros_ur_driver/install/ur3_rl:/home/sebas/workspace/ros_ur_driver/install/rqt_joint_trajectory_controller:/home/sebas/workspace/ros_ur_driver/install/rqt_controller_manager:/home/sebas/workspace/ros_ur_driver/install/ros2controlcli:/home/sebas/workspace/ros_ur_driver/install/ros2_controllers_test_nodes:/opt/ros/humble /usr/bin/cmake --build /home/sebas/workspace/ros_ur_driver/build/joint_limits -- -j12 -l12
[0.810s] Invoking command in '/home/sebas/workspace/ros_ur_driver/build/joint_limits': CMAKE_PREFIX_PATH=${CMAKE_PREFIX_PATH}:/home/sebas/workspace/ros_ur_driver/install/ur3_rl:/home/sebas/workspace/ros_ur_driver/install/rqt_joint_trajectory_controller:/home/sebas/workspace/ros_ur_driver/install/rqt_controller_manager:/home/sebas/workspace/ros_ur_driver/install/ros2controlcli:/home/sebas/workspace/ros_ur_driver/install/ros2_controllers_test_nodes:/opt/ros/humble /usr/bin/cmake --install /home/sebas/workspace/ros_ur_driver/build/joint_limits
[0.824s] -- Install configuration: ""
[0.824s] -- Up-to-date: /home/sebas/workspace/ros_ur_driver/install/joint_limits/include
[0.824s] -- Up-to-date: /home/sebas/workspace/ros_ur_driver/install/joint_limits/include/joint_limits
[0.824s] -- Up-to-date: /home/sebas/workspace/ros_ur_driver/install/joint_limits/include/joint_limits/joint_limits_rosparam.hpp
[0.824s] -- Up-to-date: /home/sebas/workspace/ros_ur_driver/install/joint_limits/include/joint_limits/joint_limits.hpp
[0.826s] -- Up-to-date: /home/sebas/workspace/ros_ur_driver/install/joint_limits/lib/joint_limits/joint_limits_rosparam_test
[0.826s] -- Up-to-date: /home/sebas/workspace/ros_ur_driver/install/joint_limits/share/joint_limits/test/joint_limits_rosparam.yaml
[0.826s] -- Up-to-date: /home/sebas/workspace/ros_ur_driver/install/joint_limits/share/ament_index/resource_index/package_run_dependencies/joint_limits
[0.826s] -- Up-to-date: /home/sebas/workspace/ros_ur_driver/install/joint_limits/share/ament_index/resource_index/parent_prefix_path/joint_limits
[0.826s] -- Up-to-date: /home/sebas/workspace/ros_ur_driver/install/joint_limits/share/joint_limits/environment/ament_prefix_path.sh
[0.826s] -- Up-to-date: /home/sebas/workspace/ros_ur_driver/install/joint_limits/share/joint_limits/environment/ament_prefix_path.dsv
[0.826s] -- Up-to-date: /home/sebas/workspace/ros_ur_driver/install/joint_limits/share/joint_limits/environment/path.sh
[0.826s] -- Up-to-date: /home/sebas/workspace/ros_ur_driver/install/joint_limits/share/joint_limits/environment/path.dsv
[0.826s] -- Up-to-date: /home/sebas/workspace/ros_ur_driver/install/joint_limits/share/joint_limits/local_setup.bash
[0.826s] -- Up-to-date: /home/sebas/workspace/ros_ur_driver/install/joint_limits/share/joint_limits/local_setup.sh
[0.826s] -- Up-to-date: /home/sebas/workspace/ros_ur_driver/install/joint_limits/share/joint_limits/local_setup.zsh
[0.826s] -- Up-to-date: /home/sebas/workspace/ros_ur_driver/install/joint_limits/share/joint_limits/local_setup.dsv
[0.827s] -- Installing: /home/sebas/workspace/ros_ur_driver/install/joint_limits/share/joint_limits/package.dsv
[0.827s] -- Up-to-date: /home/sebas/workspace/ros_ur_driver/install/joint_limits/share/ament_index/resource_index/packages/joint_limits
[0.827s] -- Up-to-date: /home/sebas/workspace/ros_ur_driver/install/joint_limits/share/joint_limits/cmake/ament_cmake_export_dependencies-extras.cmake
[0.827s] -- Up-to-date: /home/sebas/workspace/ros_ur_driver/install/joint_limits/share/joint_limits/cmake/ament_cmake_export_include_directories-extras.cmake
[0.827s] -- Up-to-date: /home/sebas/workspace/ros_ur_driver/install/joint_limits/share/joint_limits/cmake/joint_limitsConfig.cmake
[0.827s] -- Up-to-date: /home/sebas/workspace/ros_ur_driver/install/joint_limits/share/joint_limits/cmake/joint_limitsConfig-version.cmake
[0.827s] -- Up-to-date: /home/sebas/workspace/ros_ur_driver/install/joint_limits/share/joint_limits/package.xml
[0.831s] Invoked command in '/home/sebas/workspace/ros_ur_driver/build/joint_limits' returned '0': CMAKE_PREFIX_PATH=${CMAKE_PREFIX_PATH}:/home/sebas/workspace/ros_ur_driver/install/ur3_rl:/home/sebas/workspace/ros_ur_driver/install/rqt_joint_trajectory_controller:/home/sebas/workspace/ros_ur_driver/install/rqt_controller_manager:/home/sebas/workspace/ros_ur_driver/install/ros2controlcli:/home/sebas/workspace/ros_ur_driver/install/ros2_controllers_test_nodes:/opt/ros/humble /usr/bin/cmake --install /home/sebas/workspace/ros_ur_driver/build/joint_limits
