running egg_info
creating ../../build/ur3_rl/ur3_rl.egg-info
writing ../../build/ur3_rl/ur3_rl.egg-info/PKG-INFO
writing dependency_links to ../../build/ur3_rl/ur3_rl.egg-info/dependency_links.txt
writing entry points to ../../build/ur3_rl/ur3_rl.egg-info/entry_points.txt
writing requirements to ../../build/ur3_rl/ur3_rl.egg-info/requires.txt
writing top-level names to ../../build/ur3_rl/ur3_rl.egg-info/top_level.txt
writing manifest file '../../build/ur3_rl/ur3_rl.egg-info/SOURCES.txt'
reading manifest file '../../build/ur3_rl/ur3_rl.egg-info/SOURCES.txt'
writing manifest file '../../build/ur3_rl/ur3_rl.egg-info/SOURCES.txt'
running build
running build_py
creating /home/sebas/workspace/ros_ur_driver/build/ur3_rl/build
creating /home/sebas/workspace/ros_ur_driver/build/ur3_rl/build/lib
creating /home/sebas/workspace/ros_ur_driver/build/ur3_rl/build/lib/ur3_rl
copying ur3_rl/ur3_reaching_env.py -> /home/sebas/workspace/ros_ur_driver/build/ur3_rl/build/lib/ur3_rl
copying ur3_rl/__init__.py -> /home/sebas/workspace/ros_ur_driver/build/ur3_rl/build/lib/ur3_rl
copying ur3_rl/evaluate_ur3.py -> /home/sebas/workspace/ros_ur_driver/build/ur3_rl/build/lib/ur3_rl
running install
running install_lib
creating /home/sebas/workspace/ros_ur_driver/install/ur3_rl/lib/python3.10/site-packages/ur3_rl
copying /home/sebas/workspace/ros_ur_driver/build/ur3_rl/build/lib/ur3_rl/ur3_reaching_env.py -> /home/sebas/workspace/ros_ur_driver/install/ur3_rl/lib/python3.10/site-packages/ur3_rl
copying /home/sebas/workspace/ros_ur_driver/build/ur3_rl/build/lib/ur3_rl/__init__.py -> /home/sebas/workspace/ros_ur_driver/install/ur3_rl/lib/python3.10/site-packages/ur3_rl
copying /home/sebas/workspace/ros_ur_driver/build/ur3_rl/build/lib/ur3_rl/evaluate_ur3.py -> /home/sebas/workspace/ros_ur_driver/install/ur3_rl/lib/python3.10/site-packages/ur3_rl
byte-compiling /home/sebas/workspace/ros_ur_driver/install/ur3_rl/lib/python3.10/site-packages/ur3_rl/ur3_reaching_env.py to ur3_reaching_env.cpython-310.pyc
byte-compiling /home/sebas/workspace/ros_ur_driver/install/ur3_rl/lib/python3.10/site-packages/ur3_rl/__init__.py to __init__.cpython-310.pyc
byte-compiling /home/sebas/workspace/ros_ur_driver/install/ur3_rl/lib/python3.10/site-packages/ur3_rl/evaluate_ur3.py to evaluate_ur3.cpython-310.pyc
running install_data
creating /home/sebas/workspace/ros_ur_driver/install/ur3_rl/share/ament_index
creating /home/sebas/workspace/ros_ur_driver/install/ur3_rl/share/ament_index/resource_index
creating /home/sebas/workspace/ros_ur_driver/install/ur3_rl/share/ament_index/resource_index/packages
copying resource/ur3_rl -> /home/sebas/workspace/ros_ur_driver/install/ur3_rl/share/ament_index/resource_index/packages
copying package.xml -> /home/sebas/workspace/ros_ur_driver/install/ur3_rl/share/ur3_rl
running install_egg_info
Copying ../../build/ur3_rl/ur3_rl.egg-info to /home/sebas/workspace/ros_ur_driver/install/ur3_rl/lib/python3.10/site-packages/ur3_rl-0.0.0-py3.10.egg-info
running install_scripts
Installing evaluate_ur3 script to /home/sebas/workspace/ros_ur_driver/install/ur3_rl/lib/ur3_rl
writing list of installed files to '/home/sebas/workspace/ros_ur_driver/build/ur3_rl/install.log'
