-- The CXX compiler identification is GNU 11.4.0
-- Detecting CXX compiler ABI info
-- Detecting CXX compiler ABI info - done
-- Check for working CXX compiler: /usr/bin/c++ - skipped
-- Detecting CXX compile features
-- Detecting CXX compile features - done
-- Found ament_cmake: 1.3.10 (/opt/ros/humble/share/ament_cmake/cmake)
-- Found Python3: /usr/bin/python3 (found version "3.10.12") found components: Interpreter 
-- Found controller_interface: 2.44.0 (/home/sebas/workspace/ros_ur_driver/install/controller_interface/share/controller_interface/cmake)
-- Found rosidl_generator_c: 3.1.5 (/opt/ros/humble/share/rosidl_generator_c/cmake)
-- Found rosidl_adapter: 3.1.5 (/opt/ros/humble/share/rosidl_adapter/cmake)
-- Found rosidl_generator_cpp: 3.1.5 (/opt/ros/humble/share/rosidl_generator_cpp/cmake)
-- Using all available rosidl_typesupport_c: rosidl_typesupport_fastrtps_c;rosidl_typesupport_introspection_c
-- Using all available rosidl_typesupport_cpp: rosidl_typesupport_fastrtps_cpp;rosidl_typesupport_introspection_cpp
-- Found rmw_implementation_cmake: 6.1.2 (/opt/ros/humble/share/rmw_implementation_cmake/cmake)
-- Found rmw_fastrtps_cpp: 6.2.7 (/opt/ros/humble/share/rmw_fastrtps_cpp/cmake)
-- Found TinyXML2 via Config file: TinyXML2_DIR-NOTFOUND
-- Found OpenSSL: /usr/lib/x86_64-linux-gnu/libcrypto.so (found version "3.0.2")  
-- Found TinyXML2 via Config file: TinyXML2_DIR-NOTFOUND
-- Found FastRTPS: /opt/ros/humble/include  
-- Found TinyXML2 via Config file: TinyXML2_DIR-NOTFOUND
-- Found TinyXML2 via Config file: TinyXML2_DIR-NOTFOUND
-- Using RMW implementation 'rmw_fastrtps_cpp' as default
-- Looking for C++ include pthread.h
-- Looking for C++ include pthread.h - found
-- Performing Test CMAKE_HAVE_LIBC_PTHREAD
-- Performing Test CMAKE_HAVE_LIBC_PTHREAD - Success
-- Found Threads: TRUE  
-- Found generate_parameter_library: 0.3.9 (/opt/ros/humble/share/generate_parameter_library/cmake)
-- Found parameter_traits: 0.3.9 (/opt/ros/humble/share/parameter_traits/cmake)
-- Found realtime_tools: 2.8.1 (/home/sebas/workspace/ros_ur_driver/install/realtime_tools/share/realtime_tools/cmake)
-- Found tf2_msgs: 0.25.8 (/opt/ros/humble/share/tf2_msgs/cmake)
-- Found ament_cmake_gmock: 1.3.10 (/opt/ros/humble/share/ament_cmake_gmock/cmake)
-- Found controller_manager: 2.44.0 (/home/sebas/workspace/ros_ur_driver/install/controller_manager/share/controller_manager/cmake)
-- Found ros2_control_test_assets: 2.44.0 (/home/sebas/workspace/ros_ur_driver/install/ros2_control_test_assets/share/ros2_control_test_assets/cmake)
-- Found gmock sources under '/opt/ros/humble/src/gmock_vendor': C++ tests using 'Google Mock' will be built
-- The C compiler identification is GNU 11.4.0
-- Detecting C compiler ABI info
-- Detecting C compiler ABI info - done
-- Check for working C compiler: /usr/bin/cc - skipped
-- Detecting C compile features
-- Detecting C compile features - done
-- Found ament_cmake_gtest: 1.3.10 (/opt/ros/humble/share/ament_cmake_gtest/cmake)
-- Found gtest sources under '/opt/ros/humble/src/gtest_vendor': C++ tests using 'Google Test' will be built
-- Configuring done
-- Generating done
-- Build files have been written to: /home/sebas/workspace/ros_ur_driver/build/pose_broadcaster
[  8%] [34m[1mRunning `/opt/ros/humble/bin/generate_parameter_library_cpp /home/sebas/workspace/ros_ur_driver/build/pose_broadcaster/pose_broadcaster_parameters/include//pose_broadcaster_parameters.hpp /home/sebas/workspace/ros_ur_driver/src/ros2_controllers/pose_broadcaster/src/pose_broadcaster_parameters.yaml `[0m
[ 16%] [32mBuilding CXX object gmock/CMakeFiles/gmock_main.dir/src/gmock_main.cc.o[0m
[ 25%] [32mBuilding CXX object gmock/CMakeFiles/gmock.dir/src/gmock-all.cc.o[0m
[ 33%] [32mBuilding CXX object gmock/CMakeFiles/gmock.dir/opt/ros/humble/src/gtest_vendor/src/gtest-all.cc.o[0m
[ 33%] Built target pose_broadcaster_parameters
[ 41%] [32mBuilding CXX object CMakeFiles/pose_broadcaster.dir/src/pose_broadcaster.cpp.o[0m
[ 50%] [32m[1mLinking CXX static library libgmock_main.a[0m
[ 50%] Built target gmock_main
[ 58%] [32m[1mLinking CXX static library libgmock.a[0m
[ 58%] Built target gmock
[ 66%] [32m[1mLinking CXX shared library libpose_broadcaster.so[0m
[ 66%] Built target pose_broadcaster
[ 75%] [32mBuilding CXX object CMakeFiles/test_load_pose_broadcaster.dir/test/test_load_pose_broadcaster.cpp.o[0m
[ 83%] [32m[1mLinking CXX executable test_load_pose_broadcaster[0m
[ 83%] Built target test_load_pose_broadcaster
[ 91%] [32mBuilding CXX object CMakeFiles/test_pose_broadcaster.dir/test/test_pose_broadcaster.cpp.o[0m
[100%] [32m[1mLinking CXX executable test_pose_broadcaster[0m
[100%] Built target test_pose_broadcaster
-- Install configuration: ""
-- Installing: /home/sebas/workspace/ros_ur_driver/install/pose_broadcaster/include/pose_broadcaster_parameters
-- Installing: /home/sebas/workspace/ros_ur_driver/install/pose_broadcaster/include/pose_broadcaster_parameters/pose_broadcaster_parameters.hpp
-- Installing: /home/sebas/workspace/ros_ur_driver/install/pose_broadcaster/share/pose_broadcaster/pose_broadcaster.xml
-- Installing: /home/sebas/workspace/ros_ur_driver/install/pose_broadcaster/include/pose_broadcaster
-- Installing: /home/sebas/workspace/ros_ur_driver/install/pose_broadcaster/include/pose_broadcaster/pose_broadcaster
-- Installing: /home/sebas/workspace/ros_ur_driver/install/pose_broadcaster/include/pose_broadcaster/pose_broadcaster/pose_broadcaster.hpp
-- Installing: /home/sebas/workspace/ros_ur_driver/install/pose_broadcaster/include/pose_broadcaster/pose_broadcaster/visibility_control.h
-- Installing: /home/sebas/workspace/ros_ur_driver/install/pose_broadcaster/lib/libpose_broadcaster.so
-- Set runtime path of "/home/sebas/workspace/ros_ur_driver/install/pose_broadcaster/lib/libpose_broadcaster.so" to ""
-- Installing: /home/sebas/workspace/ros_ur_driver/install/pose_broadcaster/share/pose_broadcaster/environment/library_path.sh
-- Installing: /home/sebas/workspace/ros_ur_driver/install/pose_broadcaster/share/pose_broadcaster/environment/library_path.dsv
-- Installing: /home/sebas/workspace/ros_ur_driver/install/pose_broadcaster/share/ament_index/resource_index/package_run_dependencies/pose_broadcaster
-- Installing: /home/sebas/workspace/ros_ur_driver/install/pose_broadcaster/share/ament_index/resource_index/parent_prefix_path/pose_broadcaster
-- Installing: /home/sebas/workspace/ros_ur_driver/install/pose_broadcaster/share/pose_broadcaster/environment/ament_prefix_path.sh
-- Installing: /home/sebas/workspace/ros_ur_driver/install/pose_broadcaster/share/pose_broadcaster/environment/ament_prefix_path.dsv
-- Installing: /home/sebas/workspace/ros_ur_driver/install/pose_broadcaster/share/pose_broadcaster/environment/path.sh
-- Installing: /home/sebas/workspace/ros_ur_driver/install/pose_broadcaster/share/pose_broadcaster/environment/path.dsv
-- Installing: /home/sebas/workspace/ros_ur_driver/install/pose_broadcaster/share/pose_broadcaster/local_setup.bash
-- Installing: /home/sebas/workspace/ros_ur_driver/install/pose_broadcaster/share/pose_broadcaster/local_setup.sh
-- Installing: /home/sebas/workspace/ros_ur_driver/install/pose_broadcaster/share/pose_broadcaster/local_setup.zsh
-- Installing: /home/sebas/workspace/ros_ur_driver/install/pose_broadcaster/share/pose_broadcaster/local_setup.dsv
-- Installing: /home/sebas/workspace/ros_ur_driver/install/pose_broadcaster/share/pose_broadcaster/package.dsv
-- Installing: /home/sebas/workspace/ros_ur_driver/install/pose_broadcaster/share/ament_index/resource_index/packages/pose_broadcaster
-- Installing: /home/sebas/workspace/ros_ur_driver/install/pose_broadcaster/share/ament_index/resource_index/controller_interface__pluginlib__plugin/pose_broadcaster
-- Installing: /home/sebas/workspace/ros_ur_driver/install/pose_broadcaster/share/pose_broadcaster/cmake/export_pose_broadcasterExport.cmake
-- Installing: /home/sebas/workspace/ros_ur_driver/install/pose_broadcaster/share/pose_broadcaster/cmake/export_pose_broadcasterExport-noconfig.cmake
-- Installing: /home/sebas/workspace/ros_ur_driver/install/pose_broadcaster/share/pose_broadcaster/cmake/ament_cmake_export_targets-extras.cmake
-- Installing: /home/sebas/workspace/ros_ur_driver/install/pose_broadcaster/share/pose_broadcaster/cmake/ament_cmake_export_dependencies-extras.cmake
-- Installing: /home/sebas/workspace/ros_ur_driver/install/pose_broadcaster/share/pose_broadcaster/cmake/pose_broadcasterConfig.cmake
-- Installing: /home/sebas/workspace/ros_ur_driver/install/pose_broadcaster/share/pose_broadcaster/cmake/pose_broadcasterConfig-version.cmake
-- Installing: /home/sebas/workspace/ros_ur_driver/install/pose_broadcaster/share/pose_broadcaster/package.xml
