/home/sebas/workspace/ros_ur_driver/install/ur3_rl/lib/python3.10/site-packages/ur3_rl/ur3_reaching_env.py
/home/sebas/workspace/ros_ur_driver/install/ur3_rl/lib/python3.10/site-packages/ur3_rl/__init__.py
/home/sebas/workspace/ros_ur_driver/install/ur3_rl/lib/python3.10/site-packages/ur3_rl/move_ur3_to_target.py
/home/sebas/workspace/ros_ur_driver/install/ur3_rl/lib/python3.10/site-packages/ur3_rl/evaluate_ur3.py
/home/sebas/workspace/ros_ur_driver/install/ur3_rl/lib/python3.10/site-packages/ur3_rl/simple_controller.py
/home/sebas/workspace/ros_ur_driver/install/ur3_rl/lib/python3.10/site-packages/ur3_rl/__pycache__/ur3_reaching_env.cpython-310.pyc
/home/sebas/workspace/ros_ur_driver/install/ur3_rl/lib/python3.10/site-packages/ur3_rl/__pycache__/__init__.cpython-310.pyc
/home/sebas/workspace/ros_ur_driver/install/ur3_rl/lib/python3.10/site-packages/ur3_rl/__pycache__/move_ur3_to_target.cpython-310.pyc
/home/sebas/workspace/ros_ur_driver/install/ur3_rl/lib/python3.10/site-packages/ur3_rl/__pycache__/evaluate_ur3.cpython-310.pyc
/home/sebas/workspace/ros_ur_driver/install/ur3_rl/lib/python3.10/site-packages/ur3_rl/__pycache__/simple_controller.cpython-310.pyc
/home/sebas/workspace/ros_ur_driver/install/ur3_rl/share/ament_index/resource_index/packages/ur3_rl
/home/sebas/workspace/ros_ur_driver/install/ur3_rl/share/ur3_rl/package.xml
/home/sebas/workspace/ros_ur_driver/install/ur3_rl/lib/python3.10/site-packages/ur3_rl-0.0.0-py3.10.egg-info/top_level.txt
/home/sebas/workspace/ros_ur_driver/install/ur3_rl/lib/python3.10/site-packages/ur3_rl-0.0.0-py3.10.egg-info/requires.txt
/home/sebas/workspace/ros_ur_driver/install/ur3_rl/lib/python3.10/site-packages/ur3_rl-0.0.0-py3.10.egg-info/dependency_links.txt
/home/sebas/workspace/ros_ur_driver/install/ur3_rl/lib/python3.10/site-packages/ur3_rl-0.0.0-py3.10.egg-info/SOURCES.txt
/home/sebas/workspace/ros_ur_driver/install/ur3_rl/lib/python3.10/site-packages/ur3_rl-0.0.0-py3.10.egg-info/entry_points.txt
/home/sebas/workspace/ros_ur_driver/install/ur3_rl/lib/python3.10/site-packages/ur3_rl-0.0.0-py3.10.egg-info/zip-safe
/home/sebas/workspace/ros_ur_driver/install/ur3_rl/lib/python3.10/site-packages/ur3_rl-0.0.0-py3.10.egg-info/PKG-INFO
/home/sebas/workspace/ros_ur_driver/install/ur3_rl/lib/ur3_rl/evaluate_ur3
/home/sebas/workspace/ros_ur_driver/install/ur3_rl/lib/ur3_rl/move_ur3_to_target
/home/sebas/workspace/ros_ur_driver/install/ur3_rl/lib/ur3_rl/simple_controller
