[  8%] Built target pose_broadcaster_parameters
[ 25%] Built target gmock_main
[ 50%] Built target gmock
[ 66%] Built target pose_broadcaster
[ 83%] Built target test_load_pose_broadcaster
[100%] Built target test_pose_broadcaster
-- Install configuration: ""
-- Up-to-date: /home/sebas/workspace/ros_ur_driver/install/pose_broadcaster/include/pose_broadcaster_parameters
-- Up-to-date: /home/sebas/workspace/ros_ur_driver/install/pose_broadcaster/include/pose_broadcaster_parameters/pose_broadcaster_parameters.hpp
-- Up-to-date: /home/sebas/workspace/ros_ur_driver/install/pose_broadcaster/share/pose_broadcaster/pose_broadcaster.xml
-- Up-to-date: /home/sebas/workspace/ros_ur_driver/install/pose_broadcaster/include/pose_broadcaster
-- Up-to-date: /home/sebas/workspace/ros_ur_driver/install/pose_broadcaster/include/pose_broadcaster/pose_broadcaster
-- Up-to-date: /home/sebas/workspace/ros_ur_driver/install/pose_broadcaster/include/pose_broadcaster/pose_broadcaster/pose_broadcaster.hpp
-- Up-to-date: /home/sebas/workspace/ros_ur_driver/install/pose_broadcaster/include/pose_broadcaster/pose_broadcaster/visibility_control.h
-- Up-to-date: /home/sebas/workspace/ros_ur_driver/install/pose_broadcaster/lib/libpose_broadcaster.so
-- Up-to-date: /home/sebas/workspace/ros_ur_driver/install/pose_broadcaster/share/pose_broadcaster/environment/library_path.sh
-- Up-to-date: /home/sebas/workspace/ros_ur_driver/install/pose_broadcaster/share/pose_broadcaster/environment/library_path.dsv
-- Up-to-date: /home/sebas/workspace/ros_ur_driver/install/pose_broadcaster/share/ament_index/resource_index/package_run_dependencies/pose_broadcaster
-- Up-to-date: /home/sebas/workspace/ros_ur_driver/install/pose_broadcaster/share/ament_index/resource_index/parent_prefix_path/pose_broadcaster
-- Up-to-date: /home/sebas/workspace/ros_ur_driver/install/pose_broadcaster/share/pose_broadcaster/environment/ament_prefix_path.sh
-- Up-to-date: /home/sebas/workspace/ros_ur_driver/install/pose_broadcaster/share/pose_broadcaster/environment/ament_prefix_path.dsv
-- Up-to-date: /home/sebas/workspace/ros_ur_driver/install/pose_broadcaster/share/pose_broadcaster/environment/path.sh
-- Up-to-date: /home/sebas/workspace/ros_ur_driver/install/pose_broadcaster/share/pose_broadcaster/environment/path.dsv
-- Up-to-date: /home/sebas/workspace/ros_ur_driver/install/pose_broadcaster/share/pose_broadcaster/local_setup.bash
-- Up-to-date: /home/sebas/workspace/ros_ur_driver/install/pose_broadcaster/share/pose_broadcaster/local_setup.sh
-- Up-to-date: /home/sebas/workspace/ros_ur_driver/install/pose_broadcaster/share/pose_broadcaster/local_setup.zsh
-- Up-to-date: /home/sebas/workspace/ros_ur_driver/install/pose_broadcaster/share/pose_broadcaster/local_setup.dsv
-- Installing: /home/sebas/workspace/ros_ur_driver/install/pose_broadcaster/share/pose_broadcaster/package.dsv
-- Up-to-date: /home/sebas/workspace/ros_ur_driver/install/pose_broadcaster/share/ament_index/resource_index/packages/pose_broadcaster
-- Up-to-date: /home/sebas/workspace/ros_ur_driver/install/pose_broadcaster/share/ament_index/resource_index/controller_interface__pluginlib__plugin/pose_broadcaster
-- Up-to-date: /home/sebas/workspace/ros_ur_driver/install/pose_broadcaster/share/pose_broadcaster/cmake/export_pose_broadcasterExport.cmake
-- Up-to-date: /home/sebas/workspace/ros_ur_driver/install/pose_broadcaster/share/pose_broadcaster/cmake/export_pose_broadcasterExport-noconfig.cmake
-- Up-to-date: /home/sebas/workspace/ros_ur_driver/install/pose_broadcaster/share/pose_broadcaster/cmake/ament_cmake_export_targets-extras.cmake
-- Up-to-date: /home/sebas/workspace/ros_ur_driver/install/pose_broadcaster/share/pose_broadcaster/cmake/ament_cmake_export_dependencies-extras.cmake
-- Up-to-date: /home/sebas/workspace/ros_ur_driver/install/pose_broadcaster/share/pose_broadcaster/cmake/pose_broadcasterConfig.cmake
-- Up-to-date: /home/sebas/workspace/ros_ur_driver/install/pose_broadcaster/share/pose_broadcaster/cmake/pose_broadcasterConfig-version.cmake
-- Up-to-date: /home/sebas/workspace/ros_ur_driver/install/pose_broadcaster/share/pose_broadcaster/package.xml
