[0.399s] Invoking command in '/home/sebas/workspace/ros_ur_driver/build/kinematics_interface': CMAKE_PREFIX_PATH=${CMAKE_PREFIX_PATH}:/home/sebas/workspace/ros_ur_driver/install/ur3_rl:/home/sebas/workspace/ros_ur_driver/install/rqt_joint_trajectory_controller:/home/sebas/workspace/ros_ur_driver/install/rqt_controller_manager:/home/sebas/workspace/ros_ur_driver/install/ros2controlcli:/home/sebas/workspace/ros_ur_driver/install/ros2_controllers_test_nodes:/opt/ros/humble /usr/bin/cmake --build /home/sebas/workspace/ros_ur_driver/build/kinematics_interface -- -j12 -l12
[0.545s] [100%] Built target kinematics_interface
[0.617s] Invoked command in '/home/sebas/workspace/ros_ur_driver/build/kinematics_interface' returned '0': CMAKE_PREFIX_PATH=${CMAKE_PREFIX_PATH}:/home/sebas/workspace/ros_ur_driver/install/ur3_rl:/home/sebas/workspace/ros_ur_driver/install/rqt_joint_trajectory_controller:/home/sebas/workspace/ros_ur_driver/install/rqt_controller_manager:/home/sebas/workspace/ros_ur_driver/install/ros2controlcli:/home/sebas/workspace/ros_ur_driver/install/ros2_controllers_test_nodes:/opt/ros/humble /usr/bin/cmake --build /home/sebas/workspace/ros_ur_driver/build/kinematics_interface -- -j12 -l12
[0.686s] Invoking command in '/home/sebas/workspace/ros_ur_driver/build/kinematics_interface': CMAKE_PREFIX_PATH=${CMAKE_PREFIX_PATH}:/home/sebas/workspace/ros_ur_driver/install/ur3_rl:/home/sebas/workspace/ros_ur_driver/install/rqt_joint_trajectory_controller:/home/sebas/workspace/ros_ur_driver/install/rqt_controller_manager:/home/sebas/workspace/ros_ur_driver/install/ros2controlcli:/home/sebas/workspace/ros_ur_driver/install/ros2_controllers_test_nodes:/opt/ros/humble /usr/bin/cmake --install /home/sebas/workspace/ros_ur_driver/build/kinematics_interface
[0.697s] -- Install configuration: ""
[0.698s] -- Up-to-date: /home/sebas/workspace/ros_ur_driver/install/kinematics_interface/include/kinematics_interface
[0.698s] -- Up-to-date: /home/sebas/workspace/ros_ur_driver/install/kinematics_interface/include/kinematics_interface/kinematics_interface
[0.698s] -- Up-to-date: /home/sebas/workspace/ros_ur_driver/install/kinematics_interface/include/kinematics_interface/kinematics_interface/visibility_control.h
[0.698s] -- Up-to-date: /home/sebas/workspace/ros_ur_driver/install/kinematics_interface/include/kinematics_interface/kinematics_interface/kinematics_interface.hpp
[0.699s] -- Up-to-date: /home/sebas/workspace/ros_ur_driver/install/kinematics_interface/lib/libkinematics_interface.so
[0.700s] -- Up-to-date: /home/sebas/workspace/ros_ur_driver/install/kinematics_interface/share/kinematics_interface/environment/library_path.sh
[0.700s] -- Up-to-date: /home/sebas/workspace/ros_ur_driver/install/kinematics_interface/share/kinematics_interface/environment/library_path.dsv
[0.700s] -- Up-to-date: /home/sebas/workspace/ros_ur_driver/install/kinematics_interface/share/ament_index/resource_index/package_run_dependencies/kinematics_interface
[0.700s] -- Up-to-date: /home/sebas/workspace/ros_ur_driver/install/kinematics_interface/share/ament_index/resource_index/parent_prefix_path/kinematics_interface
[0.700s] -- Up-to-date: /home/sebas/workspace/ros_ur_driver/install/kinematics_interface/share/kinematics_interface/environment/ament_prefix_path.sh
[0.700s] -- Up-to-date: /home/sebas/workspace/ros_ur_driver/install/kinematics_interface/share/kinematics_interface/environment/ament_prefix_path.dsv
[0.700s] -- Up-to-date: /home/sebas/workspace/ros_ur_driver/install/kinematics_interface/share/kinematics_interface/environment/path.sh
[0.700s] -- Up-to-date: /home/sebas/workspace/ros_ur_driver/install/kinematics_interface/share/kinematics_interface/environment/path.dsv
[0.700s] -- Up-to-date: /home/sebas/workspace/ros_ur_driver/install/kinematics_interface/share/kinematics_interface/local_setup.bash
[0.700s] -- Up-to-date: /home/sebas/workspace/ros_ur_driver/install/kinematics_interface/share/kinematics_interface/local_setup.sh
[0.701s] -- Up-to-date: /home/sebas/workspace/ros_ur_driver/install/kinematics_interface/share/kinematics_interface/local_setup.zsh
[0.701s] -- Up-to-date: /home/sebas/workspace/ros_ur_driver/install/kinematics_interface/share/kinematics_interface/local_setup.dsv
[0.701s] -- Installing: /home/sebas/workspace/ros_ur_driver/install/kinematics_interface/share/kinematics_interface/package.dsv
[0.701s] -- Up-to-date: /home/sebas/workspace/ros_ur_driver/install/kinematics_interface/share/ament_index/resource_index/packages/kinematics_interface
[0.701s] -- Up-to-date: /home/sebas/workspace/ros_ur_driver/install/kinematics_interface/share/kinematics_interface/cmake/export_kinematics_interfaceExport.cmake
[0.701s] -- Up-to-date: /home/sebas/workspace/ros_ur_driver/install/kinematics_interface/share/kinematics_interface/cmake/export_kinematics_interfaceExport-noconfig.cmake
[0.701s] -- Up-to-date: /home/sebas/workspace/ros_ur_driver/install/kinematics_interface/share/kinematics_interface/cmake/ament_cmake_export_targets-extras.cmake
[0.701s] -- Up-to-date: /home/sebas/workspace/ros_ur_driver/install/kinematics_interface/share/kinematics_interface/cmake/ament_cmake_export_dependencies-extras.cmake
[0.701s] -- Up-to-date: /home/sebas/workspace/ros_ur_driver/install/kinematics_interface/share/kinematics_interface/cmake/kinematics_interfaceConfig.cmake
[0.701s] -- Up-to-date: /home/sebas/workspace/ros_ur_driver/install/kinematics_interface/share/kinematics_interface/cmake/kinematics_interfaceConfig-version.cmake
[0.701s] -- Up-to-date: /home/sebas/workspace/ros_ur_driver/install/kinematics_interface/share/kinematics_interface/package.xml
[0.721s] Invoked command in '/home/sebas/workspace/ros_ur_driver/build/kinematics_interface' returned '0': CMAKE_PREFIX_PATH=${CMAKE_PREFIX_PATH}:/home/sebas/workspace/ros_ur_driver/install/ur3_rl:/home/sebas/workspace/ros_ur_driver/install/rqt_joint_trajectory_controller:/home/sebas/workspace/ros_ur_driver/install/rqt_controller_manager:/home/sebas/workspace/ros_ur_driver/install/ros2controlcli:/home/sebas/workspace/ros_ur_driver/install/ros2_controllers_test_nodes:/opt/ros/humble /usr/bin/cmake --install /home/sebas/workspace/ros_ur_driver/build/kinematics_interface
