[0.280s] Invoking command in '/home/sebas/workspace/ros_ur_driver/build/kinematics_interface': CMAKE_PREFIX_PATH=${CMAKE_PREFIX_PATH}:/home/sebas/workspace/ros_ur_driver/install/ur3_rl:/home/sebas/workspace/ros_ur_driver/install/rqt_joint_trajectory_controller:/home/sebas/workspace/ros_ur_driver/install/rqt_controller_manager:/home/sebas/workspace/ros_ur_driver/install/ros2controlcli:/home/sebas/workspace/ros_ur_driver/install/ros2_controllers_test_nodes:/opt/ros/humble /usr/bin/cmake /home/sebas/workspace/ros_ur_driver/src/kinematics_interface/kinematics_interface -DCMAKE_INSTALL_PREFIX=/home/sebas/workspace/ros_ur_driver/install/kinematics_interface
[0.384s] -- The CXX compiler identification is GNU 11.4.0
[0.396s] -- Detecting CXX compiler ABI info
[0.527s] -- Detecting CXX compiler ABI info - done
[0.538s] -- Check for working CXX compiler: /usr/bin/c++ - skipped
[0.538s] -- Detecting CXX compile features
[0.538s] -- Detecting CXX compile features - done
[0.541s] -- Found ament_cmake: 1.3.10 (/opt/ros/humble/share/ament_cmake/cmake)
[1.072s] -- Found Python3: /usr/bin/python3 (found version "3.10.12") found components: Interpreter 
[1.193s] -- Found rclcpp: 16.0.10 (/opt/ros/humble/share/rclcpp/cmake)
[1.251s] -- Found rosidl_generator_c: 3.1.5 (/opt/ros/humble/share/rosidl_generator_c/cmake)
[1.258s] -- Found rosidl_adapter: 3.1.5 (/opt/ros/humble/share/rosidl_adapter/cmake)
[1.269s] -- Found rosidl_generator_cpp: 3.1.5 (/opt/ros/humble/share/rosidl_generator_cpp/cmake)
[1.287s] -- Using all available rosidl_typesupport_c: rosidl_typesupport_fastrtps_c;rosidl_typesupport_introspection_c
[1.321s] -- Using all available rosidl_typesupport_cpp: rosidl_typesupport_fastrtps_cpp;rosidl_typesupport_introspection_cpp
[1.394s] -- Found rmw_implementation_cmake: 6.1.2 (/opt/ros/humble/share/rmw_implementation_cmake/cmake)
[1.401s] -- Found rmw_fastrtps_cpp: 6.2.7 (/opt/ros/humble/share/rmw_fastrtps_cpp/cmake)
[1.759s] -- Found OpenSSL: /usr/lib/x86_64-linux-gnu/libcrypto.so (found version "3.0.2")  
[1.858s] -- Found FastRTPS: /opt/ros/humble/include  
[1.999s] -- Using RMW implementation 'rmw_fastrtps_cpp' as default
[2.021s] -- Looking for C++ include pthread.h
[2.383s] -- Looking for C++ include pthread.h - found
[2.383s] -- Performing Test CMAKE_HAVE_LIBC_PTHREAD
[2.641s] -- Performing Test CMAKE_HAVE_LIBC_PTHREAD - Success
[2.646s] -- Found Threads: TRUE  
[2.803s] -- Found rclcpp_lifecycle: 16.0.10 (/opt/ros/humble/share/rclcpp_lifecycle/cmake)
[3.118s] -- Configuring done
[3.158s] -- Generating done
[3.169s] -- Build files have been written to: /home/sebas/workspace/ros_ur_driver/build/kinematics_interface
[3.217s] Invoked command in '/home/sebas/workspace/ros_ur_driver/build/kinematics_interface' returned '0': CMAKE_PREFIX_PATH=${CMAKE_PREFIX_PATH}:/home/sebas/workspace/ros_ur_driver/install/ur3_rl:/home/sebas/workspace/ros_ur_driver/install/rqt_joint_trajectory_controller:/home/sebas/workspace/ros_ur_driver/install/rqt_controller_manager:/home/sebas/workspace/ros_ur_driver/install/ros2controlcli:/home/sebas/workspace/ros_ur_driver/install/ros2_controllers_test_nodes:/opt/ros/humble /usr/bin/cmake /home/sebas/workspace/ros_ur_driver/src/kinematics_interface/kinematics_interface -DCMAKE_INSTALL_PREFIX=/home/sebas/workspace/ros_ur_driver/install/kinematics_interface
[3.219s] Invoking command in '/home/sebas/workspace/ros_ur_driver/build/kinematics_interface': CMAKE_PREFIX_PATH=${CMAKE_PREFIX_PATH}:/home/sebas/workspace/ros_ur_driver/install/ur3_rl:/home/sebas/workspace/ros_ur_driver/install/rqt_joint_trajectory_controller:/home/sebas/workspace/ros_ur_driver/install/rqt_controller_manager:/home/sebas/workspace/ros_ur_driver/install/ros2controlcli:/home/sebas/workspace/ros_ur_driver/install/ros2_controllers_test_nodes:/opt/ros/humble /usr/bin/cmake --build /home/sebas/workspace/ros_ur_driver/build/kinematics_interface -- -j12 -l12
[3.421s] [ 50%] [32mBuilding CXX object CMakeFiles/kinematics_interface.dir/src/kinematics_interface.cpp.o[0m
[9.911s] [100%] [32m[1mLinking CXX shared library libkinematics_interface.so[0m
[10.547s] [100%] Built target kinematics_interface
[10.610s] Invoked command in '/home/sebas/workspace/ros_ur_driver/build/kinematics_interface' returned '0': CMAKE_PREFIX_PATH=${CMAKE_PREFIX_PATH}:/home/sebas/workspace/ros_ur_driver/install/ur3_rl:/home/sebas/workspace/ros_ur_driver/install/rqt_joint_trajectory_controller:/home/sebas/workspace/ros_ur_driver/install/rqt_controller_manager:/home/sebas/workspace/ros_ur_driver/install/ros2controlcli:/home/sebas/workspace/ros_ur_driver/install/ros2_controllers_test_nodes:/opt/ros/humble /usr/bin/cmake --build /home/sebas/workspace/ros_ur_driver/build/kinematics_interface -- -j12 -l12
[10.775s] Invoking command in '/home/sebas/workspace/ros_ur_driver/build/kinematics_interface': CMAKE_PREFIX_PATH=${CMAKE_PREFIX_PATH}:/home/sebas/workspace/ros_ur_driver/install/ur3_rl:/home/sebas/workspace/ros_ur_driver/install/rqt_joint_trajectory_controller:/home/sebas/workspace/ros_ur_driver/install/rqt_controller_manager:/home/sebas/workspace/ros_ur_driver/install/ros2controlcli:/home/sebas/workspace/ros_ur_driver/install/ros2_controllers_test_nodes:/opt/ros/humble /usr/bin/cmake --install /home/sebas/workspace/ros_ur_driver/build/kinematics_interface
[11.157s] -- Install configuration: ""
[11.157s] -- Installing: /home/sebas/workspace/ros_ur_driver/install/kinematics_interface/include/kinematics_interface
[11.158s] -- Installing: /home/sebas/workspace/ros_ur_driver/install/kinematics_interface/include/kinematics_interface/kinematics_interface
[11.158s] -- Installing: /home/sebas/workspace/ros_ur_driver/install/kinematics_interface/include/kinematics_interface/kinematics_interface/visibility_control.h
[11.158s] -- Installing: /home/sebas/workspace/ros_ur_driver/install/kinematics_interface/include/kinematics_interface/kinematics_interface/kinematics_interface.hpp
[11.158s] -- Installing: /home/sebas/workspace/ros_ur_driver/install/kinematics_interface/lib/libkinematics_interface.so
[11.158s] -- Set runtime path of "/home/sebas/workspace/ros_ur_driver/install/kinematics_interface/lib/libkinematics_interface.so" to ""
[11.158s] -- Installing: /home/sebas/workspace/ros_ur_driver/install/kinematics_interface/share/kinematics_interface/environment/library_path.sh
[11.158s] -- Installing: /home/sebas/workspace/ros_ur_driver/install/kinematics_interface/share/kinematics_interface/environment/library_path.dsv
[11.158s] -- Installing: /home/sebas/workspace/ros_ur_driver/install/kinematics_interface/share/ament_index/resource_index/package_run_dependencies/kinematics_interface
[11.158s] -- Installing: /home/sebas/workspace/ros_ur_driver/install/kinematics_interface/share/ament_index/resource_index/parent_prefix_path/kinematics_interface
[11.158s] -- Installing: /home/sebas/workspace/ros_ur_driver/install/kinematics_interface/share/kinematics_interface/environment/ament_prefix_path.sh
[11.158s] -- Installing: /home/sebas/workspace/ros_ur_driver/install/kinematics_interface/share/kinematics_interface/environment/ament_prefix_path.dsv
[11.158s] -- Installing: /home/sebas/workspace/ros_ur_driver/install/kinematics_interface/share/kinematics_interface/environment/path.sh
[11.158s] -- Installing: /home/sebas/workspace/ros_ur_driver/install/kinematics_interface/share/kinematics_interface/environment/path.dsv
[11.158s] -- Installing: /home/sebas/workspace/ros_ur_driver/install/kinematics_interface/share/kinematics_interface/local_setup.bash
[11.158s] -- Installing: /home/sebas/workspace/ros_ur_driver/install/kinematics_interface/share/kinematics_interface/local_setup.sh
[11.158s] -- Installing: /home/sebas/workspace/ros_ur_driver/install/kinematics_interface/share/kinematics_interface/local_setup.zsh
[11.159s] -- Installing: /home/sebas/workspace/ros_ur_driver/install/kinematics_interface/share/kinematics_interface/local_setup.dsv
[11.159s] -- Installing: /home/sebas/workspace/ros_ur_driver/install/kinematics_interface/share/kinematics_interface/package.dsv
[11.159s] -- Installing: /home/sebas/workspace/ros_ur_driver/install/kinematics_interface/share/ament_index/resource_index/packages/kinematics_interface
[11.159s] -- Installing: /home/sebas/workspace/ros_ur_driver/install/kinematics_interface/share/kinematics_interface/cmake/export_kinematics_interfaceExport.cmake
[11.159s] -- Installing: /home/sebas/workspace/ros_ur_driver/install/kinematics_interface/share/kinematics_interface/cmake/export_kinematics_interfaceExport-noconfig.cmake
[11.159s] -- Installing: /home/sebas/workspace/ros_ur_driver/install/kinematics_interface/share/kinematics_interface/cmake/ament_cmake_export_targets-extras.cmake
[11.159s] -- Installing: /home/sebas/workspace/ros_ur_driver/install/kinematics_interface/share/kinematics_interface/cmake/ament_cmake_export_dependencies-extras.cmake
[11.159s] -- Installing: /home/sebas/workspace/ros_ur_driver/install/kinematics_interface/share/kinematics_interface/cmake/kinematics_interfaceConfig.cmake
[11.159s] -- Installing: /home/sebas/workspace/ros_ur_driver/install/kinematics_interface/share/kinematics_interface/cmake/kinematics_interfaceConfig-version.cmake
[11.159s] -- Installing: /home/sebas/workspace/ros_ur_driver/install/kinematics_interface/share/kinematics_interface/package.xml
[11.185s] Invoked command in '/home/sebas/workspace/ros_ur_driver/build/kinematics_interface' returned '0': CMAKE_PREFIX_PATH=${CMAKE_PREFIX_PATH}:/home/sebas/workspace/ros_ur_driver/install/ur3_rl:/home/sebas/workspace/ros_ur_driver/install/rqt_joint_trajectory_controller:/home/sebas/workspace/ros_ur_driver/install/rqt_controller_manager:/home/sebas/workspace/ros_ur_driver/install/ros2controlcli:/home/sebas/workspace/ros_ur_driver/install/ros2_controllers_test_nodes:/opt/ros/humble /usr/bin/cmake --install /home/sebas/workspace/ros_ur_driver/build/kinematics_interface
