[0.165s] Invoking command in '/home/sebas/workspace/ros_ur_driver/build/ur_dashboard_msgs': CMAKE_PREFIX_PATH=${CMAKE_PREFIX_PATH}:/home/sebas/workspace/ros_ur_driver/install/rqt_joint_trajectory_controller:/home/sebas/workspace/ros_ur_driver/install/ros2_controllers_test_nodes:/opt/ros/humble:/home/sebas/ros2_humble/install/rqt_bag_plugins:/home/sebas/ros2_humble/install/rqt_bag:/home/sebas/ros2_humble/install/launch_testing_examples:/home/sebas/ros2_humble/install/ros2bag:/home/sebas/ros2_humble/install/tracetools_test:/home/sebas/ros2_humble/install/tracetools_launch:/home/sebas/ros2_humble/install/topic_monitor:/home/sebas/ros2_humble/install/tf2_tools:/home/sebas/ros2_humble/install/examples_tf2_py:/home/sebas/ros2_humble/install/tf2_ros_py:/home/sebas/ros2_humble/install/sros2:/home/sebas/ros2_humble/install/rqt_topic:/home/sebas/ros2_humble/install/rqt_srv:/home/sebas/ros2_humble/install/rqt_shell:/home/sebas/ros2_humble/install/rqt_service_caller:/home/sebas/ros2_humble/install/rqt_reconfigure:/home/sebas/ros2_humble/install/rqt_py_console:/home/sebas/ros2_humble/install/rqt_publisher:/home/sebas/ros2_humble/install/rqt_plot:/home/sebas/ros2_humble/install/rqt_action:/home/sebas/ros2_humble/install/rqt_msg:/home/sebas/ros2_humble/install/rqt_console:/home/sebas/ros2_humble/install/rqt:/home/sebas/ros2_humble/install/rqt_graph:/home/sebas/ros2_humble/install/rqt_gui_py:/home/sebas/ros2_humble/install/rqt_gui:/home/sebas/ros2_humble/install/ros2trace:/home/sebas/ros2_humble/install/ros2topic:/home/sebas/ros2_humble/install/ros2test:/home/sebas/ros2_humble/install/ros2component:/home/sebas/ros2_humble/install/ros2param:/home/sebas/ros2_humble/install/ros2lifecycle:/home/sebas/ros2_humble/install/ros2service:/home/sebas/ros2_humble/install/ros2run:/home/sebas/ros2_humble/install/ros2launch:/home/sebas/ros2_humble/install/ros2pkg:/home/sebas/ros2_humble/install/ros2node:/home/sebas/ros2_humble/install/ros2multicast:/home/sebas/ros2_humble/install/ros2interface:/home/sebas/ros2_humble/install/ros2doctor:/home/sebas/ros2_humble/install/ros2action:/home/sebas/ros2_humble/install/ros2cli:/home/sebas/ros2_humble/install/quality_of_service_demo_py:/home/sebas/ros2_humble/install/lifecycle_py:/home/sebas/ros2_humble/install/launch_testing_ros:/home/sebas/ros2_humble/install/launch_ros:/home/sebas/ros2_humble/install/examples_rclpy_pointcloud_publisher:/home/sebas/ros2_humble/install/examples_rclpy_minimal_subscriber:/home/sebas/ros2_humble/install/examples_rclpy_minimal_service:/home/sebas/ros2_humble/install/examples_rclpy_minimal_publisher:/home/sebas/ros2_humble/install/examples_rclpy_minimal_client:/home/sebas/ros2_humble/install/examples_rclpy_minimal_action_server:/home/sebas/ros2_humble/install/examples_rclpy_minimal_action_client:/home/sebas/ros2_humble/install/examples_rclpy_guard_conditions:/home/sebas/ros2_humble/install/examples_rclpy_executors:/home/sebas/ros2_humble/install/demo_nodes_py:/home/sebas/ros2_humble/install/action_tutorials_py:/home/sebas/ros2_humble/install/ament_uncrustify:/home/sebas/ros2_humble/install/tracetools_trace:/home/sebas/ros2_humble/install/tracetools_read:/home/sebas/ros2_humble/install/test_tracetools_launch:/home/sebas/ros2_humble/install/test_launch_ros:/home/sebas/ros2_humble/install/sensor_msgs_py:/home/sebas/ros2_humble/install/rpyutils:/home/sebas/ros2_humble/install/rosidl_runtime_py:/home/sebas/ros2_humble/install/rosidl_cli:/home/sebas/ros2_humble/install/launch_pytest:/home/sebas/ros2_humble/install/launch_testing:/home/sebas/ros2_humble/install/launch_yaml:/home/sebas/ros2_humble/install/launch_xml:/home/sebas/ros2_humble/install/launch:/home/sebas/ros2_humble/install/osrf_pycommon:/home/sebas/ros2_humble/install/domain_coordinator:/home/sebas/ros2_humble/install/ament_xmllint:/home/sebas/ros2_humble/install/ament_pyflakes:/home/sebas/ros2_humble/install/ament_pycodestyle:/home/sebas/ros2_humble/install/ament_pep257:/home/sebas/ros2_humble/install/ament_pclint:/home/sebas/ros2_humble/install/ament_package:/home/sebas/ros2_humble/install/ament_mypy:/home/sebas/ros2_humble/install/ament_lint_cmake:/home/sebas/ros2_humble/install/ament_flake8:/home/sebas/ros2_humble/install/ament_copyright:/home/sebas/ros2_humble/install/ament_lint:/home/sebas/ros2_humble/install/ament_index_python:/home/sebas/ros2_humble/install/ament_cpplint:/home/sebas/ros2_humble/install/ament_cppcheck:/home/sebas/ros2_humble/install/ament_clang_tidy:/home/sebas/ros2_humble/install/ament_clang_format /usr/bin/cmake --build /home/sebas/workspace/ros_ur_driver/build/ur_dashboard_msgs -- -j12 -l12
[1.201s] [35m[1mConsolidate compiler generated dependencies of target ur_dashboard_msgs__rosidl_generator_c[0m
[1.201s] [  0%] Built target ur_dashboard_msgs__cpp
[1.201s] [ 12%] Built target ur_dashboard_msgs__rosidl_generator_c
[1.201s] [35m[1mConsolidate compiler generated dependencies of target ur_dashboard_msgs__rosidl_typesupport_cpp[0m
[1.201s] [35m[1mConsolidate compiler generated dependencies of target ur_dashboard_msgs__rosidl_typesupport_introspection_cpp[0m
[1.201s] [ 12%] Built target ament_cmake_python_copy_ur_dashboard_msgs
[1.201s] [35m[1mConsolidate compiler generated dependencies of target ur_dashboard_msgs__rosidl_typesupport_c[0m
[1.201s] [35m[1mConsolidate compiler generated dependencies of target ur_dashboard_msgs__rosidl_typesupport_fastrtps_cpp[0m
[1.201s] [35m[1mConsolidate compiler generated dependencies of target ur_dashboard_msgs__rosidl_typesupport_fastrtps_c[0m
[1.201s] [35m[1mConsolidate compiler generated dependencies of target ur_dashboard_msgs__rosidl_typesupport_introspection_c[0m
[1.202s] [ 24%] Built target ur_dashboard_msgs__rosidl_typesupport_cpp
[1.202s] [ 36%] Built target ur_dashboard_msgs__rosidl_typesupport_introspection_cpp
[1.202s] [ 48%] Built target ur_dashboard_msgs__rosidl_typesupport_c
[1.202s] [ 60%] Built target ur_dashboard_msgs__rosidl_typesupport_introspection_c
[1.202s] [ 72%] Built target ur_dashboard_msgs__rosidl_typesupport_fastrtps_c
[1.202s] [ 84%] Built target ur_dashboard_msgs__rosidl_typesupport_fastrtps_cpp
[1.202s] [ 84%] Built target ur_dashboard_msgs
[1.202s] [ 85%] Built target ur_dashboard_msgs__py
[1.202s] [35m[1mConsolidate compiler generated dependencies of target ur_dashboard_msgs__rosidl_generator_py[0m
[1.202s] [ 96%] Built target ur_dashboard_msgs__rosidl_generator_py
[1.202s] [35m[1mConsolidate compiler generated dependencies of target ur_dashboard_msgs__rosidl_typesupport_introspection_c__pyext[0m
[1.202s] [35m[1mConsolidate compiler generated dependencies of target ur_dashboard_msgs__rosidl_typesupport_c__pyext[0m
[1.202s] [35m[1mConsolidate compiler generated dependencies of target ur_dashboard_msgs__rosidl_typesupport_fastrtps_c__pyext[0m
[1.202s] [ 98%] Built target ur_dashboard_msgs__rosidl_typesupport_introspection_c__pyext
[1.202s] [ 99%] Built target ur_dashboard_msgs__rosidl_typesupport_c__pyext
[1.202s] [100%] Built target ur_dashboard_msgs__rosidl_typesupport_fastrtps_c__pyext
[1.320s] running egg_info
[1.363s] writing ur_dashboard_msgs.egg-info/PKG-INFO
[1.363s] writing dependency_links to ur_dashboard_msgs.egg-info/dependency_links.txt
[1.363s] writing top-level names to ur_dashboard_msgs.egg-info/top_level.txt
[1.572s] reading manifest file 'ur_dashboard_msgs.egg-info/SOURCES.txt'
[1.572s] writing manifest file 'ur_dashboard_msgs.egg-info/SOURCES.txt'
[1.655s] [100%] Built target ament_cmake_python_build_ur_dashboard_msgs_egg
[1.704s] Invoked command in '/home/sebas/workspace/ros_ur_driver/build/ur_dashboard_msgs' returned '0': CMAKE_PREFIX_PATH=${CMAKE_PREFIX_PATH}:/home/sebas/workspace/ros_ur_driver/install/rqt_joint_trajectory_controller:/home/sebas/workspace/ros_ur_driver/install/ros2_controllers_test_nodes:/opt/ros/humble:/home/sebas/ros2_humble/install/rqt_bag_plugins:/home/sebas/ros2_humble/install/rqt_bag:/home/sebas/ros2_humble/install/launch_testing_examples:/home/sebas/ros2_humble/install/ros2bag:/home/sebas/ros2_humble/install/tracetools_test:/home/sebas/ros2_humble/install/tracetools_launch:/home/sebas/ros2_humble/install/topic_monitor:/home/sebas/ros2_humble/install/tf2_tools:/home/sebas/ros2_humble/install/examples_tf2_py:/home/sebas/ros2_humble/install/tf2_ros_py:/home/sebas/ros2_humble/install/sros2:/home/sebas/ros2_humble/install/rqt_topic:/home/sebas/ros2_humble/install/rqt_srv:/home/sebas/ros2_humble/install/rqt_shell:/home/sebas/ros2_humble/install/rqt_service_caller:/home/sebas/ros2_humble/install/rqt_reconfigure:/home/sebas/ros2_humble/install/rqt_py_console:/home/sebas/ros2_humble/install/rqt_publisher:/home/sebas/ros2_humble/install/rqt_plot:/home/sebas/ros2_humble/install/rqt_action:/home/sebas/ros2_humble/install/rqt_msg:/home/sebas/ros2_humble/install/rqt_console:/home/sebas/ros2_humble/install/rqt:/home/sebas/ros2_humble/install/rqt_graph:/home/sebas/ros2_humble/install/rqt_gui_py:/home/sebas/ros2_humble/install/rqt_gui:/home/sebas/ros2_humble/install/ros2trace:/home/sebas/ros2_humble/install/ros2topic:/home/sebas/ros2_humble/install/ros2test:/home/sebas/ros2_humble/install/ros2component:/home/sebas/ros2_humble/install/ros2param:/home/sebas/ros2_humble/install/ros2lifecycle:/home/sebas/ros2_humble/install/ros2service:/home/sebas/ros2_humble/install/ros2run:/home/sebas/ros2_humble/install/ros2launch:/home/sebas/ros2_humble/install/ros2pkg:/home/sebas/ros2_humble/install/ros2node:/home/sebas/ros2_humble/install/ros2multicast:/home/sebas/ros2_humble/install/ros2interface:/home/sebas/ros2_humble/install/ros2doctor:/home/sebas/ros2_humble/install/ros2action:/home/sebas/ros2_humble/install/ros2cli:/home/sebas/ros2_humble/install/quality_of_service_demo_py:/home/sebas/ros2_humble/install/lifecycle_py:/home/sebas/ros2_humble/install/launch_testing_ros:/home/sebas/ros2_humble/install/launch_ros:/home/sebas/ros2_humble/install/examples_rclpy_pointcloud_publisher:/home/sebas/ros2_humble/install/examples_rclpy_minimal_subscriber:/home/sebas/ros2_humble/install/examples_rclpy_minimal_service:/home/sebas/ros2_humble/install/examples_rclpy_minimal_publisher:/home/sebas/ros2_humble/install/examples_rclpy_minimal_client:/home/sebas/ros2_humble/install/examples_rclpy_minimal_action_server:/home/sebas/ros2_humble/install/examples_rclpy_minimal_action_client:/home/sebas/ros2_humble/install/examples_rclpy_guard_conditions:/home/sebas/ros2_humble/install/examples_rclpy_executors:/home/sebas/ros2_humble/install/demo_nodes_py:/home/sebas/ros2_humble/install/action_tutorials_py:/home/sebas/ros2_humble/install/ament_uncrustify:/home/sebas/ros2_humble/install/tracetools_trace:/home/sebas/ros2_humble/install/tracetools_read:/home/sebas/ros2_humble/install/test_tracetools_launch:/home/sebas/ros2_humble/install/test_launch_ros:/home/sebas/ros2_humble/install/sensor_msgs_py:/home/sebas/ros2_humble/install/rpyutils:/home/sebas/ros2_humble/install/rosidl_runtime_py:/home/sebas/ros2_humble/install/rosidl_cli:/home/sebas/ros2_humble/install/launch_pytest:/home/sebas/ros2_humble/install/launch_testing:/home/sebas/ros2_humble/install/launch_yaml:/home/sebas/ros2_humble/install/launch_xml:/home/sebas/ros2_humble/install/launch:/home/sebas/ros2_humble/install/osrf_pycommon:/home/sebas/ros2_humble/install/domain_coordinator:/home/sebas/ros2_humble/install/ament_xmllint:/home/sebas/ros2_humble/install/ament_pyflakes:/home/sebas/ros2_humble/install/ament_pycodestyle:/home/sebas/ros2_humble/install/ament_pep257:/home/sebas/ros2_humble/install/ament_pclint:/home/sebas/ros2_humble/install/ament_package:/home/sebas/ros2_humble/install/ament_mypy:/home/sebas/ros2_humble/install/ament_lint_cmake:/home/sebas/ros2_humble/install/ament_flake8:/home/sebas/ros2_humble/install/ament_copyright:/home/sebas/ros2_humble/install/ament_lint:/home/sebas/ros2_humble/install/ament_index_python:/home/sebas/ros2_humble/install/ament_cpplint:/home/sebas/ros2_humble/install/ament_cppcheck:/home/sebas/ros2_humble/install/ament_clang_tidy:/home/sebas/ros2_humble/install/ament_clang_format /usr/bin/cmake --build /home/sebas/workspace/ros_ur_driver/build/ur_dashboard_msgs -- -j12 -l12
[3.516s] Invoking command in '/home/sebas/workspace/ros_ur_driver/build/ur_dashboard_msgs': CMAKE_PREFIX_PATH=${CMAKE_PREFIX_PATH}:/home/sebas/workspace/ros_ur_driver/install/rqt_joint_trajectory_controller:/home/sebas/workspace/ros_ur_driver/install/ros2_controllers_test_nodes:/opt/ros/humble:/home/sebas/ros2_humble/install/rqt_bag_plugins:/home/sebas/ros2_humble/install/rqt_bag:/home/sebas/ros2_humble/install/launch_testing_examples:/home/sebas/ros2_humble/install/ros2bag:/home/sebas/ros2_humble/install/tracetools_test:/home/sebas/ros2_humble/install/tracetools_launch:/home/sebas/ros2_humble/install/topic_monitor:/home/sebas/ros2_humble/install/tf2_tools:/home/sebas/ros2_humble/install/examples_tf2_py:/home/sebas/ros2_humble/install/tf2_ros_py:/home/sebas/ros2_humble/install/sros2:/home/sebas/ros2_humble/install/rqt_topic:/home/sebas/ros2_humble/install/rqt_srv:/home/sebas/ros2_humble/install/rqt_shell:/home/sebas/ros2_humble/install/rqt_service_caller:/home/sebas/ros2_humble/install/rqt_reconfigure:/home/sebas/ros2_humble/install/rqt_py_console:/home/sebas/ros2_humble/install/rqt_publisher:/home/sebas/ros2_humble/install/rqt_plot:/home/sebas/ros2_humble/install/rqt_action:/home/sebas/ros2_humble/install/rqt_msg:/home/sebas/ros2_humble/install/rqt_console:/home/sebas/ros2_humble/install/rqt:/home/sebas/ros2_humble/install/rqt_graph:/home/sebas/ros2_humble/install/rqt_gui_py:/home/sebas/ros2_humble/install/rqt_gui:/home/sebas/ros2_humble/install/ros2trace:/home/sebas/ros2_humble/install/ros2topic:/home/sebas/ros2_humble/install/ros2test:/home/sebas/ros2_humble/install/ros2component:/home/sebas/ros2_humble/install/ros2param:/home/sebas/ros2_humble/install/ros2lifecycle:/home/sebas/ros2_humble/install/ros2service:/home/sebas/ros2_humble/install/ros2run:/home/sebas/ros2_humble/install/ros2launch:/home/sebas/ros2_humble/install/ros2pkg:/home/sebas/ros2_humble/install/ros2node:/home/sebas/ros2_humble/install/ros2multicast:/home/sebas/ros2_humble/install/ros2interface:/home/sebas/ros2_humble/install/ros2doctor:/home/sebas/ros2_humble/install/ros2action:/home/sebas/ros2_humble/install/ros2cli:/home/sebas/ros2_humble/install/quality_of_service_demo_py:/home/sebas/ros2_humble/install/lifecycle_py:/home/sebas/ros2_humble/install/launch_testing_ros:/home/sebas/ros2_humble/install/launch_ros:/home/sebas/ros2_humble/install/examples_rclpy_pointcloud_publisher:/home/sebas/ros2_humble/install/examples_rclpy_minimal_subscriber:/home/sebas/ros2_humble/install/examples_rclpy_minimal_service:/home/sebas/ros2_humble/install/examples_rclpy_minimal_publisher:/home/sebas/ros2_humble/install/examples_rclpy_minimal_client:/home/sebas/ros2_humble/install/examples_rclpy_minimal_action_server:/home/sebas/ros2_humble/install/examples_rclpy_minimal_action_client:/home/sebas/ros2_humble/install/examples_rclpy_guard_conditions:/home/sebas/ros2_humble/install/examples_rclpy_executors:/home/sebas/ros2_humble/install/demo_nodes_py:/home/sebas/ros2_humble/install/action_tutorials_py:/home/sebas/ros2_humble/install/ament_uncrustify:/home/sebas/ros2_humble/install/tracetools_trace:/home/sebas/ros2_humble/install/tracetools_read:/home/sebas/ros2_humble/install/test_tracetools_launch:/home/sebas/ros2_humble/install/test_launch_ros:/home/sebas/ros2_humble/install/sensor_msgs_py:/home/sebas/ros2_humble/install/rpyutils:/home/sebas/ros2_humble/install/rosidl_runtime_py:/home/sebas/ros2_humble/install/rosidl_cli:/home/sebas/ros2_humble/install/launch_pytest:/home/sebas/ros2_humble/install/launch_testing:/home/sebas/ros2_humble/install/launch_yaml:/home/sebas/ros2_humble/install/launch_xml:/home/sebas/ros2_humble/install/launch:/home/sebas/ros2_humble/install/osrf_pycommon:/home/sebas/ros2_humble/install/domain_coordinator:/home/sebas/ros2_humble/install/ament_xmllint:/home/sebas/ros2_humble/install/ament_pyflakes:/home/sebas/ros2_humble/install/ament_pycodestyle:/home/sebas/ros2_humble/install/ament_pep257:/home/sebas/ros2_humble/install/ament_pclint:/home/sebas/ros2_humble/install/ament_package:/home/sebas/ros2_humble/install/ament_mypy:/home/sebas/ros2_humble/install/ament_lint_cmake:/home/sebas/ros2_humble/install/ament_flake8:/home/sebas/ros2_humble/install/ament_copyright:/home/sebas/ros2_humble/install/ament_lint:/home/sebas/ros2_humble/install/ament_index_python:/home/sebas/ros2_humble/install/ament_cpplint:/home/sebas/ros2_humble/install/ament_cppcheck:/home/sebas/ros2_humble/install/ament_clang_tidy:/home/sebas/ros2_humble/install/ament_clang_format /usr/bin/cmake --install /home/sebas/workspace/ros_ur_driver/build/ur_dashboard_msgs
[3.554s] -- Install configuration: ""
[3.554s] -- Up-to-date: /home/sebas/workspace/ros_ur_driver/install/ur_dashboard_msgs/share/ament_index/resource_index/rosidl_interfaces/ur_dashboard_msgs
[3.555s] -- Up-to-date: /home/sebas/workspace/ros_ur_driver/install/ur_dashboard_msgs/include/ur_dashboard_msgs/ur_dashboard_msgs
[3.555s] -- Up-to-date: /home/sebas/workspace/ros_ur_driver/install/ur_dashboard_msgs/include/ur_dashboard_msgs/ur_dashboard_msgs/srv
[3.555s] -- Up-to-date: /home/sebas/workspace/ros_ur_driver/install/ur_dashboard_msgs/include/ur_dashboard_msgs/ur_dashboard_msgs/srv/raw_request.h
[3.555s] -- Up-to-date: /home/sebas/workspace/ros_ur_driver/install/ur_dashboard_msgs/include/ur_dashboard_msgs/ur_dashboard_msgs/srv/add_to_log.h
[3.555s] -- Up-to-date: /home/sebas/workspace/ros_ur_driver/install/ur_dashboard_msgs/include/ur_dashboard_msgs/ur_dashboard_msgs/srv/popup.h
[3.555s] -- Up-to-date: /home/sebas/workspace/ros_ur_driver/install/ur_dashboard_msgs/include/ur_dashboard_msgs/ur_dashboard_msgs/srv/load.h
[3.555s] -- Up-to-date: /home/sebas/workspace/ros_ur_driver/install/ur_dashboard_msgs/include/ur_dashboard_msgs/ur_dashboard_msgs/srv/is_program_running.h
[3.555s] -- Up-to-date: /home/sebas/workspace/ros_ur_driver/install/ur_dashboard_msgs/include/ur_dashboard_msgs/ur_dashboard_msgs/srv/detail
[3.555s] -- Up-to-date: /home/sebas/workspace/ros_ur_driver/install/ur_dashboard_msgs/include/ur_dashboard_msgs/ur_dashboard_msgs/srv/detail/get_safety_mode__struct.h
[3.555s] -- Up-to-date: /home/sebas/workspace/ros_ur_driver/install/ur_dashboard_msgs/include/ur_dashboard_msgs/ur_dashboard_msgs/srv/detail/get_program_state__functions.c
[3.555s] -- Up-to-date: /home/sebas/workspace/ros_ur_driver/install/ur_dashboard_msgs/include/ur_dashboard_msgs/ur_dashboard_msgs/srv/detail/popup__struct.h
[3.556s] -- Up-to-date: /home/sebas/workspace/ros_ur_driver/install/ur_dashboard_msgs/include/ur_dashboard_msgs/ur_dashboard_msgs/srv/detail/get_safety_mode__type_support.h
[3.556s] -- Up-to-date: /home/sebas/workspace/ros_ur_driver/install/ur_dashboard_msgs/include/ur_dashboard_msgs/ur_dashboard_msgs/srv/detail/get_loaded_program__struct.h
[3.556s] -- Up-to-date: /home/sebas/workspace/ros_ur_driver/install/ur_dashboard_msgs/include/ur_dashboard_msgs/ur_dashboard_msgs/srv/detail/get_loaded_program__functions.h
[3.556s] -- Up-to-date: /home/sebas/workspace/ros_ur_driver/install/ur_dashboard_msgs/include/ur_dashboard_msgs/ur_dashboard_msgs/srv/detail/popup__type_support.h
[3.556s] -- Up-to-date: /home/sebas/workspace/ros_ur_driver/install/ur_dashboard_msgs/include/ur_dashboard_msgs/ur_dashboard_msgs/srv/detail/get_program_state__functions.h
[3.556s] -- Up-to-date: /home/sebas/workspace/ros_ur_driver/install/ur_dashboard_msgs/include/ur_dashboard_msgs/ur_dashboard_msgs/srv/detail/get_program_state__struct.h
[3.556s] -- Up-to-date: /home/sebas/workspace/ros_ur_driver/install/ur_dashboard_msgs/include/ur_dashboard_msgs/ur_dashboard_msgs/srv/detail/popup__functions.h
[3.556s] -- Up-to-date: /home/sebas/workspace/ros_ur_driver/install/ur_dashboard_msgs/include/ur_dashboard_msgs/ur_dashboard_msgs/srv/detail/is_program_running__functions.c
[3.556s] -- Up-to-date: /home/sebas/workspace/ros_ur_driver/install/ur_dashboard_msgs/include/ur_dashboard_msgs/ur_dashboard_msgs/srv/detail/raw_request__functions.h
[3.556s] -- Up-to-date: /home/sebas/workspace/ros_ur_driver/install/ur_dashboard_msgs/include/ur_dashboard_msgs/ur_dashboard_msgs/srv/detail/add_to_log__functions.c
[3.556s] -- Up-to-date: /home/sebas/workspace/ros_ur_driver/install/ur_dashboard_msgs/include/ur_dashboard_msgs/ur_dashboard_msgs/srv/detail/get_robot_mode__type_support.h
[3.556s] -- Up-to-date: /home/sebas/workspace/ros_ur_driver/install/ur_dashboard_msgs/include/ur_dashboard_msgs/ur_dashboard_msgs/srv/detail/load__struct.h
[3.556s] -- Up-to-date: /home/sebas/workspace/ros_ur_driver/install/ur_dashboard_msgs/include/ur_dashboard_msgs/ur_dashboard_msgs/srv/detail/add_to_log__struct.h
[3.556s] -- Up-to-date: /home/sebas/workspace/ros_ur_driver/install/ur_dashboard_msgs/include/ur_dashboard_msgs/ur_dashboard_msgs/srv/detail/raw_request__functions.c
[3.556s] -- Up-to-date: /home/sebas/workspace/ros_ur_driver/install/ur_dashboard_msgs/include/ur_dashboard_msgs/ur_dashboard_msgs/srv/detail/is_program_running__type_support.h
[3.557s] -- Up-to-date: /home/sebas/workspace/ros_ur_driver/install/ur_dashboard_msgs/include/ur_dashboard_msgs/ur_dashboard_msgs/srv/detail/load__type_support.h
[3.557s] -- Up-to-date: /home/sebas/workspace/ros_ur_driver/install/ur_dashboard_msgs/include/ur_dashboard_msgs/ur_dashboard_msgs/srv/detail/raw_request__type_support.h
[3.557s] -- Up-to-date: /home/sebas/workspace/ros_ur_driver/install/ur_dashboard_msgs/include/ur_dashboard_msgs/ur_dashboard_msgs/srv/detail/add_to_log__type_support.h
[3.557s] -- Up-to-date: /home/sebas/workspace/ros_ur_driver/install/ur_dashboard_msgs/include/ur_dashboard_msgs/ur_dashboard_msgs/srv/detail/add_to_log__functions.h
[3.557s] -- Up-to-date: /home/sebas/workspace/ros_ur_driver/install/ur_dashboard_msgs/include/ur_dashboard_msgs/ur_dashboard_msgs/srv/detail/is_program_saved__type_support.h
[3.557s] -- Up-to-date: /home/sebas/workspace/ros_ur_driver/install/ur_dashboard_msgs/include/ur_dashboard_msgs/ur_dashboard_msgs/srv/detail/get_safety_mode__functions.h
[3.557s] -- Up-to-date: /home/sebas/workspace/ros_ur_driver/install/ur_dashboard_msgs/include/ur_dashboard_msgs/ur_dashboard_msgs/srv/detail/get_program_state__type_support.h
[3.557s] -- Up-to-date: /home/sebas/workspace/ros_ur_driver/install/ur_dashboard_msgs/include/ur_dashboard_msgs/ur_dashboard_msgs/srv/detail/get_robot_mode__struct.h
[3.557s] -- Up-to-date: /home/sebas/workspace/ros_ur_driver/install/ur_dashboard_msgs/include/ur_dashboard_msgs/ur_dashboard_msgs/srv/detail/load__functions.h
[3.557s] -- Up-to-date: /home/sebas/workspace/ros_ur_driver/install/ur_dashboard_msgs/include/ur_dashboard_msgs/ur_dashboard_msgs/srv/detail/is_program_running__struct.h
[3.557s] -- Up-to-date: /home/sebas/workspace/ros_ur_driver/install/ur_dashboard_msgs/include/ur_dashboard_msgs/ur_dashboard_msgs/srv/detail/is_program_saved__struct.h
[3.557s] -- Up-to-date: /home/sebas/workspace/ros_ur_driver/install/ur_dashboard_msgs/include/ur_dashboard_msgs/ur_dashboard_msgs/srv/detail/get_loaded_program__type_support.h
[3.557s] -- Up-to-date: /home/sebas/workspace/ros_ur_driver/install/ur_dashboard_msgs/include/ur_dashboard_msgs/ur_dashboard_msgs/srv/detail/get_robot_mode__functions.c
[3.557s] -- Up-to-date: /home/sebas/workspace/ros_ur_driver/install/ur_dashboard_msgs/include/ur_dashboard_msgs/ur_dashboard_msgs/srv/detail/popup__functions.c
[3.557s] -- Up-to-date: /home/sebas/workspace/ros_ur_driver/install/ur_dashboard_msgs/include/ur_dashboard_msgs/ur_dashboard_msgs/srv/detail/is_program_saved__functions.c
[3.557s] -- Up-to-date: /home/sebas/workspace/ros_ur_driver/install/ur_dashboard_msgs/include/ur_dashboard_msgs/ur_dashboard_msgs/srv/detail/raw_request__struct.h
[3.557s] -- Up-to-date: /home/sebas/workspace/ros_ur_driver/install/ur_dashboard_msgs/include/ur_dashboard_msgs/ur_dashboard_msgs/srv/detail/get_loaded_program__functions.c
[3.558s] -- Up-to-date: /home/sebas/workspace/ros_ur_driver/install/ur_dashboard_msgs/include/ur_dashboard_msgs/ur_dashboard_msgs/srv/detail/load__functions.c
[3.558s] -- Up-to-date: /home/sebas/workspace/ros_ur_driver/install/ur_dashboard_msgs/include/ur_dashboard_msgs/ur_dashboard_msgs/srv/detail/get_robot_mode__functions.h
[3.558s] -- Up-to-date: /home/sebas/workspace/ros_ur_driver/install/ur_dashboard_msgs/include/ur_dashboard_msgs/ur_dashboard_msgs/srv/detail/get_safety_mode__functions.c
[3.558s] -- Up-to-date: /home/sebas/workspace/ros_ur_driver/install/ur_dashboard_msgs/include/ur_dashboard_msgs/ur_dashboard_msgs/srv/detail/is_program_running__functions.h
[3.558s] -- Up-to-date: /home/sebas/workspace/ros_ur_driver/install/ur_dashboard_msgs/include/ur_dashboard_msgs/ur_dashboard_msgs/srv/detail/is_program_saved__functions.h
[3.558s] -- Up-to-date: /home/sebas/workspace/ros_ur_driver/install/ur_dashboard_msgs/include/ur_dashboard_msgs/ur_dashboard_msgs/srv/get_program_state.h
[3.558s] -- Up-to-date: /home/sebas/workspace/ros_ur_driver/install/ur_dashboard_msgs/include/ur_dashboard_msgs/ur_dashboard_msgs/srv/get_safety_mode.h
[3.559s] -- Up-to-date: /home/sebas/workspace/ros_ur_driver/install/ur_dashboard_msgs/include/ur_dashboard_msgs/ur_dashboard_msgs/srv/get_robot_mode.h
[3.559s] -- Up-to-date: /home/sebas/workspace/ros_ur_driver/install/ur_dashboard_msgs/include/ur_dashboard_msgs/ur_dashboard_msgs/srv/get_loaded_program.h
[3.559s] -- Up-to-date: /home/sebas/workspace/ros_ur_driver/install/ur_dashboard_msgs/include/ur_dashboard_msgs/ur_dashboard_msgs/srv/is_program_saved.h
[3.559s] -- Up-to-date: /home/sebas/workspace/ros_ur_driver/install/ur_dashboard_msgs/include/ur_dashboard_msgs/ur_dashboard_msgs/action
[3.559s] -- Up-to-date: /home/sebas/workspace/ros_ur_driver/install/ur_dashboard_msgs/include/ur_dashboard_msgs/ur_dashboard_msgs/action/set_mode.h
[3.559s] -- Up-to-date: /home/sebas/workspace/ros_ur_driver/install/ur_dashboard_msgs/include/ur_dashboard_msgs/ur_dashboard_msgs/action/detail
[3.559s] -- Up-to-date: /home/sebas/workspace/ros_ur_driver/install/ur_dashboard_msgs/include/ur_dashboard_msgs/ur_dashboard_msgs/action/detail/set_mode__functions.h
[3.559s] -- Up-to-date: /home/sebas/workspace/ros_ur_driver/install/ur_dashboard_msgs/include/ur_dashboard_msgs/ur_dashboard_msgs/action/detail/set_mode__struct.h
[3.561s] -- Up-to-date: /home/sebas/workspace/ros_ur_driver/install/ur_dashboard_msgs/include/ur_dashboard_msgs/ur_dashboard_msgs/action/detail/set_mode__functions.c
[3.561s] -- Up-to-date: /home/sebas/workspace/ros_ur_driver/install/ur_dashboard_msgs/include/ur_dashboard_msgs/ur_dashboard_msgs/action/detail/set_mode__type_support.h
[3.561s] -- Up-to-date: /home/sebas/workspace/ros_ur_driver/install/ur_dashboard_msgs/include/ur_dashboard_msgs/ur_dashboard_msgs/msg
[3.561s] -- Up-to-date: /home/sebas/workspace/ros_ur_driver/install/ur_dashboard_msgs/include/ur_dashboard_msgs/ur_dashboard_msgs/msg/rosidl_generator_c__visibility_control.h
[3.561s] -- Up-to-date: /home/sebas/workspace/ros_ur_driver/install/ur_dashboard_msgs/include/ur_dashboard_msgs/ur_dashboard_msgs/msg/detail
[3.561s] -- Up-to-date: /home/sebas/workspace/ros_ur_driver/install/ur_dashboard_msgs/include/ur_dashboard_msgs/ur_dashboard_msgs/msg/detail/robot_mode__functions.c
[3.562s] -- Up-to-date: /home/sebas/workspace/ros_ur_driver/install/ur_dashboard_msgs/include/ur_dashboard_msgs/ur_dashboard_msgs/msg/detail/program_state__struct.h
[3.562s] -- Up-to-date: /home/sebas/workspace/ros_ur_driver/install/ur_dashboard_msgs/include/ur_dashboard_msgs/ur_dashboard_msgs/msg/detail/robot_mode__type_support.h
[3.562s] -- Up-to-date: /home/sebas/workspace/ros_ur_driver/install/ur_dashboard_msgs/include/ur_dashboard_msgs/ur_dashboard_msgs/msg/detail/safety_mode__struct.h
[3.562s] -- Up-to-date: /home/sebas/workspace/ros_ur_driver/install/ur_dashboard_msgs/include/ur_dashboard_msgs/ur_dashboard_msgs/msg/detail/robot_mode__functions.h
[3.562s] -- Up-to-date: /home/sebas/workspace/ros_ur_driver/install/ur_dashboard_msgs/include/ur_dashboard_msgs/ur_dashboard_msgs/msg/detail/safety_mode__functions.h
[3.562s] -- Up-to-date: /home/sebas/workspace/ros_ur_driver/install/ur_dashboard_msgs/include/ur_dashboard_msgs/ur_dashboard_msgs/msg/detail/program_state__functions.h
[3.562s] -- Up-to-date: /home/sebas/workspace/ros_ur_driver/install/ur_dashboard_msgs/include/ur_dashboard_msgs/ur_dashboard_msgs/msg/detail/safety_mode__type_support.h
[3.562s] -- Up-to-date: /home/sebas/workspace/ros_ur_driver/install/ur_dashboard_msgs/include/ur_dashboard_msgs/ur_dashboard_msgs/msg/detail/program_state__type_support.h
[3.562s] -- Up-to-date: /home/sebas/workspace/ros_ur_driver/install/ur_dashboard_msgs/include/ur_dashboard_msgs/ur_dashboard_msgs/msg/detail/robot_mode__struct.h
[3.562s] -- Up-to-date: /home/sebas/workspace/ros_ur_driver/install/ur_dashboard_msgs/include/ur_dashboard_msgs/ur_dashboard_msgs/msg/detail/program_state__functions.c
[3.562s] -- Up-to-date: /home/sebas/workspace/ros_ur_driver/install/ur_dashboard_msgs/include/ur_dashboard_msgs/ur_dashboard_msgs/msg/detail/safety_mode__functions.c
[3.562s] -- Up-to-date: /home/sebas/workspace/ros_ur_driver/install/ur_dashboard_msgs/include/ur_dashboard_msgs/ur_dashboard_msgs/msg/program_state.h
[3.563s] -- Up-to-date: /home/sebas/workspace/ros_ur_driver/install/ur_dashboard_msgs/include/ur_dashboard_msgs/ur_dashboard_msgs/msg/safety_mode.h
[3.563s] -- Up-to-date: /home/sebas/workspace/ros_ur_driver/install/ur_dashboard_msgs/include/ur_dashboard_msgs/ur_dashboard_msgs/msg/robot_mode.h
[3.563s] -- Up-to-date: /home/sebas/workspace/ros_ur_driver/install/ur_dashboard_msgs/share/ur_dashboard_msgs/environment/library_path.sh
[3.563s] -- Up-to-date: /home/sebas/workspace/ros_ur_driver/install/ur_dashboard_msgs/share/ur_dashboard_msgs/environment/library_path.dsv
[3.563s] -- Up-to-date: /home/sebas/workspace/ros_ur_driver/install/ur_dashboard_msgs/lib/libur_dashboard_msgs__rosidl_generator_c.so
[3.563s] -- Up-to-date: /home/sebas/workspace/ros_ur_driver/install/ur_dashboard_msgs/include/ur_dashboard_msgs/ur_dashboard_msgs
[3.563s] -- Up-to-date: /home/sebas/workspace/ros_ur_driver/install/ur_dashboard_msgs/include/ur_dashboard_msgs/ur_dashboard_msgs/srv
[3.563s] -- Up-to-date: /home/sebas/workspace/ros_ur_driver/install/ur_dashboard_msgs/include/ur_dashboard_msgs/ur_dashboard_msgs/srv/detail
[3.563s] -- Up-to-date: /home/sebas/workspace/ros_ur_driver/install/ur_dashboard_msgs/include/ur_dashboard_msgs/ur_dashboard_msgs/srv/detail/add_to_log__rosidl_typesupport_fastrtps_c.h
[3.563s] -- Up-to-date: /home/sebas/workspace/ros_ur_driver/install/ur_dashboard_msgs/include/ur_dashboard_msgs/ur_dashboard_msgs/srv/detail/load__rosidl_typesupport_fastrtps_c.h
[3.563s] -- Up-to-date: /home/sebas/workspace/ros_ur_driver/install/ur_dashboard_msgs/include/ur_dashboard_msgs/ur_dashboard_msgs/srv/detail/popup__rosidl_typesupport_fastrtps_c.h
[3.563s] -- Up-to-date: /home/sebas/workspace/ros_ur_driver/install/ur_dashboard_msgs/include/ur_dashboard_msgs/ur_dashboard_msgs/srv/detail/is_program_running__rosidl_typesupport_fastrtps_c.h
[3.564s] -- Up-to-date: /home/sebas/workspace/ros_ur_driver/install/ur_dashboard_msgs/include/ur_dashboard_msgs/ur_dashboard_msgs/srv/detail/raw_request__rosidl_typesupport_fastrtps_c.h
[3.564s] -- Up-to-date: /home/sebas/workspace/ros_ur_driver/install/ur_dashboard_msgs/include/ur_dashboard_msgs/ur_dashboard_msgs/srv/detail/get_safety_mode__rosidl_typesupport_fastrtps_c.h
[3.564s] -- Up-to-date: /home/sebas/workspace/ros_ur_driver/install/ur_dashboard_msgs/include/ur_dashboard_msgs/ur_dashboard_msgs/srv/detail/get_robot_mode__rosidl_typesupport_fastrtps_c.h
[3.564s] -- Up-to-date: /home/sebas/workspace/ros_ur_driver/install/ur_dashboard_msgs/include/ur_dashboard_msgs/ur_dashboard_msgs/srv/detail/get_program_state__rosidl_typesupport_fastrtps_c.h
[3.564s] -- Up-to-date: /home/sebas/workspace/ros_ur_driver/install/ur_dashboard_msgs/include/ur_dashboard_msgs/ur_dashboard_msgs/srv/detail/is_program_saved__rosidl_typesupport_fastrtps_c.h
[3.564s] -- Up-to-date: /home/sebas/workspace/ros_ur_driver/install/ur_dashboard_msgs/include/ur_dashboard_msgs/ur_dashboard_msgs/srv/detail/get_loaded_program__rosidl_typesupport_fastrtps_c.h
[3.564s] -- Up-to-date: /home/sebas/workspace/ros_ur_driver/install/ur_dashboard_msgs/include/ur_dashboard_msgs/ur_dashboard_msgs/action
[3.564s] -- Up-to-date: /home/sebas/workspace/ros_ur_driver/install/ur_dashboard_msgs/include/ur_dashboard_msgs/ur_dashboard_msgs/action/detail
[3.564s] -- Up-to-date: /home/sebas/workspace/ros_ur_driver/install/ur_dashboard_msgs/include/ur_dashboard_msgs/ur_dashboard_msgs/action/detail/set_mode__rosidl_typesupport_fastrtps_c.h
[3.564s] -- Up-to-date: /home/sebas/workspace/ros_ur_driver/install/ur_dashboard_msgs/include/ur_dashboard_msgs/ur_dashboard_msgs/msg
[3.564s] -- Up-to-date: /home/sebas/workspace/ros_ur_driver/install/ur_dashboard_msgs/include/ur_dashboard_msgs/ur_dashboard_msgs/msg/rosidl_typesupport_fastrtps_c__visibility_control.h
[3.564s] -- Up-to-date: /home/sebas/workspace/ros_ur_driver/install/ur_dashboard_msgs/include/ur_dashboard_msgs/ur_dashboard_msgs/msg/detail
[3.564s] -- Up-to-date: /home/sebas/workspace/ros_ur_driver/install/ur_dashboard_msgs/include/ur_dashboard_msgs/ur_dashboard_msgs/msg/detail/safety_mode__rosidl_typesupport_fastrtps_c.h
[3.564s] -- Up-to-date: /home/sebas/workspace/ros_ur_driver/install/ur_dashboard_msgs/include/ur_dashboard_msgs/ur_dashboard_msgs/msg/detail/robot_mode__rosidl_typesupport_fastrtps_c.h
[3.564s] -- Up-to-date: /home/sebas/workspace/ros_ur_driver/install/ur_dashboard_msgs/include/ur_dashboard_msgs/ur_dashboard_msgs/msg/detail/program_state__rosidl_typesupport_fastrtps_c.h
[3.565s] -- Up-to-date: /home/sebas/workspace/ros_ur_driver/install/ur_dashboard_msgs/lib/libur_dashboard_msgs__rosidl_typesupport_fastrtps_c.so
[3.565s] -- Up-to-date: /home/sebas/workspace/ros_ur_driver/install/ur_dashboard_msgs/include/ur_dashboard_msgs/ur_dashboard_msgs
[3.565s] -- Up-to-date: /home/sebas/workspace/ros_ur_driver/install/ur_dashboard_msgs/include/ur_dashboard_msgs/ur_dashboard_msgs/srv
[3.565s] -- Up-to-date: /home/sebas/workspace/ros_ur_driver/install/ur_dashboard_msgs/include/ur_dashboard_msgs/ur_dashboard_msgs/srv/detail
[3.565s] -- Up-to-date: /home/sebas/workspace/ros_ur_driver/install/ur_dashboard_msgs/include/ur_dashboard_msgs/ur_dashboard_msgs/srv/detail/get_safety_mode__rosidl_typesupport_introspection_c.h
[3.565s] -- Up-to-date: /home/sebas/workspace/ros_ur_driver/install/ur_dashboard_msgs/include/ur_dashboard_msgs/ur_dashboard_msgs/srv/detail/add_to_log__rosidl_typesupport_introspection_c.h
[3.565s] -- Up-to-date: /home/sebas/workspace/ros_ur_driver/install/ur_dashboard_msgs/include/ur_dashboard_msgs/ur_dashboard_msgs/srv/detail/get_safety_mode__type_support.c
[3.565s] -- Up-to-date: /home/sebas/workspace/ros_ur_driver/install/ur_dashboard_msgs/include/ur_dashboard_msgs/ur_dashboard_msgs/srv/detail/is_program_running__rosidl_typesupport_introspection_c.h
[3.565s] -- Up-to-date: /home/sebas/workspace/ros_ur_driver/install/ur_dashboard_msgs/include/ur_dashboard_msgs/ur_dashboard_msgs/srv/detail/raw_request__rosidl_typesupport_introspection_c.h
[3.565s] -- Up-to-date: /home/sebas/workspace/ros_ur_driver/install/ur_dashboard_msgs/include/ur_dashboard_msgs/ur_dashboard_msgs/srv/detail/get_loaded_program__type_support.c
[3.565s] -- Up-to-date: /home/sebas/workspace/ros_ur_driver/install/ur_dashboard_msgs/include/ur_dashboard_msgs/ur_dashboard_msgs/srv/detail/is_program_running__type_support.c
[3.565s] -- Up-to-date: /home/sebas/workspace/ros_ur_driver/install/ur_dashboard_msgs/include/ur_dashboard_msgs/ur_dashboard_msgs/srv/detail/get_robot_mode__type_support.c
[3.565s] -- Up-to-date: /home/sebas/workspace/ros_ur_driver/install/ur_dashboard_msgs/include/ur_dashboard_msgs/ur_dashboard_msgs/srv/detail/get_program_state__type_support.c
[3.565s] -- Up-to-date: /home/sebas/workspace/ros_ur_driver/install/ur_dashboard_msgs/include/ur_dashboard_msgs/ur_dashboard_msgs/srv/detail/load__rosidl_typesupport_introspection_c.h
[3.566s] -- Up-to-date: /home/sebas/workspace/ros_ur_driver/install/ur_dashboard_msgs/include/ur_dashboard_msgs/ur_dashboard_msgs/srv/detail/raw_request__type_support.c
[3.566s] -- Up-to-date: /home/sebas/workspace/ros_ur_driver/install/ur_dashboard_msgs/include/ur_dashboard_msgs/ur_dashboard_msgs/srv/detail/get_loaded_program__rosidl_typesupport_introspection_c.h
[3.566s] -- Up-to-date: /home/sebas/workspace/ros_ur_driver/install/ur_dashboard_msgs/include/ur_dashboard_msgs/ur_dashboard_msgs/srv/detail/get_robot_mode__rosidl_typesupport_introspection_c.h
[3.566s] -- Up-to-date: /home/sebas/workspace/ros_ur_driver/install/ur_dashboard_msgs/include/ur_dashboard_msgs/ur_dashboard_msgs/srv/detail/is_program_saved__type_support.c
[3.566s] -- Up-to-date: /home/sebas/workspace/ros_ur_driver/install/ur_dashboard_msgs/include/ur_dashboard_msgs/ur_dashboard_msgs/srv/detail/is_program_saved__rosidl_typesupport_introspection_c.h
[3.566s] -- Up-to-date: /home/sebas/workspace/ros_ur_driver/install/ur_dashboard_msgs/include/ur_dashboard_msgs/ur_dashboard_msgs/srv/detail/add_to_log__type_support.c
[3.566s] -- Up-to-date: /home/sebas/workspace/ros_ur_driver/install/ur_dashboard_msgs/include/ur_dashboard_msgs/ur_dashboard_msgs/srv/detail/get_program_state__rosidl_typesupport_introspection_c.h
[3.566s] -- Up-to-date: /home/sebas/workspace/ros_ur_driver/install/ur_dashboard_msgs/include/ur_dashboard_msgs/ur_dashboard_msgs/srv/detail/load__type_support.c
[3.566s] -- Up-to-date: /home/sebas/workspace/ros_ur_driver/install/ur_dashboard_msgs/include/ur_dashboard_msgs/ur_dashboard_msgs/srv/detail/popup__type_support.c
[3.566s] -- Up-to-date: /home/sebas/workspace/ros_ur_driver/install/ur_dashboard_msgs/include/ur_dashboard_msgs/ur_dashboard_msgs/srv/detail/popup__rosidl_typesupport_introspection_c.h
[3.566s] -- Up-to-date: /home/sebas/workspace/ros_ur_driver/install/ur_dashboard_msgs/include/ur_dashboard_msgs/ur_dashboard_msgs/action
[3.566s] -- Up-to-date: /home/sebas/workspace/ros_ur_driver/install/ur_dashboard_msgs/include/ur_dashboard_msgs/ur_dashboard_msgs/action/detail
[3.566s] -- Up-to-date: /home/sebas/workspace/ros_ur_driver/install/ur_dashboard_msgs/include/ur_dashboard_msgs/ur_dashboard_msgs/action/detail/set_mode__type_support.c
[3.567s] -- Up-to-date: /home/sebas/workspace/ros_ur_driver/install/ur_dashboard_msgs/include/ur_dashboard_msgs/ur_dashboard_msgs/action/detail/set_mode__rosidl_typesupport_introspection_c.h
[3.567s] -- Up-to-date: /home/sebas/workspace/ros_ur_driver/install/ur_dashboard_msgs/include/ur_dashboard_msgs/ur_dashboard_msgs/msg
[3.567s] -- Up-to-date: /home/sebas/workspace/ros_ur_driver/install/ur_dashboard_msgs/include/ur_dashboard_msgs/ur_dashboard_msgs/msg/detail
[3.567s] -- Up-to-date: /home/sebas/workspace/ros_ur_driver/install/ur_dashboard_msgs/include/ur_dashboard_msgs/ur_dashboard_msgs/msg/detail/safety_mode__rosidl_typesupport_introspection_c.h
[3.567s] -- Up-to-date: /home/sebas/workspace/ros_ur_driver/install/ur_dashboard_msgs/include/ur_dashboard_msgs/ur_dashboard_msgs/msg/detail/program_state__type_support.c
[3.567s] -- Up-to-date: /home/sebas/workspace/ros_ur_driver/install/ur_dashboard_msgs/include/ur_dashboard_msgs/ur_dashboard_msgs/msg/detail/robot_mode__rosidl_typesupport_introspection_c.h
[3.567s] -- Up-to-date: /home/sebas/workspace/ros_ur_driver/install/ur_dashboard_msgs/include/ur_dashboard_msgs/ur_dashboard_msgs/msg/detail/robot_mode__type_support.c
[3.567s] -- Up-to-date: /home/sebas/workspace/ros_ur_driver/install/ur_dashboard_msgs/include/ur_dashboard_msgs/ur_dashboard_msgs/msg/detail/safety_mode__type_support.c
[3.567s] -- Up-to-date: /home/sebas/workspace/ros_ur_driver/install/ur_dashboard_msgs/include/ur_dashboard_msgs/ur_dashboard_msgs/msg/detail/program_state__rosidl_typesupport_introspection_c.h
[3.567s] -- Up-to-date: /home/sebas/workspace/ros_ur_driver/install/ur_dashboard_msgs/include/ur_dashboard_msgs/ur_dashboard_msgs/msg/rosidl_typesupport_introspection_c__visibility_control.h
[3.567s] -- Up-to-date: /home/sebas/workspace/ros_ur_driver/install/ur_dashboard_msgs/lib/libur_dashboard_msgs__rosidl_typesupport_introspection_c.so
[3.567s] -- Up-to-date: /home/sebas/workspace/ros_ur_driver/install/ur_dashboard_msgs/lib/libur_dashboard_msgs__rosidl_typesupport_c.so
[3.567s] -- Up-to-date: /home/sebas/workspace/ros_ur_driver/install/ur_dashboard_msgs/include/ur_dashboard_msgs/ur_dashboard_msgs
[3.567s] -- Up-to-date: /home/sebas/workspace/ros_ur_driver/install/ur_dashboard_msgs/include/ur_dashboard_msgs/ur_dashboard_msgs/srv
[3.567s] -- Up-to-date: /home/sebas/workspace/ros_ur_driver/install/ur_dashboard_msgs/include/ur_dashboard_msgs/ur_dashboard_msgs/srv/is_program_saved.hpp
[3.568s] -- Up-to-date: /home/sebas/workspace/ros_ur_driver/install/ur_dashboard_msgs/include/ur_dashboard_msgs/ur_dashboard_msgs/srv/get_robot_mode.hpp
[3.568s] -- Up-to-date: /home/sebas/workspace/ros_ur_driver/install/ur_dashboard_msgs/include/ur_dashboard_msgs/ur_dashboard_msgs/srv/is_program_running.hpp
[3.568s] -- Up-to-date: /home/sebas/workspace/ros_ur_driver/install/ur_dashboard_msgs/include/ur_dashboard_msgs/ur_dashboard_msgs/srv/raw_request.hpp
[3.568s] -- Up-to-date: /home/sebas/workspace/ros_ur_driver/install/ur_dashboard_msgs/include/ur_dashboard_msgs/ur_dashboard_msgs/srv/get_program_state.hpp
[3.568s] -- Up-to-date: /home/sebas/workspace/ros_ur_driver/install/ur_dashboard_msgs/include/ur_dashboard_msgs/ur_dashboard_msgs/srv/add_to_log.hpp
[3.568s] -- Up-to-date: /home/sebas/workspace/ros_ur_driver/install/ur_dashboard_msgs/include/ur_dashboard_msgs/ur_dashboard_msgs/srv/load.hpp
[3.568s] -- Up-to-date: /home/sebas/workspace/ros_ur_driver/install/ur_dashboard_msgs/include/ur_dashboard_msgs/ur_dashboard_msgs/srv/get_loaded_program.hpp
[3.568s] -- Up-to-date: /home/sebas/workspace/ros_ur_driver/install/ur_dashboard_msgs/include/ur_dashboard_msgs/ur_dashboard_msgs/srv/detail
[3.568s] -- Up-to-date: /home/sebas/workspace/ros_ur_driver/install/ur_dashboard_msgs/include/ur_dashboard_msgs/ur_dashboard_msgs/srv/detail/is_program_saved__struct.hpp
[3.568s] -- Up-to-date: /home/sebas/workspace/ros_ur_driver/install/ur_dashboard_msgs/include/ur_dashboard_msgs/ur_dashboard_msgs/srv/detail/load__traits.hpp
[3.568s] -- Up-to-date: /home/sebas/workspace/ros_ur_driver/install/ur_dashboard_msgs/include/ur_dashboard_msgs/ur_dashboard_msgs/srv/detail/add_to_log__builder.hpp
[3.568s] -- Up-to-date: /home/sebas/workspace/ros_ur_driver/install/ur_dashboard_msgs/include/ur_dashboard_msgs/ur_dashboard_msgs/srv/detail/get_safety_mode__traits.hpp
[3.568s] -- Up-to-date: /home/sebas/workspace/ros_ur_driver/install/ur_dashboard_msgs/include/ur_dashboard_msgs/ur_dashboard_msgs/srv/detail/raw_request__traits.hpp
[3.568s] -- Up-to-date: /home/sebas/workspace/ros_ur_driver/install/ur_dashboard_msgs/include/ur_dashboard_msgs/ur_dashboard_msgs/srv/detail/get_robot_mode__struct.hpp
[3.569s] -- Up-to-date: /home/sebas/workspace/ros_ur_driver/install/ur_dashboard_msgs/include/ur_dashboard_msgs/ur_dashboard_msgs/srv/detail/get_robot_mode__traits.hpp
[3.569s] -- Up-to-date: /home/sebas/workspace/ros_ur_driver/install/ur_dashboard_msgs/include/ur_dashboard_msgs/ur_dashboard_msgs/srv/detail/get_loaded_program__traits.hpp
[3.569s] -- Up-to-date: /home/sebas/workspace/ros_ur_driver/install/ur_dashboard_msgs/include/ur_dashboard_msgs/ur_dashboard_msgs/srv/detail/add_to_log__struct.hpp
[3.569s] -- Up-to-date: /home/sebas/workspace/ros_ur_driver/install/ur_dashboard_msgs/include/ur_dashboard_msgs/ur_dashboard_msgs/srv/detail/get_program_state__traits.hpp
[3.569s] -- Up-to-date: /home/sebas/workspace/ros_ur_driver/install/ur_dashboard_msgs/include/ur_dashboard_msgs/ur_dashboard_msgs/srv/detail/is_program_saved__traits.hpp
[3.569s] -- Up-to-date: /home/sebas/workspace/ros_ur_driver/install/ur_dashboard_msgs/include/ur_dashboard_msgs/ur_dashboard_msgs/srv/detail/raw_request__builder.hpp
[3.569s] -- Up-to-date: /home/sebas/workspace/ros_ur_driver/install/ur_dashboard_msgs/include/ur_dashboard_msgs/ur_dashboard_msgs/srv/detail/is_program_saved__builder.hpp
[3.569s] -- Up-to-date: /home/sebas/workspace/ros_ur_driver/install/ur_dashboard_msgs/include/ur_dashboard_msgs/ur_dashboard_msgs/srv/detail/load__struct.hpp
[3.569s] -- Up-to-date: /home/sebas/workspace/ros_ur_driver/install/ur_dashboard_msgs/include/ur_dashboard_msgs/ur_dashboard_msgs/srv/detail/popup__builder.hpp
[3.569s] -- Up-to-date: /home/sebas/workspace/ros_ur_driver/install/ur_dashboard_msgs/include/ur_dashboard_msgs/ur_dashboard_msgs/srv/detail/get_loaded_program__builder.hpp
[3.569s] -- Up-to-date: /home/sebas/workspace/ros_ur_driver/install/ur_dashboard_msgs/include/ur_dashboard_msgs/ur_dashboard_msgs/srv/detail/popup__traits.hpp
[3.569s] -- Up-to-date: /home/sebas/workspace/ros_ur_driver/install/ur_dashboard_msgs/include/ur_dashboard_msgs/ur_dashboard_msgs/srv/detail/get_safety_mode__struct.hpp
[3.569s] -- Up-to-date: /home/sebas/workspace/ros_ur_driver/install/ur_dashboard_msgs/include/ur_dashboard_msgs/ur_dashboard_msgs/srv/detail/is_program_running__traits.hpp
[3.569s] -- Up-to-date: /home/sebas/workspace/ros_ur_driver/install/ur_dashboard_msgs/include/ur_dashboard_msgs/ur_dashboard_msgs/srv/detail/get_safety_mode__builder.hpp
[3.569s] -- Up-to-date: /home/sebas/workspace/ros_ur_driver/install/ur_dashboard_msgs/include/ur_dashboard_msgs/ur_dashboard_msgs/srv/detail/is_program_running__builder.hpp
[3.570s] -- Up-to-date: /home/sebas/workspace/ros_ur_driver/install/ur_dashboard_msgs/include/ur_dashboard_msgs/ur_dashboard_msgs/srv/detail/is_program_running__struct.hpp
[3.570s] -- Up-to-date: /home/sebas/workspace/ros_ur_driver/install/ur_dashboard_msgs/include/ur_dashboard_msgs/ur_dashboard_msgs/srv/detail/get_loaded_program__struct.hpp
[3.570s] -- Up-to-date: /home/sebas/workspace/ros_ur_driver/install/ur_dashboard_msgs/include/ur_dashboard_msgs/ur_dashboard_msgs/srv/detail/get_robot_mode__builder.hpp
[3.570s] -- Up-to-date: /home/sebas/workspace/ros_ur_driver/install/ur_dashboard_msgs/include/ur_dashboard_msgs/ur_dashboard_msgs/srv/detail/popup__struct.hpp
[3.570s] -- Up-to-date: /home/sebas/workspace/ros_ur_driver/install/ur_dashboard_msgs/include/ur_dashboard_msgs/ur_dashboard_msgs/srv/detail/get_program_state__struct.hpp
[3.570s] -- Up-to-date: /home/sebas/workspace/ros_ur_driver/install/ur_dashboard_msgs/include/ur_dashboard_msgs/ur_dashboard_msgs/srv/detail/add_to_log__traits.hpp
[3.570s] -- Up-to-date: /home/sebas/workspace/ros_ur_driver/install/ur_dashboard_msgs/include/ur_dashboard_msgs/ur_dashboard_msgs/srv/detail/load__builder.hpp
[3.570s] -- Up-to-date: /home/sebas/workspace/ros_ur_driver/install/ur_dashboard_msgs/include/ur_dashboard_msgs/ur_dashboard_msgs/srv/detail/get_program_state__builder.hpp
[3.570s] -- Up-to-date: /home/sebas/workspace/ros_ur_driver/install/ur_dashboard_msgs/include/ur_dashboard_msgs/ur_dashboard_msgs/srv/detail/raw_request__struct.hpp
[3.570s] -- Up-to-date: /home/sebas/workspace/ros_ur_driver/install/ur_dashboard_msgs/include/ur_dashboard_msgs/ur_dashboard_msgs/srv/popup.hpp
[3.570s] -- Up-to-date: /home/sebas/workspace/ros_ur_driver/install/ur_dashboard_msgs/include/ur_dashboard_msgs/ur_dashboard_msgs/srv/get_safety_mode.hpp
[3.570s] -- Up-to-date: /home/sebas/workspace/ros_ur_driver/install/ur_dashboard_msgs/include/ur_dashboard_msgs/ur_dashboard_msgs/action
[3.570s] -- Up-to-date: /home/sebas/workspace/ros_ur_driver/install/ur_dashboard_msgs/include/ur_dashboard_msgs/ur_dashboard_msgs/action/set_mode.hpp
[3.571s] -- Up-to-date: /home/sebas/workspace/ros_ur_driver/install/ur_dashboard_msgs/include/ur_dashboard_msgs/ur_dashboard_msgs/action/detail
[3.571s] -- Up-to-date: /home/sebas/workspace/ros_ur_driver/install/ur_dashboard_msgs/include/ur_dashboard_msgs/ur_dashboard_msgs/action/detail/set_mode__struct.hpp
[3.571s] -- Up-to-date: /home/sebas/workspace/ros_ur_driver/install/ur_dashboard_msgs/include/ur_dashboard_msgs/ur_dashboard_msgs/action/detail/set_mode__builder.hpp
[3.571s] -- Up-to-date: /home/sebas/workspace/ros_ur_driver/install/ur_dashboard_msgs/include/ur_dashboard_msgs/ur_dashboard_msgs/action/detail/set_mode__traits.hpp
[3.571s] -- Up-to-date: /home/sebas/workspace/ros_ur_driver/install/ur_dashboard_msgs/include/ur_dashboard_msgs/ur_dashboard_msgs/msg
[3.571s] -- Up-to-date: /home/sebas/workspace/ros_ur_driver/install/ur_dashboard_msgs/include/ur_dashboard_msgs/ur_dashboard_msgs/msg/safety_mode.hpp
[3.571s] -- Up-to-date: /home/sebas/workspace/ros_ur_driver/install/ur_dashboard_msgs/include/ur_dashboard_msgs/ur_dashboard_msgs/msg/robot_mode.hpp
[3.571s] -- Up-to-date: /home/sebas/workspace/ros_ur_driver/install/ur_dashboard_msgs/include/ur_dashboard_msgs/ur_dashboard_msgs/msg/detail
[3.571s] -- Up-to-date: /home/sebas/workspace/ros_ur_driver/install/ur_dashboard_msgs/include/ur_dashboard_msgs/ur_dashboard_msgs/msg/detail/robot_mode__traits.hpp
[3.571s] -- Up-to-date: /home/sebas/workspace/ros_ur_driver/install/ur_dashboard_msgs/include/ur_dashboard_msgs/ur_dashboard_msgs/msg/detail/program_state__struct.hpp
[3.571s] -- Up-to-date: /home/sebas/workspace/ros_ur_driver/install/ur_dashboard_msgs/include/ur_dashboard_msgs/ur_dashboard_msgs/msg/detail/robot_mode__builder.hpp
[3.571s] -- Up-to-date: /home/sebas/workspace/ros_ur_driver/install/ur_dashboard_msgs/include/ur_dashboard_msgs/ur_dashboard_msgs/msg/detail/safety_mode__builder.hpp
[3.571s] -- Up-to-date: /home/sebas/workspace/ros_ur_driver/install/ur_dashboard_msgs/include/ur_dashboard_msgs/ur_dashboard_msgs/msg/detail/safety_mode__struct.hpp
[3.571s] -- Up-to-date: /home/sebas/workspace/ros_ur_driver/install/ur_dashboard_msgs/include/ur_dashboard_msgs/ur_dashboard_msgs/msg/detail/safety_mode__traits.hpp
[3.572s] -- Up-to-date: /home/sebas/workspace/ros_ur_driver/install/ur_dashboard_msgs/include/ur_dashboard_msgs/ur_dashboard_msgs/msg/detail/program_state__builder.hpp
[3.572s] -- Up-to-date: /home/sebas/workspace/ros_ur_driver/install/ur_dashboard_msgs/include/ur_dashboard_msgs/ur_dashboard_msgs/msg/detail/robot_mode__struct.hpp
[3.572s] -- Up-to-date: /home/sebas/workspace/ros_ur_driver/install/ur_dashboard_msgs/include/ur_dashboard_msgs/ur_dashboard_msgs/msg/detail/program_state__traits.hpp
[3.572s] -- Up-to-date: /home/sebas/workspace/ros_ur_driver/install/ur_dashboard_msgs/include/ur_dashboard_msgs/ur_dashboard_msgs/msg/program_state.hpp
[3.572s] -- Up-to-date: /home/sebas/workspace/ros_ur_driver/install/ur_dashboard_msgs/include/ur_dashboard_msgs/ur_dashboard_msgs
[3.572s] -- Up-to-date: /home/sebas/workspace/ros_ur_driver/install/ur_dashboard_msgs/include/ur_dashboard_msgs/ur_dashboard_msgs/srv
[3.572s] -- Up-to-date: /home/sebas/workspace/ros_ur_driver/install/ur_dashboard_msgs/include/ur_dashboard_msgs/ur_dashboard_msgs/srv/detail
[3.572s] -- Up-to-date: /home/sebas/workspace/ros_ur_driver/install/ur_dashboard_msgs/include/ur_dashboard_msgs/ur_dashboard_msgs/srv/detail/raw_request__rosidl_typesupport_fastrtps_cpp.hpp
[3.572s] -- Up-to-date: /home/sebas/workspace/ros_ur_driver/install/ur_dashboard_msgs/include/ur_dashboard_msgs/ur_dashboard_msgs/srv/detail/load__rosidl_typesupport_fastrtps_cpp.hpp
[3.572s] -- Up-to-date: /home/sebas/workspace/ros_ur_driver/install/ur_dashboard_msgs/include/ur_dashboard_msgs/ur_dashboard_msgs/srv/detail/add_to_log__rosidl_typesupport_fastrtps_cpp.hpp
[3.572s] -- Up-to-date: /home/sebas/workspace/ros_ur_driver/install/ur_dashboard_msgs/include/ur_dashboard_msgs/ur_dashboard_msgs/srv/detail/get_loaded_program__rosidl_typesupport_fastrtps_cpp.hpp
[3.572s] -- Up-to-date: /home/sebas/workspace/ros_ur_driver/install/ur_dashboard_msgs/include/ur_dashboard_msgs/ur_dashboard_msgs/srv/detail/get_safety_mode__rosidl_typesupport_fastrtps_cpp.hpp
[3.572s] -- Up-to-date: /home/sebas/workspace/ros_ur_driver/install/ur_dashboard_msgs/include/ur_dashboard_msgs/ur_dashboard_msgs/srv/detail/is_program_saved__rosidl_typesupport_fastrtps_cpp.hpp
[3.572s] -- Up-to-date: /home/sebas/workspace/ros_ur_driver/install/ur_dashboard_msgs/include/ur_dashboard_msgs/ur_dashboard_msgs/srv/detail/popup__rosidl_typesupport_fastrtps_cpp.hpp
[3.572s] -- Up-to-date: /home/sebas/workspace/ros_ur_driver/install/ur_dashboard_msgs/include/ur_dashboard_msgs/ur_dashboard_msgs/srv/detail/get_program_state__rosidl_typesupport_fastrtps_cpp.hpp
[3.573s] -- Up-to-date: /home/sebas/workspace/ros_ur_driver/install/ur_dashboard_msgs/include/ur_dashboard_msgs/ur_dashboard_msgs/srv/detail/is_program_running__rosidl_typesupport_fastrtps_cpp.hpp
[3.573s] -- Up-to-date: /home/sebas/workspace/ros_ur_driver/install/ur_dashboard_msgs/include/ur_dashboard_msgs/ur_dashboard_msgs/srv/detail/get_robot_mode__rosidl_typesupport_fastrtps_cpp.hpp
[3.573s] -- Up-to-date: /home/sebas/workspace/ros_ur_driver/install/ur_dashboard_msgs/include/ur_dashboard_msgs/ur_dashboard_msgs/srv/detail/dds_fastrtps
[3.573s] -- Up-to-date: /home/sebas/workspace/ros_ur_driver/install/ur_dashboard_msgs/include/ur_dashboard_msgs/ur_dashboard_msgs/action
[3.573s] -- Up-to-date: /home/sebas/workspace/ros_ur_driver/install/ur_dashboard_msgs/include/ur_dashboard_msgs/ur_dashboard_msgs/action/detail
[3.573s] -- Up-to-date: /home/sebas/workspace/ros_ur_driver/install/ur_dashboard_msgs/include/ur_dashboard_msgs/ur_dashboard_msgs/action/detail/set_mode__rosidl_typesupport_fastrtps_cpp.hpp
[3.573s] -- Up-to-date: /home/sebas/workspace/ros_ur_driver/install/ur_dashboard_msgs/include/ur_dashboard_msgs/ur_dashboard_msgs/action/detail/dds_fastrtps
[3.573s] -- Up-to-date: /home/sebas/workspace/ros_ur_driver/install/ur_dashboard_msgs/include/ur_dashboard_msgs/ur_dashboard_msgs/msg
[3.573s] -- Up-to-date: /home/sebas/workspace/ros_ur_driver/install/ur_dashboard_msgs/include/ur_dashboard_msgs/ur_dashboard_msgs/msg/rosidl_typesupport_fastrtps_cpp__visibility_control.h
[3.573s] -- Up-to-date: /home/sebas/workspace/ros_ur_driver/install/ur_dashboard_msgs/include/ur_dashboard_msgs/ur_dashboard_msgs/msg/detail
[3.573s] -- Up-to-date: /home/sebas/workspace/ros_ur_driver/install/ur_dashboard_msgs/include/ur_dashboard_msgs/ur_dashboard_msgs/msg/detail/program_state__rosidl_typesupport_fastrtps_cpp.hpp
[3.573s] -- Up-to-date: /home/sebas/workspace/ros_ur_driver/install/ur_dashboard_msgs/include/ur_dashboard_msgs/ur_dashboard_msgs/msg/detail/robot_mode__rosidl_typesupport_fastrtps_cpp.hpp
[3.573s] -- Up-to-date: /home/sebas/workspace/ros_ur_driver/install/ur_dashboard_msgs/include/ur_dashboard_msgs/ur_dashboard_msgs/msg/detail/safety_mode__rosidl_typesupport_fastrtps_cpp.hpp
[3.573s] -- Up-to-date: /home/sebas/workspace/ros_ur_driver/install/ur_dashboard_msgs/include/ur_dashboard_msgs/ur_dashboard_msgs/msg/detail/dds_fastrtps
[3.573s] -- Up-to-date: /home/sebas/workspace/ros_ur_driver/install/ur_dashboard_msgs/lib/libur_dashboard_msgs__rosidl_typesupport_fastrtps_cpp.so
[3.574s] -- Up-to-date: /home/sebas/workspace/ros_ur_driver/install/ur_dashboard_msgs/include/ur_dashboard_msgs/ur_dashboard_msgs
[3.574s] -- Up-to-date: /home/sebas/workspace/ros_ur_driver/install/ur_dashboard_msgs/include/ur_dashboard_msgs/ur_dashboard_msgs/srv
[3.574s] -- Up-to-date: /home/sebas/workspace/ros_ur_driver/install/ur_dashboard_msgs/include/ur_dashboard_msgs/ur_dashboard_msgs/srv/detail
[3.574s] -- Up-to-date: /home/sebas/workspace/ros_ur_driver/install/ur_dashboard_msgs/include/ur_dashboard_msgs/ur_dashboard_msgs/srv/detail/load__type_support.cpp
[3.574s] -- Up-to-date: /home/sebas/workspace/ros_ur_driver/install/ur_dashboard_msgs/include/ur_dashboard_msgs/ur_dashboard_msgs/srv/detail/is_program_saved__type_support.cpp
[3.574s] -- Up-to-date: /home/sebas/workspace/ros_ur_driver/install/ur_dashboard_msgs/include/ur_dashboard_msgs/ur_dashboard_msgs/srv/detail/get_loaded_program__rosidl_typesupport_introspection_cpp.hpp
[3.574s] -- Up-to-date: /home/sebas/workspace/ros_ur_driver/install/ur_dashboard_msgs/include/ur_dashboard_msgs/ur_dashboard_msgs/srv/detail/is_program_running__rosidl_typesupport_introspection_cpp.hpp
[3.574s] -- Up-to-date: /home/sebas/workspace/ros_ur_driver/install/ur_dashboard_msgs/include/ur_dashboard_msgs/ur_dashboard_msgs/srv/detail/raw_request__type_support.cpp
[3.574s] -- Up-to-date: /home/sebas/workspace/ros_ur_driver/install/ur_dashboard_msgs/include/ur_dashboard_msgs/ur_dashboard_msgs/srv/detail/popup__type_support.cpp
[3.574s] -- Up-to-date: /home/sebas/workspace/ros_ur_driver/install/ur_dashboard_msgs/include/ur_dashboard_msgs/ur_dashboard_msgs/srv/detail/raw_request__rosidl_typesupport_introspection_cpp.hpp
[3.574s] -- Up-to-date: /home/sebas/workspace/ros_ur_driver/install/ur_dashboard_msgs/include/ur_dashboard_msgs/ur_dashboard_msgs/srv/detail/load__rosidl_typesupport_introspection_cpp.hpp
[3.574s] -- Up-to-date: /home/sebas/workspace/ros_ur_driver/install/ur_dashboard_msgs/include/ur_dashboard_msgs/ur_dashboard_msgs/srv/detail/add_to_log__rosidl_typesupport_introspection_cpp.hpp
[3.574s] -- Up-to-date: /home/sebas/workspace/ros_ur_driver/install/ur_dashboard_msgs/include/ur_dashboard_msgs/ur_dashboard_msgs/srv/detail/is_program_saved__rosidl_typesupport_introspection_cpp.hpp
[3.574s] -- Up-to-date: /home/sebas/workspace/ros_ur_driver/install/ur_dashboard_msgs/include/ur_dashboard_msgs/ur_dashboard_msgs/srv/detail/get_program_state__rosidl_typesupport_introspection_cpp.hpp
[3.575s] -- Up-to-date: /home/sebas/workspace/ros_ur_driver/install/ur_dashboard_msgs/include/ur_dashboard_msgs/ur_dashboard_msgs/srv/detail/get_safety_mode__rosidl_typesupport_introspection_cpp.hpp
[3.575s] -- Up-to-date: /home/sebas/workspace/ros_ur_driver/install/ur_dashboard_msgs/include/ur_dashboard_msgs/ur_dashboard_msgs/srv/detail/get_loaded_program__type_support.cpp
[3.575s] -- Up-to-date: /home/sebas/workspace/ros_ur_driver/install/ur_dashboard_msgs/include/ur_dashboard_msgs/ur_dashboard_msgs/srv/detail/get_robot_mode__rosidl_typesupport_introspection_cpp.hpp
[3.575s] -- Up-to-date: /home/sebas/workspace/ros_ur_driver/install/ur_dashboard_msgs/include/ur_dashboard_msgs/ur_dashboard_msgs/srv/detail/get_safety_mode__type_support.cpp
[3.575s] -- Up-to-date: /home/sebas/workspace/ros_ur_driver/install/ur_dashboard_msgs/include/ur_dashboard_msgs/ur_dashboard_msgs/srv/detail/get_program_state__type_support.cpp
[3.575s] -- Up-to-date: /home/sebas/workspace/ros_ur_driver/install/ur_dashboard_msgs/include/ur_dashboard_msgs/ur_dashboard_msgs/srv/detail/add_to_log__type_support.cpp
[3.575s] -- Up-to-date: /home/sebas/workspace/ros_ur_driver/install/ur_dashboard_msgs/include/ur_dashboard_msgs/ur_dashboard_msgs/srv/detail/get_robot_mode__type_support.cpp
[3.575s] -- Up-to-date: /home/sebas/workspace/ros_ur_driver/install/ur_dashboard_msgs/include/ur_dashboard_msgs/ur_dashboard_msgs/srv/detail/is_program_running__type_support.cpp
[3.575s] -- Up-to-date: /home/sebas/workspace/ros_ur_driver/install/ur_dashboard_msgs/include/ur_dashboard_msgs/ur_dashboard_msgs/srv/detail/popup__rosidl_typesupport_introspection_cpp.hpp
[3.575s] -- Up-to-date: /home/sebas/workspace/ros_ur_driver/install/ur_dashboard_msgs/include/ur_dashboard_msgs/ur_dashboard_msgs/action
[3.575s] -- Up-to-date: /home/sebas/workspace/ros_ur_driver/install/ur_dashboard_msgs/include/ur_dashboard_msgs/ur_dashboard_msgs/action/detail
[3.575s] -- Up-to-date: /home/sebas/workspace/ros_ur_driver/install/ur_dashboard_msgs/include/ur_dashboard_msgs/ur_dashboard_msgs/action/detail/set_mode__rosidl_typesupport_introspection_cpp.hpp
[3.575s] -- Up-to-date: /home/sebas/workspace/ros_ur_driver/install/ur_dashboard_msgs/include/ur_dashboard_msgs/ur_dashboard_msgs/action/detail/set_mode__type_support.cpp
[3.575s] -- Up-to-date: /home/sebas/workspace/ros_ur_driver/install/ur_dashboard_msgs/include/ur_dashboard_msgs/ur_dashboard_msgs/msg
[3.576s] -- Up-to-date: /home/sebas/workspace/ros_ur_driver/install/ur_dashboard_msgs/include/ur_dashboard_msgs/ur_dashboard_msgs/msg/detail
[3.576s] -- Up-to-date: /home/sebas/workspace/ros_ur_driver/install/ur_dashboard_msgs/include/ur_dashboard_msgs/ur_dashboard_msgs/msg/detail/program_state__type_support.cpp
[3.576s] -- Up-to-date: /home/sebas/workspace/ros_ur_driver/install/ur_dashboard_msgs/include/ur_dashboard_msgs/ur_dashboard_msgs/msg/detail/robot_mode__type_support.cpp
[3.576s] -- Up-to-date: /home/sebas/workspace/ros_ur_driver/install/ur_dashboard_msgs/include/ur_dashboard_msgs/ur_dashboard_msgs/msg/detail/safety_mode__rosidl_typesupport_introspection_cpp.hpp
[3.576s] -- Up-to-date: /home/sebas/workspace/ros_ur_driver/install/ur_dashboard_msgs/include/ur_dashboard_msgs/ur_dashboard_msgs/msg/detail/safety_mode__type_support.cpp
[3.576s] -- Up-to-date: /home/sebas/workspace/ros_ur_driver/install/ur_dashboard_msgs/include/ur_dashboard_msgs/ur_dashboard_msgs/msg/detail/program_state__rosidl_typesupport_introspection_cpp.hpp
[3.576s] -- Up-to-date: /home/sebas/workspace/ros_ur_driver/install/ur_dashboard_msgs/include/ur_dashboard_msgs/ur_dashboard_msgs/msg/detail/robot_mode__rosidl_typesupport_introspection_cpp.hpp
[3.576s] -- Up-to-date: /home/sebas/workspace/ros_ur_driver/install/ur_dashboard_msgs/lib/libur_dashboard_msgs__rosidl_typesupport_introspection_cpp.so
[3.576s] -- Up-to-date: /home/sebas/workspace/ros_ur_driver/install/ur_dashboard_msgs/lib/libur_dashboard_msgs__rosidl_typesupport_cpp.so
[3.576s] -- Up-to-date: /home/sebas/workspace/ros_ur_driver/install/ur_dashboard_msgs/share/ur_dashboard_msgs/environment/pythonpath.sh
[3.576s] -- Up-to-date: /home/sebas/workspace/ros_ur_driver/install/ur_dashboard_msgs/share/ur_dashboard_msgs/environment/pythonpath.dsv
[3.576s] -- Up-to-date: /home/sebas/workspace/ros_ur_driver/install/ur_dashboard_msgs/local/lib/python3.10/dist-packages/ur_dashboard_msgs-2.2.16-py3.10.egg-info
[3.576s] -- Installing: /home/sebas/workspace/ros_ur_driver/install/ur_dashboard_msgs/local/lib/python3.10/dist-packages/ur_dashboard_msgs-2.2.16-py3.10.egg-info/top_level.txt
[3.576s] -- Installing: /home/sebas/workspace/ros_ur_driver/install/ur_dashboard_msgs/local/lib/python3.10/dist-packages/ur_dashboard_msgs-2.2.16-py3.10.egg-info/dependency_links.txt
[3.577s] -- Installing: /home/sebas/workspace/ros_ur_driver/install/ur_dashboard_msgs/local/lib/python3.10/dist-packages/ur_dashboard_msgs-2.2.16-py3.10.egg-info/SOURCES.txt
[3.577s] -- Installing: /home/sebas/workspace/ros_ur_driver/install/ur_dashboard_msgs/local/lib/python3.10/dist-packages/ur_dashboard_msgs-2.2.16-py3.10.egg-info/PKG-INFO
[3.577s] -- Up-to-date: /home/sebas/workspace/ros_ur_driver/install/ur_dashboard_msgs/local/lib/python3.10/dist-packages/ur_dashboard_msgs
[3.577s] -- Up-to-date: /home/sebas/workspace/ros_ur_driver/install/ur_dashboard_msgs/local/lib/python3.10/dist-packages/ur_dashboard_msgs/srv
[3.577s] -- Up-to-date: /home/sebas/workspace/ros_ur_driver/install/ur_dashboard_msgs/local/lib/python3.10/dist-packages/ur_dashboard_msgs/srv/_popup.py
[3.577s] -- Up-to-date: /home/sebas/workspace/ros_ur_driver/install/ur_dashboard_msgs/local/lib/python3.10/dist-packages/ur_dashboard_msgs/srv/_raw_request_s.c
[3.577s] -- Up-to-date: /home/sebas/workspace/ros_ur_driver/install/ur_dashboard_msgs/local/lib/python3.10/dist-packages/ur_dashboard_msgs/srv/_get_robot_mode.py
[3.577s] -- Up-to-date: /home/sebas/workspace/ros_ur_driver/install/ur_dashboard_msgs/local/lib/python3.10/dist-packages/ur_dashboard_msgs/srv/_get_program_state.py
[3.577s] -- Up-to-date: /home/sebas/workspace/ros_ur_driver/install/ur_dashboard_msgs/local/lib/python3.10/dist-packages/ur_dashboard_msgs/srv/_is_program_saved_s.c
[3.577s] -- Up-to-date: /home/sebas/workspace/ros_ur_driver/install/ur_dashboard_msgs/local/lib/python3.10/dist-packages/ur_dashboard_msgs/srv/_load.py
[3.577s] -- Up-to-date: /home/sebas/workspace/ros_ur_driver/install/ur_dashboard_msgs/local/lib/python3.10/dist-packages/ur_dashboard_msgs/srv/_get_safety_mode.py
[3.577s] -- Up-to-date: /home/sebas/workspace/ros_ur_driver/install/ur_dashboard_msgs/local/lib/python3.10/dist-packages/ur_dashboard_msgs/srv/_get_program_state_s.c
[3.577s] -- Up-to-date: /home/sebas/workspace/ros_ur_driver/install/ur_dashboard_msgs/local/lib/python3.10/dist-packages/ur_dashboard_msgs/srv/__init__.py
[3.577s] -- Up-to-date: /home/sebas/workspace/ros_ur_driver/install/ur_dashboard_msgs/local/lib/python3.10/dist-packages/ur_dashboard_msgs/srv/_is_program_running.py
[3.577s] -- Up-to-date: /home/sebas/workspace/ros_ur_driver/install/ur_dashboard_msgs/local/lib/python3.10/dist-packages/ur_dashboard_msgs/srv/_add_to_log.py
[3.578s] -- Up-to-date: /home/sebas/workspace/ros_ur_driver/install/ur_dashboard_msgs/local/lib/python3.10/dist-packages/ur_dashboard_msgs/srv/_load_s.c
[3.578s] -- Up-to-date: /home/sebas/workspace/ros_ur_driver/install/ur_dashboard_msgs/local/lib/python3.10/dist-packages/ur_dashboard_msgs/srv/_get_loaded_program_s.c
[3.578s] -- Up-to-date: /home/sebas/workspace/ros_ur_driver/install/ur_dashboard_msgs/local/lib/python3.10/dist-packages/ur_dashboard_msgs/srv/_get_safety_mode_s.c
[3.578s] -- Up-to-date: /home/sebas/workspace/ros_ur_driver/install/ur_dashboard_msgs/local/lib/python3.10/dist-packages/ur_dashboard_msgs/srv/_get_robot_mode_s.c
[3.578s] -- Up-to-date: /home/sebas/workspace/ros_ur_driver/install/ur_dashboard_msgs/local/lib/python3.10/dist-packages/ur_dashboard_msgs/srv/_raw_request.py
[3.578s] -- Up-to-date: /home/sebas/workspace/ros_ur_driver/install/ur_dashboard_msgs/local/lib/python3.10/dist-packages/ur_dashboard_msgs/srv/_add_to_log_s.c
[3.578s] -- Up-to-date: /home/sebas/workspace/ros_ur_driver/install/ur_dashboard_msgs/local/lib/python3.10/dist-packages/ur_dashboard_msgs/srv/_is_program_running_s.c
[3.578s] -- Up-to-date: /home/sebas/workspace/ros_ur_driver/install/ur_dashboard_msgs/local/lib/python3.10/dist-packages/ur_dashboard_msgs/srv/_is_program_saved.py
[3.578s] -- Up-to-date: /home/sebas/workspace/ros_ur_driver/install/ur_dashboard_msgs/local/lib/python3.10/dist-packages/ur_dashboard_msgs/srv/_popup_s.c
[3.578s] -- Up-to-date: /home/sebas/workspace/ros_ur_driver/install/ur_dashboard_msgs/local/lib/python3.10/dist-packages/ur_dashboard_msgs/srv/_get_loaded_program.py
[3.578s] -- Up-to-date: /home/sebas/workspace/ros_ur_driver/install/ur_dashboard_msgs/local/lib/python3.10/dist-packages/ur_dashboard_msgs/_ur_dashboard_msgs_s.ep.rosidl_typesupport_fastrtps_c.c
[3.578s] -- Up-to-date: /home/sebas/workspace/ros_ur_driver/install/ur_dashboard_msgs/local/lib/python3.10/dist-packages/ur_dashboard_msgs/__init__.py
[3.578s] -- Up-to-date: /home/sebas/workspace/ros_ur_driver/install/ur_dashboard_msgs/local/lib/python3.10/dist-packages/ur_dashboard_msgs/ur_dashboard_msgs_s__rosidl_typesupport_c.cpython-310-x86_64-linux-gnu.so
[3.578s] -- Up-to-date: /home/sebas/workspace/ros_ur_driver/install/ur_dashboard_msgs/local/lib/python3.10/dist-packages/ur_dashboard_msgs/action
[3.578s] -- Up-to-date: /home/sebas/workspace/ros_ur_driver/install/ur_dashboard_msgs/local/lib/python3.10/dist-packages/ur_dashboard_msgs/action/_set_mode.py
[3.579s] -- Up-to-date: /home/sebas/workspace/ros_ur_driver/install/ur_dashboard_msgs/local/lib/python3.10/dist-packages/ur_dashboard_msgs/action/__init__.py
[3.579s] -- Up-to-date: /home/sebas/workspace/ros_ur_driver/install/ur_dashboard_msgs/local/lib/python3.10/dist-packages/ur_dashboard_msgs/action/_set_mode_s.c
[3.579s] -- Up-to-date: /home/sebas/workspace/ros_ur_driver/install/ur_dashboard_msgs/local/lib/python3.10/dist-packages/ur_dashboard_msgs/msg
[3.579s] -- Up-to-date: /home/sebas/workspace/ros_ur_driver/install/ur_dashboard_msgs/local/lib/python3.10/dist-packages/ur_dashboard_msgs/msg/__init__.py
[3.579s] -- Up-to-date: /home/sebas/workspace/ros_ur_driver/install/ur_dashboard_msgs/local/lib/python3.10/dist-packages/ur_dashboard_msgs/msg/_program_state_s.c
[3.579s] -- Up-to-date: /home/sebas/workspace/ros_ur_driver/install/ur_dashboard_msgs/local/lib/python3.10/dist-packages/ur_dashboard_msgs/msg/_safety_mode.py
[3.579s] -- Up-to-date: /home/sebas/workspace/ros_ur_driver/install/ur_dashboard_msgs/local/lib/python3.10/dist-packages/ur_dashboard_msgs/msg/_robot_mode.py
[3.579s] -- Up-to-date: /home/sebas/workspace/ros_ur_driver/install/ur_dashboard_msgs/local/lib/python3.10/dist-packages/ur_dashboard_msgs/msg/_safety_mode_s.c
[3.579s] -- Up-to-date: /home/sebas/workspace/ros_ur_driver/install/ur_dashboard_msgs/local/lib/python3.10/dist-packages/ur_dashboard_msgs/msg/_program_state.py
[3.579s] -- Up-to-date: /home/sebas/workspace/ros_ur_driver/install/ur_dashboard_msgs/local/lib/python3.10/dist-packages/ur_dashboard_msgs/msg/_robot_mode_s.c
[3.579s] -- Up-to-date: /home/sebas/workspace/ros_ur_driver/install/ur_dashboard_msgs/local/lib/python3.10/dist-packages/ur_dashboard_msgs/libur_dashboard_msgs__rosidl_generator_py.so
[3.579s] -- Up-to-date: /home/sebas/workspace/ros_ur_driver/install/ur_dashboard_msgs/local/lib/python3.10/dist-packages/ur_dashboard_msgs/_ur_dashboard_msgs_s.ep.rosidl_typesupport_c.c
[3.579s] -- Up-to-date: /home/sebas/workspace/ros_ur_driver/install/ur_dashboard_msgs/local/lib/python3.10/dist-packages/ur_dashboard_msgs/ur_dashboard_msgs_s__rosidl_typesupport_introspection_c.cpython-310-x86_64-linux-gnu.so
[3.580s] -- Up-to-date: /home/sebas/workspace/ros_ur_driver/install/ur_dashboard_msgs/local/lib/python3.10/dist-packages/ur_dashboard_msgs/_ur_dashboard_msgs_s.ep.rosidl_typesupport_introspection_c.c
[3.580s] -- Up-to-date: /home/sebas/workspace/ros_ur_driver/install/ur_dashboard_msgs/local/lib/python3.10/dist-packages/ur_dashboard_msgs/ur_dashboard_msgs_s__rosidl_typesupport_fastrtps_c.cpython-310-x86_64-linux-gnu.so
[3.696s] Listing '/home/sebas/workspace/ros_ur_driver/install/ur_dashboard_msgs/local/lib/python3.10/dist-packages/ur_dashboard_msgs'...
[3.696s] Listing '/home/sebas/workspace/ros_ur_driver/install/ur_dashboard_msgs/local/lib/python3.10/dist-packages/ur_dashboard_msgs/action'...
[3.696s] Listing '/home/sebas/workspace/ros_ur_driver/install/ur_dashboard_msgs/local/lib/python3.10/dist-packages/ur_dashboard_msgs/msg'...
[3.696s] Listing '/home/sebas/workspace/ros_ur_driver/install/ur_dashboard_msgs/local/lib/python3.10/dist-packages/ur_dashboard_msgs/srv'...
[3.702s] -- Up-to-date: /home/sebas/workspace/ros_ur_driver/install/ur_dashboard_msgs/local/lib/python3.10/dist-packages/ur_dashboard_msgs/ur_dashboard_msgs_s__rosidl_typesupport_fastrtps_c.cpython-310-x86_64-linux-gnu.so
[3.702s] -- Up-to-date: /home/sebas/workspace/ros_ur_driver/install/ur_dashboard_msgs/local/lib/python3.10/dist-packages/ur_dashboard_msgs/ur_dashboard_msgs_s__rosidl_typesupport_introspection_c.cpython-310-x86_64-linux-gnu.so
[3.703s] -- Up-to-date: /home/sebas/workspace/ros_ur_driver/install/ur_dashboard_msgs/local/lib/python3.10/dist-packages/ur_dashboard_msgs/ur_dashboard_msgs_s__rosidl_typesupport_c.cpython-310-x86_64-linux-gnu.so
[3.703s] -- Up-to-date: /home/sebas/workspace/ros_ur_driver/install/ur_dashboard_msgs/lib/libur_dashboard_msgs__rosidl_generator_py.so
[3.703s] -- Up-to-date: /home/sebas/workspace/ros_ur_driver/install/ur_dashboard_msgs/share/ur_dashboard_msgs/msg/ProgramState.idl
[3.703s] -- Up-to-date: /home/sebas/workspace/ros_ur_driver/install/ur_dashboard_msgs/share/ur_dashboard_msgs/msg/RobotMode.idl
[3.703s] -- Up-to-date: /home/sebas/workspace/ros_ur_driver/install/ur_dashboard_msgs/share/ur_dashboard_msgs/msg/SafetyMode.idl
[3.703s] -- Up-to-date: /home/sebas/workspace/ros_ur_driver/install/ur_dashboard_msgs/share/ur_dashboard_msgs/srv/AddToLog.idl
[3.703s] -- Up-to-date: /home/sebas/workspace/ros_ur_driver/install/ur_dashboard_msgs/share/ur_dashboard_msgs/srv/GetLoadedProgram.idl
[3.703s] -- Up-to-date: /home/sebas/workspace/ros_ur_driver/install/ur_dashboard_msgs/share/ur_dashboard_msgs/srv/GetProgramState.idl
[3.703s] -- Up-to-date: /home/sebas/workspace/ros_ur_driver/install/ur_dashboard_msgs/share/ur_dashboard_msgs/srv/GetRobotMode.idl
[3.703s] -- Up-to-date: /home/sebas/workspace/ros_ur_driver/install/ur_dashboard_msgs/share/ur_dashboard_msgs/srv/GetSafetyMode.idl
[3.703s] -- Up-to-date: /home/sebas/workspace/ros_ur_driver/install/ur_dashboard_msgs/share/ur_dashboard_msgs/srv/IsProgramRunning.idl
[3.703s] -- Up-to-date: /home/sebas/workspace/ros_ur_driver/install/ur_dashboard_msgs/share/ur_dashboard_msgs/srv/IsProgramSaved.idl
[3.703s] -- Up-to-date: /home/sebas/workspace/ros_ur_driver/install/ur_dashboard_msgs/share/ur_dashboard_msgs/srv/Load.idl
[3.703s] -- Up-to-date: /home/sebas/workspace/ros_ur_driver/install/ur_dashboard_msgs/share/ur_dashboard_msgs/srv/Popup.idl
[3.703s] -- Up-to-date: /home/sebas/workspace/ros_ur_driver/install/ur_dashboard_msgs/share/ur_dashboard_msgs/srv/RawRequest.idl
[3.704s] -- Up-to-date: /home/sebas/workspace/ros_ur_driver/install/ur_dashboard_msgs/share/ur_dashboard_msgs/action/SetMode.idl
[3.704s] -- Up-to-date: /home/sebas/workspace/ros_ur_driver/install/ur_dashboard_msgs/share/ur_dashboard_msgs/msg/ProgramState.msg
[3.704s] -- Up-to-date: /home/sebas/workspace/ros_ur_driver/install/ur_dashboard_msgs/share/ur_dashboard_msgs/msg/RobotMode.msg
[3.704s] -- Up-to-date: /home/sebas/workspace/ros_ur_driver/install/ur_dashboard_msgs/share/ur_dashboard_msgs/msg/SafetyMode.msg
[3.704s] -- Up-to-date: /home/sebas/workspace/ros_ur_driver/install/ur_dashboard_msgs/share/ur_dashboard_msgs/srv/AddToLog.srv
[3.704s] -- Up-to-date: /home/sebas/workspace/ros_ur_driver/install/ur_dashboard_msgs/share/ur_dashboard_msgs/srv/AddToLog_Request.msg
[3.704s] -- Up-to-date: /home/sebas/workspace/ros_ur_driver/install/ur_dashboard_msgs/share/ur_dashboard_msgs/srv/AddToLog_Response.msg
[3.704s] -- Up-to-date: /home/sebas/workspace/ros_ur_driver/install/ur_dashboard_msgs/share/ur_dashboard_msgs/srv/GetLoadedProgram.srv
[3.704s] -- Up-to-date: /home/sebas/workspace/ros_ur_driver/install/ur_dashboard_msgs/share/ur_dashboard_msgs/srv/GetLoadedProgram_Request.msg
[3.704s] -- Up-to-date: /home/sebas/workspace/ros_ur_driver/install/ur_dashboard_msgs/share/ur_dashboard_msgs/srv/GetLoadedProgram_Response.msg
[3.704s] -- Up-to-date: /home/sebas/workspace/ros_ur_driver/install/ur_dashboard_msgs/share/ur_dashboard_msgs/srv/GetProgramState.srv
[3.704s] -- Up-to-date: /home/sebas/workspace/ros_ur_driver/install/ur_dashboard_msgs/share/ur_dashboard_msgs/srv/GetProgramState_Request.msg
[3.704s] -- Up-to-date: /home/sebas/workspace/ros_ur_driver/install/ur_dashboard_msgs/share/ur_dashboard_msgs/srv/GetProgramState_Response.msg
[3.704s] -- Up-to-date: /home/sebas/workspace/ros_ur_driver/install/ur_dashboard_msgs/share/ur_dashboard_msgs/srv/GetRobotMode.srv
[3.704s] -- Up-to-date: /home/sebas/workspace/ros_ur_driver/install/ur_dashboard_msgs/share/ur_dashboard_msgs/srv/GetRobotMode_Request.msg
[3.705s] -- Up-to-date: /home/sebas/workspace/ros_ur_driver/install/ur_dashboard_msgs/share/ur_dashboard_msgs/srv/GetRobotMode_Response.msg
[3.705s] -- Up-to-date: /home/sebas/workspace/ros_ur_driver/install/ur_dashboard_msgs/share/ur_dashboard_msgs/srv/GetSafetyMode.srv
[3.705s] -- Up-to-date: /home/sebas/workspace/ros_ur_driver/install/ur_dashboard_msgs/share/ur_dashboard_msgs/srv/GetSafetyMode_Request.msg
[3.705s] -- Up-to-date: /home/sebas/workspace/ros_ur_driver/install/ur_dashboard_msgs/share/ur_dashboard_msgs/srv/GetSafetyMode_Response.msg
[3.705s] -- Up-to-date: /home/sebas/workspace/ros_ur_driver/install/ur_dashboard_msgs/share/ur_dashboard_msgs/srv/IsProgramRunning.srv
[3.705s] -- Up-to-date: /home/sebas/workspace/ros_ur_driver/install/ur_dashboard_msgs/share/ur_dashboard_msgs/srv/IsProgramRunning_Request.msg
[3.705s] -- Up-to-date: /home/sebas/workspace/ros_ur_driver/install/ur_dashboard_msgs/share/ur_dashboard_msgs/srv/IsProgramRunning_Response.msg
[3.705s] -- Up-to-date: /home/sebas/workspace/ros_ur_driver/install/ur_dashboard_msgs/share/ur_dashboard_msgs/srv/IsProgramSaved.srv
[3.705s] -- Up-to-date: /home/sebas/workspace/ros_ur_driver/install/ur_dashboard_msgs/share/ur_dashboard_msgs/srv/IsProgramSaved_Request.msg
[3.706s] -- Up-to-date: /home/sebas/workspace/ros_ur_driver/install/ur_dashboard_msgs/share/ur_dashboard_msgs/srv/IsProgramSaved_Response.msg
[3.706s] -- Up-to-date: /home/sebas/workspace/ros_ur_driver/install/ur_dashboard_msgs/share/ur_dashboard_msgs/srv/Load.srv
[3.706s] -- Up-to-date: /home/sebas/workspace/ros_ur_driver/install/ur_dashboard_msgs/share/ur_dashboard_msgs/srv/Load_Request.msg
[3.706s] -- Up-to-date: /home/sebas/workspace/ros_ur_driver/install/ur_dashboard_msgs/share/ur_dashboard_msgs/srv/Load_Response.msg
[3.706s] -- Up-to-date: /home/sebas/workspace/ros_ur_driver/install/ur_dashboard_msgs/share/ur_dashboard_msgs/srv/Popup.srv
[3.706s] -- Up-to-date: /home/sebas/workspace/ros_ur_driver/install/ur_dashboard_msgs/share/ur_dashboard_msgs/srv/Popup_Request.msg
[3.706s] -- Up-to-date: /home/sebas/workspace/ros_ur_driver/install/ur_dashboard_msgs/share/ur_dashboard_msgs/srv/Popup_Response.msg
[3.706s] -- Up-to-date: /home/sebas/workspace/ros_ur_driver/install/ur_dashboard_msgs/share/ur_dashboard_msgs/srv/RawRequest.srv
[3.706s] -- Up-to-date: /home/sebas/workspace/ros_ur_driver/install/ur_dashboard_msgs/share/ur_dashboard_msgs/srv/RawRequest_Request.msg
[3.706s] -- Up-to-date: /home/sebas/workspace/ros_ur_driver/install/ur_dashboard_msgs/share/ur_dashboard_msgs/srv/RawRequest_Response.msg
[3.706s] -- Up-to-date: /home/sebas/workspace/ros_ur_driver/install/ur_dashboard_msgs/share/ur_dashboard_msgs/action/SetMode.action
[3.706s] -- Up-to-date: /home/sebas/workspace/ros_ur_driver/install/ur_dashboard_msgs/share/ament_index/resource_index/package_run_dependencies/ur_dashboard_msgs
[3.706s] -- Up-to-date: /home/sebas/workspace/ros_ur_driver/install/ur_dashboard_msgs/share/ament_index/resource_index/parent_prefix_path/ur_dashboard_msgs
[3.706s] -- Up-to-date: /home/sebas/workspace/ros_ur_driver/install/ur_dashboard_msgs/share/ur_dashboard_msgs/environment/ament_prefix_path.sh
[3.707s] -- Up-to-date: /home/sebas/workspace/ros_ur_driver/install/ur_dashboard_msgs/share/ur_dashboard_msgs/environment/ament_prefix_path.dsv
[3.707s] -- Up-to-date: /home/sebas/workspace/ros_ur_driver/install/ur_dashboard_msgs/share/ur_dashboard_msgs/environment/path.sh
[3.707s] -- Up-to-date: /home/sebas/workspace/ros_ur_driver/install/ur_dashboard_msgs/share/ur_dashboard_msgs/environment/path.dsv
[3.707s] -- Up-to-date: /home/sebas/workspace/ros_ur_driver/install/ur_dashboard_msgs/share/ur_dashboard_msgs/local_setup.bash
[3.707s] -- Up-to-date: /home/sebas/workspace/ros_ur_driver/install/ur_dashboard_msgs/share/ur_dashboard_msgs/local_setup.sh
[3.707s] -- Up-to-date: /home/sebas/workspace/ros_ur_driver/install/ur_dashboard_msgs/share/ur_dashboard_msgs/local_setup.zsh
[3.707s] -- Up-to-date: /home/sebas/workspace/ros_ur_driver/install/ur_dashboard_msgs/share/ur_dashboard_msgs/local_setup.dsv
[3.707s] -- Installing: /home/sebas/workspace/ros_ur_driver/install/ur_dashboard_msgs/share/ur_dashboard_msgs/package.dsv
[3.707s] -- Up-to-date: /home/sebas/workspace/ros_ur_driver/install/ur_dashboard_msgs/share/ament_index/resource_index/packages/ur_dashboard_msgs
[3.707s] -- Up-to-date: /home/sebas/workspace/ros_ur_driver/install/ur_dashboard_msgs/share/ur_dashboard_msgs/cmake/export_ur_dashboard_msgs__rosidl_generator_cExport.cmake
[3.707s] -- Up-to-date: /home/sebas/workspace/ros_ur_driver/install/ur_dashboard_msgs/share/ur_dashboard_msgs/cmake/export_ur_dashboard_msgs__rosidl_generator_cExport-noconfig.cmake
[3.707s] -- Up-to-date: /home/sebas/workspace/ros_ur_driver/install/ur_dashboard_msgs/share/ur_dashboard_msgs/cmake/export_ur_dashboard_msgs__rosidl_typesupport_fastrtps_cExport.cmake
[3.708s] -- Up-to-date: /home/sebas/workspace/ros_ur_driver/install/ur_dashboard_msgs/share/ur_dashboard_msgs/cmake/export_ur_dashboard_msgs__rosidl_typesupport_fastrtps_cExport-noconfig.cmake
[3.708s] -- Up-to-date: /home/sebas/workspace/ros_ur_driver/install/ur_dashboard_msgs/share/ur_dashboard_msgs/cmake/ur_dashboard_msgs__rosidl_typesupport_introspection_cExport.cmake
[3.708s] -- Up-to-date: /home/sebas/workspace/ros_ur_driver/install/ur_dashboard_msgs/share/ur_dashboard_msgs/cmake/ur_dashboard_msgs__rosidl_typesupport_introspection_cExport-noconfig.cmake
[3.708s] -- Up-to-date: /home/sebas/workspace/ros_ur_driver/install/ur_dashboard_msgs/share/ur_dashboard_msgs/cmake/ur_dashboard_msgs__rosidl_typesupport_cExport.cmake
[3.708s] -- Up-to-date: /home/sebas/workspace/ros_ur_driver/install/ur_dashboard_msgs/share/ur_dashboard_msgs/cmake/ur_dashboard_msgs__rosidl_typesupport_cExport-noconfig.cmake
[3.708s] -- Up-to-date: /home/sebas/workspace/ros_ur_driver/install/ur_dashboard_msgs/share/ur_dashboard_msgs/cmake/export_ur_dashboard_msgs__rosidl_generator_cppExport.cmake
[3.708s] -- Up-to-date: /home/sebas/workspace/ros_ur_driver/install/ur_dashboard_msgs/share/ur_dashboard_msgs/cmake/export_ur_dashboard_msgs__rosidl_typesupport_fastrtps_cppExport.cmake
[3.708s] -- Up-to-date: /home/sebas/workspace/ros_ur_driver/install/ur_dashboard_msgs/share/ur_dashboard_msgs/cmake/export_ur_dashboard_msgs__rosidl_typesupport_fastrtps_cppExport-noconfig.cmake
[3.708s] -- Up-to-date: /home/sebas/workspace/ros_ur_driver/install/ur_dashboard_msgs/share/ur_dashboard_msgs/cmake/ur_dashboard_msgs__rosidl_typesupport_introspection_cppExport.cmake
[3.708s] -- Up-to-date: /home/sebas/workspace/ros_ur_driver/install/ur_dashboard_msgs/share/ur_dashboard_msgs/cmake/ur_dashboard_msgs__rosidl_typesupport_introspection_cppExport-noconfig.cmake
[3.708s] -- Up-to-date: /home/sebas/workspace/ros_ur_driver/install/ur_dashboard_msgs/share/ur_dashboard_msgs/cmake/ur_dashboard_msgs__rosidl_typesupport_cppExport.cmake
[3.708s] -- Up-to-date: /home/sebas/workspace/ros_ur_driver/install/ur_dashboard_msgs/share/ur_dashboard_msgs/cmake/ur_dashboard_msgs__rosidl_typesupport_cppExport-noconfig.cmake
[3.708s] -- Up-to-date: /home/sebas/workspace/ros_ur_driver/install/ur_dashboard_msgs/share/ur_dashboard_msgs/cmake/export_ur_dashboard_msgs__rosidl_generator_pyExport.cmake
[3.708s] -- Up-to-date: /home/sebas/workspace/ros_ur_driver/install/ur_dashboard_msgs/share/ur_dashboard_msgs/cmake/export_ur_dashboard_msgs__rosidl_generator_pyExport-noconfig.cmake
[3.709s] -- Up-to-date: /home/sebas/workspace/ros_ur_driver/install/ur_dashboard_msgs/share/ur_dashboard_msgs/cmake/rosidl_cmake-extras.cmake
[3.709s] -- Up-to-date: /home/sebas/workspace/ros_ur_driver/install/ur_dashboard_msgs/share/ur_dashboard_msgs/cmake/ament_cmake_export_dependencies-extras.cmake
[3.709s] -- Up-to-date: /home/sebas/workspace/ros_ur_driver/install/ur_dashboard_msgs/share/ur_dashboard_msgs/cmake/ament_cmake_export_include_directories-extras.cmake
[3.709s] -- Up-to-date: /home/sebas/workspace/ros_ur_driver/install/ur_dashboard_msgs/share/ur_dashboard_msgs/cmake/ament_cmake_export_libraries-extras.cmake
[3.709s] -- Up-to-date: /home/sebas/workspace/ros_ur_driver/install/ur_dashboard_msgs/share/ur_dashboard_msgs/cmake/ament_cmake_export_targets-extras.cmake
[3.709s] -- Up-to-date: /home/sebas/workspace/ros_ur_driver/install/ur_dashboard_msgs/share/ur_dashboard_msgs/cmake/rosidl_cmake_export_typesupport_targets-extras.cmake
[3.709s] -- Up-to-date: /home/sebas/workspace/ros_ur_driver/install/ur_dashboard_msgs/share/ur_dashboard_msgs/cmake/rosidl_cmake_export_typesupport_libraries-extras.cmake
[3.709s] -- Up-to-date: /home/sebas/workspace/ros_ur_driver/install/ur_dashboard_msgs/share/ur_dashboard_msgs/cmake/ur_dashboard_msgsConfig.cmake
[3.709s] -- Up-to-date: /home/sebas/workspace/ros_ur_driver/install/ur_dashboard_msgs/share/ur_dashboard_msgs/cmake/ur_dashboard_msgsConfig-version.cmake
[3.709s] -- Up-to-date: /home/sebas/workspace/ros_ur_driver/install/ur_dashboard_msgs/share/ur_dashboard_msgs/package.xml
[3.717s] Invoked command in '/home/sebas/workspace/ros_ur_driver/build/ur_dashboard_msgs' returned '0': CMAKE_PREFIX_PATH=${CMAKE_PREFIX_PATH}:/home/sebas/workspace/ros_ur_driver/install/rqt_joint_trajectory_controller:/home/sebas/workspace/ros_ur_driver/install/ros2_controllers_test_nodes:/opt/ros/humble:/home/sebas/ros2_humble/install/rqt_bag_plugins:/home/sebas/ros2_humble/install/rqt_bag:/home/sebas/ros2_humble/install/launch_testing_examples:/home/sebas/ros2_humble/install/ros2bag:/home/sebas/ros2_humble/install/tracetools_test:/home/sebas/ros2_humble/install/tracetools_launch:/home/sebas/ros2_humble/install/topic_monitor:/home/sebas/ros2_humble/install/tf2_tools:/home/sebas/ros2_humble/install/examples_tf2_py:/home/sebas/ros2_humble/install/tf2_ros_py:/home/sebas/ros2_humble/install/sros2:/home/sebas/ros2_humble/install/rqt_topic:/home/sebas/ros2_humble/install/rqt_srv:/home/sebas/ros2_humble/install/rqt_shell:/home/sebas/ros2_humble/install/rqt_service_caller:/home/sebas/ros2_humble/install/rqt_reconfigure:/home/sebas/ros2_humble/install/rqt_py_console:/home/sebas/ros2_humble/install/rqt_publisher:/home/sebas/ros2_humble/install/rqt_plot:/home/sebas/ros2_humble/install/rqt_action:/home/sebas/ros2_humble/install/rqt_msg:/home/sebas/ros2_humble/install/rqt_console:/home/sebas/ros2_humble/install/rqt:/home/sebas/ros2_humble/install/rqt_graph:/home/sebas/ros2_humble/install/rqt_gui_py:/home/sebas/ros2_humble/install/rqt_gui:/home/sebas/ros2_humble/install/ros2trace:/home/sebas/ros2_humble/install/ros2topic:/home/sebas/ros2_humble/install/ros2test:/home/sebas/ros2_humble/install/ros2component:/home/sebas/ros2_humble/install/ros2param:/home/sebas/ros2_humble/install/ros2lifecycle:/home/sebas/ros2_humble/install/ros2service:/home/sebas/ros2_humble/install/ros2run:/home/sebas/ros2_humble/install/ros2launch:/home/sebas/ros2_humble/install/ros2pkg:/home/sebas/ros2_humble/install/ros2node:/home/sebas/ros2_humble/install/ros2multicast:/home/sebas/ros2_humble/install/ros2interface:/home/sebas/ros2_humble/install/ros2doctor:/home/sebas/ros2_humble/install/ros2action:/home/sebas/ros2_humble/install/ros2cli:/home/sebas/ros2_humble/install/quality_of_service_demo_py:/home/sebas/ros2_humble/install/lifecycle_py:/home/sebas/ros2_humble/install/launch_testing_ros:/home/sebas/ros2_humble/install/launch_ros:/home/sebas/ros2_humble/install/examples_rclpy_pointcloud_publisher:/home/sebas/ros2_humble/install/examples_rclpy_minimal_subscriber:/home/sebas/ros2_humble/install/examples_rclpy_minimal_service:/home/sebas/ros2_humble/install/examples_rclpy_minimal_publisher:/home/sebas/ros2_humble/install/examples_rclpy_minimal_client:/home/sebas/ros2_humble/install/examples_rclpy_minimal_action_server:/home/sebas/ros2_humble/install/examples_rclpy_minimal_action_client:/home/sebas/ros2_humble/install/examples_rclpy_guard_conditions:/home/sebas/ros2_humble/install/examples_rclpy_executors:/home/sebas/ros2_humble/install/demo_nodes_py:/home/sebas/ros2_humble/install/action_tutorials_py:/home/sebas/ros2_humble/install/ament_uncrustify:/home/sebas/ros2_humble/install/tracetools_trace:/home/sebas/ros2_humble/install/tracetools_read:/home/sebas/ros2_humble/install/test_tracetools_launch:/home/sebas/ros2_humble/install/test_launch_ros:/home/sebas/ros2_humble/install/sensor_msgs_py:/home/sebas/ros2_humble/install/rpyutils:/home/sebas/ros2_humble/install/rosidl_runtime_py:/home/sebas/ros2_humble/install/rosidl_cli:/home/sebas/ros2_humble/install/launch_pytest:/home/sebas/ros2_humble/install/launch_testing:/home/sebas/ros2_humble/install/launch_yaml:/home/sebas/ros2_humble/install/launch_xml:/home/sebas/ros2_humble/install/launch:/home/sebas/ros2_humble/install/osrf_pycommon:/home/sebas/ros2_humble/install/domain_coordinator:/home/sebas/ros2_humble/install/ament_xmllint:/home/sebas/ros2_humble/install/ament_pyflakes:/home/sebas/ros2_humble/install/ament_pycodestyle:/home/sebas/ros2_humble/install/ament_pep257:/home/sebas/ros2_humble/install/ament_pclint:/home/sebas/ros2_humble/install/ament_package:/home/sebas/ros2_humble/install/ament_mypy:/home/sebas/ros2_humble/install/ament_lint_cmake:/home/sebas/ros2_humble/install/ament_flake8:/home/sebas/ros2_humble/install/ament_copyright:/home/sebas/ros2_humble/install/ament_lint:/home/sebas/ros2_humble/install/ament_index_python:/home/sebas/ros2_humble/install/ament_cpplint:/home/sebas/ros2_humble/install/ament_cppcheck:/home/sebas/ros2_humble/install/ament_clang_tidy:/home/sebas/ros2_humble/install/ament_clang_format /usr/bin/cmake --install /home/sebas/workspace/ros_ur_driver/build/ur_dashboard_msgs
