running egg_info
writing ../../build/ur3_rl/ur3_rl.egg-info/PKG-INFO
writing dependency_links to ../../build/ur3_rl/ur3_rl.egg-info/dependency_links.txt
writing entry points to ../../build/ur3_rl/ur3_rl.egg-info/entry_points.txt
writing requirements to ../../build/ur3_rl/ur3_rl.egg-info/requires.txt
writing top-level names to ../../build/ur3_rl/ur3_rl.egg-info/top_level.txt
reading manifest file '../../build/ur3_rl/ur3_rl.egg-info/SOURCES.txt'
writing manifest file '../../build/ur3_rl/ur3_rl.egg-info/SOURCES.txt'
running build
running build_py
copying ur3_rl/ur3_reaching_env.py -> /home/sebas/workspace/ros_ur_driver/build/ur3_rl/build/lib/ur3_rl
copying ur3_rl/move_ur3_to_target.py -> /home/sebas/workspace/ros_ur_driver/build/ur3_rl/build/lib/ur3_rl
copying ur3_rl/evaluate_ur3.py -> /home/sebas/workspace/ros_ur_driver/build/ur3_rl/build/lib/ur3_rl
copying ur3_rl/simple_controller.py -> /home/sebas/workspace/ros_ur_driver/build/ur3_rl/build/lib/ur3_rl
running install
running install_lib
copying /home/sebas/workspace/ros_ur_driver/build/ur3_rl/build/lib/ur3_rl/ur3_reaching_env.py -> /home/sebas/workspace/ros_ur_driver/install/ur3_rl/lib/python3.10/site-packages/ur3_rl
copying /home/sebas/workspace/ros_ur_driver/build/ur3_rl/build/lib/ur3_rl/move_ur3_to_target.py -> /home/sebas/workspace/ros_ur_driver/install/ur3_rl/lib/python3.10/site-packages/ur3_rl
byte-compiling /home/sebas/workspace/ros_ur_driver/install/ur3_rl/lib/python3.10/site-packages/ur3_rl/ur3_reaching_env.py to ur3_reaching_env.cpython-310.pyc
byte-compiling /home/sebas/workspace/ros_ur_driver/install/ur3_rl/lib/python3.10/site-packages/ur3_rl/move_ur3_to_target.py to move_ur3_to_target.cpython-310.pyc
running install_data
copying package.xml -> /home/sebas/workspace/ros_ur_driver/install/ur3_rl/share/ur3_rl
running install_egg_info
removing '/home/sebas/workspace/ros_ur_driver/install/ur3_rl/lib/python3.10/site-packages/ur3_rl-0.0.0-py3.10.egg-info' (and everything under it)
Copying ../../build/ur3_rl/ur3_rl.egg-info to /home/sebas/workspace/ros_ur_driver/install/ur3_rl/lib/python3.10/site-packages/ur3_rl-0.0.0-py3.10.egg-info
running install_scripts
Installing evaluate_ur3 script to /home/sebas/workspace/ros_ur_driver/install/ur3_rl/lib/ur3_rl
Installing move_ur3_to_target script to /home/sebas/workspace/ros_ur_driver/install/ur3_rl/lib/ur3_rl
Installing simple_controller script to /home/sebas/workspace/ros_ur_driver/install/ur3_rl/lib/ur3_rl
writing list of installed files to '/home/sebas/workspace/ros_ur_driver/build/ur3_rl/install.log'
