[1.291s] Invoking command in '/home/sebas/workspace/ros_ur_driver/src/ros2_control/ros2controlcli': CMAKE_PREFIX_PATH=/home/sebas/workspace/ros_ur_driver/install/controller_manager:/home/sebas/workspace/ros_ur_driver/install/hardware_interface_testing:/home/sebas/workspace/ros_ur_driver/install/controller_interface:/home/sebas/workspace/ros_ur_driver/install/hardware_interface:/home/sebas/workspace/ros_ur_driver/install/ros2_control_test_assets:/home/sebas/workspace/ros_ur_driver/install/realtime_tools:/home/sebas/workspace/ros_ur_driver/install/controller_manager_msgs:/home/sebas/workspace/ros_ur_driver/install/control_msgs:/home/sebas/workspace/ros_ur_driver/install/ur:/home/sebas/workspace/ros_ur_driver/install/ur_calibration:/home/sebas/workspace/ros_ur_driver/install/ur_robot_driver:/home/sebas/workspace/ros_ur_driver/install/ur_bringup:/home/sebas/workspace/ros_ur_driver/install/ros2_controllers:/home/sebas/workspace/ros_ur_driver/install/velocity_controllers:/home/sebas/workspace/ros_ur_driver/install/ur_controllers:/home/sebas/workspace/ros_ur_driver/install/ur_msgs:/home/sebas/workspace/ros_ur_driver/install/ur_moveit_config:/home/sebas/workspace/ros_ur_driver/install/ur_description:/home/sebas/workspace/ros_ur_driver/install/ur_dashboard_msgs:/home/sebas/workspace/ros_ur_driver/install/ur_client_library:/home/sebas/workspace/ros_ur_driver/install/tricycle_steering_controller:/home/sebas/workspace/ros_ur_driver/install/tricycle_controller:/home/sebas/workspace/ros_ur_driver/install/ros2_control:/home/sebas/workspace/ros_ur_driver/install/transmission_interface:/home/sebas/workspace/ros_ur_driver/install/bicycle_steering_controller:/home/sebas/workspace/ros_ur_driver/install/ackermann_steering_controller:/home/sebas/workspace/ros_ur_driver/install/steering_controllers_library:/home/sebas/workspace/ros_ur_driver/install/range_sensor_broadcaster:/home/sebas/workspace/ros_ur_driver/install/position_controllers:/home/sebas/workspace/ros_ur_driver/install/pose_broadcaster:/home/sebas/workspace/ros_ur_driver/install/pid_controller:/home/sebas/workspace/ros_ur_driver/install/admittance_controller:/home/sebas/workspace/ros_ur_driver/install/joint_trajectory_controller:/home/sebas/workspace/ros_ur_driver/install/joint_state_broadcaster:/home/sebas/workspace/ros_ur_driver/install/imu_sensor_broadcaster:/home/sebas/workspace/ros_ur_driver/install/gripper_controllers:/home/sebas/workspace/ros_ur_driver/install/effort_controllers:/home/sebas/workspace/ros_ur_driver/install/forward_command_controller:/home/sebas/workspace/ros_ur_driver/install/force_torque_sensor_broadcaster:/home/sebas/workspace/ros_ur_driver/install/diff_drive_controller:/home/sebas/workspace/ros_ur_driver/install/kinematics_interface_kdl:/home/sebas/workspace/ros_ur_driver/install/kinematics_interface:/home/sebas/workspace/ros_ur_driver/install/joint_limits LD_LIBRARY_PATH=/home/sebas/workspace/ros_ur_driver/install/controller_manager/lib:/home/sebas/workspace/ros_ur_driver/install/hardware_interface_testing/lib:/home/sebas/workspace/ros_ur_driver/install/controller_interface/lib:/home/sebas/workspace/ros_ur_driver/install/hardware_interface/lib:/home/sebas/workspace/ros_ur_driver/install/realtime_tools/lib:/home/sebas/workspace/ros_ur_driver/install/controller_manager_msgs/lib:/home/sebas/workspace/ros_ur_driver/install/control_msgs/lib:/home/sebas/workspace/ros_ur_driver/install/ur_robot_driver/lib:/home/sebas/workspace/ros_ur_driver/install/velocity_controllers/lib:/home/sebas/workspace/ros_ur_driver/install/ur_controllers/lib:/home/sebas/workspace/ros_ur_driver/install/ur_msgs/lib:/home/sebas/workspace/ros_ur_driver/install/ur_dashboard_msgs/lib:/home/sebas/workspace/ros_ur_driver/install/ur_client_library/lib:/home/sebas/workspace/ros_ur_driver/install/tricycle_steering_controller/lib:/home/sebas/workspace/ros_ur_driver/install/tricycle_controller/lib:/home/sebas/workspace/ros_ur_driver/install/transmission_interface/lib:/home/sebas/workspace/ros_ur_driver/install/bicycle_steering_controller/lib:/home/sebas/workspace/ros_ur_driver/install/ackermann_steering_controller/lib:/home/sebas/workspace/ros_ur_driver/install/steering_controllers_library/lib:/home/sebas/workspace/ros_ur_driver/install/range_sensor_broadcaster/lib:/home/sebas/workspace/ros_ur_driver/install/position_controllers/lib:/home/sebas/workspace/ros_ur_driver/install/pose_broadcaster/lib:/home/sebas/workspace/ros_ur_driver/install/pid_controller/lib:/home/sebas/workspace/ros_ur_driver/install/admittance_controller/lib:/home/sebas/workspace/ros_ur_driver/install/joint_trajectory_controller/lib:/home/sebas/workspace/ros_ur_driver/install/joint_state_broadcaster/lib:/home/sebas/workspace/ros_ur_driver/install/imu_sensor_broadcaster/lib:/home/sebas/workspace/ros_ur_driver/install/gripper_controllers/lib:/home/sebas/workspace/ros_ur_driver/install/effort_controllers/lib:/home/sebas/workspace/ros_ur_driver/install/forward_command_controller/lib:/home/sebas/workspace/ros_ur_driver/install/force_torque_sensor_broadcaster/lib:/home/sebas/workspace/ros_ur_driver/install/diff_drive_controller/lib:/home/sebas/workspace/ros_ur_driver/install/kinematics_interface_kdl/lib:/home/sebas/workspace/ros_ur_driver/install/kinematics_interface/lib:/opt/ros/humble/opt/rviz_ogre_vendor/lib:/opt/ros/humble/lib/x86_64-linux-gnu:/opt/ros/humble/lib PYTHONPATH=/home/sebas/workspace/ros_ur_driver/build/ros2controlcli/prefix_override:/usr/lib/python3/dist-packages/colcon_core/task/python/colcon_distutils_commands:/home/sebas/workspace/ros_ur_driver/install/ros2controlcli/lib/python3.10/site-packages:${PYTHONPATH} /usr/bin/python3 -W ignore:setup.py install is deprecated setup.py egg_info --egg-base ../../../build/ros2controlcli build --build-base /home/sebas/workspace/ros_ur_driver/build/ros2controlcli/build install --record /home/sebas/workspace/ros_ur_driver/build/ros2controlcli/install.log --single-version-externally-managed install_data
[2.883s] running egg_info
[2.883s] creating ../../../build/ros2controlcli/ros2controlcli.egg-info
[2.883s] writing ../../../build/ros2controlcli/ros2controlcli.egg-info/PKG-INFO
[2.883s] writing dependency_links to ../../../build/ros2controlcli/ros2controlcli.egg-info/dependency_links.txt
[2.883s] writing entry points to ../../../build/ros2controlcli/ros2controlcli.egg-info/entry_points.txt
[2.883s] writing requirements to ../../../build/ros2controlcli/ros2controlcli.egg-info/requires.txt
[2.883s] writing top-level names to ../../../build/ros2controlcli/ros2controlcli.egg-info/top_level.txt
[2.883s] writing manifest file '../../../build/ros2controlcli/ros2controlcli.egg-info/SOURCES.txt'
[2.883s] reading manifest file '../../../build/ros2controlcli/ros2controlcli.egg-info/SOURCES.txt'
[2.883s] writing manifest file '../../../build/ros2controlcli/ros2controlcli.egg-info/SOURCES.txt'
[2.886s] running build
[2.886s] running build_py
[2.886s] creating /home/sebas/workspace/ros_ur_driver/build/ros2controlcli/build
[2.886s] creating /home/sebas/workspace/ros_ur_driver/build/ros2controlcli/build/lib
[2.886s] creating /home/sebas/workspace/ros_ur_driver/build/ros2controlcli/build/lib/ros2controlcli
[2.886s] copying ros2controlcli/__init__.py -> /home/sebas/workspace/ros_ur_driver/build/ros2controlcli/build/lib/ros2controlcli
[2.886s] creating /home/sebas/workspace/ros_ur_driver/build/ros2controlcli/build/lib/ros2controlcli/verb
[2.886s] copying ros2controlcli/verb/list_controller_types.py -> /home/sebas/workspace/ros_ur_driver/build/ros2controlcli/build/lib/ros2controlcli/verb
[2.886s] copying ros2controlcli/verb/set_hardware_component_state.py -> /home/sebas/workspace/ros_ur_driver/build/ros2controlcli/build/lib/ros2controlcli/verb
[2.887s] copying ros2controlcli/verb/switch_controllers.py -> /home/sebas/workspace/ros_ur_driver/build/ros2controlcli/build/lib/ros2controlcli/verb
[2.887s] copying ros2controlcli/verb/load_controller.py -> /home/sebas/workspace/ros_ur_driver/build/ros2controlcli/build/lib/ros2controlcli/verb
[2.887s] copying ros2controlcli/verb/list_controllers.py -> /home/sebas/workspace/ros_ur_driver/build/ros2controlcli/build/lib/ros2controlcli/verb
[2.887s] copying ros2controlcli/verb/set_controller_state.py -> /home/sebas/workspace/ros_ur_driver/build/ros2controlcli/build/lib/ros2controlcli/verb
[2.887s] copying ros2controlcli/verb/list_hardware_interfaces.py -> /home/sebas/workspace/ros_ur_driver/build/ros2controlcli/build/lib/ros2controlcli/verb
[2.887s] copying ros2controlcli/verb/__init__.py -> /home/sebas/workspace/ros_ur_driver/build/ros2controlcli/build/lib/ros2controlcli/verb
[2.887s] copying ros2controlcli/verb/view_controller_chains.py -> /home/sebas/workspace/ros_ur_driver/build/ros2controlcli/build/lib/ros2controlcli/verb
[2.887s] copying ros2controlcli/verb/unload_controller.py -> /home/sebas/workspace/ros_ur_driver/build/ros2controlcli/build/lib/ros2controlcli/verb
[2.887s] copying ros2controlcli/verb/reload_controller_libraries.py -> /home/sebas/workspace/ros_ur_driver/build/ros2controlcli/build/lib/ros2controlcli/verb
[2.887s] copying ros2controlcli/verb/list_hardware_components.py -> /home/sebas/workspace/ros_ur_driver/build/ros2controlcli/build/lib/ros2controlcli/verb
[2.887s] creating /home/sebas/workspace/ros_ur_driver/build/ros2controlcli/build/lib/ros2controlcli/command
[2.887s] copying ros2controlcli/command/control.py -> /home/sebas/workspace/ros_ur_driver/build/ros2controlcli/build/lib/ros2controlcli/command
[2.887s] copying ros2controlcli/command/__init__.py -> /home/sebas/workspace/ros_ur_driver/build/ros2controlcli/build/lib/ros2controlcli/command
[2.887s] creating /home/sebas/workspace/ros_ur_driver/build/ros2controlcli/build/lib/ros2controlcli/api
[2.887s] copying ros2controlcli/api/__init__.py -> /home/sebas/workspace/ros_ur_driver/build/ros2controlcli/build/lib/ros2controlcli/api
[2.887s] running install
[2.887s] running install_lib
[2.887s] creating /home/sebas/workspace/ros_ur_driver/install/ros2controlcli/lib/python3.10/site-packages/ros2controlcli
[2.888s] creating /home/sebas/workspace/ros_ur_driver/install/ros2controlcli/lib/python3.10/site-packages/ros2controlcli/verb
[2.888s] copying /home/sebas/workspace/ros_ur_driver/build/ros2controlcli/build/lib/ros2controlcli/verb/list_controller_types.py -> /home/sebas/workspace/ros_ur_driver/install/ros2controlcli/lib/python3.10/site-packages/ros2controlcli/verb
[2.890s] copying /home/sebas/workspace/ros_ur_driver/build/ros2controlcli/build/lib/ros2controlcli/verb/set_hardware_component_state.py -> /home/sebas/workspace/ros_ur_driver/install/ros2controlcli/lib/python3.10/site-packages/ros2controlcli/verb
[2.890s] copying /home/sebas/workspace/ros_ur_driver/build/ros2controlcli/build/lib/ros2controlcli/verb/switch_controllers.py -> /home/sebas/workspace/ros_ur_driver/install/ros2controlcli/lib/python3.10/site-packages/ros2controlcli/verb
[2.890s] copying /home/sebas/workspace/ros_ur_driver/build/ros2controlcli/build/lib/ros2controlcli/verb/load_controller.py -> /home/sebas/workspace/ros_ur_driver/install/ros2controlcli/lib/python3.10/site-packages/ros2controlcli/verb
[2.890s] copying /home/sebas/workspace/ros_ur_driver/build/ros2controlcli/build/lib/ros2controlcli/verb/list_controllers.py -> /home/sebas/workspace/ros_ur_driver/install/ros2controlcli/lib/python3.10/site-packages/ros2controlcli/verb
[2.890s] copying /home/sebas/workspace/ros_ur_driver/build/ros2controlcli/build/lib/ros2controlcli/verb/set_controller_state.py -> /home/sebas/workspace/ros_ur_driver/install/ros2controlcli/lib/python3.10/site-packages/ros2controlcli/verb
[2.890s] copying /home/sebas/workspace/ros_ur_driver/build/ros2controlcli/build/lib/ros2controlcli/verb/list_hardware_interfaces.py -> /home/sebas/workspace/ros_ur_driver/install/ros2controlcli/lib/python3.10/site-packages/ros2controlcli/verb
[2.890s] copying /home/sebas/workspace/ros_ur_driver/build/ros2controlcli/build/lib/ros2controlcli/verb/__init__.py -> /home/sebas/workspace/ros_ur_driver/install/ros2controlcli/lib/python3.10/site-packages/ros2controlcli/verb
[2.890s] copying /home/sebas/workspace/ros_ur_driver/build/ros2controlcli/build/lib/ros2controlcli/verb/view_controller_chains.py -> /home/sebas/workspace/ros_ur_driver/install/ros2controlcli/lib/python3.10/site-packages/ros2controlcli/verb
[2.890s] copying /home/sebas/workspace/ros_ur_driver/build/ros2controlcli/build/lib/ros2controlcli/verb/unload_controller.py -> /home/sebas/workspace/ros_ur_driver/install/ros2controlcli/lib/python3.10/site-packages/ros2controlcli/verb
[2.890s] copying /home/sebas/workspace/ros_ur_driver/build/ros2controlcli/build/lib/ros2controlcli/verb/reload_controller_libraries.py -> /home/sebas/workspace/ros_ur_driver/install/ros2controlcli/lib/python3.10/site-packages/ros2controlcli/verb
[2.890s] copying /home/sebas/workspace/ros_ur_driver/build/ros2controlcli/build/lib/ros2controlcli/verb/list_hardware_components.py -> /home/sebas/workspace/ros_ur_driver/install/ros2controlcli/lib/python3.10/site-packages/ros2controlcli/verb
[2.890s] copying /home/sebas/workspace/ros_ur_driver/build/ros2controlcli/build/lib/ros2controlcli/__init__.py -> /home/sebas/workspace/ros_ur_driver/install/ros2controlcli/lib/python3.10/site-packages/ros2controlcli
[2.890s] creating /home/sebas/workspace/ros_ur_driver/install/ros2controlcli/lib/python3.10/site-packages/ros2controlcli/command
[2.890s] copying /home/sebas/workspace/ros_ur_driver/build/ros2controlcli/build/lib/ros2controlcli/command/control.py -> /home/sebas/workspace/ros_ur_driver/install/ros2controlcli/lib/python3.10/site-packages/ros2controlcli/command
[2.890s] copying /home/sebas/workspace/ros_ur_driver/build/ros2controlcli/build/lib/ros2controlcli/command/__init__.py -> /home/sebas/workspace/ros_ur_driver/install/ros2controlcli/lib/python3.10/site-packages/ros2controlcli/command
[2.890s] creating /home/sebas/workspace/ros_ur_driver/install/ros2controlcli/lib/python3.10/site-packages/ros2controlcli/api
[2.891s] copying /home/sebas/workspace/ros_ur_driver/build/ros2controlcli/build/lib/ros2controlcli/api/__init__.py -> /home/sebas/workspace/ros_ur_driver/install/ros2controlcli/lib/python3.10/site-packages/ros2controlcli/api
[2.891s] byte-compiling /home/sebas/workspace/ros_ur_driver/install/ros2controlcli/lib/python3.10/site-packages/ros2controlcli/verb/list_controller_types.py to list_controller_types.cpython-310.pyc
[2.891s] byte-compiling /home/sebas/workspace/ros_ur_driver/install/ros2controlcli/lib/python3.10/site-packages/ros2controlcli/verb/set_hardware_component_state.py to set_hardware_component_state.cpython-310.pyc
[2.895s] byte-compiling /home/sebas/workspace/ros_ur_driver/install/ros2controlcli/lib/python3.10/site-packages/ros2controlcli/verb/switch_controllers.py to switch_controllers.cpython-310.pyc
[2.895s] byte-compiling /home/sebas/workspace/ros_ur_driver/install/ros2controlcli/lib/python3.10/site-packages/ros2controlcli/verb/load_controller.py to load_controller.cpython-310.pyc
[2.895s] byte-compiling /home/sebas/workspace/ros_ur_driver/install/ros2controlcli/lib/python3.10/site-packages/ros2controlcli/verb/list_controllers.py to list_controllers.cpython-310.pyc
[2.895s] byte-compiling /home/sebas/workspace/ros_ur_driver/install/ros2controlcli/lib/python3.10/site-packages/ros2controlcli/verb/set_controller_state.py to set_controller_state.cpython-310.pyc
[2.896s] byte-compiling /home/sebas/workspace/ros_ur_driver/install/ros2controlcli/lib/python3.10/site-packages/ros2controlcli/verb/list_hardware_interfaces.py to list_hardware_interfaces.cpython-310.pyc
[2.896s] byte-compiling /home/sebas/workspace/ros_ur_driver/install/ros2controlcli/lib/python3.10/site-packages/ros2controlcli/verb/__init__.py to __init__.cpython-310.pyc
[2.896s] byte-compiling /home/sebas/workspace/ros_ur_driver/install/ros2controlcli/lib/python3.10/site-packages/ros2controlcli/verb/view_controller_chains.py to view_controller_chains.cpython-310.pyc
[2.896s] byte-compiling /home/sebas/workspace/ros_ur_driver/install/ros2controlcli/lib/python3.10/site-packages/ros2controlcli/verb/unload_controller.py to unload_controller.cpython-310.pyc
[2.896s] byte-compiling /home/sebas/workspace/ros_ur_driver/install/ros2controlcli/lib/python3.10/site-packages/ros2controlcli/verb/reload_controller_libraries.py to reload_controller_libraries.cpython-310.pyc
[2.896s] byte-compiling /home/sebas/workspace/ros_ur_driver/install/ros2controlcli/lib/python3.10/site-packages/ros2controlcli/verb/list_hardware_components.py to list_hardware_components.cpython-310.pyc
[2.897s] byte-compiling /home/sebas/workspace/ros_ur_driver/install/ros2controlcli/lib/python3.10/site-packages/ros2controlcli/__init__.py to __init__.cpython-310.pyc
[2.897s] byte-compiling /home/sebas/workspace/ros_ur_driver/install/ros2controlcli/lib/python3.10/site-packages/ros2controlcli/command/control.py to control.cpython-310.pyc
[2.897s] byte-compiling /home/sebas/workspace/ros_ur_driver/install/ros2controlcli/lib/python3.10/site-packages/ros2controlcli/command/__init__.py to __init__.cpython-310.pyc
[2.897s] byte-compiling /home/sebas/workspace/ros_ur_driver/install/ros2controlcli/lib/python3.10/site-packages/ros2controlcli/api/__init__.py to __init__.cpython-310.pyc
[2.897s] running install_data
[2.897s] copying package.xml -> /home/sebas/workspace/ros_ur_driver/install/ros2controlcli/share/ros2controlcli
[2.897s] creating /home/sebas/workspace/ros_ur_driver/install/ros2controlcli/share/ament_index
[2.897s] creating /home/sebas/workspace/ros_ur_driver/install/ros2controlcli/share/ament_index/resource_index
[2.897s] creating /home/sebas/workspace/ros_ur_driver/install/ros2controlcli/share/ament_index/resource_index/packages
[2.897s] copying resource/ros2controlcli -> /home/sebas/workspace/ros_ur_driver/install/ros2controlcli/share/ament_index/resource_index/packages
[2.897s] running install_egg_info
[2.897s] Copying ../../../build/ros2controlcli/ros2controlcli.egg-info to /home/sebas/workspace/ros_ur_driver/install/ros2controlcli/lib/python3.10/site-packages/ros2controlcli-2.44.0-py3.10.egg-info
[2.897s] running install_scripts
[2.897s] writing list of installed files to '/home/sebas/workspace/ros_ur_driver/build/ros2controlcli/install.log'
[2.902s] Invoked command in '/home/sebas/workspace/ros_ur_driver/src/ros2_control/ros2controlcli' returned '0': CMAKE_PREFIX_PATH=/home/sebas/workspace/ros_ur_driver/install/controller_manager:/home/sebas/workspace/ros_ur_driver/install/hardware_interface_testing:/home/sebas/workspace/ros_ur_driver/install/controller_interface:/home/sebas/workspace/ros_ur_driver/install/hardware_interface:/home/sebas/workspace/ros_ur_driver/install/ros2_control_test_assets:/home/sebas/workspace/ros_ur_driver/install/realtime_tools:/home/sebas/workspace/ros_ur_driver/install/controller_manager_msgs:/home/sebas/workspace/ros_ur_driver/install/control_msgs:/home/sebas/workspace/ros_ur_driver/install/ur:/home/sebas/workspace/ros_ur_driver/install/ur_calibration:/home/sebas/workspace/ros_ur_driver/install/ur_robot_driver:/home/sebas/workspace/ros_ur_driver/install/ur_bringup:/home/sebas/workspace/ros_ur_driver/install/ros2_controllers:/home/sebas/workspace/ros_ur_driver/install/velocity_controllers:/home/sebas/workspace/ros_ur_driver/install/ur_controllers:/home/sebas/workspace/ros_ur_driver/install/ur_msgs:/home/sebas/workspace/ros_ur_driver/install/ur_moveit_config:/home/sebas/workspace/ros_ur_driver/install/ur_description:/home/sebas/workspace/ros_ur_driver/install/ur_dashboard_msgs:/home/sebas/workspace/ros_ur_driver/install/ur_client_library:/home/sebas/workspace/ros_ur_driver/install/tricycle_steering_controller:/home/sebas/workspace/ros_ur_driver/install/tricycle_controller:/home/sebas/workspace/ros_ur_driver/install/ros2_control:/home/sebas/workspace/ros_ur_driver/install/transmission_interface:/home/sebas/workspace/ros_ur_driver/install/bicycle_steering_controller:/home/sebas/workspace/ros_ur_driver/install/ackermann_steering_controller:/home/sebas/workspace/ros_ur_driver/install/steering_controllers_library:/home/sebas/workspace/ros_ur_driver/install/range_sensor_broadcaster:/home/sebas/workspace/ros_ur_driver/install/position_controllers:/home/sebas/workspace/ros_ur_driver/install/pose_broadcaster:/home/sebas/workspace/ros_ur_driver/install/pid_controller:/home/sebas/workspace/ros_ur_driver/install/admittance_controller:/home/sebas/workspace/ros_ur_driver/install/joint_trajectory_controller:/home/sebas/workspace/ros_ur_driver/install/joint_state_broadcaster:/home/sebas/workspace/ros_ur_driver/install/imu_sensor_broadcaster:/home/sebas/workspace/ros_ur_driver/install/gripper_controllers:/home/sebas/workspace/ros_ur_driver/install/effort_controllers:/home/sebas/workspace/ros_ur_driver/install/forward_command_controller:/home/sebas/workspace/ros_ur_driver/install/force_torque_sensor_broadcaster:/home/sebas/workspace/ros_ur_driver/install/diff_drive_controller:/home/sebas/workspace/ros_ur_driver/install/kinematics_interface_kdl:/home/sebas/workspace/ros_ur_driver/install/kinematics_interface:/home/sebas/workspace/ros_ur_driver/install/joint_limits LD_LIBRARY_PATH=/home/sebas/workspace/ros_ur_driver/install/controller_manager/lib:/home/sebas/workspace/ros_ur_driver/install/hardware_interface_testing/lib:/home/sebas/workspace/ros_ur_driver/install/controller_interface/lib:/home/sebas/workspace/ros_ur_driver/install/hardware_interface/lib:/home/sebas/workspace/ros_ur_driver/install/realtime_tools/lib:/home/sebas/workspace/ros_ur_driver/install/controller_manager_msgs/lib:/home/sebas/workspace/ros_ur_driver/install/control_msgs/lib:/home/sebas/workspace/ros_ur_driver/install/ur_robot_driver/lib:/home/sebas/workspace/ros_ur_driver/install/velocity_controllers/lib:/home/sebas/workspace/ros_ur_driver/install/ur_controllers/lib:/home/sebas/workspace/ros_ur_driver/install/ur_msgs/lib:/home/sebas/workspace/ros_ur_driver/install/ur_dashboard_msgs/lib:/home/sebas/workspace/ros_ur_driver/install/ur_client_library/lib:/home/sebas/workspace/ros_ur_driver/install/tricycle_steering_controller/lib:/home/sebas/workspace/ros_ur_driver/install/tricycle_controller/lib:/home/sebas/workspace/ros_ur_driver/install/transmission_interface/lib:/home/sebas/workspace/ros_ur_driver/install/bicycle_steering_controller/lib:/home/sebas/workspace/ros_ur_driver/install/ackermann_steering_controller/lib:/home/sebas/workspace/ros_ur_driver/install/steering_controllers_library/lib:/home/sebas/workspace/ros_ur_driver/install/range_sensor_broadcaster/lib:/home/sebas/workspace/ros_ur_driver/install/position_controllers/lib:/home/sebas/workspace/ros_ur_driver/install/pose_broadcaster/lib:/home/sebas/workspace/ros_ur_driver/install/pid_controller/lib:/home/sebas/workspace/ros_ur_driver/install/admittance_controller/lib:/home/sebas/workspace/ros_ur_driver/install/joint_trajectory_controller/lib:/home/sebas/workspace/ros_ur_driver/install/joint_state_broadcaster/lib:/home/sebas/workspace/ros_ur_driver/install/imu_sensor_broadcaster/lib:/home/sebas/workspace/ros_ur_driver/install/gripper_controllers/lib:/home/sebas/workspace/ros_ur_driver/install/effort_controllers/lib:/home/sebas/workspace/ros_ur_driver/install/forward_command_controller/lib:/home/sebas/workspace/ros_ur_driver/install/force_torque_sensor_broadcaster/lib:/home/sebas/workspace/ros_ur_driver/install/diff_drive_controller/lib:/home/sebas/workspace/ros_ur_driver/install/kinematics_interface_kdl/lib:/home/sebas/workspace/ros_ur_driver/install/kinematics_interface/lib:/opt/ros/humble/opt/rviz_ogre_vendor/lib:/opt/ros/humble/lib/x86_64-linux-gnu:/opt/ros/humble/lib PYTHONPATH=/home/sebas/workspace/ros_ur_driver/build/ros2controlcli/prefix_override:/usr/lib/python3/dist-packages/colcon_core/task/python/colcon_distutils_commands:/home/sebas/workspace/ros_ur_driver/install/ros2controlcli/lib/python3.10/site-packages:${PYTHONPATH} /usr/bin/python3 -W ignore:setup.py install is deprecated setup.py egg_info --egg-base ../../../build/ros2controlcli build --build-base /home/sebas/workspace/ros_ur_driver/build/ros2controlcli/build install --record /home/sebas/workspace/ros_ur_driver/build/ros2controlcli/install.log --single-version-externally-managed install_data
