-- The CXX compiler identification is GNU 11.4.0
-- Detecting CXX compiler ABI info
-- Detecting CXX compiler ABI info - done
-- Check for working CXX compiler: /usr/bin/c++ - skipped
-- Detecting CXX compile features
-- Detecting CXX compile features - done
-- Found ament_cmake: 1.3.10 (/opt/ros/humble/share/ament_cmake/cmake)
-- Found Python3: /usr/bin/python3 (found version "3.10.12") found components: Interpreter 
-- Found rclcpp: 16.0.10 (/opt/ros/humble/share/rclcpp/cmake)
-- Found rosidl_generator_c: 3.1.5 (/opt/ros/humble/share/rosidl_generator_c/cmake)
-- Found rosidl_adapter: 3.1.5 (/opt/ros/humble/share/rosidl_adapter/cmake)
-- Found rosidl_generator_cpp: 3.1.5 (/opt/ros/humble/share/rosidl_generator_cpp/cmake)
-- Using all available rosidl_typesupport_c: rosidl_typesupport_fastrtps_c;rosidl_typesupport_introspection_c
-- Using all available rosidl_typesupport_cpp: rosidl_typesupport_fastrtps_cpp;rosidl_typesupport_introspection_cpp
-- Found rmw_implementation_cmake: 6.1.2 (/opt/ros/humble/share/rmw_implementation_cmake/cmake)
-- Found rmw_fastrtps_cpp: 6.2.7 (/opt/ros/humble/share/rmw_fastrtps_cpp/cmake)
-- Found OpenSSL: /usr/lib/x86_64-linux-gnu/libcrypto.so (found version "3.0.2")  
-- Found FastRTPS: /opt/ros/humble/include  
-- Using RMW implementation 'rmw_fastrtps_cpp' as default
-- Looking for C++ include pthread.h
-- Looking for C++ include pthread.h - found
-- Performing Test CMAKE_HAVE_LIBC_PTHREAD
-- Performing Test CMAKE_HAVE_LIBC_PTHREAD - Success
-- Found Threads: TRUE  
-- Found rclcpp_action: 16.0.10 (/opt/ros/humble/share/rclcpp_action/cmake)
-- Found ament_cmake_gmock: 1.3.10 (/opt/ros/humble/share/ament_cmake_gmock/cmake)
-- Found lifecycle_msgs: 1.2.1 (/opt/ros/humble/share/lifecycle_msgs/cmake)
-- Found rclcpp_lifecycle: 16.0.10 (/opt/ros/humble/share/rclcpp_lifecycle/cmake)
-- Found test_msgs: 1.2.1 (/opt/ros/humble/share/test_msgs/cmake)
-- Found gmock sources under '/opt/ros/humble/src/gmock_vendor': C++ tests using 'Google Mock' will be built
-- The C compiler identification is GNU 11.4.0
-- Detecting C compiler ABI info
-- Detecting C compiler ABI info - done
-- Check for working C compiler: /usr/bin/cc - skipped
-- Detecting C compile features
-- Detecting C compile features - done
-- Found ament_cmake_gtest: 1.3.10 (/opt/ros/humble/share/ament_cmake_gtest/cmake)
-- Found gtest sources under '/opt/ros/humble/src/gtest_vendor': C++ tests using 'Google Test' will be built
-- Configuring done
-- Generating done
-- Build files have been written to: /home/sebas/workspace/ros_ur_driver/build/realtime_tools
[  3%] [32mBuilding CXX object CMakeFiles/realtime_tools.dir/src/realtime_clock.cpp.o[0m
[  7%] [32mBuilding CXX object CMakeFiles/realtime_tools.dir/src/realtime_helpers.cpp.o[0m
[ 10%] [32mBuilding CXX object gmock/CMakeFiles/gmock.dir/src/gmock-all.cc.o[0m
[ 14%] [32mBuilding CXX object gmock/CMakeFiles/gmock.dir/opt/ros/humble/src/gtest_vendor/src/gtest-all.cc.o[0m
[ 17%] [32mBuilding CXX object gmock/CMakeFiles/gmock_main.dir/src/gmock_main.cc.o[0m
[ 21%] [32mBuilding CXX object CMakeFiles/thread_priority.dir/src/realtime_helpers.cpp.o[0m
[ 25%] [32m[1mLinking CXX shared library libthread_priority.so[0m
[ 25%] Built target thread_priority
[ 28%] [32m[1mLinking CXX shared library librealtime_tools.so[0m
[ 28%] Built target realtime_tools
[ 32%] [32m[1mLinking CXX static library libgmock_main.a[0m
[ 32%] Built target gmock_main
[ 35%] [32m[1mLinking CXX static library libgmock.a[0m
[ 35%] Built target gmock
[ 39%] [32mBuilding CXX object CMakeFiles/realtime_clock_tests.dir/test/realtime_clock_tests.cpp.o[0m
[ 42%] [32mBuilding CXX object CMakeFiles/thread_priority_tests.dir/test/thread_priority_tests.cpp.o[0m
[ 46%] [32mBuilding CXX object CMakeFiles/realtime_box_tests.dir/test/realtime_box_tests.cpp.o[0m
[ 50%] [32mBuilding CXX object CMakeFiles/realtime_box_best_effort_tests.dir/test/realtime_box_best_effort_tests.cpp.o[0m
[ 53%] [32mBuilding CXX object CMakeFiles/realtime_publisher_tests.dir/test/realtime_publisher_tests.cpp.o[0m
[ 57%] [32mBuilding CXX object CMakeFiles/realtime_buffer_tests.dir/test/realtime_buffer_tests.cpp.o[0m
[ 60%] [32mBuilding CXX object CMakeFiles/realtime_publisher_tests_non_polling.dir/test/realtime_publisher_tests_non_polling.cpp.o[0m
[ 64%] [32mBuilding CXX object CMakeFiles/realtime_server_goal_handle_tests.dir/test/realtime_server_goal_handle_tests.cpp.o[0m
[ 67%] [32mBuilding CXX object CMakeFiles/test_async_function_handler.dir/test/test_async_function_handler.cpp.o[0m
[ 71%] [32m[1mLinking CXX executable realtime_clock_tests[0m
[ 75%] [32m[1mLinking CXX executable realtime_box_tests[0m
[ 78%] [32m[1mLinking CXX executable realtime_buffer_tests[0m
[ 78%] Built target realtime_clock_tests
[ 78%] Built target realtime_box_tests
[ 78%] Built target realtime_buffer_tests
[ 82%] [32m[1mLinking CXX executable thread_priority_tests[0m
[ 85%] [32m[1mLinking CXX executable realtime_box_best_effort_tests[0m
[ 85%] Built target realtime_box_best_effort_tests
[ 85%] Built target thread_priority_tests
[ 89%] [32m[1mLinking CXX executable test_async_function_handler[0m
[ 89%] Built target test_async_function_handler
[ 92%] [32m[1mLinking CXX executable realtime_server_goal_handle_tests[0m
[ 92%] Built target realtime_server_goal_handle_tests
[ 96%] [32m[1mLinking CXX executable realtime_publisher_tests[0m
[ 96%] Built target realtime_publisher_tests
[100%] [32m[1mLinking CXX executable realtime_publisher_tests_non_polling[0m
[100%] Built target realtime_publisher_tests_non_polling
-- Install configuration: ""
-- Installing: /home/sebas/workspace/ros_ur_driver/install/realtime_tools/include/realtime_tools
-- Installing: /home/sebas/workspace/ros_ur_driver/install/realtime_tools/include/realtime_tools/realtime_tools
-- Installing: /home/sebas/workspace/ros_ur_driver/install/realtime_tools/include/realtime_tools/realtime_tools/realtime_publisher.h
-- Installing: /home/sebas/workspace/ros_ur_driver/install/realtime_tools/include/realtime_tools/realtime_tools/thread_priority.hpp
-- Installing: /home/sebas/workspace/ros_ur_driver/install/realtime_tools/include/realtime_tools/realtime_tools/realtime_server_goal_handle.h
-- Installing: /home/sebas/workspace/ros_ur_driver/install/realtime_tools/include/realtime_tools/realtime_tools/async_function_handler.hpp
-- Installing: /home/sebas/workspace/ros_ur_driver/install/realtime_tools/include/realtime_tools/realtime_tools/realtime_box_best_effort.h
-- Installing: /home/sebas/workspace/ros_ur_driver/install/realtime_tools/include/realtime_tools/realtime_tools/realtime_helpers.hpp
-- Installing: /home/sebas/workspace/ros_ur_driver/install/realtime_tools/include/realtime_tools/realtime_tools/realtime_box.h
-- Installing: /home/sebas/workspace/ros_ur_driver/install/realtime_tools/include/realtime_tools/realtime_tools/realtime_buffer.h
-- Installing: /home/sebas/workspace/ros_ur_driver/install/realtime_tools/include/realtime_tools/realtime_tools/realtime_clock.h
-- Installing: /home/sebas/workspace/ros_ur_driver/install/realtime_tools/lib/librealtime_tools.so
-- Set runtime path of "/home/sebas/workspace/ros_ur_driver/install/realtime_tools/lib/librealtime_tools.so" to ""
-- Installing: /home/sebas/workspace/ros_ur_driver/install/realtime_tools/lib/libthread_priority.so
-- Set runtime path of "/home/sebas/workspace/ros_ur_driver/install/realtime_tools/lib/libthread_priority.so" to ""
-- Installing: /home/sebas/workspace/ros_ur_driver/install/realtime_tools/share/realtime_tools/environment/library_path.sh
-- Installing: /home/sebas/workspace/ros_ur_driver/install/realtime_tools/share/realtime_tools/environment/library_path.dsv
-- Installing: /home/sebas/workspace/ros_ur_driver/install/realtime_tools/share/ament_index/resource_index/package_run_dependencies/realtime_tools
-- Installing: /home/sebas/workspace/ros_ur_driver/install/realtime_tools/share/ament_index/resource_index/parent_prefix_path/realtime_tools
-- Installing: /home/sebas/workspace/ros_ur_driver/install/realtime_tools/share/realtime_tools/environment/ament_prefix_path.sh
-- Installing: /home/sebas/workspace/ros_ur_driver/install/realtime_tools/share/realtime_tools/environment/ament_prefix_path.dsv
-- Installing: /home/sebas/workspace/ros_ur_driver/install/realtime_tools/share/realtime_tools/environment/path.sh
-- Installing: /home/sebas/workspace/ros_ur_driver/install/realtime_tools/share/realtime_tools/environment/path.dsv
-- Installing: /home/sebas/workspace/ros_ur_driver/install/realtime_tools/share/realtime_tools/local_setup.bash
-- Installing: /home/sebas/workspace/ros_ur_driver/install/realtime_tools/share/realtime_tools/local_setup.sh
-- Installing: /home/sebas/workspace/ros_ur_driver/install/realtime_tools/share/realtime_tools/local_setup.zsh
-- Installing: /home/sebas/workspace/ros_ur_driver/install/realtime_tools/share/realtime_tools/local_setup.dsv
-- Installing: /home/sebas/workspace/ros_ur_driver/install/realtime_tools/share/realtime_tools/package.dsv
-- Installing: /home/sebas/workspace/ros_ur_driver/install/realtime_tools/share/ament_index/resource_index/packages/realtime_tools
-- Installing: /home/sebas/workspace/ros_ur_driver/install/realtime_tools/share/realtime_tools/cmake/export_realtime_toolsExport.cmake
-- Installing: /home/sebas/workspace/ros_ur_driver/install/realtime_tools/share/realtime_tools/cmake/export_realtime_toolsExport-noconfig.cmake
-- Installing: /home/sebas/workspace/ros_ur_driver/install/realtime_tools/share/realtime_tools/cmake/ament_cmake_export_targets-extras.cmake
-- Installing: /home/sebas/workspace/ros_ur_driver/install/realtime_tools/share/realtime_tools/cmake/ament_cmake_export_dependencies-extras.cmake
-- Installing: /home/sebas/workspace/ros_ur_driver/install/realtime_tools/share/realtime_tools/cmake/realtime_toolsConfig.cmake
-- Installing: /home/sebas/workspace/ros_ur_driver/install/realtime_tools/share/realtime_tools/cmake/realtime_toolsConfig-version.cmake
-- Installing: /home/sebas/workspace/ros_ur_driver/install/realtime_tools/share/realtime_tools/package.xml
