[0.028s] Invoking command in '/home/sebas/workspace/ros_ur_driver/build/realtime_tools': CMAKE_PREFIX_PATH=${CMAKE_PREFIX_PATH}:/home/sebas/workspace/ros_ur_driver/install/ur3_rl:/home/sebas/workspace/ros_ur_driver/install/rqt_joint_trajectory_controller:/home/sebas/workspace/ros_ur_driver/install/rqt_controller_manager:/home/sebas/workspace/ros_ur_driver/install/ros2controlcli:/home/sebas/workspace/ros_ur_driver/install/ros2_controllers_test_nodes:/opt/ros/humble /usr/bin/cmake /home/sebas/workspace/ros_ur_driver/src/realtime_tools -DCMAKE_INSTALL_PREFIX=/home/sebas/workspace/ros_ur_driver/install/realtime_tools
[0.300s] -- The CXX compiler identification is GNU 11.4.0
[0.300s] -- Detecting CXX compiler ABI info
[0.300s] -- Detecting CXX compiler ABI info - done
[0.300s] -- Check for working CXX compiler: /usr/bin/c++ - skipped
[0.300s] -- Detecting CXX compile features
[0.301s] -- Detecting CXX compile features - done
[0.301s] -- Found ament_cmake: 1.3.10 (/opt/ros/humble/share/ament_cmake/cmake)
[0.683s] -- Found Python3: /usr/bin/python3 (found version "3.10.12") found components: Interpreter 
[0.836s] -- Found rclcpp: 16.0.10 (/opt/ros/humble/share/rclcpp/cmake)
[0.901s] -- Found rosidl_generator_c: 3.1.5 (/opt/ros/humble/share/rosidl_generator_c/cmake)
[0.910s] -- Found rosidl_adapter: 3.1.5 (/opt/ros/humble/share/rosidl_adapter/cmake)
[0.922s] -- Found rosidl_generator_cpp: 3.1.5 (/opt/ros/humble/share/rosidl_generator_cpp/cmake)
[0.942s] -- Using all available rosidl_typesupport_c: rosidl_typesupport_fastrtps_c;rosidl_typesupport_introspection_c
[0.967s] -- Using all available rosidl_typesupport_cpp: rosidl_typesupport_fastrtps_cpp;rosidl_typesupport_introspection_cpp
[1.022s] -- Found rmw_implementation_cmake: 6.1.2 (/opt/ros/humble/share/rmw_implementation_cmake/cmake)
[1.027s] -- Found rmw_fastrtps_cpp: 6.2.7 (/opt/ros/humble/share/rmw_fastrtps_cpp/cmake)
[1.180s] -- Found OpenSSL: /usr/lib/x86_64-linux-gnu/libcrypto.so (found version "3.0.2")  
[1.222s] -- Found FastRTPS: /opt/ros/humble/include  
[1.277s] -- Using RMW implementation 'rmw_fastrtps_cpp' as default
[1.286s] -- Looking for C++ include pthread.h
[1.538s] -- Looking for C++ include pthread.h - found
[1.538s] -- Performing Test CMAKE_HAVE_LIBC_PTHREAD
[1.874s] -- Performing Test CMAKE_HAVE_LIBC_PTHREAD - Success
[1.876s] -- Found Threads: TRUE  
[2.060s] -- Found rclcpp_action: 16.0.10 (/opt/ros/humble/share/rclcpp_action/cmake)
[2.196s] -- Found ament_cmake_gmock: 1.3.10 (/opt/ros/humble/share/ament_cmake_gmock/cmake)
[2.199s] -- Found lifecycle_msgs: 1.2.1 (/opt/ros/humble/share/lifecycle_msgs/cmake)
[2.233s] -- Found rclcpp_lifecycle: 16.0.10 (/opt/ros/humble/share/rclcpp_lifecycle/cmake)
[2.260s] -- Found test_msgs: 1.2.1 (/opt/ros/humble/share/test_msgs/cmake)
[2.305s] -- Found gmock sources under '/opt/ros/humble/src/gmock_vendor': C++ tests using 'Google Mock' will be built
[2.486s] -- The C compiler identification is GNU 11.4.0
[2.508s] -- Detecting C compiler ABI info
[2.758s] -- Detecting C compiler ABI info - done
[2.781s] -- Check for working C compiler: /usr/bin/cc - skipped
[2.782s] -- Detecting C compile features
[2.786s] -- Detecting C compile features - done
[2.797s] -- Found ament_cmake_gtest: 1.3.10 (/opt/ros/humble/share/ament_cmake_gtest/cmake)
[2.803s] -- Found gtest sources under '/opt/ros/humble/src/gtest_vendor': C++ tests using 'Google Test' will be built
[3.081s] -- Configuring done
[3.204s] -- Generating done
[3.210s] -- Build files have been written to: /home/sebas/workspace/ros_ur_driver/build/realtime_tools
[3.280s] Invoked command in '/home/sebas/workspace/ros_ur_driver/build/realtime_tools' returned '0': CMAKE_PREFIX_PATH=${CMAKE_PREFIX_PATH}:/home/sebas/workspace/ros_ur_driver/install/ur3_rl:/home/sebas/workspace/ros_ur_driver/install/rqt_joint_trajectory_controller:/home/sebas/workspace/ros_ur_driver/install/rqt_controller_manager:/home/sebas/workspace/ros_ur_driver/install/ros2controlcli:/home/sebas/workspace/ros_ur_driver/install/ros2_controllers_test_nodes:/opt/ros/humble /usr/bin/cmake /home/sebas/workspace/ros_ur_driver/src/realtime_tools -DCMAKE_INSTALL_PREFIX=/home/sebas/workspace/ros_ur_driver/install/realtime_tools
[3.283s] Invoking command in '/home/sebas/workspace/ros_ur_driver/build/realtime_tools': CMAKE_PREFIX_PATH=${CMAKE_PREFIX_PATH}:/home/sebas/workspace/ros_ur_driver/install/ur3_rl:/home/sebas/workspace/ros_ur_driver/install/rqt_joint_trajectory_controller:/home/sebas/workspace/ros_ur_driver/install/rqt_controller_manager:/home/sebas/workspace/ros_ur_driver/install/ros2controlcli:/home/sebas/workspace/ros_ur_driver/install/ros2_controllers_test_nodes:/opt/ros/humble /usr/bin/cmake --build /home/sebas/workspace/ros_ur_driver/build/realtime_tools -- -j12 -l12
[3.474s] [  3%] [32mBuilding CXX object CMakeFiles/realtime_tools.dir/src/realtime_clock.cpp.o[0m
[3.476s] [  7%] [32mBuilding CXX object CMakeFiles/realtime_tools.dir/src/realtime_helpers.cpp.o[0m
[3.484s] [ 10%] [32mBuilding CXX object gmock/CMakeFiles/gmock.dir/src/gmock-all.cc.o[0m
[3.484s] [ 14%] [32mBuilding CXX object gmock/CMakeFiles/gmock.dir/opt/ros/humble/src/gtest_vendor/src/gtest-all.cc.o[0m
[3.489s] [ 17%] [32mBuilding CXX object gmock/CMakeFiles/gmock_main.dir/src/gmock_main.cc.o[0m
[3.512s] [ 21%] [32mBuilding CXX object CMakeFiles/thread_priority.dir/src/realtime_helpers.cpp.o[0m
[5.014s] [ 25%] [32m[1mLinking CXX shared library libthread_priority.so[0m
[5.691s] [ 25%] Built target thread_priority
[6.995s] [ 28%] [32m[1mLinking CXX shared library librealtime_tools.so[0m
[7.469s] [ 28%] Built target realtime_tools
[7.920s] [ 32%] [32m[1mLinking CXX static library libgmock_main.a[0m
[8.105s] [ 32%] Built target gmock_main
[13.377s] [ 35%] [32m[1mLinking CXX static library libgmock.a[0m
[13.762s] [ 35%] Built target gmock
[13.923s] [ 39%] [32mBuilding CXX object CMakeFiles/realtime_clock_tests.dir/test/realtime_clock_tests.cpp.o[0m
[13.937s] [ 42%] [32mBuilding CXX object CMakeFiles/thread_priority_tests.dir/test/thread_priority_tests.cpp.o[0m
[13.941s] [ 46%] [32mBuilding CXX object CMakeFiles/realtime_box_tests.dir/test/realtime_box_tests.cpp.o[0m
[13.947s] [ 50%] [32mBuilding CXX object CMakeFiles/realtime_box_best_effort_tests.dir/test/realtime_box_best_effort_tests.cpp.o[0m
[13.954s] [ 53%] [32mBuilding CXX object CMakeFiles/realtime_publisher_tests.dir/test/realtime_publisher_tests.cpp.o[0m
[13.969s] [ 57%] [32mBuilding CXX object CMakeFiles/realtime_buffer_tests.dir/test/realtime_buffer_tests.cpp.o[0m
[13.973s] [ 60%] [32mBuilding CXX object CMakeFiles/realtime_publisher_tests_non_polling.dir/test/realtime_publisher_tests_non_polling.cpp.o[0m
[13.973s] [ 64%] [32mBuilding CXX object CMakeFiles/realtime_server_goal_handle_tests.dir/test/realtime_server_goal_handle_tests.cpp.o[0m
[14.004s] [ 67%] [32mBuilding CXX object CMakeFiles/test_async_function_handler.dir/test/test_async_function_handler.cpp.o[0m
[20.811s] [ 71%] [32m[1mLinking CXX executable realtime_clock_tests[0m
[21.628s] [ 75%] [32m[1mLinking CXX executable realtime_box_tests[0m
[21.764s] [ 78%] [32m[1mLinking CXX executable realtime_buffer_tests[0m
[21.995s] [ 78%] Built target realtime_clock_tests
[22.341s] [ 78%] Built target realtime_box_tests
[22.524s] [ 78%] Built target realtime_buffer_tests
[22.622s] [ 82%] [32m[1mLinking CXX executable thread_priority_tests[0m
[22.687s] [ 85%] [32m[1mLinking CXX executable realtime_box_best_effort_tests[0m
[23.216s] [ 85%] Built target realtime_box_best_effort_tests
[23.334s] [ 85%] Built target thread_priority_tests
[27.895s] [ 89%] [32m[1mLinking CXX executable test_async_function_handler[0m
[28.284s] [ 89%] Built target test_async_function_handler
[28.695s] [ 92%] [32m[1mLinking CXX executable realtime_server_goal_handle_tests[0m
[29.071s] [ 92%] Built target realtime_server_goal_handle_tests
[31.023s] [ 96%] [32m[1mLinking CXX executable realtime_publisher_tests[0m
[31.559s] [ 96%] Built target realtime_publisher_tests
[32.433s] [100%] [32m[1mLinking CXX executable realtime_publisher_tests_non_polling[0m
[33.245s] [100%] Built target realtime_publisher_tests_non_polling
[33.260s] Invoked command in '/home/sebas/workspace/ros_ur_driver/build/realtime_tools' returned '0': CMAKE_PREFIX_PATH=${CMAKE_PREFIX_PATH}:/home/sebas/workspace/ros_ur_driver/install/ur3_rl:/home/sebas/workspace/ros_ur_driver/install/rqt_joint_trajectory_controller:/home/sebas/workspace/ros_ur_driver/install/rqt_controller_manager:/home/sebas/workspace/ros_ur_driver/install/ros2controlcli:/home/sebas/workspace/ros_ur_driver/install/ros2_controllers_test_nodes:/opt/ros/humble /usr/bin/cmake --build /home/sebas/workspace/ros_ur_driver/build/realtime_tools -- -j12 -l12
[33.371s] Invoking command in '/home/sebas/workspace/ros_ur_driver/build/realtime_tools': CMAKE_PREFIX_PATH=${CMAKE_PREFIX_PATH}:/home/sebas/workspace/ros_ur_driver/install/ur3_rl:/home/sebas/workspace/ros_ur_driver/install/rqt_joint_trajectory_controller:/home/sebas/workspace/ros_ur_driver/install/rqt_controller_manager:/home/sebas/workspace/ros_ur_driver/install/ros2controlcli:/home/sebas/workspace/ros_ur_driver/install/ros2_controllers_test_nodes:/opt/ros/humble /usr/bin/cmake --install /home/sebas/workspace/ros_ur_driver/build/realtime_tools
[33.381s] -- Install configuration: ""
[33.381s] -- Installing: /home/sebas/workspace/ros_ur_driver/install/realtime_tools/include/realtime_tools
[33.381s] -- Installing: /home/sebas/workspace/ros_ur_driver/install/realtime_tools/include/realtime_tools/realtime_tools
[33.381s] -- Installing: /home/sebas/workspace/ros_ur_driver/install/realtime_tools/include/realtime_tools/realtime_tools/realtime_publisher.h
[33.381s] -- Installing: /home/sebas/workspace/ros_ur_driver/install/realtime_tools/include/realtime_tools/realtime_tools/thread_priority.hpp
[33.381s] -- Installing: /home/sebas/workspace/ros_ur_driver/install/realtime_tools/include/realtime_tools/realtime_tools/realtime_server_goal_handle.h
[33.381s] -- Installing: /home/sebas/workspace/ros_ur_driver/install/realtime_tools/include/realtime_tools/realtime_tools/async_function_handler.hpp
[33.381s] -- Installing: /home/sebas/workspace/ros_ur_driver/install/realtime_tools/include/realtime_tools/realtime_tools/realtime_box_best_effort.h
[33.381s] -- Installing: /home/sebas/workspace/ros_ur_driver/install/realtime_tools/include/realtime_tools/realtime_tools/realtime_helpers.hpp
[33.382s] -- Installing: /home/sebas/workspace/ros_ur_driver/install/realtime_tools/include/realtime_tools/realtime_tools/realtime_box.h
[33.382s] -- Installing: /home/sebas/workspace/ros_ur_driver/install/realtime_tools/include/realtime_tools/realtime_tools/realtime_buffer.h
[33.382s] -- Installing: /home/sebas/workspace/ros_ur_driver/install/realtime_tools/include/realtime_tools/realtime_tools/realtime_clock.h
[33.382s] -- Installing: /home/sebas/workspace/ros_ur_driver/install/realtime_tools/lib/librealtime_tools.so
[33.383s] -- Set runtime path of "/home/sebas/workspace/ros_ur_driver/install/realtime_tools/lib/librealtime_tools.so" to ""
[33.383s] -- Installing: /home/sebas/workspace/ros_ur_driver/install/realtime_tools/lib/libthread_priority.so
[33.383s] -- Set runtime path of "/home/sebas/workspace/ros_ur_driver/install/realtime_tools/lib/libthread_priority.so" to ""
[33.383s] -- Installing: /home/sebas/workspace/ros_ur_driver/install/realtime_tools/share/realtime_tools/environment/library_path.sh
[33.383s] -- Installing: /home/sebas/workspace/ros_ur_driver/install/realtime_tools/share/realtime_tools/environment/library_path.dsv
[33.384s] -- Installing: /home/sebas/workspace/ros_ur_driver/install/realtime_tools/share/ament_index/resource_index/package_run_dependencies/realtime_tools
[33.384s] -- Installing: /home/sebas/workspace/ros_ur_driver/install/realtime_tools/share/ament_index/resource_index/parent_prefix_path/realtime_tools
[33.384s] -- Installing: /home/sebas/workspace/ros_ur_driver/install/realtime_tools/share/realtime_tools/environment/ament_prefix_path.sh
[33.384s] -- Installing: /home/sebas/workspace/ros_ur_driver/install/realtime_tools/share/realtime_tools/environment/ament_prefix_path.dsv
[33.384s] -- Installing: /home/sebas/workspace/ros_ur_driver/install/realtime_tools/share/realtime_tools/environment/path.sh
[33.384s] -- Installing: /home/sebas/workspace/ros_ur_driver/install/realtime_tools/share/realtime_tools/environment/path.dsv
[33.384s] -- Installing: /home/sebas/workspace/ros_ur_driver/install/realtime_tools/share/realtime_tools/local_setup.bash
[33.385s] -- Installing: /home/sebas/workspace/ros_ur_driver/install/realtime_tools/share/realtime_tools/local_setup.sh
[33.385s] -- Installing: /home/sebas/workspace/ros_ur_driver/install/realtime_tools/share/realtime_tools/local_setup.zsh
[33.385s] -- Installing: /home/sebas/workspace/ros_ur_driver/install/realtime_tools/share/realtime_tools/local_setup.dsv
[33.385s] -- Installing: /home/sebas/workspace/ros_ur_driver/install/realtime_tools/share/realtime_tools/package.dsv
[33.385s] -- Installing: /home/sebas/workspace/ros_ur_driver/install/realtime_tools/share/ament_index/resource_index/packages/realtime_tools
[33.385s] -- Installing: /home/sebas/workspace/ros_ur_driver/install/realtime_tools/share/realtime_tools/cmake/export_realtime_toolsExport.cmake
[33.386s] -- Installing: /home/sebas/workspace/ros_ur_driver/install/realtime_tools/share/realtime_tools/cmake/export_realtime_toolsExport-noconfig.cmake
[33.386s] -- Installing: /home/sebas/workspace/ros_ur_driver/install/realtime_tools/share/realtime_tools/cmake/ament_cmake_export_targets-extras.cmake
[33.386s] -- Installing: /home/sebas/workspace/ros_ur_driver/install/realtime_tools/share/realtime_tools/cmake/ament_cmake_export_dependencies-extras.cmake
[33.386s] -- Installing: /home/sebas/workspace/ros_ur_driver/install/realtime_tools/share/realtime_tools/cmake/realtime_toolsConfig.cmake
[33.386s] -- Installing: /home/sebas/workspace/ros_ur_driver/install/realtime_tools/share/realtime_tools/cmake/realtime_toolsConfig-version.cmake
[33.386s] -- Installing: /home/sebas/workspace/ros_ur_driver/install/realtime_tools/share/realtime_tools/package.xml
[33.391s] Invoked command in '/home/sebas/workspace/ros_ur_driver/build/realtime_tools' returned '0': CMAKE_PREFIX_PATH=${CMAKE_PREFIX_PATH}:/home/sebas/workspace/ros_ur_driver/install/ur3_rl:/home/sebas/workspace/ros_ur_driver/install/rqt_joint_trajectory_controller:/home/sebas/workspace/ros_ur_driver/install/rqt_controller_manager:/home/sebas/workspace/ros_ur_driver/install/ros2controlcli:/home/sebas/workspace/ros_ur_driver/install/ros2_controllers_test_nodes:/opt/ros/humble /usr/bin/cmake --install /home/sebas/workspace/ros_ur_driver/build/realtime_tools
