-- The CXX compiler identification is GNU 11.4.0
-- Detecting CXX compiler ABI info
-- Detecting CXX compiler ABI info - done
-- Check for working CXX compiler: /usr/bin/c++ - skipped
-- Detecting CXX compile features
-- Detecting CXX compile features - done
-- Found ament_cmake: 1.3.10 (/opt/ros/humble/share/ament_cmake/cmake)
-- Found Python3: /usr/bin/python3 (found version "3.10.12") found components: Interpreter 
-- Found angles: 1.15.0 (/opt/ros/humble/share/angles/cmake)
-- Found control_msgs: 4.6.0 (/home/sebas/workspace/ros_ur_driver/install/control_msgs/share/control_msgs/cmake)
-- Found rosidl_generator_c: 3.1.5 (/opt/ros/humble/share/rosidl_generator_c/cmake)
-- Found rosidl_adapter: 3.1.5 (/opt/ros/humble/share/rosidl_adapter/cmake)
-- Found rosidl_generator_cpp: 3.1.5 (/opt/ros/humble/share/rosidl_generator_cpp/cmake)
-- Using all available rosidl_typesupport_c: rosidl_typesupport_fastrtps_c;rosidl_typesupport_introspection_c
-- Using all available rosidl_typesupport_cpp: rosidl_typesupport_fastrtps_cpp;rosidl_typesupport_introspection_cpp
-- Found control_toolbox: 3.3.0 (/opt/ros/humble/share/control_toolbox/cmake)
-- Found rmw_implementation_cmake: 6.1.2 (/opt/ros/humble/share/rmw_implementation_cmake/cmake)
-- Found rmw_fastrtps_cpp: 6.2.7 (/opt/ros/humble/share/rmw_fastrtps_cpp/cmake)
-- Found OpenSSL: /usr/lib/x86_64-linux-gnu/libcrypto.so (found version "3.0.2")  
-- Found FastRTPS: /opt/ros/humble/include  
-- Using RMW implementation 'rmw_fastrtps_cpp' as default
-- Looking for C++ include pthread.h
-- Looking for C++ include pthread.h - found
-- Performing Test CMAKE_HAVE_LIBC_PTHREAD
-- Performing Test CMAKE_HAVE_LIBC_PTHREAD - Success
-- Found Threads: TRUE  
-- Found parameter_traits: 0.3.9 (/opt/ros/humble/share/parameter_traits/cmake)
-- Found rclcpp_lifecycle: 16.0.10 (/opt/ros/humble/share/rclcpp_lifecycle/cmake)
-- Found controller_interface: 2.44.0 (/home/sebas/workspace/ros_ur_driver/install/controller_interface/share/controller_interface/cmake)
-- Found std_srvs: 4.2.4 (/opt/ros/humble/share/std_srvs/cmake)
-- Found ament_cmake_gmock: 1.3.10 (/opt/ros/humble/share/ament_cmake_gmock/cmake)
-- Found controller_manager: 2.44.0 (/home/sebas/workspace/ros_ur_driver/install/controller_manager/share/controller_manager/cmake)
-- Found ros2_control_test_assets: 2.44.0 (/home/sebas/workspace/ros_ur_driver/install/ros2_control_test_assets/share/ros2_control_test_assets/cmake)
-- Found gmock sources under '/opt/ros/humble/src/gmock_vendor': C++ tests using 'Google Mock' will be built
-- The C compiler identification is GNU 11.4.0
-- Detecting C compiler ABI info
-- Detecting C compiler ABI info - done
-- Check for working C compiler: /usr/bin/cc - skipped
-- Detecting C compile features
-- Detecting C compile features - done
-- Found ament_cmake_gtest: 1.3.10 (/opt/ros/humble/share/ament_cmake_gtest/cmake)
-- Found gtest sources under '/opt/ros/humble/src/gtest_vendor': C++ tests using 'Google Test' will be built
-- Found gmock sources under '/opt/ros/humble/src/gmock_vendor': C++ tests using 'Google Mock' will be built
-- Found ament_cmake_gtest: 1.3.10 (/opt/ros/humble/share/ament_cmake_gtest/cmake)
-- Found gtest sources under '/opt/ros/humble/src/gtest_vendor': C++ tests using 'Google Test' will be built
-- Found gmock sources under '/opt/ros/humble/src/gmock_vendor': C++ tests using 'Google Mock' will be built
-- Found ament_cmake_gtest: 1.3.10 (/opt/ros/humble/share/ament_cmake_gtest/cmake)
-- Found gtest sources under '/opt/ros/humble/src/gtest_vendor': C++ tests using 'Google Test' will be built
-- Configuring done
-- Generating done
-- Build files have been written to: /home/sebas/workspace/ros_ur_driver/build/pid_controller
[  7%] [34m[1mRunning `/opt/ros/humble/bin/generate_parameter_library_cpp /home/sebas/workspace/ros_ur_driver/build/pid_controller/pid_controller_parameters/include//pid_controller_parameters.hpp /home/sebas/workspace/ros_ur_driver/src/ros2_controllers/pid_controller/src/pid_controller.yaml `[0m
[ 14%] [32mBuilding CXX object gmock/CMakeFiles/gmock.dir/opt/ros/humble/src/gtest_vendor/src/gtest-all.cc.o[0m
[ 21%] [32mBuilding CXX object gmock/CMakeFiles/gmock_main.dir/src/gmock_main.cc.o[0m
[ 28%] [32mBuilding CXX object gmock/CMakeFiles/gmock.dir/src/gmock-all.cc.o[0m
[ 35%] [32m[1mLinking CXX static library libgmock_main.a[0m
[ 35%] Built target gmock_main
[ 35%] Built target pid_controller_parameters
[ 42%] [32mBuilding CXX object CMakeFiles/pid_controller.dir/src/pid_controller.cpp.o[0m
[ 50%] [32m[1mLinking CXX static library libgmock.a[0m
[ 50%] Built target gmock
[ 57%] [32m[1mLinking CXX shared library libpid_controller.so[0m
[ 57%] Built target pid_controller
[ 64%] [32mBuilding CXX object CMakeFiles/test_load_pid_controller.dir/test/test_load_pid_controller.cpp.o[0m
[ 71%] [32m[1mLinking CXX executable test_load_pid_controller[0m
[ 71%] Built target test_load_pid_controller
[ 78%] [32mBuilding CXX object CMakeFiles/test_pid_controller_preceding.dir/test/test_pid_controller_preceding.cpp.o[0m
[ 85%] [32m[1mLinking CXX executable test_pid_controller_preceding[0m
[ 85%] Built target test_pid_controller_preceding
[ 92%] [32mBuilding CXX object CMakeFiles/test_pid_controller.dir/test/test_pid_controller.cpp.o[0m
[100%] [32m[1mLinking CXX executable test_pid_controller[0m
[100%] Built target test_pid_controller
-- Install configuration: ""
-- Installing: /home/sebas/workspace/ros_ur_driver/install/pid_controller/include/pid_controller_parameters
-- Installing: /home/sebas/workspace/ros_ur_driver/install/pid_controller/include/pid_controller_parameters/pid_controller_parameters.hpp
-- Installing: /home/sebas/workspace/ros_ur_driver/install/pid_controller/share/pid_controller/pid_controller.xml
-- Installing: /home/sebas/workspace/ros_ur_driver/install/pid_controller/include/pid_controller
-- Installing: /home/sebas/workspace/ros_ur_driver/install/pid_controller/include/pid_controller/pid_controller
-- Installing: /home/sebas/workspace/ros_ur_driver/install/pid_controller/include/pid_controller/pid_controller/visibility_control.h
-- Installing: /home/sebas/workspace/ros_ur_driver/install/pid_controller/include/pid_controller/pid_controller/pid_controller.hpp
-- Installing: /home/sebas/workspace/ros_ur_driver/install/pid_controller/lib/libpid_controller.so
-- Set runtime path of "/home/sebas/workspace/ros_ur_driver/install/pid_controller/lib/libpid_controller.so" to ""
-- Installing: /home/sebas/workspace/ros_ur_driver/install/pid_controller/share/pid_controller/environment/library_path.sh
-- Installing: /home/sebas/workspace/ros_ur_driver/install/pid_controller/share/pid_controller/environment/library_path.dsv
-- Installing: /home/sebas/workspace/ros_ur_driver/install/pid_controller/share/ament_index/resource_index/package_run_dependencies/pid_controller
-- Installing: /home/sebas/workspace/ros_ur_driver/install/pid_controller/share/ament_index/resource_index/parent_prefix_path/pid_controller
-- Installing: /home/sebas/workspace/ros_ur_driver/install/pid_controller/share/pid_controller/environment/ament_prefix_path.sh
-- Installing: /home/sebas/workspace/ros_ur_driver/install/pid_controller/share/pid_controller/environment/ament_prefix_path.dsv
-- Installing: /home/sebas/workspace/ros_ur_driver/install/pid_controller/share/pid_controller/environment/path.sh
-- Installing: /home/sebas/workspace/ros_ur_driver/install/pid_controller/share/pid_controller/environment/path.dsv
-- Installing: /home/sebas/workspace/ros_ur_driver/install/pid_controller/share/pid_controller/local_setup.bash
-- Installing: /home/sebas/workspace/ros_ur_driver/install/pid_controller/share/pid_controller/local_setup.sh
-- Installing: /home/sebas/workspace/ros_ur_driver/install/pid_controller/share/pid_controller/local_setup.zsh
-- Installing: /home/sebas/workspace/ros_ur_driver/install/pid_controller/share/pid_controller/local_setup.dsv
-- Installing: /home/sebas/workspace/ros_ur_driver/install/pid_controller/share/pid_controller/package.dsv
-- Installing: /home/sebas/workspace/ros_ur_driver/install/pid_controller/share/ament_index/resource_index/packages/pid_controller
-- Installing: /home/sebas/workspace/ros_ur_driver/install/pid_controller/share/ament_index/resource_index/controller_interface__pluginlib__plugin/pid_controller
-- Installing: /home/sebas/workspace/ros_ur_driver/install/pid_controller/share/pid_controller/cmake/export_pid_controllerExport.cmake
-- Installing: /home/sebas/workspace/ros_ur_driver/install/pid_controller/share/pid_controller/cmake/export_pid_controllerExport-noconfig.cmake
-- Installing: /home/sebas/workspace/ros_ur_driver/install/pid_controller/share/pid_controller/cmake/ament_cmake_export_targets-extras.cmake
-- Installing: /home/sebas/workspace/ros_ur_driver/install/pid_controller/share/pid_controller/cmake/ament_cmake_export_dependencies-extras.cmake
-- Installing: /home/sebas/workspace/ros_ur_driver/install/pid_controller/share/pid_controller/cmake/pid_controllerConfig.cmake
-- Installing: /home/sebas/workspace/ros_ur_driver/install/pid_controller/share/pid_controller/cmake/pid_controllerConfig-version.cmake
-- Installing: /home/sebas/workspace/ros_ur_driver/install/pid_controller/share/pid_controller/package.xml
