[0.169s] Invoking command in '/home/sebas/workspace/ros_ur_driver/build/ur_msgs': CMAKE_PREFIX_PATH=${CMAKE_PREFIX_PATH}:/home/sebas/workspace/ros_ur_driver/install/rqt_joint_trajectory_controller:/home/sebas/workspace/ros_ur_driver/install/ros2_controllers_test_nodes:/opt/ros/humble:/home/sebas/ros2_humble/install/rqt_bag_plugins:/home/sebas/ros2_humble/install/rqt_bag:/home/sebas/ros2_humble/install/launch_testing_examples:/home/sebas/ros2_humble/install/ros2bag:/home/sebas/ros2_humble/install/tracetools_test:/home/sebas/ros2_humble/install/tracetools_launch:/home/sebas/ros2_humble/install/topic_monitor:/home/sebas/ros2_humble/install/tf2_tools:/home/sebas/ros2_humble/install/examples_tf2_py:/home/sebas/ros2_humble/install/tf2_ros_py:/home/sebas/ros2_humble/install/sros2:/home/sebas/ros2_humble/install/rqt_topic:/home/sebas/ros2_humble/install/rqt_srv:/home/sebas/ros2_humble/install/rqt_shell:/home/sebas/ros2_humble/install/rqt_service_caller:/home/sebas/ros2_humble/install/rqt_reconfigure:/home/sebas/ros2_humble/install/rqt_py_console:/home/sebas/ros2_humble/install/rqt_publisher:/home/sebas/ros2_humble/install/rqt_plot:/home/sebas/ros2_humble/install/rqt_action:/home/sebas/ros2_humble/install/rqt_msg:/home/sebas/ros2_humble/install/rqt_console:/home/sebas/ros2_humble/install/rqt:/home/sebas/ros2_humble/install/rqt_graph:/home/sebas/ros2_humble/install/rqt_gui_py:/home/sebas/ros2_humble/install/rqt_gui:/home/sebas/ros2_humble/install/ros2trace:/home/sebas/ros2_humble/install/ros2topic:/home/sebas/ros2_humble/install/ros2test:/home/sebas/ros2_humble/install/ros2component:/home/sebas/ros2_humble/install/ros2param:/home/sebas/ros2_humble/install/ros2lifecycle:/home/sebas/ros2_humble/install/ros2service:/home/sebas/ros2_humble/install/ros2run:/home/sebas/ros2_humble/install/ros2launch:/home/sebas/ros2_humble/install/ros2pkg:/home/sebas/ros2_humble/install/ros2node:/home/sebas/ros2_humble/install/ros2multicast:/home/sebas/ros2_humble/install/ros2interface:/home/sebas/ros2_humble/install/ros2doctor:/home/sebas/ros2_humble/install/ros2action:/home/sebas/ros2_humble/install/ros2cli:/home/sebas/ros2_humble/install/quality_of_service_demo_py:/home/sebas/ros2_humble/install/lifecycle_py:/home/sebas/ros2_humble/install/launch_testing_ros:/home/sebas/ros2_humble/install/launch_ros:/home/sebas/ros2_humble/install/examples_rclpy_pointcloud_publisher:/home/sebas/ros2_humble/install/examples_rclpy_minimal_subscriber:/home/sebas/ros2_humble/install/examples_rclpy_minimal_service:/home/sebas/ros2_humble/install/examples_rclpy_minimal_publisher:/home/sebas/ros2_humble/install/examples_rclpy_minimal_client:/home/sebas/ros2_humble/install/examples_rclpy_minimal_action_server:/home/sebas/ros2_humble/install/examples_rclpy_minimal_action_client:/home/sebas/ros2_humble/install/examples_rclpy_guard_conditions:/home/sebas/ros2_humble/install/examples_rclpy_executors:/home/sebas/ros2_humble/install/demo_nodes_py:/home/sebas/ros2_humble/install/action_tutorials_py:/home/sebas/ros2_humble/install/ament_uncrustify:/home/sebas/ros2_humble/install/tracetools_trace:/home/sebas/ros2_humble/install/tracetools_read:/home/sebas/ros2_humble/install/test_tracetools_launch:/home/sebas/ros2_humble/install/test_launch_ros:/home/sebas/ros2_humble/install/sensor_msgs_py:/home/sebas/ros2_humble/install/rpyutils:/home/sebas/ros2_humble/install/rosidl_runtime_py:/home/sebas/ros2_humble/install/rosidl_cli:/home/sebas/ros2_humble/install/launch_pytest:/home/sebas/ros2_humble/install/launch_testing:/home/sebas/ros2_humble/install/launch_yaml:/home/sebas/ros2_humble/install/launch_xml:/home/sebas/ros2_humble/install/launch:/home/sebas/ros2_humble/install/osrf_pycommon:/home/sebas/ros2_humble/install/domain_coordinator:/home/sebas/ros2_humble/install/ament_xmllint:/home/sebas/ros2_humble/install/ament_pyflakes:/home/sebas/ros2_humble/install/ament_pycodestyle:/home/sebas/ros2_humble/install/ament_pep257:/home/sebas/ros2_humble/install/ament_pclint:/home/sebas/ros2_humble/install/ament_package:/home/sebas/ros2_humble/install/ament_mypy:/home/sebas/ros2_humble/install/ament_lint_cmake:/home/sebas/ros2_humble/install/ament_flake8:/home/sebas/ros2_humble/install/ament_copyright:/home/sebas/ros2_humble/install/ament_lint:/home/sebas/ros2_humble/install/ament_index_python:/home/sebas/ros2_humble/install/ament_cpplint:/home/sebas/ros2_humble/install/ament_cppcheck:/home/sebas/ros2_humble/install/ament_clang_tidy:/home/sebas/ros2_humble/install/ament_clang_format /usr/bin/cmake --build /home/sebas/workspace/ros_ur_driver/build/ur_msgs -- -j12 -l12
[1.219s] [35m[1mConsolidate compiler generated dependencies of target ur_msgs__rosidl_generator_c[0m
[1.219s] [  0%] Built target ur_msgs__cpp
[1.219s] [ 12%] Built target ur_msgs__rosidl_generator_c
[1.219s] [ 12%] Built target ament_cmake_python_copy_ur_msgs
[1.219s] [35m[1mConsolidate compiler generated dependencies of target ur_msgs__rosidl_typesupport_cpp[0m
[1.219s] [35m[1mConsolidate compiler generated dependencies of target ur_msgs__rosidl_typesupport_fastrtps_cpp[0m
[1.219s] [35m[1mConsolidate compiler generated dependencies of target ur_msgs__rosidl_typesupport_introspection_cpp[0m
[1.219s] [35m[1mConsolidate compiler generated dependencies of target ur_msgs__rosidl_typesupport_introspection_c[0m
[1.220s] [35m[1mConsolidate compiler generated dependencies of target ur_msgs__rosidl_typesupport_c[0m
[1.220s] [35m[1mConsolidate compiler generated dependencies of target ur_msgs__rosidl_typesupport_fastrtps_c[0m
[1.220s] [ 36%] Built target ur_msgs__rosidl_typesupport_introspection_c
[1.220s] [ 36%] Built target ur_msgs__rosidl_typesupport_fastrtps_cpp
[1.220s] [ 48%] Built target ur_msgs__rosidl_typesupport_introspection_cpp
[1.220s] [ 60%] Built target ur_msgs__rosidl_typesupport_cpp
[1.220s] [ 72%] Built target ur_msgs__rosidl_typesupport_c
[1.220s] [ 84%] Built target ur_msgs__rosidl_typesupport_fastrtps_c
[1.220s] [ 84%] Built target ur_msgs
[1.220s] [ 85%] Built target ur_msgs__py
[1.220s] [35m[1mConsolidate compiler generated dependencies of target ur_msgs__rosidl_generator_py[0m
[1.220s] [ 96%] Built target ur_msgs__rosidl_generator_py
[1.221s] [35m[1mConsolidate compiler generated dependencies of target ur_msgs__rosidl_typesupport_fastrtps_c__pyext[0m
[1.221s] [35m[1mConsolidate compiler generated dependencies of target ur_msgs__rosidl_typesupport_c__pyext[0m
[1.221s] [35m[1mConsolidate compiler generated dependencies of target ur_msgs__rosidl_typesupport_introspection_c__pyext[0m
[1.221s] [ 97%] Built target ur_msgs__rosidl_typesupport_fastrtps_c__pyext
[1.221s] [ 99%] Built target ur_msgs__rosidl_typesupport_introspection_c__pyext
[1.221s] [100%] Built target ur_msgs__rosidl_typesupport_c__pyext
[1.335s] running egg_info
[1.382s] writing ur_msgs.egg-info/PKG-INFO
[1.382s] writing dependency_links to ur_msgs.egg-info/dependency_links.txt
[1.382s] writing top-level names to ur_msgs.egg-info/top_level.txt
[1.568s] reading manifest file 'ur_msgs.egg-info/SOURCES.txt'
[1.573s] writing manifest file 'ur_msgs.egg-info/SOURCES.txt'
[1.683s] [100%] Built target ament_cmake_python_build_ur_msgs_egg
[1.723s] Invoked command in '/home/sebas/workspace/ros_ur_driver/build/ur_msgs' returned '0': CMAKE_PREFIX_PATH=${CMAKE_PREFIX_PATH}:/home/sebas/workspace/ros_ur_driver/install/rqt_joint_trajectory_controller:/home/sebas/workspace/ros_ur_driver/install/ros2_controllers_test_nodes:/opt/ros/humble:/home/sebas/ros2_humble/install/rqt_bag_plugins:/home/sebas/ros2_humble/install/rqt_bag:/home/sebas/ros2_humble/install/launch_testing_examples:/home/sebas/ros2_humble/install/ros2bag:/home/sebas/ros2_humble/install/tracetools_test:/home/sebas/ros2_humble/install/tracetools_launch:/home/sebas/ros2_humble/install/topic_monitor:/home/sebas/ros2_humble/install/tf2_tools:/home/sebas/ros2_humble/install/examples_tf2_py:/home/sebas/ros2_humble/install/tf2_ros_py:/home/sebas/ros2_humble/install/sros2:/home/sebas/ros2_humble/install/rqt_topic:/home/sebas/ros2_humble/install/rqt_srv:/home/sebas/ros2_humble/install/rqt_shell:/home/sebas/ros2_humble/install/rqt_service_caller:/home/sebas/ros2_humble/install/rqt_reconfigure:/home/sebas/ros2_humble/install/rqt_py_console:/home/sebas/ros2_humble/install/rqt_publisher:/home/sebas/ros2_humble/install/rqt_plot:/home/sebas/ros2_humble/install/rqt_action:/home/sebas/ros2_humble/install/rqt_msg:/home/sebas/ros2_humble/install/rqt_console:/home/sebas/ros2_humble/install/rqt:/home/sebas/ros2_humble/install/rqt_graph:/home/sebas/ros2_humble/install/rqt_gui_py:/home/sebas/ros2_humble/install/rqt_gui:/home/sebas/ros2_humble/install/ros2trace:/home/sebas/ros2_humble/install/ros2topic:/home/sebas/ros2_humble/install/ros2test:/home/sebas/ros2_humble/install/ros2component:/home/sebas/ros2_humble/install/ros2param:/home/sebas/ros2_humble/install/ros2lifecycle:/home/sebas/ros2_humble/install/ros2service:/home/sebas/ros2_humble/install/ros2run:/home/sebas/ros2_humble/install/ros2launch:/home/sebas/ros2_humble/install/ros2pkg:/home/sebas/ros2_humble/install/ros2node:/home/sebas/ros2_humble/install/ros2multicast:/home/sebas/ros2_humble/install/ros2interface:/home/sebas/ros2_humble/install/ros2doctor:/home/sebas/ros2_humble/install/ros2action:/home/sebas/ros2_humble/install/ros2cli:/home/sebas/ros2_humble/install/quality_of_service_demo_py:/home/sebas/ros2_humble/install/lifecycle_py:/home/sebas/ros2_humble/install/launch_testing_ros:/home/sebas/ros2_humble/install/launch_ros:/home/sebas/ros2_humble/install/examples_rclpy_pointcloud_publisher:/home/sebas/ros2_humble/install/examples_rclpy_minimal_subscriber:/home/sebas/ros2_humble/install/examples_rclpy_minimal_service:/home/sebas/ros2_humble/install/examples_rclpy_minimal_publisher:/home/sebas/ros2_humble/install/examples_rclpy_minimal_client:/home/sebas/ros2_humble/install/examples_rclpy_minimal_action_server:/home/sebas/ros2_humble/install/examples_rclpy_minimal_action_client:/home/sebas/ros2_humble/install/examples_rclpy_guard_conditions:/home/sebas/ros2_humble/install/examples_rclpy_executors:/home/sebas/ros2_humble/install/demo_nodes_py:/home/sebas/ros2_humble/install/action_tutorials_py:/home/sebas/ros2_humble/install/ament_uncrustify:/home/sebas/ros2_humble/install/tracetools_trace:/home/sebas/ros2_humble/install/tracetools_read:/home/sebas/ros2_humble/install/test_tracetools_launch:/home/sebas/ros2_humble/install/test_launch_ros:/home/sebas/ros2_humble/install/sensor_msgs_py:/home/sebas/ros2_humble/install/rpyutils:/home/sebas/ros2_humble/install/rosidl_runtime_py:/home/sebas/ros2_humble/install/rosidl_cli:/home/sebas/ros2_humble/install/launch_pytest:/home/sebas/ros2_humble/install/launch_testing:/home/sebas/ros2_humble/install/launch_yaml:/home/sebas/ros2_humble/install/launch_xml:/home/sebas/ros2_humble/install/launch:/home/sebas/ros2_humble/install/osrf_pycommon:/home/sebas/ros2_humble/install/domain_coordinator:/home/sebas/ros2_humble/install/ament_xmllint:/home/sebas/ros2_humble/install/ament_pyflakes:/home/sebas/ros2_humble/install/ament_pycodestyle:/home/sebas/ros2_humble/install/ament_pep257:/home/sebas/ros2_humble/install/ament_pclint:/home/sebas/ros2_humble/install/ament_package:/home/sebas/ros2_humble/install/ament_mypy:/home/sebas/ros2_humble/install/ament_lint_cmake:/home/sebas/ros2_humble/install/ament_flake8:/home/sebas/ros2_humble/install/ament_copyright:/home/sebas/ros2_humble/install/ament_lint:/home/sebas/ros2_humble/install/ament_index_python:/home/sebas/ros2_humble/install/ament_cpplint:/home/sebas/ros2_humble/install/ament_cppcheck:/home/sebas/ros2_humble/install/ament_clang_tidy:/home/sebas/ros2_humble/install/ament_clang_format /usr/bin/cmake --build /home/sebas/workspace/ros_ur_driver/build/ur_msgs -- -j12 -l12
[3.442s] Invoking command in '/home/sebas/workspace/ros_ur_driver/build/ur_msgs': CMAKE_PREFIX_PATH=${CMAKE_PREFIX_PATH}:/home/sebas/workspace/ros_ur_driver/install/rqt_joint_trajectory_controller:/home/sebas/workspace/ros_ur_driver/install/ros2_controllers_test_nodes:/opt/ros/humble:/home/sebas/ros2_humble/install/rqt_bag_plugins:/home/sebas/ros2_humble/install/rqt_bag:/home/sebas/ros2_humble/install/launch_testing_examples:/home/sebas/ros2_humble/install/ros2bag:/home/sebas/ros2_humble/install/tracetools_test:/home/sebas/ros2_humble/install/tracetools_launch:/home/sebas/ros2_humble/install/topic_monitor:/home/sebas/ros2_humble/install/tf2_tools:/home/sebas/ros2_humble/install/examples_tf2_py:/home/sebas/ros2_humble/install/tf2_ros_py:/home/sebas/ros2_humble/install/sros2:/home/sebas/ros2_humble/install/rqt_topic:/home/sebas/ros2_humble/install/rqt_srv:/home/sebas/ros2_humble/install/rqt_shell:/home/sebas/ros2_humble/install/rqt_service_caller:/home/sebas/ros2_humble/install/rqt_reconfigure:/home/sebas/ros2_humble/install/rqt_py_console:/home/sebas/ros2_humble/install/rqt_publisher:/home/sebas/ros2_humble/install/rqt_plot:/home/sebas/ros2_humble/install/rqt_action:/home/sebas/ros2_humble/install/rqt_msg:/home/sebas/ros2_humble/install/rqt_console:/home/sebas/ros2_humble/install/rqt:/home/sebas/ros2_humble/install/rqt_graph:/home/sebas/ros2_humble/install/rqt_gui_py:/home/sebas/ros2_humble/install/rqt_gui:/home/sebas/ros2_humble/install/ros2trace:/home/sebas/ros2_humble/install/ros2topic:/home/sebas/ros2_humble/install/ros2test:/home/sebas/ros2_humble/install/ros2component:/home/sebas/ros2_humble/install/ros2param:/home/sebas/ros2_humble/install/ros2lifecycle:/home/sebas/ros2_humble/install/ros2service:/home/sebas/ros2_humble/install/ros2run:/home/sebas/ros2_humble/install/ros2launch:/home/sebas/ros2_humble/install/ros2pkg:/home/sebas/ros2_humble/install/ros2node:/home/sebas/ros2_humble/install/ros2multicast:/home/sebas/ros2_humble/install/ros2interface:/home/sebas/ros2_humble/install/ros2doctor:/home/sebas/ros2_humble/install/ros2action:/home/sebas/ros2_humble/install/ros2cli:/home/sebas/ros2_humble/install/quality_of_service_demo_py:/home/sebas/ros2_humble/install/lifecycle_py:/home/sebas/ros2_humble/install/launch_testing_ros:/home/sebas/ros2_humble/install/launch_ros:/home/sebas/ros2_humble/install/examples_rclpy_pointcloud_publisher:/home/sebas/ros2_humble/install/examples_rclpy_minimal_subscriber:/home/sebas/ros2_humble/install/examples_rclpy_minimal_service:/home/sebas/ros2_humble/install/examples_rclpy_minimal_publisher:/home/sebas/ros2_humble/install/examples_rclpy_minimal_client:/home/sebas/ros2_humble/install/examples_rclpy_minimal_action_server:/home/sebas/ros2_humble/install/examples_rclpy_minimal_action_client:/home/sebas/ros2_humble/install/examples_rclpy_guard_conditions:/home/sebas/ros2_humble/install/examples_rclpy_executors:/home/sebas/ros2_humble/install/demo_nodes_py:/home/sebas/ros2_humble/install/action_tutorials_py:/home/sebas/ros2_humble/install/ament_uncrustify:/home/sebas/ros2_humble/install/tracetools_trace:/home/sebas/ros2_humble/install/tracetools_read:/home/sebas/ros2_humble/install/test_tracetools_launch:/home/sebas/ros2_humble/install/test_launch_ros:/home/sebas/ros2_humble/install/sensor_msgs_py:/home/sebas/ros2_humble/install/rpyutils:/home/sebas/ros2_humble/install/rosidl_runtime_py:/home/sebas/ros2_humble/install/rosidl_cli:/home/sebas/ros2_humble/install/launch_pytest:/home/sebas/ros2_humble/install/launch_testing:/home/sebas/ros2_humble/install/launch_yaml:/home/sebas/ros2_humble/install/launch_xml:/home/sebas/ros2_humble/install/launch:/home/sebas/ros2_humble/install/osrf_pycommon:/home/sebas/ros2_humble/install/domain_coordinator:/home/sebas/ros2_humble/install/ament_xmllint:/home/sebas/ros2_humble/install/ament_pyflakes:/home/sebas/ros2_humble/install/ament_pycodestyle:/home/sebas/ros2_humble/install/ament_pep257:/home/sebas/ros2_humble/install/ament_pclint:/home/sebas/ros2_humble/install/ament_package:/home/sebas/ros2_humble/install/ament_mypy:/home/sebas/ros2_humble/install/ament_lint_cmake:/home/sebas/ros2_humble/install/ament_flake8:/home/sebas/ros2_humble/install/ament_copyright:/home/sebas/ros2_humble/install/ament_lint:/home/sebas/ros2_humble/install/ament_index_python:/home/sebas/ros2_humble/install/ament_cpplint:/home/sebas/ros2_humble/install/ament_cppcheck:/home/sebas/ros2_humble/install/ament_clang_tidy:/home/sebas/ros2_humble/install/ament_clang_format /usr/bin/cmake --install /home/sebas/workspace/ros_ur_driver/build/ur_msgs
[3.464s] -- Install configuration: ""
[3.464s] -- Up-to-date: /home/sebas/workspace/ros_ur_driver/install/ur_msgs/share/ament_index/resource_index/rosidl_interfaces/ur_msgs
[3.464s] -- Up-to-date: /home/sebas/workspace/ros_ur_driver/install/ur_msgs/include/ur_msgs/ur_msgs
[3.465s] -- Up-to-date: /home/sebas/workspace/ros_ur_driver/install/ur_msgs/include/ur_msgs/ur_msgs/srv
[3.465s] -- Up-to-date: /home/sebas/workspace/ros_ur_driver/install/ur_msgs/include/ur_msgs/ur_msgs/srv/set_force_mode.h
[3.465s] -- Up-to-date: /home/sebas/workspace/ros_ur_driver/install/ur_msgs/include/ur_msgs/ur_msgs/srv/set_payload.h
[3.465s] -- Up-to-date: /home/sebas/workspace/ros_ur_driver/install/ur_msgs/include/ur_msgs/ur_msgs/srv/set_speed_slider_fraction.h
[3.465s] -- Up-to-date: /home/sebas/workspace/ros_ur_driver/install/ur_msgs/include/ur_msgs/ur_msgs/srv/set_io.h
[3.465s] -- Up-to-date: /home/sebas/workspace/ros_ur_driver/install/ur_msgs/include/ur_msgs/ur_msgs/srv/get_robot_software_version.h
[3.465s] -- Up-to-date: /home/sebas/workspace/ros_ur_driver/install/ur_msgs/include/ur_msgs/ur_msgs/srv/set_analog_output.h
[3.466s] -- Up-to-date: /home/sebas/workspace/ros_ur_driver/install/ur_msgs/include/ur_msgs/ur_msgs/srv/detail
[3.466s] -- Up-to-date: /home/sebas/workspace/ros_ur_driver/install/ur_msgs/include/ur_msgs/ur_msgs/srv/detail/set_force_mode__struct.h
[3.466s] -- Up-to-date: /home/sebas/workspace/ros_ur_driver/install/ur_msgs/include/ur_msgs/ur_msgs/srv/detail/get_robot_software_version__type_support.h
[3.466s] -- Up-to-date: /home/sebas/workspace/ros_ur_driver/install/ur_msgs/include/ur_msgs/ur_msgs/srv/detail/set_io__struct.h
[3.466s] -- Up-to-date: /home/sebas/workspace/ros_ur_driver/install/ur_msgs/include/ur_msgs/ur_msgs/srv/detail/set_force_mode__type_support.h
[3.466s] -- Up-to-date: /home/sebas/workspace/ros_ur_driver/install/ur_msgs/include/ur_msgs/ur_msgs/srv/detail/set_force_mode__functions.c
[3.466s] -- Up-to-date: /home/sebas/workspace/ros_ur_driver/install/ur_msgs/include/ur_msgs/ur_msgs/srv/detail/set_io__functions.c
[3.466s] -- Up-to-date: /home/sebas/workspace/ros_ur_driver/install/ur_msgs/include/ur_msgs/ur_msgs/srv/detail/set_force_mode__functions.h
[3.466s] -- Up-to-date: /home/sebas/workspace/ros_ur_driver/install/ur_msgs/include/ur_msgs/ur_msgs/srv/detail/set_speed_slider_fraction__functions.h
[3.467s] -- Up-to-date: /home/sebas/workspace/ros_ur_driver/install/ur_msgs/include/ur_msgs/ur_msgs/srv/detail/set_payload__struct.h
[3.467s] -- Up-to-date: /home/sebas/workspace/ros_ur_driver/install/ur_msgs/include/ur_msgs/ur_msgs/srv/detail/set_speed_slider_fraction__type_support.h
[3.467s] -- Up-to-date: /home/sebas/workspace/ros_ur_driver/install/ur_msgs/include/ur_msgs/ur_msgs/srv/detail/set_speed_slider_fraction__functions.c
[3.467s] -- Up-to-date: /home/sebas/workspace/ros_ur_driver/install/ur_msgs/include/ur_msgs/ur_msgs/srv/detail/set_io__type_support.h
[3.467s] -- Up-to-date: /home/sebas/workspace/ros_ur_driver/install/ur_msgs/include/ur_msgs/ur_msgs/srv/detail/set_analog_output__functions.c
[3.467s] -- Up-to-date: /home/sebas/workspace/ros_ur_driver/install/ur_msgs/include/ur_msgs/ur_msgs/srv/detail/set_analog_output__functions.h
[3.467s] -- Up-to-date: /home/sebas/workspace/ros_ur_driver/install/ur_msgs/include/ur_msgs/ur_msgs/srv/detail/set_payload__functions.h
[3.467s] -- Up-to-date: /home/sebas/workspace/ros_ur_driver/install/ur_msgs/include/ur_msgs/ur_msgs/srv/detail/set_io__functions.h
[3.467s] -- Up-to-date: /home/sebas/workspace/ros_ur_driver/install/ur_msgs/include/ur_msgs/ur_msgs/srv/detail/set_speed_slider_fraction__struct.h
[3.467s] -- Up-to-date: /home/sebas/workspace/ros_ur_driver/install/ur_msgs/include/ur_msgs/ur_msgs/srv/detail/get_robot_software_version__functions.h
[3.467s] -- Up-to-date: /home/sebas/workspace/ros_ur_driver/install/ur_msgs/include/ur_msgs/ur_msgs/srv/detail/get_robot_software_version__struct.h
[3.467s] -- Up-to-date: /home/sebas/workspace/ros_ur_driver/install/ur_msgs/include/ur_msgs/ur_msgs/srv/detail/set_analog_output__type_support.h
[3.467s] -- Up-to-date: /home/sebas/workspace/ros_ur_driver/install/ur_msgs/include/ur_msgs/ur_msgs/srv/detail/set_analog_output__struct.h
[3.468s] -- Up-to-date: /home/sebas/workspace/ros_ur_driver/install/ur_msgs/include/ur_msgs/ur_msgs/srv/detail/set_payload__type_support.h
[3.468s] -- Up-to-date: /home/sebas/workspace/ros_ur_driver/install/ur_msgs/include/ur_msgs/ur_msgs/srv/detail/set_payload__functions.c
[3.468s] -- Up-to-date: /home/sebas/workspace/ros_ur_driver/install/ur_msgs/include/ur_msgs/ur_msgs/srv/detail/get_robot_software_version__functions.c
[3.468s] -- Up-to-date: /home/sebas/workspace/ros_ur_driver/install/ur_msgs/include/ur_msgs/ur_msgs/msg
[3.468s] -- Up-to-date: /home/sebas/workspace/ros_ur_driver/install/ur_msgs/include/ur_msgs/ur_msgs/msg/tool_data_msg.h
[3.469s] -- Up-to-date: /home/sebas/workspace/ros_ur_driver/install/ur_msgs/include/ur_msgs/ur_msgs/msg/rosidl_generator_c__visibility_control.h
[3.469s] -- Up-to-date: /home/sebas/workspace/ros_ur_driver/install/ur_msgs/include/ur_msgs/ur_msgs/msg/robot_state_rt_msg.h
[3.469s] -- Up-to-date: /home/sebas/workspace/ros_ur_driver/install/ur_msgs/include/ur_msgs/ur_msgs/msg/io_states.h
[3.469s] -- Up-to-date: /home/sebas/workspace/ros_ur_driver/install/ur_msgs/include/ur_msgs/ur_msgs/msg/masterboard_data_msg.h
[3.469s] -- Up-to-date: /home/sebas/workspace/ros_ur_driver/install/ur_msgs/include/ur_msgs/ur_msgs/msg/analog.h
[3.469s] -- Up-to-date: /home/sebas/workspace/ros_ur_driver/install/ur_msgs/include/ur_msgs/ur_msgs/msg/detail
[3.469s] -- Up-to-date: /home/sebas/workspace/ros_ur_driver/install/ur_msgs/include/ur_msgs/ur_msgs/msg/detail/robot_mode_data_msg__functions.h
[3.469s] -- Up-to-date: /home/sebas/workspace/ros_ur_driver/install/ur_msgs/include/ur_msgs/ur_msgs/msg/detail/analog__struct.h
[3.469s] -- Up-to-date: /home/sebas/workspace/ros_ur_driver/install/ur_msgs/include/ur_msgs/ur_msgs/msg/detail/tool_data_msg__type_support.h
[3.469s] -- Up-to-date: /home/sebas/workspace/ros_ur_driver/install/ur_msgs/include/ur_msgs/ur_msgs/msg/detail/tool_data_msg__functions.c
[3.469s] -- Up-to-date: /home/sebas/workspace/ros_ur_driver/install/ur_msgs/include/ur_msgs/ur_msgs/msg/detail/analog__functions.h
[3.469s] -- Up-to-date: /home/sebas/workspace/ros_ur_driver/install/ur_msgs/include/ur_msgs/ur_msgs/msg/detail/io_states__functions.c
[3.470s] -- Up-to-date: /home/sebas/workspace/ros_ur_driver/install/ur_msgs/include/ur_msgs/ur_msgs/msg/detail/robot_state_rt_msg__type_support.h
[3.470s] -- Up-to-date: /home/sebas/workspace/ros_ur_driver/install/ur_msgs/include/ur_msgs/ur_msgs/msg/detail/robot_state_rt_msg__struct.h
[3.470s] -- Up-to-date: /home/sebas/workspace/ros_ur_driver/install/ur_msgs/include/ur_msgs/ur_msgs/msg/detail/io_states__functions.h
[3.470s] -- Up-to-date: /home/sebas/workspace/ros_ur_driver/install/ur_msgs/include/ur_msgs/ur_msgs/msg/detail/robot_mode_data_msg__functions.c
[3.470s] -- Up-to-date: /home/sebas/workspace/ros_ur_driver/install/ur_msgs/include/ur_msgs/ur_msgs/msg/detail/masterboard_data_msg__functions.c
[3.470s] -- Up-to-date: /home/sebas/workspace/ros_ur_driver/install/ur_msgs/include/ur_msgs/ur_msgs/msg/detail/robot_mode_data_msg__type_support.h
[3.470s] -- Up-to-date: /home/sebas/workspace/ros_ur_driver/install/ur_msgs/include/ur_msgs/ur_msgs/msg/detail/analog__type_support.h
[3.470s] -- Up-to-date: /home/sebas/workspace/ros_ur_driver/install/ur_msgs/include/ur_msgs/ur_msgs/msg/detail/digital__functions.h
[3.470s] -- Up-to-date: /home/sebas/workspace/ros_ur_driver/install/ur_msgs/include/ur_msgs/ur_msgs/msg/detail/robot_state_rt_msg__functions.c
[3.470s] -- Up-to-date: /home/sebas/workspace/ros_ur_driver/install/ur_msgs/include/ur_msgs/ur_msgs/msg/detail/robot_state_rt_msg__functions.h
[3.470s] -- Up-to-date: /home/sebas/workspace/ros_ur_driver/install/ur_msgs/include/ur_msgs/ur_msgs/msg/detail/io_states__struct.h
[3.470s] -- Up-to-date: /home/sebas/workspace/ros_ur_driver/install/ur_msgs/include/ur_msgs/ur_msgs/msg/detail/analog__functions.c
[3.470s] -- Up-to-date: /home/sebas/workspace/ros_ur_driver/install/ur_msgs/include/ur_msgs/ur_msgs/msg/detail/masterboard_data_msg__struct.h
[3.470s] -- Up-to-date: /home/sebas/workspace/ros_ur_driver/install/ur_msgs/include/ur_msgs/ur_msgs/msg/detail/tool_data_msg__struct.h
[3.471s] -- Up-to-date: /home/sebas/workspace/ros_ur_driver/install/ur_msgs/include/ur_msgs/ur_msgs/msg/detail/robot_mode_data_msg__struct.h
[3.471s] -- Up-to-date: /home/sebas/workspace/ros_ur_driver/install/ur_msgs/include/ur_msgs/ur_msgs/msg/detail/tool_data_msg__functions.h
[3.471s] -- Up-to-date: /home/sebas/workspace/ros_ur_driver/install/ur_msgs/include/ur_msgs/ur_msgs/msg/detail/masterboard_data_msg__type_support.h
[3.471s] -- Up-to-date: /home/sebas/workspace/ros_ur_driver/install/ur_msgs/include/ur_msgs/ur_msgs/msg/detail/io_states__type_support.h
[3.471s] -- Up-to-date: /home/sebas/workspace/ros_ur_driver/install/ur_msgs/include/ur_msgs/ur_msgs/msg/detail/digital__functions.c
[3.471s] -- Up-to-date: /home/sebas/workspace/ros_ur_driver/install/ur_msgs/include/ur_msgs/ur_msgs/msg/detail/digital__struct.h
[3.471s] -- Up-to-date: /home/sebas/workspace/ros_ur_driver/install/ur_msgs/include/ur_msgs/ur_msgs/msg/detail/digital__type_support.h
[3.471s] -- Up-to-date: /home/sebas/workspace/ros_ur_driver/install/ur_msgs/include/ur_msgs/ur_msgs/msg/detail/masterboard_data_msg__functions.h
[3.471s] -- Up-to-date: /home/sebas/workspace/ros_ur_driver/install/ur_msgs/include/ur_msgs/ur_msgs/msg/robot_mode_data_msg.h
[3.471s] -- Up-to-date: /home/sebas/workspace/ros_ur_driver/install/ur_msgs/include/ur_msgs/ur_msgs/msg/digital.h
[3.471s] -- Up-to-date: /home/sebas/workspace/ros_ur_driver/install/ur_msgs/share/ur_msgs/environment/library_path.sh
[3.471s] -- Up-to-date: /home/sebas/workspace/ros_ur_driver/install/ur_msgs/share/ur_msgs/environment/library_path.dsv
[3.471s] -- Up-to-date: /home/sebas/workspace/ros_ur_driver/install/ur_msgs/lib/libur_msgs__rosidl_generator_c.so
[3.471s] -- Up-to-date: /home/sebas/workspace/ros_ur_driver/install/ur_msgs/include/ur_msgs/ur_msgs
[3.471s] -- Up-to-date: /home/sebas/workspace/ros_ur_driver/install/ur_msgs/include/ur_msgs/ur_msgs/srv
[3.472s] -- Up-to-date: /home/sebas/workspace/ros_ur_driver/install/ur_msgs/include/ur_msgs/ur_msgs/srv/detail
[3.472s] -- Up-to-date: /home/sebas/workspace/ros_ur_driver/install/ur_msgs/include/ur_msgs/ur_msgs/srv/detail/get_robot_software_version__rosidl_typesupport_fastrtps_c.h
[3.472s] -- Up-to-date: /home/sebas/workspace/ros_ur_driver/install/ur_msgs/include/ur_msgs/ur_msgs/srv/detail/set_payload__rosidl_typesupport_fastrtps_c.h
[3.472s] -- Up-to-date: /home/sebas/workspace/ros_ur_driver/install/ur_msgs/include/ur_msgs/ur_msgs/srv/detail/set_force_mode__rosidl_typesupport_fastrtps_c.h
[3.472s] -- Up-to-date: /home/sebas/workspace/ros_ur_driver/install/ur_msgs/include/ur_msgs/ur_msgs/srv/detail/set_io__rosidl_typesupport_fastrtps_c.h
[3.472s] -- Up-to-date: /home/sebas/workspace/ros_ur_driver/install/ur_msgs/include/ur_msgs/ur_msgs/srv/detail/set_speed_slider_fraction__rosidl_typesupport_fastrtps_c.h
[3.472s] -- Up-to-date: /home/sebas/workspace/ros_ur_driver/install/ur_msgs/include/ur_msgs/ur_msgs/srv/detail/set_analog_output__rosidl_typesupport_fastrtps_c.h
[3.472s] -- Up-to-date: /home/sebas/workspace/ros_ur_driver/install/ur_msgs/include/ur_msgs/ur_msgs/msg
[3.473s] -- Up-to-date: /home/sebas/workspace/ros_ur_driver/install/ur_msgs/include/ur_msgs/ur_msgs/msg/rosidl_typesupport_fastrtps_c__visibility_control.h
[3.473s] -- Up-to-date: /home/sebas/workspace/ros_ur_driver/install/ur_msgs/include/ur_msgs/ur_msgs/msg/detail
[3.473s] -- Up-to-date: /home/sebas/workspace/ros_ur_driver/install/ur_msgs/include/ur_msgs/ur_msgs/msg/detail/robot_mode_data_msg__rosidl_typesupport_fastrtps_c.h
[3.473s] -- Up-to-date: /home/sebas/workspace/ros_ur_driver/install/ur_msgs/include/ur_msgs/ur_msgs/msg/detail/io_states__rosidl_typesupport_fastrtps_c.h
[3.473s] -- Up-to-date: /home/sebas/workspace/ros_ur_driver/install/ur_msgs/include/ur_msgs/ur_msgs/msg/detail/digital__rosidl_typesupport_fastrtps_c.h
[3.473s] -- Up-to-date: /home/sebas/workspace/ros_ur_driver/install/ur_msgs/include/ur_msgs/ur_msgs/msg/detail/robot_state_rt_msg__rosidl_typesupport_fastrtps_c.h
[3.474s] -- Up-to-date: /home/sebas/workspace/ros_ur_driver/install/ur_msgs/include/ur_msgs/ur_msgs/msg/detail/analog__rosidl_typesupport_fastrtps_c.h
[3.474s] -- Up-to-date: /home/sebas/workspace/ros_ur_driver/install/ur_msgs/include/ur_msgs/ur_msgs/msg/detail/masterboard_data_msg__rosidl_typesupport_fastrtps_c.h
[3.474s] -- Up-to-date: /home/sebas/workspace/ros_ur_driver/install/ur_msgs/include/ur_msgs/ur_msgs/msg/detail/tool_data_msg__rosidl_typesupport_fastrtps_c.h
[3.474s] -- Up-to-date: /home/sebas/workspace/ros_ur_driver/install/ur_msgs/lib/libur_msgs__rosidl_typesupport_fastrtps_c.so
[3.474s] -- Up-to-date: /home/sebas/workspace/ros_ur_driver/install/ur_msgs/include/ur_msgs/ur_msgs
[3.474s] -- Up-to-date: /home/sebas/workspace/ros_ur_driver/install/ur_msgs/include/ur_msgs/ur_msgs/srv
[3.474s] -- Up-to-date: /home/sebas/workspace/ros_ur_driver/install/ur_msgs/include/ur_msgs/ur_msgs/srv/set_io.hpp
[3.474s] -- Up-to-date: /home/sebas/workspace/ros_ur_driver/install/ur_msgs/include/ur_msgs/ur_msgs/srv/set_force_mode.hpp
[3.474s] -- Up-to-date: /home/sebas/workspace/ros_ur_driver/install/ur_msgs/include/ur_msgs/ur_msgs/srv/set_analog_output.hpp
[3.474s] -- Up-to-date: /home/sebas/workspace/ros_ur_driver/install/ur_msgs/include/ur_msgs/ur_msgs/srv/set_payload.hpp
[3.474s] -- Up-to-date: /home/sebas/workspace/ros_ur_driver/install/ur_msgs/include/ur_msgs/ur_msgs/srv/get_robot_software_version.hpp
[3.474s] -- Up-to-date: /home/sebas/workspace/ros_ur_driver/install/ur_msgs/include/ur_msgs/ur_msgs/srv/detail
[3.475s] -- Up-to-date: /home/sebas/workspace/ros_ur_driver/install/ur_msgs/include/ur_msgs/ur_msgs/srv/detail/set_force_mode__traits.hpp
[3.475s] -- Up-to-date: /home/sebas/workspace/ros_ur_driver/install/ur_msgs/include/ur_msgs/ur_msgs/srv/detail/set_payload__builder.hpp
[3.475s] -- Up-to-date: /home/sebas/workspace/ros_ur_driver/install/ur_msgs/include/ur_msgs/ur_msgs/srv/detail/set_payload__traits.hpp
[3.475s] -- Up-to-date: /home/sebas/workspace/ros_ur_driver/install/ur_msgs/include/ur_msgs/ur_msgs/srv/detail/set_force_mode__builder.hpp
[3.475s] -- Up-to-date: /home/sebas/workspace/ros_ur_driver/install/ur_msgs/include/ur_msgs/ur_msgs/srv/detail/set_payload__struct.hpp
[3.475s] -- Up-to-date: /home/sebas/workspace/ros_ur_driver/install/ur_msgs/include/ur_msgs/ur_msgs/srv/detail/set_analog_output__traits.hpp
[3.475s] -- Up-to-date: /home/sebas/workspace/ros_ur_driver/install/ur_msgs/include/ur_msgs/ur_msgs/srv/detail/get_robot_software_version__struct.hpp
[3.475s] -- Up-to-date: /home/sebas/workspace/ros_ur_driver/install/ur_msgs/include/ur_msgs/ur_msgs/srv/detail/get_robot_software_version__traits.hpp
[3.475s] -- Up-to-date: /home/sebas/workspace/ros_ur_driver/install/ur_msgs/include/ur_msgs/ur_msgs/srv/detail/set_io__struct.hpp
[3.475s] -- Up-to-date: /home/sebas/workspace/ros_ur_driver/install/ur_msgs/include/ur_msgs/ur_msgs/srv/detail/set_io__builder.hpp
[3.475s] -- Up-to-date: /home/sebas/workspace/ros_ur_driver/install/ur_msgs/include/ur_msgs/ur_msgs/srv/detail/set_speed_slider_fraction__builder.hpp
[3.475s] -- Up-to-date: /home/sebas/workspace/ros_ur_driver/install/ur_msgs/include/ur_msgs/ur_msgs/srv/detail/set_speed_slider_fraction__traits.hpp
[3.476s] -- Up-to-date: /home/sebas/workspace/ros_ur_driver/install/ur_msgs/include/ur_msgs/ur_msgs/srv/detail/set_analog_output__struct.hpp
[3.476s] -- Up-to-date: /home/sebas/workspace/ros_ur_driver/install/ur_msgs/include/ur_msgs/ur_msgs/srv/detail/get_robot_software_version__builder.hpp
[3.476s] -- Up-to-date: /home/sebas/workspace/ros_ur_driver/install/ur_msgs/include/ur_msgs/ur_msgs/srv/detail/set_io__traits.hpp
[3.476s] -- Up-to-date: /home/sebas/workspace/ros_ur_driver/install/ur_msgs/include/ur_msgs/ur_msgs/srv/detail/set_analog_output__builder.hpp
[3.476s] -- Up-to-date: /home/sebas/workspace/ros_ur_driver/install/ur_msgs/include/ur_msgs/ur_msgs/srv/detail/set_force_mode__struct.hpp
[3.476s] -- Up-to-date: /home/sebas/workspace/ros_ur_driver/install/ur_msgs/include/ur_msgs/ur_msgs/srv/detail/set_speed_slider_fraction__struct.hpp
[3.476s] -- Up-to-date: /home/sebas/workspace/ros_ur_driver/install/ur_msgs/include/ur_msgs/ur_msgs/srv/set_speed_slider_fraction.hpp
[3.476s] -- Up-to-date: /home/sebas/workspace/ros_ur_driver/install/ur_msgs/include/ur_msgs/ur_msgs/msg
[3.476s] -- Up-to-date: /home/sebas/workspace/ros_ur_driver/install/ur_msgs/include/ur_msgs/ur_msgs/msg/masterboard_data_msg.hpp
[3.476s] -- Up-to-date: /home/sebas/workspace/ros_ur_driver/install/ur_msgs/include/ur_msgs/ur_msgs/msg/robot_mode_data_msg.hpp
[3.476s] -- Up-to-date: /home/sebas/workspace/ros_ur_driver/install/ur_msgs/include/ur_msgs/ur_msgs/msg/tool_data_msg.hpp
[3.476s] -- Up-to-date: /home/sebas/workspace/ros_ur_driver/install/ur_msgs/include/ur_msgs/ur_msgs/msg/analog.hpp
[3.476s] -- Up-to-date: /home/sebas/workspace/ros_ur_driver/install/ur_msgs/include/ur_msgs/ur_msgs/msg/digital.hpp
[3.477s] -- Up-to-date: /home/sebas/workspace/ros_ur_driver/install/ur_msgs/include/ur_msgs/ur_msgs/msg/detail
[3.477s] -- Up-to-date: /home/sebas/workspace/ros_ur_driver/install/ur_msgs/include/ur_msgs/ur_msgs/msg/detail/io_states__struct.hpp
[3.477s] -- Up-to-date: /home/sebas/workspace/ros_ur_driver/install/ur_msgs/include/ur_msgs/ur_msgs/msg/detail/robot_mode_data_msg__traits.hpp
[3.477s] -- Up-to-date: /home/sebas/workspace/ros_ur_driver/install/ur_msgs/include/ur_msgs/ur_msgs/msg/detail/analog__traits.hpp
[3.477s] -- Up-to-date: /home/sebas/workspace/ros_ur_driver/install/ur_msgs/include/ur_msgs/ur_msgs/msg/detail/digital__traits.hpp
[3.477s] -- Up-to-date: /home/sebas/workspace/ros_ur_driver/install/ur_msgs/include/ur_msgs/ur_msgs/msg/detail/io_states__traits.hpp
[3.477s] -- Up-to-date: /home/sebas/workspace/ros_ur_driver/install/ur_msgs/include/ur_msgs/ur_msgs/msg/detail/tool_data_msg__builder.hpp
[3.477s] -- Up-to-date: /home/sebas/workspace/ros_ur_driver/install/ur_msgs/include/ur_msgs/ur_msgs/msg/detail/analog__struct.hpp
[3.477s] -- Up-to-date: /home/sebas/workspace/ros_ur_driver/install/ur_msgs/include/ur_msgs/ur_msgs/msg/detail/robot_state_rt_msg__builder.hpp
[3.477s] -- Up-to-date: /home/sebas/workspace/ros_ur_driver/install/ur_msgs/include/ur_msgs/ur_msgs/msg/detail/tool_data_msg__traits.hpp
[3.478s] -- Up-to-date: /home/sebas/workspace/ros_ur_driver/install/ur_msgs/include/ur_msgs/ur_msgs/msg/detail/io_states__builder.hpp
[3.478s] -- Up-to-date: /home/sebas/workspace/ros_ur_driver/install/ur_msgs/include/ur_msgs/ur_msgs/msg/detail/analog__builder.hpp
[3.478s] -- Up-to-date: /home/sebas/workspace/ros_ur_driver/install/ur_msgs/include/ur_msgs/ur_msgs/msg/detail/robot_state_rt_msg__struct.hpp
[3.478s] -- Up-to-date: /home/sebas/workspace/ros_ur_driver/install/ur_msgs/include/ur_msgs/ur_msgs/msg/detail/robot_mode_data_msg__struct.hpp
[3.478s] -- Up-to-date: /home/sebas/workspace/ros_ur_driver/install/ur_msgs/include/ur_msgs/ur_msgs/msg/detail/tool_data_msg__struct.hpp
[3.478s] -- Up-to-date: /home/sebas/workspace/ros_ur_driver/install/ur_msgs/include/ur_msgs/ur_msgs/msg/detail/digital__builder.hpp
[3.478s] -- Up-to-date: /home/sebas/workspace/ros_ur_driver/install/ur_msgs/include/ur_msgs/ur_msgs/msg/detail/digital__struct.hpp
[3.478s] -- Up-to-date: /home/sebas/workspace/ros_ur_driver/install/ur_msgs/include/ur_msgs/ur_msgs/msg/detail/masterboard_data_msg__builder.hpp
[3.478s] -- Up-to-date: /home/sebas/workspace/ros_ur_driver/install/ur_msgs/include/ur_msgs/ur_msgs/msg/detail/masterboard_data_msg__traits.hpp
[3.478s] -- Up-to-date: /home/sebas/workspace/ros_ur_driver/install/ur_msgs/include/ur_msgs/ur_msgs/msg/detail/robot_state_rt_msg__traits.hpp
[3.478s] -- Up-to-date: /home/sebas/workspace/ros_ur_driver/install/ur_msgs/include/ur_msgs/ur_msgs/msg/detail/masterboard_data_msg__struct.hpp
[3.478s] -- Up-to-date: /home/sebas/workspace/ros_ur_driver/install/ur_msgs/include/ur_msgs/ur_msgs/msg/detail/robot_mode_data_msg__builder.hpp
[3.479s] -- Up-to-date: /home/sebas/workspace/ros_ur_driver/install/ur_msgs/include/ur_msgs/ur_msgs/msg/robot_state_rt_msg.hpp
[3.479s] -- Up-to-date: /home/sebas/workspace/ros_ur_driver/install/ur_msgs/include/ur_msgs/ur_msgs/msg/io_states.hpp
[3.479s] -- Up-to-date: /home/sebas/workspace/ros_ur_driver/install/ur_msgs/include/ur_msgs/ur_msgs
[3.479s] -- Up-to-date: /home/sebas/workspace/ros_ur_driver/install/ur_msgs/include/ur_msgs/ur_msgs/srv
[3.479s] -- Up-to-date: /home/sebas/workspace/ros_ur_driver/install/ur_msgs/include/ur_msgs/ur_msgs/srv/detail
[3.479s] -- Up-to-date: /home/sebas/workspace/ros_ur_driver/install/ur_msgs/include/ur_msgs/ur_msgs/srv/detail/set_speed_slider_fraction__rosidl_typesupport_fastrtps_cpp.hpp
[3.479s] -- Up-to-date: /home/sebas/workspace/ros_ur_driver/install/ur_msgs/include/ur_msgs/ur_msgs/srv/detail/set_payload__rosidl_typesupport_fastrtps_cpp.hpp
[3.479s] -- Up-to-date: /home/sebas/workspace/ros_ur_driver/install/ur_msgs/include/ur_msgs/ur_msgs/srv/detail/set_io__rosidl_typesupport_fastrtps_cpp.hpp
[3.479s] -- Up-to-date: /home/sebas/workspace/ros_ur_driver/install/ur_msgs/include/ur_msgs/ur_msgs/srv/detail/set_analog_output__rosidl_typesupport_fastrtps_cpp.hpp
[3.479s] -- Up-to-date: /home/sebas/workspace/ros_ur_driver/install/ur_msgs/include/ur_msgs/ur_msgs/srv/detail/set_force_mode__rosidl_typesupport_fastrtps_cpp.hpp
[3.479s] -- Up-to-date: /home/sebas/workspace/ros_ur_driver/install/ur_msgs/include/ur_msgs/ur_msgs/srv/detail/get_robot_software_version__rosidl_typesupport_fastrtps_cpp.hpp
[3.479s] -- Up-to-date: /home/sebas/workspace/ros_ur_driver/install/ur_msgs/include/ur_msgs/ur_msgs/srv/detail/dds_fastrtps
[3.479s] -- Up-to-date: /home/sebas/workspace/ros_ur_driver/install/ur_msgs/include/ur_msgs/ur_msgs/msg
[3.480s] -- Up-to-date: /home/sebas/workspace/ros_ur_driver/install/ur_msgs/include/ur_msgs/ur_msgs/msg/rosidl_typesupport_fastrtps_cpp__visibility_control.h
[3.480s] -- Up-to-date: /home/sebas/workspace/ros_ur_driver/install/ur_msgs/include/ur_msgs/ur_msgs/msg/detail
[3.480s] -- Up-to-date: /home/sebas/workspace/ros_ur_driver/install/ur_msgs/include/ur_msgs/ur_msgs/msg/detail/robot_state_rt_msg__rosidl_typesupport_fastrtps_cpp.hpp
[3.480s] -- Up-to-date: /home/sebas/workspace/ros_ur_driver/install/ur_msgs/include/ur_msgs/ur_msgs/msg/detail/robot_mode_data_msg__rosidl_typesupport_fastrtps_cpp.hpp
[3.480s] -- Up-to-date: /home/sebas/workspace/ros_ur_driver/install/ur_msgs/include/ur_msgs/ur_msgs/msg/detail/io_states__rosidl_typesupport_fastrtps_cpp.hpp
[3.480s] -- Up-to-date: /home/sebas/workspace/ros_ur_driver/install/ur_msgs/include/ur_msgs/ur_msgs/msg/detail/analog__rosidl_typesupport_fastrtps_cpp.hpp
[3.480s] -- Up-to-date: /home/sebas/workspace/ros_ur_driver/install/ur_msgs/include/ur_msgs/ur_msgs/msg/detail/digital__rosidl_typesupport_fastrtps_cpp.hpp
[3.480s] -- Up-to-date: /home/sebas/workspace/ros_ur_driver/install/ur_msgs/include/ur_msgs/ur_msgs/msg/detail/masterboard_data_msg__rosidl_typesupport_fastrtps_cpp.hpp
[3.480s] -- Up-to-date: /home/sebas/workspace/ros_ur_driver/install/ur_msgs/include/ur_msgs/ur_msgs/msg/detail/dds_fastrtps
[3.480s] -- Up-to-date: /home/sebas/workspace/ros_ur_driver/install/ur_msgs/include/ur_msgs/ur_msgs/msg/detail/tool_data_msg__rosidl_typesupport_fastrtps_cpp.hpp
[3.480s] -- Up-to-date: /home/sebas/workspace/ros_ur_driver/install/ur_msgs/lib/libur_msgs__rosidl_typesupport_fastrtps_cpp.so
[3.480s] -- Up-to-date: /home/sebas/workspace/ros_ur_driver/install/ur_msgs/include/ur_msgs/ur_msgs
[3.481s] -- Up-to-date: /home/sebas/workspace/ros_ur_driver/install/ur_msgs/include/ur_msgs/ur_msgs/srv
[3.481s] -- Up-to-date: /home/sebas/workspace/ros_ur_driver/install/ur_msgs/include/ur_msgs/ur_msgs/srv/detail
[3.481s] -- Up-to-date: /home/sebas/workspace/ros_ur_driver/install/ur_msgs/include/ur_msgs/ur_msgs/srv/detail/get_robot_software_version__type_support.c
[3.481s] -- Up-to-date: /home/sebas/workspace/ros_ur_driver/install/ur_msgs/include/ur_msgs/ur_msgs/srv/detail/set_io__rosidl_typesupport_introspection_c.h
[3.481s] -- Up-to-date: /home/sebas/workspace/ros_ur_driver/install/ur_msgs/include/ur_msgs/ur_msgs/srv/detail/set_speed_slider_fraction__type_support.c
[3.481s] -- Up-to-date: /home/sebas/workspace/ros_ur_driver/install/ur_msgs/include/ur_msgs/ur_msgs/srv/detail/set_speed_slider_fraction__rosidl_typesupport_introspection_c.h
[3.481s] -- Up-to-date: /home/sebas/workspace/ros_ur_driver/install/ur_msgs/include/ur_msgs/ur_msgs/srv/detail/get_robot_software_version__rosidl_typesupport_introspection_c.h
[3.481s] -- Up-to-date: /home/sebas/workspace/ros_ur_driver/install/ur_msgs/include/ur_msgs/ur_msgs/srv/detail/set_io__type_support.c
[3.481s] -- Up-to-date: /home/sebas/workspace/ros_ur_driver/install/ur_msgs/include/ur_msgs/ur_msgs/srv/detail/set_force_mode__rosidl_typesupport_introspection_c.h
[3.481s] -- Up-to-date: /home/sebas/workspace/ros_ur_driver/install/ur_msgs/include/ur_msgs/ur_msgs/srv/detail/set_analog_output__type_support.c
[3.482s] -- Up-to-date: /home/sebas/workspace/ros_ur_driver/install/ur_msgs/include/ur_msgs/ur_msgs/srv/detail/set_payload__rosidl_typesupport_introspection_c.h
[3.482s] -- Up-to-date: /home/sebas/workspace/ros_ur_driver/install/ur_msgs/include/ur_msgs/ur_msgs/srv/detail/set_force_mode__type_support.c
[3.482s] -- Up-to-date: /home/sebas/workspace/ros_ur_driver/install/ur_msgs/include/ur_msgs/ur_msgs/srv/detail/set_payload__type_support.c
[3.482s] -- Up-to-date: /home/sebas/workspace/ros_ur_driver/install/ur_msgs/include/ur_msgs/ur_msgs/srv/detail/set_analog_output__rosidl_typesupport_introspection_c.h
[3.482s] -- Up-to-date: /home/sebas/workspace/ros_ur_driver/install/ur_msgs/include/ur_msgs/ur_msgs/msg
[3.482s] -- Up-to-date: /home/sebas/workspace/ros_ur_driver/install/ur_msgs/include/ur_msgs/ur_msgs/msg/detail
[3.482s] -- Up-to-date: /home/sebas/workspace/ros_ur_driver/install/ur_msgs/include/ur_msgs/ur_msgs/msg/detail/digital__type_support.c
[3.482s] -- Up-to-date: /home/sebas/workspace/ros_ur_driver/install/ur_msgs/include/ur_msgs/ur_msgs/msg/detail/robot_state_rt_msg__type_support.c
[3.482s] -- Up-to-date: /home/sebas/workspace/ros_ur_driver/install/ur_msgs/include/ur_msgs/ur_msgs/msg/detail/io_states__type_support.c
[3.482s] -- Up-to-date: /home/sebas/workspace/ros_ur_driver/install/ur_msgs/include/ur_msgs/ur_msgs/msg/detail/robot_state_rt_msg__rosidl_typesupport_introspection_c.h
[3.482s] -- Up-to-date: /home/sebas/workspace/ros_ur_driver/install/ur_msgs/include/ur_msgs/ur_msgs/msg/detail/tool_data_msg__rosidl_typesupport_introspection_c.h
[3.482s] -- Up-to-date: /home/sebas/workspace/ros_ur_driver/install/ur_msgs/include/ur_msgs/ur_msgs/msg/detail/digital__rosidl_typesupport_introspection_c.h
[3.483s] -- Up-to-date: /home/sebas/workspace/ros_ur_driver/install/ur_msgs/include/ur_msgs/ur_msgs/msg/detail/io_states__rosidl_typesupport_introspection_c.h
[3.483s] -- Up-to-date: /home/sebas/workspace/ros_ur_driver/install/ur_msgs/include/ur_msgs/ur_msgs/msg/detail/tool_data_msg__type_support.c
[3.483s] -- Up-to-date: /home/sebas/workspace/ros_ur_driver/install/ur_msgs/include/ur_msgs/ur_msgs/msg/detail/robot_mode_data_msg__type_support.c
[3.483s] -- Up-to-date: /home/sebas/workspace/ros_ur_driver/install/ur_msgs/include/ur_msgs/ur_msgs/msg/detail/analog__type_support.c
[3.483s] -- Up-to-date: /home/sebas/workspace/ros_ur_driver/install/ur_msgs/include/ur_msgs/ur_msgs/msg/detail/masterboard_data_msg__type_support.c
[3.483s] -- Up-to-date: /home/sebas/workspace/ros_ur_driver/install/ur_msgs/include/ur_msgs/ur_msgs/msg/detail/analog__rosidl_typesupport_introspection_c.h
[3.483s] -- Up-to-date: /home/sebas/workspace/ros_ur_driver/install/ur_msgs/include/ur_msgs/ur_msgs/msg/detail/robot_mode_data_msg__rosidl_typesupport_introspection_c.h
[3.483s] -- Up-to-date: /home/sebas/workspace/ros_ur_driver/install/ur_msgs/include/ur_msgs/ur_msgs/msg/detail/masterboard_data_msg__rosidl_typesupport_introspection_c.h
[3.483s] -- Up-to-date: /home/sebas/workspace/ros_ur_driver/install/ur_msgs/include/ur_msgs/ur_msgs/msg/rosidl_typesupport_introspection_c__visibility_control.h
[3.483s] -- Up-to-date: /home/sebas/workspace/ros_ur_driver/install/ur_msgs/lib/libur_msgs__rosidl_typesupport_introspection_c.so
[3.483s] -- Up-to-date: /home/sebas/workspace/ros_ur_driver/install/ur_msgs/lib/libur_msgs__rosidl_typesupport_c.so
[3.483s] -- Up-to-date: /home/sebas/workspace/ros_ur_driver/install/ur_msgs/include/ur_msgs/ur_msgs
[3.483s] -- Up-to-date: /home/sebas/workspace/ros_ur_driver/install/ur_msgs/include/ur_msgs/ur_msgs/srv
[3.484s] -- Up-to-date: /home/sebas/workspace/ros_ur_driver/install/ur_msgs/include/ur_msgs/ur_msgs/srv/detail
[3.484s] -- Up-to-date: /home/sebas/workspace/ros_ur_driver/install/ur_msgs/include/ur_msgs/ur_msgs/srv/detail/get_robot_software_version__type_support.cpp
[3.484s] -- Up-to-date: /home/sebas/workspace/ros_ur_driver/install/ur_msgs/include/ur_msgs/ur_msgs/srv/detail/set_force_mode__rosidl_typesupport_introspection_cpp.hpp
[3.484s] -- Up-to-date: /home/sebas/workspace/ros_ur_driver/install/ur_msgs/include/ur_msgs/ur_msgs/srv/detail/set_force_mode__type_support.cpp
[3.484s] -- Up-to-date: /home/sebas/workspace/ros_ur_driver/install/ur_msgs/include/ur_msgs/ur_msgs/srv/detail/set_analog_output__type_support.cpp
[3.484s] -- Up-to-date: /home/sebas/workspace/ros_ur_driver/install/ur_msgs/include/ur_msgs/ur_msgs/srv/detail/set_io__rosidl_typesupport_introspection_cpp.hpp
[3.484s] -- Up-to-date: /home/sebas/workspace/ros_ur_driver/install/ur_msgs/include/ur_msgs/ur_msgs/srv/detail/set_payload__type_support.cpp
[3.484s] -- Up-to-date: /home/sebas/workspace/ros_ur_driver/install/ur_msgs/include/ur_msgs/ur_msgs/srv/detail/set_payload__rosidl_typesupport_introspection_cpp.hpp
[3.484s] -- Up-to-date: /home/sebas/workspace/ros_ur_driver/install/ur_msgs/include/ur_msgs/ur_msgs/srv/detail/get_robot_software_version__rosidl_typesupport_introspection_cpp.hpp
[3.484s] -- Up-to-date: /home/sebas/workspace/ros_ur_driver/install/ur_msgs/include/ur_msgs/ur_msgs/srv/detail/set_speed_slider_fraction__type_support.cpp
[3.484s] -- Up-to-date: /home/sebas/workspace/ros_ur_driver/install/ur_msgs/include/ur_msgs/ur_msgs/srv/detail/set_speed_slider_fraction__rosidl_typesupport_introspection_cpp.hpp
[3.484s] -- Up-to-date: /home/sebas/workspace/ros_ur_driver/install/ur_msgs/include/ur_msgs/ur_msgs/srv/detail/set_io__type_support.cpp
[3.484s] -- Up-to-date: /home/sebas/workspace/ros_ur_driver/install/ur_msgs/include/ur_msgs/ur_msgs/srv/detail/set_analog_output__rosidl_typesupport_introspection_cpp.hpp
[3.485s] -- Up-to-date: /home/sebas/workspace/ros_ur_driver/install/ur_msgs/include/ur_msgs/ur_msgs/msg
[3.485s] -- Up-to-date: /home/sebas/workspace/ros_ur_driver/install/ur_msgs/include/ur_msgs/ur_msgs/msg/detail
[3.485s] -- Up-to-date: /home/sebas/workspace/ros_ur_driver/install/ur_msgs/include/ur_msgs/ur_msgs/msg/detail/io_states__type_support.cpp
[3.485s] -- Up-to-date: /home/sebas/workspace/ros_ur_driver/install/ur_msgs/include/ur_msgs/ur_msgs/msg/detail/tool_data_msg__type_support.cpp
[3.485s] -- Up-to-date: /home/sebas/workspace/ros_ur_driver/install/ur_msgs/include/ur_msgs/ur_msgs/msg/detail/analog__type_support.cpp
[3.485s] -- Up-to-date: /home/sebas/workspace/ros_ur_driver/install/ur_msgs/include/ur_msgs/ur_msgs/msg/detail/digital__rosidl_typesupport_introspection_cpp.hpp
[3.485s] -- Up-to-date: /home/sebas/workspace/ros_ur_driver/install/ur_msgs/include/ur_msgs/ur_msgs/msg/detail/analog__rosidl_typesupport_introspection_cpp.hpp
[3.485s] -- Up-to-date: /home/sebas/workspace/ros_ur_driver/install/ur_msgs/include/ur_msgs/ur_msgs/msg/detail/tool_data_msg__rosidl_typesupport_introspection_cpp.hpp
[3.485s] -- Up-to-date: /home/sebas/workspace/ros_ur_driver/install/ur_msgs/include/ur_msgs/ur_msgs/msg/detail/robot_state_rt_msg__rosidl_typesupport_introspection_cpp.hpp
[3.485s] -- Up-to-date: /home/sebas/workspace/ros_ur_driver/install/ur_msgs/include/ur_msgs/ur_msgs/msg/detail/io_states__rosidl_typesupport_introspection_cpp.hpp
[3.485s] -- Up-to-date: /home/sebas/workspace/ros_ur_driver/install/ur_msgs/include/ur_msgs/ur_msgs/msg/detail/masterboard_data_msg__type_support.cpp
[3.485s] -- Up-to-date: /home/sebas/workspace/ros_ur_driver/install/ur_msgs/include/ur_msgs/ur_msgs/msg/detail/digital__type_support.cpp
[3.485s] -- Up-to-date: /home/sebas/workspace/ros_ur_driver/install/ur_msgs/include/ur_msgs/ur_msgs/msg/detail/robot_mode_data_msg__type_support.cpp
[3.486s] -- Up-to-date: /home/sebas/workspace/ros_ur_driver/install/ur_msgs/include/ur_msgs/ur_msgs/msg/detail/robot_state_rt_msg__type_support.cpp
[3.486s] -- Up-to-date: /home/sebas/workspace/ros_ur_driver/install/ur_msgs/include/ur_msgs/ur_msgs/msg/detail/masterboard_data_msg__rosidl_typesupport_introspection_cpp.hpp
[3.486s] -- Up-to-date: /home/sebas/workspace/ros_ur_driver/install/ur_msgs/include/ur_msgs/ur_msgs/msg/detail/robot_mode_data_msg__rosidl_typesupport_introspection_cpp.hpp
[3.486s] -- Up-to-date: /home/sebas/workspace/ros_ur_driver/install/ur_msgs/lib/libur_msgs__rosidl_typesupport_introspection_cpp.so
[3.486s] -- Up-to-date: /home/sebas/workspace/ros_ur_driver/install/ur_msgs/lib/libur_msgs__rosidl_typesupport_cpp.so
[3.486s] -- Up-to-date: /home/sebas/workspace/ros_ur_driver/install/ur_msgs/share/ur_msgs/environment/pythonpath.sh
[3.486s] -- Up-to-date: /home/sebas/workspace/ros_ur_driver/install/ur_msgs/share/ur_msgs/environment/pythonpath.dsv
[3.486s] -- Up-to-date: /home/sebas/workspace/ros_ur_driver/install/ur_msgs/local/lib/python3.10/dist-packages/ur_msgs-2.0.1-py3.10.egg-info
[3.486s] -- Installing: /home/sebas/workspace/ros_ur_driver/install/ur_msgs/local/lib/python3.10/dist-packages/ur_msgs-2.0.1-py3.10.egg-info/top_level.txt
[3.487s] -- Installing: /home/sebas/workspace/ros_ur_driver/install/ur_msgs/local/lib/python3.10/dist-packages/ur_msgs-2.0.1-py3.10.egg-info/dependency_links.txt
[3.487s] -- Installing: /home/sebas/workspace/ros_ur_driver/install/ur_msgs/local/lib/python3.10/dist-packages/ur_msgs-2.0.1-py3.10.egg-info/SOURCES.txt
[3.487s] -- Installing: /home/sebas/workspace/ros_ur_driver/install/ur_msgs/local/lib/python3.10/dist-packages/ur_msgs-2.0.1-py3.10.egg-info/PKG-INFO
[3.487s] -- Up-to-date: /home/sebas/workspace/ros_ur_driver/install/ur_msgs/local/lib/python3.10/dist-packages/ur_msgs
[3.487s] -- Up-to-date: /home/sebas/workspace/ros_ur_driver/install/ur_msgs/local/lib/python3.10/dist-packages/ur_msgs/srv
[3.487s] -- Up-to-date: /home/sebas/workspace/ros_ur_driver/install/ur_msgs/local/lib/python3.10/dist-packages/ur_msgs/srv/_set_payload_s.c
[3.487s] -- Up-to-date: /home/sebas/workspace/ros_ur_driver/install/ur_msgs/local/lib/python3.10/dist-packages/ur_msgs/srv/_set_io.py
[3.487s] -- Up-to-date: /home/sebas/workspace/ros_ur_driver/install/ur_msgs/local/lib/python3.10/dist-packages/ur_msgs/srv/_set_force_mode.py
[3.487s] -- Up-to-date: /home/sebas/workspace/ros_ur_driver/install/ur_msgs/local/lib/python3.10/dist-packages/ur_msgs/srv/_set_speed_slider_fraction_s.c
[3.487s] -- Up-to-date: /home/sebas/workspace/ros_ur_driver/install/ur_msgs/local/lib/python3.10/dist-packages/ur_msgs/srv/_set_io_s.c
[3.487s] -- Up-to-date: /home/sebas/workspace/ros_ur_driver/install/ur_msgs/local/lib/python3.10/dist-packages/ur_msgs/srv/_get_robot_software_version_s.c
[3.487s] -- Up-to-date: /home/sebas/workspace/ros_ur_driver/install/ur_msgs/local/lib/python3.10/dist-packages/ur_msgs/srv/__init__.py
[3.487s] -- Up-to-date: /home/sebas/workspace/ros_ur_driver/install/ur_msgs/local/lib/python3.10/dist-packages/ur_msgs/srv/_set_payload.py
[3.487s] -- Up-to-date: /home/sebas/workspace/ros_ur_driver/install/ur_msgs/local/lib/python3.10/dist-packages/ur_msgs/srv/_set_analog_output_s.c
[3.487s] -- Up-to-date: /home/sebas/workspace/ros_ur_driver/install/ur_msgs/local/lib/python3.10/dist-packages/ur_msgs/srv/_set_force_mode_s.c
[3.488s] -- Up-to-date: /home/sebas/workspace/ros_ur_driver/install/ur_msgs/local/lib/python3.10/dist-packages/ur_msgs/srv/_get_robot_software_version.py
[3.488s] -- Up-to-date: /home/sebas/workspace/ros_ur_driver/install/ur_msgs/local/lib/python3.10/dist-packages/ur_msgs/srv/_set_analog_output.py
[3.488s] -- Up-to-date: /home/sebas/workspace/ros_ur_driver/install/ur_msgs/local/lib/python3.10/dist-packages/ur_msgs/srv/_set_speed_slider_fraction.py
[3.488s] -- Up-to-date: /home/sebas/workspace/ros_ur_driver/install/ur_msgs/local/lib/python3.10/dist-packages/ur_msgs/ur_msgs_s__rosidl_typesupport_fastrtps_c.cpython-310-x86_64-linux-gnu.so
[3.488s] -- Up-to-date: /home/sebas/workspace/ros_ur_driver/install/ur_msgs/local/lib/python3.10/dist-packages/ur_msgs/_ur_msgs_s.ep.rosidl_typesupport_c.c
[3.488s] -- Up-to-date: /home/sebas/workspace/ros_ur_driver/install/ur_msgs/local/lib/python3.10/dist-packages/ur_msgs/ur_msgs_s__rosidl_typesupport_c.cpython-310-x86_64-linux-gnu.so
[3.488s] -- Up-to-date: /home/sebas/workspace/ros_ur_driver/install/ur_msgs/local/lib/python3.10/dist-packages/ur_msgs/__init__.py
[3.488s] -- Up-to-date: /home/sebas/workspace/ros_ur_driver/install/ur_msgs/local/lib/python3.10/dist-packages/ur_msgs/_ur_msgs_s.ep.rosidl_typesupport_fastrtps_c.c
[3.488s] -- Up-to-date: /home/sebas/workspace/ros_ur_driver/install/ur_msgs/local/lib/python3.10/dist-packages/ur_msgs/ur_msgs_s__rosidl_typesupport_introspection_c.cpython-310-x86_64-linux-gnu.so
[3.488s] -- Up-to-date: /home/sebas/workspace/ros_ur_driver/install/ur_msgs/local/lib/python3.10/dist-packages/ur_msgs/_ur_msgs_s.ep.rosidl_typesupport_introspection_c.c
[3.488s] -- Up-to-date: /home/sebas/workspace/ros_ur_driver/install/ur_msgs/local/lib/python3.10/dist-packages/ur_msgs/msg
[3.488s] -- Up-to-date: /home/sebas/workspace/ros_ur_driver/install/ur_msgs/local/lib/python3.10/dist-packages/ur_msgs/msg/_analog_s.c
[3.488s] -- Up-to-date: /home/sebas/workspace/ros_ur_driver/install/ur_msgs/local/lib/python3.10/dist-packages/ur_msgs/msg/_io_states_s.c
[3.488s] -- Up-to-date: /home/sebas/workspace/ros_ur_driver/install/ur_msgs/local/lib/python3.10/dist-packages/ur_msgs/msg/_io_states.py
[3.488s] -- Up-to-date: /home/sebas/workspace/ros_ur_driver/install/ur_msgs/local/lib/python3.10/dist-packages/ur_msgs/msg/_tool_data_msg_s.c
[3.489s] -- Up-to-date: /home/sebas/workspace/ros_ur_driver/install/ur_msgs/local/lib/python3.10/dist-packages/ur_msgs/msg/_analog.py
[3.489s] -- Up-to-date: /home/sebas/workspace/ros_ur_driver/install/ur_msgs/local/lib/python3.10/dist-packages/ur_msgs/msg/_robot_mode_data_msg.py
[3.489s] -- Up-to-date: /home/sebas/workspace/ros_ur_driver/install/ur_msgs/local/lib/python3.10/dist-packages/ur_msgs/msg/_robot_state_rt_msg.py
[3.489s] -- Up-to-date: /home/sebas/workspace/ros_ur_driver/install/ur_msgs/local/lib/python3.10/dist-packages/ur_msgs/msg/__init__.py
[3.489s] -- Up-to-date: /home/sebas/workspace/ros_ur_driver/install/ur_msgs/local/lib/python3.10/dist-packages/ur_msgs/msg/_digital.py
[3.489s] -- Up-to-date: /home/sebas/workspace/ros_ur_driver/install/ur_msgs/local/lib/python3.10/dist-packages/ur_msgs/msg/_masterboard_data_msg.py
[3.489s] -- Up-to-date: /home/sebas/workspace/ros_ur_driver/install/ur_msgs/local/lib/python3.10/dist-packages/ur_msgs/msg/_robot_state_rt_msg_s.c
[3.489s] -- Up-to-date: /home/sebas/workspace/ros_ur_driver/install/ur_msgs/local/lib/python3.10/dist-packages/ur_msgs/msg/_tool_data_msg.py
[3.489s] -- Up-to-date: /home/sebas/workspace/ros_ur_driver/install/ur_msgs/local/lib/python3.10/dist-packages/ur_msgs/msg/_masterboard_data_msg_s.c
[3.489s] -- Up-to-date: /home/sebas/workspace/ros_ur_driver/install/ur_msgs/local/lib/python3.10/dist-packages/ur_msgs/msg/_robot_mode_data_msg_s.c
[3.489s] -- Up-to-date: /home/sebas/workspace/ros_ur_driver/install/ur_msgs/local/lib/python3.10/dist-packages/ur_msgs/msg/_digital_s.c
[3.489s] -- Up-to-date: /home/sebas/workspace/ros_ur_driver/install/ur_msgs/local/lib/python3.10/dist-packages/ur_msgs/libur_msgs__rosidl_generator_py.so
[3.613s] Listing '/home/sebas/workspace/ros_ur_driver/install/ur_msgs/local/lib/python3.10/dist-packages/ur_msgs'...
[3.613s] Listing '/home/sebas/workspace/ros_ur_driver/install/ur_msgs/local/lib/python3.10/dist-packages/ur_msgs/msg'...
[3.613s] Listing '/home/sebas/workspace/ros_ur_driver/install/ur_msgs/local/lib/python3.10/dist-packages/ur_msgs/srv'...
[3.617s] -- Up-to-date: /home/sebas/workspace/ros_ur_driver/install/ur_msgs/local/lib/python3.10/dist-packages/ur_msgs/ur_msgs_s__rosidl_typesupport_fastrtps_c.cpython-310-x86_64-linux-gnu.so
[3.617s] -- Up-to-date: /home/sebas/workspace/ros_ur_driver/install/ur_msgs/local/lib/python3.10/dist-packages/ur_msgs/ur_msgs_s__rosidl_typesupport_introspection_c.cpython-310-x86_64-linux-gnu.so
[3.618s] -- Up-to-date: /home/sebas/workspace/ros_ur_driver/install/ur_msgs/local/lib/python3.10/dist-packages/ur_msgs/ur_msgs_s__rosidl_typesupport_c.cpython-310-x86_64-linux-gnu.so
[3.618s] -- Up-to-date: /home/sebas/workspace/ros_ur_driver/install/ur_msgs/lib/libur_msgs__rosidl_generator_py.so
[3.618s] -- Up-to-date: /home/sebas/workspace/ros_ur_driver/install/ur_msgs/share/ur_msgs/msg/Analog.idl
[3.618s] -- Up-to-date: /home/sebas/workspace/ros_ur_driver/install/ur_msgs/share/ur_msgs/msg/Digital.idl
[3.618s] -- Up-to-date: /home/sebas/workspace/ros_ur_driver/install/ur_msgs/share/ur_msgs/msg/IOStates.idl
[3.618s] -- Up-to-date: /home/sebas/workspace/ros_ur_driver/install/ur_msgs/share/ur_msgs/msg/RobotStateRTMsg.idl
[3.618s] -- Up-to-date: /home/sebas/workspace/ros_ur_driver/install/ur_msgs/share/ur_msgs/msg/MasterboardDataMsg.idl
[3.619s] -- Up-to-date: /home/sebas/workspace/ros_ur_driver/install/ur_msgs/share/ur_msgs/msg/RobotModeDataMsg.idl
[3.619s] -- Up-to-date: /home/sebas/workspace/ros_ur_driver/install/ur_msgs/share/ur_msgs/msg/ToolDataMsg.idl
[3.619s] -- Up-to-date: /home/sebas/workspace/ros_ur_driver/install/ur_msgs/share/ur_msgs/srv/SetAnalogOutput.idl
[3.619s] -- Up-to-date: /home/sebas/workspace/ros_ur_driver/install/ur_msgs/share/ur_msgs/srv/SetPayload.idl
[3.619s] -- Up-to-date: /home/sebas/workspace/ros_ur_driver/install/ur_msgs/share/ur_msgs/srv/SetSpeedSliderFraction.idl
[3.619s] -- Up-to-date: /home/sebas/workspace/ros_ur_driver/install/ur_msgs/share/ur_msgs/srv/SetIO.idl
[3.619s] -- Up-to-date: /home/sebas/workspace/ros_ur_driver/install/ur_msgs/share/ur_msgs/srv/GetRobotSoftwareVersion.idl
[3.619s] -- Up-to-date: /home/sebas/workspace/ros_ur_driver/install/ur_msgs/share/ur_msgs/srv/SetForceMode.idl
[3.619s] -- Up-to-date: /home/sebas/workspace/ros_ur_driver/install/ur_msgs/share/ur_msgs/msg/Analog.msg
[3.619s] -- Up-to-date: /home/sebas/workspace/ros_ur_driver/install/ur_msgs/share/ur_msgs/msg/Digital.msg
[3.619s] -- Up-to-date: /home/sebas/workspace/ros_ur_driver/install/ur_msgs/share/ur_msgs/msg/IOStates.msg
[3.620s] -- Up-to-date: /home/sebas/workspace/ros_ur_driver/install/ur_msgs/share/ur_msgs/msg/RobotStateRTMsg.msg
[3.620s] -- Up-to-date: /home/sebas/workspace/ros_ur_driver/install/ur_msgs/share/ur_msgs/msg/MasterboardDataMsg.msg
[3.620s] -- Up-to-date: /home/sebas/workspace/ros_ur_driver/install/ur_msgs/share/ur_msgs/msg/RobotModeDataMsg.msg
[3.620s] -- Up-to-date: /home/sebas/workspace/ros_ur_driver/install/ur_msgs/share/ur_msgs/msg/ToolDataMsg.msg
[3.620s] -- Up-to-date: /home/sebas/workspace/ros_ur_driver/install/ur_msgs/share/ur_msgs/srv/SetAnalogOutput.srv
[3.620s] -- Up-to-date: /home/sebas/workspace/ros_ur_driver/install/ur_msgs/share/ur_msgs/srv/SetAnalogOutput_Request.msg
[3.620s] -- Up-to-date: /home/sebas/workspace/ros_ur_driver/install/ur_msgs/share/ur_msgs/srv/SetAnalogOutput_Response.msg
[3.620s] -- Up-to-date: /home/sebas/workspace/ros_ur_driver/install/ur_msgs/share/ur_msgs/srv/SetPayload.srv
[3.620s] -- Up-to-date: /home/sebas/workspace/ros_ur_driver/install/ur_msgs/share/ur_msgs/srv/SetPayload_Request.msg
[3.620s] -- Up-to-date: /home/sebas/workspace/ros_ur_driver/install/ur_msgs/share/ur_msgs/srv/SetPayload_Response.msg
[3.620s] -- Up-to-date: /home/sebas/workspace/ros_ur_driver/install/ur_msgs/share/ur_msgs/srv/SetSpeedSliderFraction.srv
[3.620s] -- Up-to-date: /home/sebas/workspace/ros_ur_driver/install/ur_msgs/share/ur_msgs/srv/SetSpeedSliderFraction_Request.msg
[3.620s] -- Up-to-date: /home/sebas/workspace/ros_ur_driver/install/ur_msgs/share/ur_msgs/srv/SetSpeedSliderFraction_Response.msg
[3.620s] -- Up-to-date: /home/sebas/workspace/ros_ur_driver/install/ur_msgs/share/ur_msgs/srv/SetIO.srv
[3.621s] -- Up-to-date: /home/sebas/workspace/ros_ur_driver/install/ur_msgs/share/ur_msgs/srv/SetIO_Request.msg
[3.621s] -- Up-to-date: /home/sebas/workspace/ros_ur_driver/install/ur_msgs/share/ur_msgs/srv/SetIO_Response.msg
[3.621s] -- Up-to-date: /home/sebas/workspace/ros_ur_driver/install/ur_msgs/share/ur_msgs/srv/GetRobotSoftwareVersion.srv
[3.621s] -- Up-to-date: /home/sebas/workspace/ros_ur_driver/install/ur_msgs/share/ur_msgs/srv/GetRobotSoftwareVersion_Request.msg
[3.621s] -- Up-to-date: /home/sebas/workspace/ros_ur_driver/install/ur_msgs/share/ur_msgs/srv/GetRobotSoftwareVersion_Response.msg
[3.621s] -- Up-to-date: /home/sebas/workspace/ros_ur_driver/install/ur_msgs/share/ur_msgs/srv/SetForceMode.srv
[3.621s] -- Up-to-date: /home/sebas/workspace/ros_ur_driver/install/ur_msgs/share/ur_msgs/srv/SetForceMode_Request.msg
[3.621s] -- Up-to-date: /home/sebas/workspace/ros_ur_driver/install/ur_msgs/share/ur_msgs/srv/SetForceMode_Response.msg
[3.621s] -- Up-to-date: /home/sebas/workspace/ros_ur_driver/install/ur_msgs/share/ament_index/resource_index/package_run_dependencies/ur_msgs
[3.621s] -- Up-to-date: /home/sebas/workspace/ros_ur_driver/install/ur_msgs/share/ament_index/resource_index/parent_prefix_path/ur_msgs
[3.621s] -- Up-to-date: /home/sebas/workspace/ros_ur_driver/install/ur_msgs/share/ur_msgs/environment/ament_prefix_path.sh
[3.622s] -- Up-to-date: /home/sebas/workspace/ros_ur_driver/install/ur_msgs/share/ur_msgs/environment/ament_prefix_path.dsv
[3.622s] -- Up-to-date: /home/sebas/workspace/ros_ur_driver/install/ur_msgs/share/ur_msgs/environment/path.sh
[3.622s] -- Up-to-date: /home/sebas/workspace/ros_ur_driver/install/ur_msgs/share/ur_msgs/environment/path.dsv
[3.622s] -- Up-to-date: /home/sebas/workspace/ros_ur_driver/install/ur_msgs/share/ur_msgs/local_setup.bash
[3.622s] -- Up-to-date: /home/sebas/workspace/ros_ur_driver/install/ur_msgs/share/ur_msgs/local_setup.sh
[3.622s] -- Up-to-date: /home/sebas/workspace/ros_ur_driver/install/ur_msgs/share/ur_msgs/local_setup.zsh
[3.622s] -- Up-to-date: /home/sebas/workspace/ros_ur_driver/install/ur_msgs/share/ur_msgs/local_setup.dsv
[3.622s] -- Installing: /home/sebas/workspace/ros_ur_driver/install/ur_msgs/share/ur_msgs/package.dsv
[3.622s] -- Up-to-date: /home/sebas/workspace/ros_ur_driver/install/ur_msgs/share/ament_index/resource_index/packages/ur_msgs
[3.622s] -- Up-to-date: /home/sebas/workspace/ros_ur_driver/install/ur_msgs/share/ur_msgs/cmake/export_ur_msgs__rosidl_generator_cExport.cmake
[3.622s] -- Up-to-date: /home/sebas/workspace/ros_ur_driver/install/ur_msgs/share/ur_msgs/cmake/export_ur_msgs__rosidl_generator_cExport-noconfig.cmake
[3.623s] -- Up-to-date: /home/sebas/workspace/ros_ur_driver/install/ur_msgs/share/ur_msgs/cmake/export_ur_msgs__rosidl_typesupport_fastrtps_cExport.cmake
[3.623s] -- Up-to-date: /home/sebas/workspace/ros_ur_driver/install/ur_msgs/share/ur_msgs/cmake/export_ur_msgs__rosidl_typesupport_fastrtps_cExport-noconfig.cmake
[3.623s] -- Up-to-date: /home/sebas/workspace/ros_ur_driver/install/ur_msgs/share/ur_msgs/cmake/export_ur_msgs__rosidl_generator_cppExport.cmake
[3.623s] -- Up-to-date: /home/sebas/workspace/ros_ur_driver/install/ur_msgs/share/ur_msgs/cmake/export_ur_msgs__rosidl_typesupport_fastrtps_cppExport.cmake
[3.623s] -- Up-to-date: /home/sebas/workspace/ros_ur_driver/install/ur_msgs/share/ur_msgs/cmake/export_ur_msgs__rosidl_typesupport_fastrtps_cppExport-noconfig.cmake
[3.623s] -- Up-to-date: /home/sebas/workspace/ros_ur_driver/install/ur_msgs/share/ur_msgs/cmake/ur_msgs__rosidl_typesupport_introspection_cExport.cmake
[3.623s] -- Up-to-date: /home/sebas/workspace/ros_ur_driver/install/ur_msgs/share/ur_msgs/cmake/ur_msgs__rosidl_typesupport_introspection_cExport-noconfig.cmake
[3.623s] -- Up-to-date: /home/sebas/workspace/ros_ur_driver/install/ur_msgs/share/ur_msgs/cmake/ur_msgs__rosidl_typesupport_cExport.cmake
[3.623s] -- Up-to-date: /home/sebas/workspace/ros_ur_driver/install/ur_msgs/share/ur_msgs/cmake/ur_msgs__rosidl_typesupport_cExport-noconfig.cmake
[3.623s] -- Up-to-date: /home/sebas/workspace/ros_ur_driver/install/ur_msgs/share/ur_msgs/cmake/ur_msgs__rosidl_typesupport_introspection_cppExport.cmake
[3.623s] -- Up-to-date: /home/sebas/workspace/ros_ur_driver/install/ur_msgs/share/ur_msgs/cmake/ur_msgs__rosidl_typesupport_introspection_cppExport-noconfig.cmake
[3.623s] -- Up-to-date: /home/sebas/workspace/ros_ur_driver/install/ur_msgs/share/ur_msgs/cmake/ur_msgs__rosidl_typesupport_cppExport.cmake
[3.623s] -- Up-to-date: /home/sebas/workspace/ros_ur_driver/install/ur_msgs/share/ur_msgs/cmake/ur_msgs__rosidl_typesupport_cppExport-noconfig.cmake
[3.623s] -- Up-to-date: /home/sebas/workspace/ros_ur_driver/install/ur_msgs/share/ur_msgs/cmake/export_ur_msgs__rosidl_generator_pyExport.cmake
[3.623s] -- Up-to-date: /home/sebas/workspace/ros_ur_driver/install/ur_msgs/share/ur_msgs/cmake/export_ur_msgs__rosidl_generator_pyExport-noconfig.cmake
[3.624s] -- Up-to-date: /home/sebas/workspace/ros_ur_driver/install/ur_msgs/share/ur_msgs/cmake/rosidl_cmake-extras.cmake
[3.624s] -- Up-to-date: /home/sebas/workspace/ros_ur_driver/install/ur_msgs/share/ur_msgs/cmake/ament_cmake_export_dependencies-extras.cmake
[3.624s] -- Up-to-date: /home/sebas/workspace/ros_ur_driver/install/ur_msgs/share/ur_msgs/cmake/ament_cmake_export_include_directories-extras.cmake
[3.624s] -- Up-to-date: /home/sebas/workspace/ros_ur_driver/install/ur_msgs/share/ur_msgs/cmake/ament_cmake_export_libraries-extras.cmake
[3.624s] -- Up-to-date: /home/sebas/workspace/ros_ur_driver/install/ur_msgs/share/ur_msgs/cmake/ament_cmake_export_targets-extras.cmake
[3.624s] -- Up-to-date: /home/sebas/workspace/ros_ur_driver/install/ur_msgs/share/ur_msgs/cmake/rosidl_cmake_export_typesupport_targets-extras.cmake
[3.624s] -- Up-to-date: /home/sebas/workspace/ros_ur_driver/install/ur_msgs/share/ur_msgs/cmake/rosidl_cmake_export_typesupport_libraries-extras.cmake
[3.624s] -- Up-to-date: /home/sebas/workspace/ros_ur_driver/install/ur_msgs/share/ur_msgs/cmake/ur_msgsConfig.cmake
[3.624s] -- Up-to-date: /home/sebas/workspace/ros_ur_driver/install/ur_msgs/share/ur_msgs/cmake/ur_msgsConfig-version.cmake
[3.624s] -- Up-to-date: /home/sebas/workspace/ros_ur_driver/install/ur_msgs/share/ur_msgs/package.xml
[3.625s] Invoked command in '/home/sebas/workspace/ros_ur_driver/build/ur_msgs' returned '0': CMAKE_PREFIX_PATH=${CMAKE_PREFIX_PATH}:/home/sebas/workspace/ros_ur_driver/install/rqt_joint_trajectory_controller:/home/sebas/workspace/ros_ur_driver/install/ros2_controllers_test_nodes:/opt/ros/humble:/home/sebas/ros2_humble/install/rqt_bag_plugins:/home/sebas/ros2_humble/install/rqt_bag:/home/sebas/ros2_humble/install/launch_testing_examples:/home/sebas/ros2_humble/install/ros2bag:/home/sebas/ros2_humble/install/tracetools_test:/home/sebas/ros2_humble/install/tracetools_launch:/home/sebas/ros2_humble/install/topic_monitor:/home/sebas/ros2_humble/install/tf2_tools:/home/sebas/ros2_humble/install/examples_tf2_py:/home/sebas/ros2_humble/install/tf2_ros_py:/home/sebas/ros2_humble/install/sros2:/home/sebas/ros2_humble/install/rqt_topic:/home/sebas/ros2_humble/install/rqt_srv:/home/sebas/ros2_humble/install/rqt_shell:/home/sebas/ros2_humble/install/rqt_service_caller:/home/sebas/ros2_humble/install/rqt_reconfigure:/home/sebas/ros2_humble/install/rqt_py_console:/home/sebas/ros2_humble/install/rqt_publisher:/home/sebas/ros2_humble/install/rqt_plot:/home/sebas/ros2_humble/install/rqt_action:/home/sebas/ros2_humble/install/rqt_msg:/home/sebas/ros2_humble/install/rqt_console:/home/sebas/ros2_humble/install/rqt:/home/sebas/ros2_humble/install/rqt_graph:/home/sebas/ros2_humble/install/rqt_gui_py:/home/sebas/ros2_humble/install/rqt_gui:/home/sebas/ros2_humble/install/ros2trace:/home/sebas/ros2_humble/install/ros2topic:/home/sebas/ros2_humble/install/ros2test:/home/sebas/ros2_humble/install/ros2component:/home/sebas/ros2_humble/install/ros2param:/home/sebas/ros2_humble/install/ros2lifecycle:/home/sebas/ros2_humble/install/ros2service:/home/sebas/ros2_humble/install/ros2run:/home/sebas/ros2_humble/install/ros2launch:/home/sebas/ros2_humble/install/ros2pkg:/home/sebas/ros2_humble/install/ros2node:/home/sebas/ros2_humble/install/ros2multicast:/home/sebas/ros2_humble/install/ros2interface:/home/sebas/ros2_humble/install/ros2doctor:/home/sebas/ros2_humble/install/ros2action:/home/sebas/ros2_humble/install/ros2cli:/home/sebas/ros2_humble/install/quality_of_service_demo_py:/home/sebas/ros2_humble/install/lifecycle_py:/home/sebas/ros2_humble/install/launch_testing_ros:/home/sebas/ros2_humble/install/launch_ros:/home/sebas/ros2_humble/install/examples_rclpy_pointcloud_publisher:/home/sebas/ros2_humble/install/examples_rclpy_minimal_subscriber:/home/sebas/ros2_humble/install/examples_rclpy_minimal_service:/home/sebas/ros2_humble/install/examples_rclpy_minimal_publisher:/home/sebas/ros2_humble/install/examples_rclpy_minimal_client:/home/sebas/ros2_humble/install/examples_rclpy_minimal_action_server:/home/sebas/ros2_humble/install/examples_rclpy_minimal_action_client:/home/sebas/ros2_humble/install/examples_rclpy_guard_conditions:/home/sebas/ros2_humble/install/examples_rclpy_executors:/home/sebas/ros2_humble/install/demo_nodes_py:/home/sebas/ros2_humble/install/action_tutorials_py:/home/sebas/ros2_humble/install/ament_uncrustify:/home/sebas/ros2_humble/install/tracetools_trace:/home/sebas/ros2_humble/install/tracetools_read:/home/sebas/ros2_humble/install/test_tracetools_launch:/home/sebas/ros2_humble/install/test_launch_ros:/home/sebas/ros2_humble/install/sensor_msgs_py:/home/sebas/ros2_humble/install/rpyutils:/home/sebas/ros2_humble/install/rosidl_runtime_py:/home/sebas/ros2_humble/install/rosidl_cli:/home/sebas/ros2_humble/install/launch_pytest:/home/sebas/ros2_humble/install/launch_testing:/home/sebas/ros2_humble/install/launch_yaml:/home/sebas/ros2_humble/install/launch_xml:/home/sebas/ros2_humble/install/launch:/home/sebas/ros2_humble/install/osrf_pycommon:/home/sebas/ros2_humble/install/domain_coordinator:/home/sebas/ros2_humble/install/ament_xmllint:/home/sebas/ros2_humble/install/ament_pyflakes:/home/sebas/ros2_humble/install/ament_pycodestyle:/home/sebas/ros2_humble/install/ament_pep257:/home/sebas/ros2_humble/install/ament_pclint:/home/sebas/ros2_humble/install/ament_package:/home/sebas/ros2_humble/install/ament_mypy:/home/sebas/ros2_humble/install/ament_lint_cmake:/home/sebas/ros2_humble/install/ament_flake8:/home/sebas/ros2_humble/install/ament_copyright:/home/sebas/ros2_humble/install/ament_lint:/home/sebas/ros2_humble/install/ament_index_python:/home/sebas/ros2_humble/install/ament_cpplint:/home/sebas/ros2_humble/install/ament_cppcheck:/home/sebas/ros2_humble/install/ament_clang_tidy:/home/sebas/ros2_humble/install/ament_clang_format /usr/bin/cmake --install /home/sebas/workspace/ros_ur_driver/build/ur_msgs
