[0.207s] Invoking command in '/home/sebas/workspace/ros_ur_driver/build/controller_manager_msgs': CMAKE_PREFIX_PATH=${CMAKE_PREFIX_PATH}:/home/sebas/workspace/ros_ur_driver/install/rqt_joint_trajectory_controller:/home/sebas/workspace/ros_ur_driver/install/ros2_controllers_test_nodes:/opt/ros/humble:/home/sebas/ros2_humble/install/rqt_bag_plugins:/home/sebas/ros2_humble/install/rqt_bag:/home/sebas/ros2_humble/install/launch_testing_examples:/home/sebas/ros2_humble/install/ros2bag:/home/sebas/ros2_humble/install/tracetools_test:/home/sebas/ros2_humble/install/tracetools_launch:/home/sebas/ros2_humble/install/topic_monitor:/home/sebas/ros2_humble/install/tf2_tools:/home/sebas/ros2_humble/install/examples_tf2_py:/home/sebas/ros2_humble/install/tf2_ros_py:/home/sebas/ros2_humble/install/sros2:/home/sebas/ros2_humble/install/rqt_topic:/home/sebas/ros2_humble/install/rqt_srv:/home/sebas/ros2_humble/install/rqt_shell:/home/sebas/ros2_humble/install/rqt_service_caller:/home/sebas/ros2_humble/install/rqt_reconfigure:/home/sebas/ros2_humble/install/rqt_py_console:/home/sebas/ros2_humble/install/rqt_publisher:/home/sebas/ros2_humble/install/rqt_plot:/home/sebas/ros2_humble/install/rqt_action:/home/sebas/ros2_humble/install/rqt_msg:/home/sebas/ros2_humble/install/rqt_console:/home/sebas/ros2_humble/install/rqt:/home/sebas/ros2_humble/install/rqt_graph:/home/sebas/ros2_humble/install/rqt_gui_py:/home/sebas/ros2_humble/install/rqt_gui:/home/sebas/ros2_humble/install/ros2trace:/home/sebas/ros2_humble/install/ros2topic:/home/sebas/ros2_humble/install/ros2test:/home/sebas/ros2_humble/install/ros2component:/home/sebas/ros2_humble/install/ros2param:/home/sebas/ros2_humble/install/ros2lifecycle:/home/sebas/ros2_humble/install/ros2service:/home/sebas/ros2_humble/install/ros2run:/home/sebas/ros2_humble/install/ros2launch:/home/sebas/ros2_humble/install/ros2pkg:/home/sebas/ros2_humble/install/ros2node:/home/sebas/ros2_humble/install/ros2multicast:/home/sebas/ros2_humble/install/ros2interface:/home/sebas/ros2_humble/install/ros2doctor:/home/sebas/ros2_humble/install/ros2action:/home/sebas/ros2_humble/install/ros2cli:/home/sebas/ros2_humble/install/quality_of_service_demo_py:/home/sebas/ros2_humble/install/lifecycle_py:/home/sebas/ros2_humble/install/launch_testing_ros:/home/sebas/ros2_humble/install/launch_ros:/home/sebas/ros2_humble/install/examples_rclpy_pointcloud_publisher:/home/sebas/ros2_humble/install/examples_rclpy_minimal_subscriber:/home/sebas/ros2_humble/install/examples_rclpy_minimal_service:/home/sebas/ros2_humble/install/examples_rclpy_minimal_publisher:/home/sebas/ros2_humble/install/examples_rclpy_minimal_client:/home/sebas/ros2_humble/install/examples_rclpy_minimal_action_server:/home/sebas/ros2_humble/install/examples_rclpy_minimal_action_client:/home/sebas/ros2_humble/install/examples_rclpy_guard_conditions:/home/sebas/ros2_humble/install/examples_rclpy_executors:/home/sebas/ros2_humble/install/demo_nodes_py:/home/sebas/ros2_humble/install/action_tutorials_py:/home/sebas/ros2_humble/install/ament_uncrustify:/home/sebas/ros2_humble/install/tracetools_trace:/home/sebas/ros2_humble/install/tracetools_read:/home/sebas/ros2_humble/install/test_tracetools_launch:/home/sebas/ros2_humble/install/test_launch_ros:/home/sebas/ros2_humble/install/sensor_msgs_py:/home/sebas/ros2_humble/install/rpyutils:/home/sebas/ros2_humble/install/rosidl_runtime_py:/home/sebas/ros2_humble/install/rosidl_cli:/home/sebas/ros2_humble/install/launch_pytest:/home/sebas/ros2_humble/install/launch_testing:/home/sebas/ros2_humble/install/launch_yaml:/home/sebas/ros2_humble/install/launch_xml:/home/sebas/ros2_humble/install/launch:/home/sebas/ros2_humble/install/osrf_pycommon:/home/sebas/ros2_humble/install/domain_coordinator:/home/sebas/ros2_humble/install/ament_xmllint:/home/sebas/ros2_humble/install/ament_pyflakes:/home/sebas/ros2_humble/install/ament_pycodestyle:/home/sebas/ros2_humble/install/ament_pep257:/home/sebas/ros2_humble/install/ament_pclint:/home/sebas/ros2_humble/install/ament_package:/home/sebas/ros2_humble/install/ament_mypy:/home/sebas/ros2_humble/install/ament_lint_cmake:/home/sebas/ros2_humble/install/ament_flake8:/home/sebas/ros2_humble/install/ament_copyright:/home/sebas/ros2_humble/install/ament_lint:/home/sebas/ros2_humble/install/ament_index_python:/home/sebas/ros2_humble/install/ament_cpplint:/home/sebas/ros2_humble/install/ament_cppcheck:/home/sebas/ros2_humble/install/ament_clang_tidy:/home/sebas/ros2_humble/install/ament_clang_format /usr/bin/cmake --build /home/sebas/workspace/ros_ur_driver/build/controller_manager_msgs -- -j12 -l12
[1.251s] [35m[1mConsolidate compiler generated dependencies of target controller_manager_msgs__rosidl_generator_c[0m
[1.251s] [  0%] Built target controller_manager_msgs__cpp
[1.251s] [ 12%] Built target controller_manager_msgs__rosidl_generator_c
[1.252s] [ 12%] Built target ament_cmake_python_copy_controller_manager_msgs
[1.252s] [35m[1mConsolidate compiler generated dependencies of target controller_manager_msgs__rosidl_typesupport_cpp[0m
[1.252s] [35m[1mConsolidate compiler generated dependencies of target controller_manager_msgs__rosidl_typesupport_introspection_cpp[0m
[1.252s] [35m[1mConsolidate compiler generated dependencies of target controller_manager_msgs__rosidl_typesupport_fastrtps_cpp[0m
[1.252s] [35m[1mConsolidate compiler generated dependencies of target controller_manager_msgs__rosidl_typesupport_fastrtps_c[0m
[1.253s] [35m[1mConsolidate compiler generated dependencies of target controller_manager_msgs__rosidl_typesupport_c[0m
[1.254s] [35m[1mConsolidate compiler generated dependencies of target controller_manager_msgs__rosidl_typesupport_introspection_c[0m
[1.254s] [ 24%] Built target controller_manager_msgs__rosidl_typesupport_cpp
[1.254s] [ 36%] Built target controller_manager_msgs__rosidl_typesupport_introspection_cpp
[1.254s] [ 48%] Built target controller_manager_msgs__rosidl_typesupport_introspection_c
[1.254s] [ 65%] Built target controller_manager_msgs__rosidl_typesupport_fastrtps_cpp
[1.255s] [ 72%] Built target controller_manager_msgs__rosidl_typesupport_fastrtps_c
[1.255s] [ 84%] Built target controller_manager_msgs__rosidl_typesupport_c
[1.255s] [ 84%] Built target controller_manager_msgs
[1.255s] [ 85%] Built target controller_manager_msgs__py
[1.255s] [35m[1mConsolidate compiler generated dependencies of target controller_manager_msgs__rosidl_generator_py[0m
[1.255s] [ 96%] Built target controller_manager_msgs__rosidl_generator_py
[1.255s] [35m[1mConsolidate compiler generated dependencies of target controller_manager_msgs__rosidl_typesupport_introspection_c__pyext[0m
[1.255s] [35m[1mConsolidate compiler generated dependencies of target controller_manager_msgs__rosidl_typesupport_fastrtps_c__pyext[0m
[1.256s] [35m[1mConsolidate compiler generated dependencies of target controller_manager_msgs__rosidl_typesupport_c__pyext[0m
[1.256s] [ 98%] Built target controller_manager_msgs__rosidl_typesupport_introspection_c__pyext
[1.256s] [ 99%] Built target controller_manager_msgs__rosidl_typesupport_fastrtps_c__pyext
[1.256s] [100%] Built target controller_manager_msgs__rosidl_typesupport_c__pyext
[1.333s] running egg_info
[1.384s] writing controller_manager_msgs.egg-info/PKG-INFO
[1.384s] writing dependency_links to controller_manager_msgs.egg-info/dependency_links.txt
[1.385s] writing top-level names to controller_manager_msgs.egg-info/top_level.txt
[1.587s] reading manifest file 'controller_manager_msgs.egg-info/SOURCES.txt'
[1.588s] writing manifest file 'controller_manager_msgs.egg-info/SOURCES.txt'
[1.687s] [100%] Built target ament_cmake_python_build_controller_manager_msgs_egg
[1.747s] Invoked command in '/home/sebas/workspace/ros_ur_driver/build/controller_manager_msgs' returned '0': CMAKE_PREFIX_PATH=${CMAKE_PREFIX_PATH}:/home/sebas/workspace/ros_ur_driver/install/rqt_joint_trajectory_controller:/home/sebas/workspace/ros_ur_driver/install/ros2_controllers_test_nodes:/opt/ros/humble:/home/sebas/ros2_humble/install/rqt_bag_plugins:/home/sebas/ros2_humble/install/rqt_bag:/home/sebas/ros2_humble/install/launch_testing_examples:/home/sebas/ros2_humble/install/ros2bag:/home/sebas/ros2_humble/install/tracetools_test:/home/sebas/ros2_humble/install/tracetools_launch:/home/sebas/ros2_humble/install/topic_monitor:/home/sebas/ros2_humble/install/tf2_tools:/home/sebas/ros2_humble/install/examples_tf2_py:/home/sebas/ros2_humble/install/tf2_ros_py:/home/sebas/ros2_humble/install/sros2:/home/sebas/ros2_humble/install/rqt_topic:/home/sebas/ros2_humble/install/rqt_srv:/home/sebas/ros2_humble/install/rqt_shell:/home/sebas/ros2_humble/install/rqt_service_caller:/home/sebas/ros2_humble/install/rqt_reconfigure:/home/sebas/ros2_humble/install/rqt_py_console:/home/sebas/ros2_humble/install/rqt_publisher:/home/sebas/ros2_humble/install/rqt_plot:/home/sebas/ros2_humble/install/rqt_action:/home/sebas/ros2_humble/install/rqt_msg:/home/sebas/ros2_humble/install/rqt_console:/home/sebas/ros2_humble/install/rqt:/home/sebas/ros2_humble/install/rqt_graph:/home/sebas/ros2_humble/install/rqt_gui_py:/home/sebas/ros2_humble/install/rqt_gui:/home/sebas/ros2_humble/install/ros2trace:/home/sebas/ros2_humble/install/ros2topic:/home/sebas/ros2_humble/install/ros2test:/home/sebas/ros2_humble/install/ros2component:/home/sebas/ros2_humble/install/ros2param:/home/sebas/ros2_humble/install/ros2lifecycle:/home/sebas/ros2_humble/install/ros2service:/home/sebas/ros2_humble/install/ros2run:/home/sebas/ros2_humble/install/ros2launch:/home/sebas/ros2_humble/install/ros2pkg:/home/sebas/ros2_humble/install/ros2node:/home/sebas/ros2_humble/install/ros2multicast:/home/sebas/ros2_humble/install/ros2interface:/home/sebas/ros2_humble/install/ros2doctor:/home/sebas/ros2_humble/install/ros2action:/home/sebas/ros2_humble/install/ros2cli:/home/sebas/ros2_humble/install/quality_of_service_demo_py:/home/sebas/ros2_humble/install/lifecycle_py:/home/sebas/ros2_humble/install/launch_testing_ros:/home/sebas/ros2_humble/install/launch_ros:/home/sebas/ros2_humble/install/examples_rclpy_pointcloud_publisher:/home/sebas/ros2_humble/install/examples_rclpy_minimal_subscriber:/home/sebas/ros2_humble/install/examples_rclpy_minimal_service:/home/sebas/ros2_humble/install/examples_rclpy_minimal_publisher:/home/sebas/ros2_humble/install/examples_rclpy_minimal_client:/home/sebas/ros2_humble/install/examples_rclpy_minimal_action_server:/home/sebas/ros2_humble/install/examples_rclpy_minimal_action_client:/home/sebas/ros2_humble/install/examples_rclpy_guard_conditions:/home/sebas/ros2_humble/install/examples_rclpy_executors:/home/sebas/ros2_humble/install/demo_nodes_py:/home/sebas/ros2_humble/install/action_tutorials_py:/home/sebas/ros2_humble/install/ament_uncrustify:/home/sebas/ros2_humble/install/tracetools_trace:/home/sebas/ros2_humble/install/tracetools_read:/home/sebas/ros2_humble/install/test_tracetools_launch:/home/sebas/ros2_humble/install/test_launch_ros:/home/sebas/ros2_humble/install/sensor_msgs_py:/home/sebas/ros2_humble/install/rpyutils:/home/sebas/ros2_humble/install/rosidl_runtime_py:/home/sebas/ros2_humble/install/rosidl_cli:/home/sebas/ros2_humble/install/launch_pytest:/home/sebas/ros2_humble/install/launch_testing:/home/sebas/ros2_humble/install/launch_yaml:/home/sebas/ros2_humble/install/launch_xml:/home/sebas/ros2_humble/install/launch:/home/sebas/ros2_humble/install/osrf_pycommon:/home/sebas/ros2_humble/install/domain_coordinator:/home/sebas/ros2_humble/install/ament_xmllint:/home/sebas/ros2_humble/install/ament_pyflakes:/home/sebas/ros2_humble/install/ament_pycodestyle:/home/sebas/ros2_humble/install/ament_pep257:/home/sebas/ros2_humble/install/ament_pclint:/home/sebas/ros2_humble/install/ament_package:/home/sebas/ros2_humble/install/ament_mypy:/home/sebas/ros2_humble/install/ament_lint_cmake:/home/sebas/ros2_humble/install/ament_flake8:/home/sebas/ros2_humble/install/ament_copyright:/home/sebas/ros2_humble/install/ament_lint:/home/sebas/ros2_humble/install/ament_index_python:/home/sebas/ros2_humble/install/ament_cpplint:/home/sebas/ros2_humble/install/ament_cppcheck:/home/sebas/ros2_humble/install/ament_clang_tidy:/home/sebas/ros2_humble/install/ament_clang_format /usr/bin/cmake --build /home/sebas/workspace/ros_ur_driver/build/controller_manager_msgs -- -j12 -l12
[3.573s] Invoking command in '/home/sebas/workspace/ros_ur_driver/build/controller_manager_msgs': CMAKE_PREFIX_PATH=${CMAKE_PREFIX_PATH}:/home/sebas/workspace/ros_ur_driver/install/rqt_joint_trajectory_controller:/home/sebas/workspace/ros_ur_driver/install/ros2_controllers_test_nodes:/opt/ros/humble:/home/sebas/ros2_humble/install/rqt_bag_plugins:/home/sebas/ros2_humble/install/rqt_bag:/home/sebas/ros2_humble/install/launch_testing_examples:/home/sebas/ros2_humble/install/ros2bag:/home/sebas/ros2_humble/install/tracetools_test:/home/sebas/ros2_humble/install/tracetools_launch:/home/sebas/ros2_humble/install/topic_monitor:/home/sebas/ros2_humble/install/tf2_tools:/home/sebas/ros2_humble/install/examples_tf2_py:/home/sebas/ros2_humble/install/tf2_ros_py:/home/sebas/ros2_humble/install/sros2:/home/sebas/ros2_humble/install/rqt_topic:/home/sebas/ros2_humble/install/rqt_srv:/home/sebas/ros2_humble/install/rqt_shell:/home/sebas/ros2_humble/install/rqt_service_caller:/home/sebas/ros2_humble/install/rqt_reconfigure:/home/sebas/ros2_humble/install/rqt_py_console:/home/sebas/ros2_humble/install/rqt_publisher:/home/sebas/ros2_humble/install/rqt_plot:/home/sebas/ros2_humble/install/rqt_action:/home/sebas/ros2_humble/install/rqt_msg:/home/sebas/ros2_humble/install/rqt_console:/home/sebas/ros2_humble/install/rqt:/home/sebas/ros2_humble/install/rqt_graph:/home/sebas/ros2_humble/install/rqt_gui_py:/home/sebas/ros2_humble/install/rqt_gui:/home/sebas/ros2_humble/install/ros2trace:/home/sebas/ros2_humble/install/ros2topic:/home/sebas/ros2_humble/install/ros2test:/home/sebas/ros2_humble/install/ros2component:/home/sebas/ros2_humble/install/ros2param:/home/sebas/ros2_humble/install/ros2lifecycle:/home/sebas/ros2_humble/install/ros2service:/home/sebas/ros2_humble/install/ros2run:/home/sebas/ros2_humble/install/ros2launch:/home/sebas/ros2_humble/install/ros2pkg:/home/sebas/ros2_humble/install/ros2node:/home/sebas/ros2_humble/install/ros2multicast:/home/sebas/ros2_humble/install/ros2interface:/home/sebas/ros2_humble/install/ros2doctor:/home/sebas/ros2_humble/install/ros2action:/home/sebas/ros2_humble/install/ros2cli:/home/sebas/ros2_humble/install/quality_of_service_demo_py:/home/sebas/ros2_humble/install/lifecycle_py:/home/sebas/ros2_humble/install/launch_testing_ros:/home/sebas/ros2_humble/install/launch_ros:/home/sebas/ros2_humble/install/examples_rclpy_pointcloud_publisher:/home/sebas/ros2_humble/install/examples_rclpy_minimal_subscriber:/home/sebas/ros2_humble/install/examples_rclpy_minimal_service:/home/sebas/ros2_humble/install/examples_rclpy_minimal_publisher:/home/sebas/ros2_humble/install/examples_rclpy_minimal_client:/home/sebas/ros2_humble/install/examples_rclpy_minimal_action_server:/home/sebas/ros2_humble/install/examples_rclpy_minimal_action_client:/home/sebas/ros2_humble/install/examples_rclpy_guard_conditions:/home/sebas/ros2_humble/install/examples_rclpy_executors:/home/sebas/ros2_humble/install/demo_nodes_py:/home/sebas/ros2_humble/install/action_tutorials_py:/home/sebas/ros2_humble/install/ament_uncrustify:/home/sebas/ros2_humble/install/tracetools_trace:/home/sebas/ros2_humble/install/tracetools_read:/home/sebas/ros2_humble/install/test_tracetools_launch:/home/sebas/ros2_humble/install/test_launch_ros:/home/sebas/ros2_humble/install/sensor_msgs_py:/home/sebas/ros2_humble/install/rpyutils:/home/sebas/ros2_humble/install/rosidl_runtime_py:/home/sebas/ros2_humble/install/rosidl_cli:/home/sebas/ros2_humble/install/launch_pytest:/home/sebas/ros2_humble/install/launch_testing:/home/sebas/ros2_humble/install/launch_yaml:/home/sebas/ros2_humble/install/launch_xml:/home/sebas/ros2_humble/install/launch:/home/sebas/ros2_humble/install/osrf_pycommon:/home/sebas/ros2_humble/install/domain_coordinator:/home/sebas/ros2_humble/install/ament_xmllint:/home/sebas/ros2_humble/install/ament_pyflakes:/home/sebas/ros2_humble/install/ament_pycodestyle:/home/sebas/ros2_humble/install/ament_pep257:/home/sebas/ros2_humble/install/ament_pclint:/home/sebas/ros2_humble/install/ament_package:/home/sebas/ros2_humble/install/ament_mypy:/home/sebas/ros2_humble/install/ament_lint_cmake:/home/sebas/ros2_humble/install/ament_flake8:/home/sebas/ros2_humble/install/ament_copyright:/home/sebas/ros2_humble/install/ament_lint:/home/sebas/ros2_humble/install/ament_index_python:/home/sebas/ros2_humble/install/ament_cpplint:/home/sebas/ros2_humble/install/ament_cppcheck:/home/sebas/ros2_humble/install/ament_clang_tidy:/home/sebas/ros2_humble/install/ament_clang_format /usr/bin/cmake --install /home/sebas/workspace/ros_ur_driver/build/controller_manager_msgs
[3.595s] -- Install configuration: ""
[3.595s] -- Up-to-date: /home/sebas/workspace/ros_ur_driver/install/controller_manager_msgs/share/ament_index/resource_index/rosidl_interfaces/controller_manager_msgs
[3.595s] -- Up-to-date: /home/sebas/workspace/ros_ur_driver/install/controller_manager_msgs/include/controller_manager_msgs/controller_manager_msgs
[3.595s] -- Up-to-date: /home/sebas/workspace/ros_ur_driver/install/controller_manager_msgs/include/controller_manager_msgs/controller_manager_msgs/srv
[3.595s] -- Up-to-date: /home/sebas/workspace/ros_ur_driver/install/controller_manager_msgs/include/controller_manager_msgs/controller_manager_msgs/srv/list_hardware_components.h
[3.595s] -- Up-to-date: /home/sebas/workspace/ros_ur_driver/install/controller_manager_msgs/include/controller_manager_msgs/controller_manager_msgs/srv/load_controller.h
[3.595s] -- Up-to-date: /home/sebas/workspace/ros_ur_driver/install/controller_manager_msgs/include/controller_manager_msgs/controller_manager_msgs/srv/unload_controller.h
[3.595s] -- Up-to-date: /home/sebas/workspace/ros_ur_driver/install/controller_manager_msgs/include/controller_manager_msgs/controller_manager_msgs/srv/detail
[3.596s] -- Up-to-date: /home/sebas/workspace/ros_ur_driver/install/controller_manager_msgs/include/controller_manager_msgs/controller_manager_msgs/srv/detail/switch_controller__functions.c
[3.596s] -- Up-to-date: /home/sebas/workspace/ros_ur_driver/install/controller_manager_msgs/include/controller_manager_msgs/controller_manager_msgs/srv/detail/list_hardware_components__struct.h
[3.596s] -- Up-to-date: /home/sebas/workspace/ros_ur_driver/install/controller_manager_msgs/include/controller_manager_msgs/controller_manager_msgs/srv/detail/load_controller__functions.h
[3.596s] -- Up-to-date: /home/sebas/workspace/ros_ur_driver/install/controller_manager_msgs/include/controller_manager_msgs/controller_manager_msgs/srv/detail/list_controller_types__struct.h
[3.597s] -- Up-to-date: /home/sebas/workspace/ros_ur_driver/install/controller_manager_msgs/include/controller_manager_msgs/controller_manager_msgs/srv/detail/list_controllers__functions.c
[3.597s] -- Up-to-date: /home/sebas/workspace/ros_ur_driver/install/controller_manager_msgs/include/controller_manager_msgs/controller_manager_msgs/srv/detail/list_hardware_interfaces__functions.c
[3.597s] -- Up-to-date: /home/sebas/workspace/ros_ur_driver/install/controller_manager_msgs/include/controller_manager_msgs/controller_manager_msgs/srv/detail/list_hardware_components__functions.c
[3.597s] -- Up-to-date: /home/sebas/workspace/ros_ur_driver/install/controller_manager_msgs/include/controller_manager_msgs/controller_manager_msgs/srv/detail/unload_controller__struct.h
[3.597s] -- Up-to-date: /home/sebas/workspace/ros_ur_driver/install/controller_manager_msgs/include/controller_manager_msgs/controller_manager_msgs/srv/detail/list_hardware_interfaces__functions.h
[3.597s] -- Up-to-date: /home/sebas/workspace/ros_ur_driver/install/controller_manager_msgs/include/controller_manager_msgs/controller_manager_msgs/srv/detail/list_hardware_components__functions.h
[3.597s] -- Up-to-date: /home/sebas/workspace/ros_ur_driver/install/controller_manager_msgs/include/controller_manager_msgs/controller_manager_msgs/srv/detail/list_controllers__struct.h
[3.597s] -- Up-to-date: /home/sebas/workspace/ros_ur_driver/install/controller_manager_msgs/include/controller_manager_msgs/controller_manager_msgs/srv/detail/list_controller_types__functions.h
[3.598s] -- Up-to-date: /home/sebas/workspace/ros_ur_driver/install/controller_manager_msgs/include/controller_manager_msgs/controller_manager_msgs/srv/detail/unload_controller__type_support.h
[3.598s] -- Up-to-date: /home/sebas/workspace/ros_ur_driver/install/controller_manager_msgs/include/controller_manager_msgs/controller_manager_msgs/srv/detail/set_hardware_component_state__struct.h
[3.598s] -- Up-to-date: /home/sebas/workspace/ros_ur_driver/install/controller_manager_msgs/include/controller_manager_msgs/controller_manager_msgs/srv/detail/set_hardware_component_state__type_support.h
[3.598s] -- Up-to-date: /home/sebas/workspace/ros_ur_driver/install/controller_manager_msgs/include/controller_manager_msgs/controller_manager_msgs/srv/detail/set_hardware_component_state__functions.h
[3.598s] -- Up-to-date: /home/sebas/workspace/ros_ur_driver/install/controller_manager_msgs/include/controller_manager_msgs/controller_manager_msgs/srv/detail/unload_controller__functions.h
[3.598s] -- Up-to-date: /home/sebas/workspace/ros_ur_driver/install/controller_manager_msgs/include/controller_manager_msgs/controller_manager_msgs/srv/detail/list_controllers__functions.h
[3.598s] -- Up-to-date: /home/sebas/workspace/ros_ur_driver/install/controller_manager_msgs/include/controller_manager_msgs/controller_manager_msgs/srv/detail/list_hardware_interfaces__type_support.h
[3.599s] -- Up-to-date: /home/sebas/workspace/ros_ur_driver/install/controller_manager_msgs/include/controller_manager_msgs/controller_manager_msgs/srv/detail/switch_controller__struct.h
[3.599s] -- Up-to-date: /home/sebas/workspace/ros_ur_driver/install/controller_manager_msgs/include/controller_manager_msgs/controller_manager_msgs/srv/detail/load_controller__type_support.h
[3.599s] -- Up-to-date: /home/sebas/workspace/ros_ur_driver/install/controller_manager_msgs/include/controller_manager_msgs/controller_manager_msgs/srv/detail/unload_controller__functions.c
[3.599s] -- Up-to-date: /home/sebas/workspace/ros_ur_driver/install/controller_manager_msgs/include/controller_manager_msgs/controller_manager_msgs/srv/detail/list_hardware_interfaces__struct.h
[3.599s] -- Up-to-date: /home/sebas/workspace/ros_ur_driver/install/controller_manager_msgs/include/controller_manager_msgs/controller_manager_msgs/srv/detail/load_controller__struct.h
[3.599s] -- Up-to-date: /home/sebas/workspace/ros_ur_driver/install/controller_manager_msgs/include/controller_manager_msgs/controller_manager_msgs/srv/detail/switch_controller__functions.h
[3.599s] -- Up-to-date: /home/sebas/workspace/ros_ur_driver/install/controller_manager_msgs/include/controller_manager_msgs/controller_manager_msgs/srv/detail/load_controller__functions.c
[3.599s] -- Up-to-date: /home/sebas/workspace/ros_ur_driver/install/controller_manager_msgs/include/controller_manager_msgs/controller_manager_msgs/srv/detail/reload_controller_libraries__type_support.h
[3.599s] -- Up-to-date: /home/sebas/workspace/ros_ur_driver/install/controller_manager_msgs/include/controller_manager_msgs/controller_manager_msgs/srv/detail/reload_controller_libraries__struct.h
[3.600s] -- Up-to-date: /home/sebas/workspace/ros_ur_driver/install/controller_manager_msgs/include/controller_manager_msgs/controller_manager_msgs/srv/detail/configure_controller__functions.c
[3.600s] -- Up-to-date: /home/sebas/workspace/ros_ur_driver/install/controller_manager_msgs/include/controller_manager_msgs/controller_manager_msgs/srv/detail/list_controller_types__functions.c
[3.600s] -- Up-to-date: /home/sebas/workspace/ros_ur_driver/install/controller_manager_msgs/include/controller_manager_msgs/controller_manager_msgs/srv/detail/list_controllers__type_support.h
[3.600s] -- Up-to-date: /home/sebas/workspace/ros_ur_driver/install/controller_manager_msgs/include/controller_manager_msgs/controller_manager_msgs/srv/detail/switch_controller__type_support.h
[3.600s] -- Up-to-date: /home/sebas/workspace/ros_ur_driver/install/controller_manager_msgs/include/controller_manager_msgs/controller_manager_msgs/srv/detail/configure_controller__type_support.h
[3.600s] -- Up-to-date: /home/sebas/workspace/ros_ur_driver/install/controller_manager_msgs/include/controller_manager_msgs/controller_manager_msgs/srv/detail/list_hardware_components__type_support.h
[3.600s] -- Up-to-date: /home/sebas/workspace/ros_ur_driver/install/controller_manager_msgs/include/controller_manager_msgs/controller_manager_msgs/srv/detail/reload_controller_libraries__functions.c
[3.601s] -- Up-to-date: /home/sebas/workspace/ros_ur_driver/install/controller_manager_msgs/include/controller_manager_msgs/controller_manager_msgs/srv/detail/reload_controller_libraries__functions.h
[3.601s] -- Up-to-date: /home/sebas/workspace/ros_ur_driver/install/controller_manager_msgs/include/controller_manager_msgs/controller_manager_msgs/srv/detail/configure_controller__struct.h
[3.601s] -- Up-to-date: /home/sebas/workspace/ros_ur_driver/install/controller_manager_msgs/include/controller_manager_msgs/controller_manager_msgs/srv/detail/list_controller_types__type_support.h
[3.601s] -- Up-to-date: /home/sebas/workspace/ros_ur_driver/install/controller_manager_msgs/include/controller_manager_msgs/controller_manager_msgs/srv/detail/set_hardware_component_state__functions.c
[3.601s] -- Up-to-date: /home/sebas/workspace/ros_ur_driver/install/controller_manager_msgs/include/controller_manager_msgs/controller_manager_msgs/srv/detail/configure_controller__functions.h
[3.601s] -- Up-to-date: /home/sebas/workspace/ros_ur_driver/install/controller_manager_msgs/include/controller_manager_msgs/controller_manager_msgs/srv/list_controller_types.h
[3.601s] -- Up-to-date: /home/sebas/workspace/ros_ur_driver/install/controller_manager_msgs/include/controller_manager_msgs/controller_manager_msgs/srv/set_hardware_component_state.h
[3.601s] -- Up-to-date: /home/sebas/workspace/ros_ur_driver/install/controller_manager_msgs/include/controller_manager_msgs/controller_manager_msgs/srv/switch_controller.h
[3.601s] -- Up-to-date: /home/sebas/workspace/ros_ur_driver/install/controller_manager_msgs/include/controller_manager_msgs/controller_manager_msgs/srv/list_controllers.h
[3.601s] -- Up-to-date: /home/sebas/workspace/ros_ur_driver/install/controller_manager_msgs/include/controller_manager_msgs/controller_manager_msgs/srv/reload_controller_libraries.h
[3.602s] -- Up-to-date: /home/sebas/workspace/ros_ur_driver/install/controller_manager_msgs/include/controller_manager_msgs/controller_manager_msgs/srv/list_hardware_interfaces.h
[3.602s] -- Up-to-date: /home/sebas/workspace/ros_ur_driver/install/controller_manager_msgs/include/controller_manager_msgs/controller_manager_msgs/srv/configure_controller.h
[3.602s] -- Up-to-date: /home/sebas/workspace/ros_ur_driver/install/controller_manager_msgs/include/controller_manager_msgs/controller_manager_msgs/msg
[3.602s] -- Up-to-date: /home/sebas/workspace/ros_ur_driver/install/controller_manager_msgs/include/controller_manager_msgs/controller_manager_msgs/msg/rosidl_generator_c__visibility_control.h
[3.602s] -- Up-to-date: /home/sebas/workspace/ros_ur_driver/install/controller_manager_msgs/include/controller_manager_msgs/controller_manager_msgs/msg/chain_connection.h
[3.602s] -- Up-to-date: /home/sebas/workspace/ros_ur_driver/install/controller_manager_msgs/include/controller_manager_msgs/controller_manager_msgs/msg/hardware_component_state.h
[3.602s] -- Up-to-date: /home/sebas/workspace/ros_ur_driver/install/controller_manager_msgs/include/controller_manager_msgs/controller_manager_msgs/msg/hardware_interface.h
[3.602s] -- Up-to-date: /home/sebas/workspace/ros_ur_driver/install/controller_manager_msgs/include/controller_manager_msgs/controller_manager_msgs/msg/detail
[3.602s] -- Up-to-date: /home/sebas/workspace/ros_ur_driver/install/controller_manager_msgs/include/controller_manager_msgs/controller_manager_msgs/msg/detail/hardware_interface__type_support.h
[3.602s] -- Up-to-date: /home/sebas/workspace/ros_ur_driver/install/controller_manager_msgs/include/controller_manager_msgs/controller_manager_msgs/msg/detail/controller_state__type_support.h
[3.603s] -- Up-to-date: /home/sebas/workspace/ros_ur_driver/install/controller_manager_msgs/include/controller_manager_msgs/controller_manager_msgs/msg/detail/controller_state__functions.h
[3.603s] -- Up-to-date: /home/sebas/workspace/ros_ur_driver/install/controller_manager_msgs/include/controller_manager_msgs/controller_manager_msgs/msg/detail/hardware_interface__functions.h
[3.603s] -- Up-to-date: /home/sebas/workspace/ros_ur_driver/install/controller_manager_msgs/include/controller_manager_msgs/controller_manager_msgs/msg/detail/controller_state__functions.c
[3.603s] -- Up-to-date: /home/sebas/workspace/ros_ur_driver/install/controller_manager_msgs/include/controller_manager_msgs/controller_manager_msgs/msg/detail/hardware_component_state__type_support.h
[3.603s] -- Up-to-date: /home/sebas/workspace/ros_ur_driver/install/controller_manager_msgs/include/controller_manager_msgs/controller_manager_msgs/msg/detail/chain_connection__functions.c
[3.603s] -- Up-to-date: /home/sebas/workspace/ros_ur_driver/install/controller_manager_msgs/include/controller_manager_msgs/controller_manager_msgs/msg/detail/hardware_component_state__functions.h
[3.603s] -- Up-to-date: /home/sebas/workspace/ros_ur_driver/install/controller_manager_msgs/include/controller_manager_msgs/controller_manager_msgs/msg/detail/hardware_interface__struct.h
[3.603s] -- Up-to-date: /home/sebas/workspace/ros_ur_driver/install/controller_manager_msgs/include/controller_manager_msgs/controller_manager_msgs/msg/detail/hardware_component_state__struct.h
[3.603s] -- Up-to-date: /home/sebas/workspace/ros_ur_driver/install/controller_manager_msgs/include/controller_manager_msgs/controller_manager_msgs/msg/detail/chain_connection__type_support.h
[3.604s] -- Up-to-date: /home/sebas/workspace/ros_ur_driver/install/controller_manager_msgs/include/controller_manager_msgs/controller_manager_msgs/msg/detail/chain_connection__functions.h
[3.604s] -- Up-to-date: /home/sebas/workspace/ros_ur_driver/install/controller_manager_msgs/include/controller_manager_msgs/controller_manager_msgs/msg/detail/hardware_interface__functions.c
[3.604s] -- Up-to-date: /home/sebas/workspace/ros_ur_driver/install/controller_manager_msgs/include/controller_manager_msgs/controller_manager_msgs/msg/detail/controller_state__struct.h
[3.604s] -- Up-to-date: /home/sebas/workspace/ros_ur_driver/install/controller_manager_msgs/include/controller_manager_msgs/controller_manager_msgs/msg/detail/chain_connection__struct.h
[3.604s] -- Up-to-date: /home/sebas/workspace/ros_ur_driver/install/controller_manager_msgs/include/controller_manager_msgs/controller_manager_msgs/msg/detail/hardware_component_state__functions.c
[3.605s] -- Up-to-date: /home/sebas/workspace/ros_ur_driver/install/controller_manager_msgs/include/controller_manager_msgs/controller_manager_msgs/msg/controller_state.h
[3.605s] -- Up-to-date: /home/sebas/workspace/ros_ur_driver/install/controller_manager_msgs/share/controller_manager_msgs/environment/library_path.sh
[3.605s] -- Up-to-date: /home/sebas/workspace/ros_ur_driver/install/controller_manager_msgs/share/controller_manager_msgs/environment/library_path.dsv
[3.605s] -- Up-to-date: /home/sebas/workspace/ros_ur_driver/install/controller_manager_msgs/lib/libcontroller_manager_msgs__rosidl_generator_c.so
[3.605s] -- Up-to-date: /home/sebas/workspace/ros_ur_driver/install/controller_manager_msgs/include/controller_manager_msgs/controller_manager_msgs
[3.605s] -- Up-to-date: /home/sebas/workspace/ros_ur_driver/install/controller_manager_msgs/include/controller_manager_msgs/controller_manager_msgs/srv
[3.605s] -- Up-to-date: /home/sebas/workspace/ros_ur_driver/install/controller_manager_msgs/include/controller_manager_msgs/controller_manager_msgs/srv/detail
[3.605s] -- Up-to-date: /home/sebas/workspace/ros_ur_driver/install/controller_manager_msgs/include/controller_manager_msgs/controller_manager_msgs/srv/detail/unload_controller__rosidl_typesupport_fastrtps_c.h
[3.606s] -- Up-to-date: /home/sebas/workspace/ros_ur_driver/install/controller_manager_msgs/include/controller_manager_msgs/controller_manager_msgs/srv/detail/list_controllers__rosidl_typesupport_fastrtps_c.h
[3.606s] -- Up-to-date: /home/sebas/workspace/ros_ur_driver/install/controller_manager_msgs/include/controller_manager_msgs/controller_manager_msgs/srv/detail/reload_controller_libraries__rosidl_typesupport_fastrtps_c.h
[3.606s] -- Up-to-date: /home/sebas/workspace/ros_ur_driver/install/controller_manager_msgs/include/controller_manager_msgs/controller_manager_msgs/srv/detail/list_hardware_components__rosidl_typesupport_fastrtps_c.h
[3.606s] -- Up-to-date: /home/sebas/workspace/ros_ur_driver/install/controller_manager_msgs/include/controller_manager_msgs/controller_manager_msgs/srv/detail/load_controller__rosidl_typesupport_fastrtps_c.h
[3.606s] -- Up-to-date: /home/sebas/workspace/ros_ur_driver/install/controller_manager_msgs/include/controller_manager_msgs/controller_manager_msgs/srv/detail/list_controller_types__rosidl_typesupport_fastrtps_c.h
[3.606s] -- Up-to-date: /home/sebas/workspace/ros_ur_driver/install/controller_manager_msgs/include/controller_manager_msgs/controller_manager_msgs/srv/detail/configure_controller__rosidl_typesupport_fastrtps_c.h
[3.606s] -- Up-to-date: /home/sebas/workspace/ros_ur_driver/install/controller_manager_msgs/include/controller_manager_msgs/controller_manager_msgs/srv/detail/list_hardware_interfaces__rosidl_typesupport_fastrtps_c.h
[3.606s] -- Up-to-date: /home/sebas/workspace/ros_ur_driver/install/controller_manager_msgs/include/controller_manager_msgs/controller_manager_msgs/srv/detail/switch_controller__rosidl_typesupport_fastrtps_c.h
[3.606s] -- Up-to-date: /home/sebas/workspace/ros_ur_driver/install/controller_manager_msgs/include/controller_manager_msgs/controller_manager_msgs/srv/detail/set_hardware_component_state__rosidl_typesupport_fastrtps_c.h
[3.606s] -- Up-to-date: /home/sebas/workspace/ros_ur_driver/install/controller_manager_msgs/include/controller_manager_msgs/controller_manager_msgs/msg
[3.606s] -- Up-to-date: /home/sebas/workspace/ros_ur_driver/install/controller_manager_msgs/include/controller_manager_msgs/controller_manager_msgs/msg/rosidl_typesupport_fastrtps_c__visibility_control.h
[3.606s] -- Up-to-date: /home/sebas/workspace/ros_ur_driver/install/controller_manager_msgs/include/controller_manager_msgs/controller_manager_msgs/msg/detail
[3.606s] -- Up-to-date: /home/sebas/workspace/ros_ur_driver/install/controller_manager_msgs/include/controller_manager_msgs/controller_manager_msgs/msg/detail/hardware_component_state__rosidl_typesupport_fastrtps_c.h
[3.606s] -- Up-to-date: /home/sebas/workspace/ros_ur_driver/install/controller_manager_msgs/include/controller_manager_msgs/controller_manager_msgs/msg/detail/hardware_interface__rosidl_typesupport_fastrtps_c.h
[3.606s] -- Up-to-date: /home/sebas/workspace/ros_ur_driver/install/controller_manager_msgs/include/controller_manager_msgs/controller_manager_msgs/msg/detail/chain_connection__rosidl_typesupport_fastrtps_c.h
[3.606s] -- Up-to-date: /home/sebas/workspace/ros_ur_driver/install/controller_manager_msgs/include/controller_manager_msgs/controller_manager_msgs/msg/detail/controller_state__rosidl_typesupport_fastrtps_c.h
[3.606s] -- Up-to-date: /home/sebas/workspace/ros_ur_driver/install/controller_manager_msgs/lib/libcontroller_manager_msgs__rosidl_typesupport_fastrtps_c.so
[3.607s] -- Up-to-date: /home/sebas/workspace/ros_ur_driver/install/controller_manager_msgs/include/controller_manager_msgs/controller_manager_msgs
[3.607s] -- Up-to-date: /home/sebas/workspace/ros_ur_driver/install/controller_manager_msgs/include/controller_manager_msgs/controller_manager_msgs/srv
[3.607s] -- Up-to-date: /home/sebas/workspace/ros_ur_driver/install/controller_manager_msgs/include/controller_manager_msgs/controller_manager_msgs/srv/list_controllers.hpp
[3.607s] -- Up-to-date: /home/sebas/workspace/ros_ur_driver/install/controller_manager_msgs/include/controller_manager_msgs/controller_manager_msgs/srv/switch_controller.hpp
[3.607s] -- Up-to-date: /home/sebas/workspace/ros_ur_driver/install/controller_manager_msgs/include/controller_manager_msgs/controller_manager_msgs/srv/load_controller.hpp
[3.607s] -- Up-to-date: /home/sebas/workspace/ros_ur_driver/install/controller_manager_msgs/include/controller_manager_msgs/controller_manager_msgs/srv/list_hardware_interfaces.hpp
[3.607s] -- Up-to-date: /home/sebas/workspace/ros_ur_driver/install/controller_manager_msgs/include/controller_manager_msgs/controller_manager_msgs/srv/set_hardware_component_state.hpp
[3.607s] -- Up-to-date: /home/sebas/workspace/ros_ur_driver/install/controller_manager_msgs/include/controller_manager_msgs/controller_manager_msgs/srv/configure_controller.hpp
[3.607s] -- Up-to-date: /home/sebas/workspace/ros_ur_driver/install/controller_manager_msgs/include/controller_manager_msgs/controller_manager_msgs/srv/list_hardware_components.hpp
[3.607s] -- Up-to-date: /home/sebas/workspace/ros_ur_driver/install/controller_manager_msgs/include/controller_manager_msgs/controller_manager_msgs/srv/unload_controller.hpp
[3.607s] -- Up-to-date: /home/sebas/workspace/ros_ur_driver/install/controller_manager_msgs/include/controller_manager_msgs/controller_manager_msgs/srv/list_controller_types.hpp
[3.607s] -- Up-to-date: /home/sebas/workspace/ros_ur_driver/install/controller_manager_msgs/include/controller_manager_msgs/controller_manager_msgs/srv/reload_controller_libraries.hpp
[3.607s] -- Up-to-date: /home/sebas/workspace/ros_ur_driver/install/controller_manager_msgs/include/controller_manager_msgs/controller_manager_msgs/srv/detail
[3.607s] -- Up-to-date: /home/sebas/workspace/ros_ur_driver/install/controller_manager_msgs/include/controller_manager_msgs/controller_manager_msgs/srv/detail/list_hardware_components__traits.hpp
[3.607s] -- Up-to-date: /home/sebas/workspace/ros_ur_driver/install/controller_manager_msgs/include/controller_manager_msgs/controller_manager_msgs/srv/detail/load_controller__struct.hpp
[3.608s] -- Up-to-date: /home/sebas/workspace/ros_ur_driver/install/controller_manager_msgs/include/controller_manager_msgs/controller_manager_msgs/srv/detail/configure_controller__struct.hpp
[3.608s] -- Up-to-date: /home/sebas/workspace/ros_ur_driver/install/controller_manager_msgs/include/controller_manager_msgs/controller_manager_msgs/srv/detail/list_hardware_interfaces__builder.hpp
[3.608s] -- Up-to-date: /home/sebas/workspace/ros_ur_driver/install/controller_manager_msgs/include/controller_manager_msgs/controller_manager_msgs/srv/detail/configure_controller__builder.hpp
[3.608s] -- Up-to-date: /home/sebas/workspace/ros_ur_driver/install/controller_manager_msgs/include/controller_manager_msgs/controller_manager_msgs/srv/detail/list_controllers__traits.hpp
[3.608s] -- Up-to-date: /home/sebas/workspace/ros_ur_driver/install/controller_manager_msgs/include/controller_manager_msgs/controller_manager_msgs/srv/detail/list_controllers__builder.hpp
[3.608s] -- Up-to-date: /home/sebas/workspace/ros_ur_driver/install/controller_manager_msgs/include/controller_manager_msgs/controller_manager_msgs/srv/detail/set_hardware_component_state__traits.hpp
[3.608s] -- Up-to-date: /home/sebas/workspace/ros_ur_driver/install/controller_manager_msgs/include/controller_manager_msgs/controller_manager_msgs/srv/detail/list_controller_types__builder.hpp
[3.608s] -- Up-to-date: /home/sebas/workspace/ros_ur_driver/install/controller_manager_msgs/include/controller_manager_msgs/controller_manager_msgs/srv/detail/list_hardware_components__struct.hpp
[3.608s] -- Up-to-date: /home/sebas/workspace/ros_ur_driver/install/controller_manager_msgs/include/controller_manager_msgs/controller_manager_msgs/srv/detail/load_controller__traits.hpp
[3.608s] -- Up-to-date: /home/sebas/workspace/ros_ur_driver/install/controller_manager_msgs/include/controller_manager_msgs/controller_manager_msgs/srv/detail/switch_controller__builder.hpp
[3.608s] -- Up-to-date: /home/sebas/workspace/ros_ur_driver/install/controller_manager_msgs/include/controller_manager_msgs/controller_manager_msgs/srv/detail/unload_controller__traits.hpp
[3.608s] -- Up-to-date: /home/sebas/workspace/ros_ur_driver/install/controller_manager_msgs/include/controller_manager_msgs/controller_manager_msgs/srv/detail/switch_controller__traits.hpp
[3.608s] -- Up-to-date: /home/sebas/workspace/ros_ur_driver/install/controller_manager_msgs/include/controller_manager_msgs/controller_manager_msgs/srv/detail/load_controller__builder.hpp
[3.608s] -- Up-to-date: /home/sebas/workspace/ros_ur_driver/install/controller_manager_msgs/include/controller_manager_msgs/controller_manager_msgs/srv/detail/unload_controller__struct.hpp
[3.608s] -- Up-to-date: /home/sebas/workspace/ros_ur_driver/install/controller_manager_msgs/include/controller_manager_msgs/controller_manager_msgs/srv/detail/reload_controller_libraries__struct.hpp
[3.608s] -- Up-to-date: /home/sebas/workspace/ros_ur_driver/install/controller_manager_msgs/include/controller_manager_msgs/controller_manager_msgs/srv/detail/list_hardware_interfaces__struct.hpp
[3.609s] -- Up-to-date: /home/sebas/workspace/ros_ur_driver/install/controller_manager_msgs/include/controller_manager_msgs/controller_manager_msgs/srv/detail/configure_controller__traits.hpp
[3.609s] -- Up-to-date: /home/sebas/workspace/ros_ur_driver/install/controller_manager_msgs/include/controller_manager_msgs/controller_manager_msgs/srv/detail/list_controller_types__struct.hpp
[3.609s] -- Up-to-date: /home/sebas/workspace/ros_ur_driver/install/controller_manager_msgs/include/controller_manager_msgs/controller_manager_msgs/srv/detail/list_hardware_components__builder.hpp
[3.609s] -- Up-to-date: /home/sebas/workspace/ros_ur_driver/install/controller_manager_msgs/include/controller_manager_msgs/controller_manager_msgs/srv/detail/list_controllers__struct.hpp
[3.609s] -- Up-to-date: /home/sebas/workspace/ros_ur_driver/install/controller_manager_msgs/include/controller_manager_msgs/controller_manager_msgs/srv/detail/switch_controller__struct.hpp
[3.609s] -- Up-to-date: /home/sebas/workspace/ros_ur_driver/install/controller_manager_msgs/include/controller_manager_msgs/controller_manager_msgs/srv/detail/list_hardware_interfaces__traits.hpp
[3.609s] -- Up-to-date: /home/sebas/workspace/ros_ur_driver/install/controller_manager_msgs/include/controller_manager_msgs/controller_manager_msgs/srv/detail/unload_controller__builder.hpp
[3.609s] -- Up-to-date: /home/sebas/workspace/ros_ur_driver/install/controller_manager_msgs/include/controller_manager_msgs/controller_manager_msgs/srv/detail/reload_controller_libraries__builder.hpp
[3.609s] -- Up-to-date: /home/sebas/workspace/ros_ur_driver/install/controller_manager_msgs/include/controller_manager_msgs/controller_manager_msgs/srv/detail/set_hardware_component_state__builder.hpp
[3.609s] -- Up-to-date: /home/sebas/workspace/ros_ur_driver/install/controller_manager_msgs/include/controller_manager_msgs/controller_manager_msgs/srv/detail/reload_controller_libraries__traits.hpp
[3.609s] -- Up-to-date: /home/sebas/workspace/ros_ur_driver/install/controller_manager_msgs/include/controller_manager_msgs/controller_manager_msgs/srv/detail/list_controller_types__traits.hpp
[3.609s] -- Up-to-date: /home/sebas/workspace/ros_ur_driver/install/controller_manager_msgs/include/controller_manager_msgs/controller_manager_msgs/srv/detail/set_hardware_component_state__struct.hpp
[3.609s] -- Up-to-date: /home/sebas/workspace/ros_ur_driver/install/controller_manager_msgs/include/controller_manager_msgs/controller_manager_msgs/msg
[3.609s] -- Up-to-date: /home/sebas/workspace/ros_ur_driver/install/controller_manager_msgs/include/controller_manager_msgs/controller_manager_msgs/msg/controller_state.hpp
[3.610s] -- Up-to-date: /home/sebas/workspace/ros_ur_driver/install/controller_manager_msgs/include/controller_manager_msgs/controller_manager_msgs/msg/chain_connection.hpp
[3.610s] -- Up-to-date: /home/sebas/workspace/ros_ur_driver/install/controller_manager_msgs/include/controller_manager_msgs/controller_manager_msgs/msg/detail
[3.610s] -- Up-to-date: /home/sebas/workspace/ros_ur_driver/install/controller_manager_msgs/include/controller_manager_msgs/controller_manager_msgs/msg/detail/controller_state__struct.hpp
[3.610s] -- Up-to-date: /home/sebas/workspace/ros_ur_driver/install/controller_manager_msgs/include/controller_manager_msgs/controller_manager_msgs/msg/detail/chain_connection__struct.hpp
[3.610s] -- Up-to-date: /home/sebas/workspace/ros_ur_driver/install/controller_manager_msgs/include/controller_manager_msgs/controller_manager_msgs/msg/detail/hardware_interface__traits.hpp
[3.610s] -- Up-to-date: /home/sebas/workspace/ros_ur_driver/install/controller_manager_msgs/include/controller_manager_msgs/controller_manager_msgs/msg/detail/chain_connection__builder.hpp
[3.610s] -- Up-to-date: /home/sebas/workspace/ros_ur_driver/install/controller_manager_msgs/include/controller_manager_msgs/controller_manager_msgs/msg/detail/hardware_component_state__struct.hpp
[3.610s] -- Up-to-date: /home/sebas/workspace/ros_ur_driver/install/controller_manager_msgs/include/controller_manager_msgs/controller_manager_msgs/msg/detail/chain_connection__traits.hpp
[3.610s] -- Up-to-date: /home/sebas/workspace/ros_ur_driver/install/controller_manager_msgs/include/controller_manager_msgs/controller_manager_msgs/msg/detail/controller_state__traits.hpp
[3.610s] -- Up-to-date: /home/sebas/workspace/ros_ur_driver/install/controller_manager_msgs/include/controller_manager_msgs/controller_manager_msgs/msg/detail/controller_state__builder.hpp
[3.611s] -- Up-to-date: /home/sebas/workspace/ros_ur_driver/install/controller_manager_msgs/include/controller_manager_msgs/controller_manager_msgs/msg/detail/hardware_component_state__builder.hpp
[3.611s] -- Up-to-date: /home/sebas/workspace/ros_ur_driver/install/controller_manager_msgs/include/controller_manager_msgs/controller_manager_msgs/msg/detail/hardware_interface__builder.hpp
[3.611s] -- Up-to-date: /home/sebas/workspace/ros_ur_driver/install/controller_manager_msgs/include/controller_manager_msgs/controller_manager_msgs/msg/detail/hardware_component_state__traits.hpp
[3.611s] -- Up-to-date: /home/sebas/workspace/ros_ur_driver/install/controller_manager_msgs/include/controller_manager_msgs/controller_manager_msgs/msg/detail/hardware_interface__struct.hpp
[3.611s] -- Up-to-date: /home/sebas/workspace/ros_ur_driver/install/controller_manager_msgs/include/controller_manager_msgs/controller_manager_msgs/msg/hardware_interface.hpp
[3.611s] -- Up-to-date: /home/sebas/workspace/ros_ur_driver/install/controller_manager_msgs/include/controller_manager_msgs/controller_manager_msgs/msg/hardware_component_state.hpp
[3.611s] -- Up-to-date: /home/sebas/workspace/ros_ur_driver/install/controller_manager_msgs/include/controller_manager_msgs/controller_manager_msgs
[3.611s] -- Up-to-date: /home/sebas/workspace/ros_ur_driver/install/controller_manager_msgs/include/controller_manager_msgs/controller_manager_msgs/srv
[3.611s] -- Up-to-date: /home/sebas/workspace/ros_ur_driver/install/controller_manager_msgs/include/controller_manager_msgs/controller_manager_msgs/srv/detail
[3.611s] -- Up-to-date: /home/sebas/workspace/ros_ur_driver/install/controller_manager_msgs/include/controller_manager_msgs/controller_manager_msgs/srv/detail/configure_controller__rosidl_typesupport_fastrtps_cpp.hpp
[3.611s] -- Up-to-date: /home/sebas/workspace/ros_ur_driver/install/controller_manager_msgs/include/controller_manager_msgs/controller_manager_msgs/srv/detail/list_controller_types__rosidl_typesupport_fastrtps_cpp.hpp
[3.611s] -- Up-to-date: /home/sebas/workspace/ros_ur_driver/install/controller_manager_msgs/include/controller_manager_msgs/controller_manager_msgs/srv/detail/reload_controller_libraries__rosidl_typesupport_fastrtps_cpp.hpp
[3.612s] -- Up-to-date: /home/sebas/workspace/ros_ur_driver/install/controller_manager_msgs/include/controller_manager_msgs/controller_manager_msgs/srv/detail/list_controllers__rosidl_typesupport_fastrtps_cpp.hpp
[3.612s] -- Up-to-date: /home/sebas/workspace/ros_ur_driver/install/controller_manager_msgs/include/controller_manager_msgs/controller_manager_msgs/srv/detail/unload_controller__rosidl_typesupport_fastrtps_cpp.hpp
[3.612s] -- Up-to-date: /home/sebas/workspace/ros_ur_driver/install/controller_manager_msgs/include/controller_manager_msgs/controller_manager_msgs/srv/detail/list_hardware_components__rosidl_typesupport_fastrtps_cpp.hpp
[3.612s] -- Up-to-date: /home/sebas/workspace/ros_ur_driver/install/controller_manager_msgs/include/controller_manager_msgs/controller_manager_msgs/srv/detail/load_controller__rosidl_typesupport_fastrtps_cpp.hpp
[3.612s] -- Up-to-date: /home/sebas/workspace/ros_ur_driver/install/controller_manager_msgs/include/controller_manager_msgs/controller_manager_msgs/srv/detail/list_hardware_interfaces__rosidl_typesupport_fastrtps_cpp.hpp
[3.612s] -- Up-to-date: /home/sebas/workspace/ros_ur_driver/install/controller_manager_msgs/include/controller_manager_msgs/controller_manager_msgs/srv/detail/switch_controller__rosidl_typesupport_fastrtps_cpp.hpp
[3.612s] -- Up-to-date: /home/sebas/workspace/ros_ur_driver/install/controller_manager_msgs/include/controller_manager_msgs/controller_manager_msgs/srv/detail/set_hardware_component_state__rosidl_typesupport_fastrtps_cpp.hpp
[3.612s] -- Up-to-date: /home/sebas/workspace/ros_ur_driver/install/controller_manager_msgs/include/controller_manager_msgs/controller_manager_msgs/srv/detail/dds_fastrtps
[3.612s] -- Up-to-date: /home/sebas/workspace/ros_ur_driver/install/controller_manager_msgs/include/controller_manager_msgs/controller_manager_msgs/msg
[3.612s] -- Up-to-date: /home/sebas/workspace/ros_ur_driver/install/controller_manager_msgs/include/controller_manager_msgs/controller_manager_msgs/msg/rosidl_typesupport_fastrtps_cpp__visibility_control.h
[3.612s] -- Up-to-date: /home/sebas/workspace/ros_ur_driver/install/controller_manager_msgs/include/controller_manager_msgs/controller_manager_msgs/msg/detail
[3.612s] -- Up-to-date: /home/sebas/workspace/ros_ur_driver/install/controller_manager_msgs/include/controller_manager_msgs/controller_manager_msgs/msg/detail/controller_state__rosidl_typesupport_fastrtps_cpp.hpp
[3.613s] -- Up-to-date: /home/sebas/workspace/ros_ur_driver/install/controller_manager_msgs/include/controller_manager_msgs/controller_manager_msgs/msg/detail/chain_connection__rosidl_typesupport_fastrtps_cpp.hpp
[3.613s] -- Up-to-date: /home/sebas/workspace/ros_ur_driver/install/controller_manager_msgs/include/controller_manager_msgs/controller_manager_msgs/msg/detail/hardware_component_state__rosidl_typesupport_fastrtps_cpp.hpp
[3.613s] -- Up-to-date: /home/sebas/workspace/ros_ur_driver/install/controller_manager_msgs/include/controller_manager_msgs/controller_manager_msgs/msg/detail/hardware_interface__rosidl_typesupport_fastrtps_cpp.hpp
[3.613s] -- Up-to-date: /home/sebas/workspace/ros_ur_driver/install/controller_manager_msgs/include/controller_manager_msgs/controller_manager_msgs/msg/detail/dds_fastrtps
[3.613s] -- Up-to-date: /home/sebas/workspace/ros_ur_driver/install/controller_manager_msgs/lib/libcontroller_manager_msgs__rosidl_typesupport_fastrtps_cpp.so
[3.613s] -- Up-to-date: /home/sebas/workspace/ros_ur_driver/install/controller_manager_msgs/include/controller_manager_msgs/controller_manager_msgs
[3.613s] -- Up-to-date: /home/sebas/workspace/ros_ur_driver/install/controller_manager_msgs/include/controller_manager_msgs/controller_manager_msgs/srv
[3.613s] -- Up-to-date: /home/sebas/workspace/ros_ur_driver/install/controller_manager_msgs/include/controller_manager_msgs/controller_manager_msgs/srv/detail
[3.613s] -- Up-to-date: /home/sebas/workspace/ros_ur_driver/install/controller_manager_msgs/include/controller_manager_msgs/controller_manager_msgs/srv/detail/load_controller__type_support.c
[3.613s] -- Up-to-date: /home/sebas/workspace/ros_ur_driver/install/controller_manager_msgs/include/controller_manager_msgs/controller_manager_msgs/srv/detail/load_controller__rosidl_typesupport_introspection_c.h
[3.613s] -- Up-to-date: /home/sebas/workspace/ros_ur_driver/install/controller_manager_msgs/include/controller_manager_msgs/controller_manager_msgs/srv/detail/reload_controller_libraries__type_support.c
[3.613s] -- Up-to-date: /home/sebas/workspace/ros_ur_driver/install/controller_manager_msgs/include/controller_manager_msgs/controller_manager_msgs/srv/detail/configure_controller__rosidl_typesupport_introspection_c.h
[3.613s] -- Up-to-date: /home/sebas/workspace/ros_ur_driver/install/controller_manager_msgs/include/controller_manager_msgs/controller_manager_msgs/srv/detail/switch_controller__type_support.c
[3.614s] -- Up-to-date: /home/sebas/workspace/ros_ur_driver/install/controller_manager_msgs/include/controller_manager_msgs/controller_manager_msgs/srv/detail/list_hardware_interfaces__rosidl_typesupport_introspection_c.h
[3.614s] -- Up-to-date: /home/sebas/workspace/ros_ur_driver/install/controller_manager_msgs/include/controller_manager_msgs/controller_manager_msgs/srv/detail/list_hardware_interfaces__type_support.c
[3.614s] -- Up-to-date: /home/sebas/workspace/ros_ur_driver/install/controller_manager_msgs/include/controller_manager_msgs/controller_manager_msgs/srv/detail/reload_controller_libraries__rosidl_typesupport_introspection_c.h
[3.614s] -- Up-to-date: /home/sebas/workspace/ros_ur_driver/install/controller_manager_msgs/include/controller_manager_msgs/controller_manager_msgs/srv/detail/set_hardware_component_state__type_support.c
[3.614s] -- Up-to-date: /home/sebas/workspace/ros_ur_driver/install/controller_manager_msgs/include/controller_manager_msgs/controller_manager_msgs/srv/detail/list_controller_types__type_support.c
[3.614s] -- Up-to-date: /home/sebas/workspace/ros_ur_driver/install/controller_manager_msgs/include/controller_manager_msgs/controller_manager_msgs/srv/detail/list_hardware_components__type_support.c
[3.614s] -- Up-to-date: /home/sebas/workspace/ros_ur_driver/install/controller_manager_msgs/include/controller_manager_msgs/controller_manager_msgs/srv/detail/list_hardware_components__rosidl_typesupport_introspection_c.h
[3.614s] -- Up-to-date: /home/sebas/workspace/ros_ur_driver/install/controller_manager_msgs/include/controller_manager_msgs/controller_manager_msgs/srv/detail/list_controller_types__rosidl_typesupport_introspection_c.h
[3.614s] -- Up-to-date: /home/sebas/workspace/ros_ur_driver/install/controller_manager_msgs/include/controller_manager_msgs/controller_manager_msgs/srv/detail/list_controllers__rosidl_typesupport_introspection_c.h
[3.614s] -- Up-to-date: /home/sebas/workspace/ros_ur_driver/install/controller_manager_msgs/include/controller_manager_msgs/controller_manager_msgs/srv/detail/list_controllers__type_support.c
[3.614s] -- Up-to-date: /home/sebas/workspace/ros_ur_driver/install/controller_manager_msgs/include/controller_manager_msgs/controller_manager_msgs/srv/detail/switch_controller__rosidl_typesupport_introspection_c.h
[3.615s] -- Up-to-date: /home/sebas/workspace/ros_ur_driver/install/controller_manager_msgs/include/controller_manager_msgs/controller_manager_msgs/srv/detail/unload_controller__rosidl_typesupport_introspection_c.h
[3.615s] -- Up-to-date: /home/sebas/workspace/ros_ur_driver/install/controller_manager_msgs/include/controller_manager_msgs/controller_manager_msgs/srv/detail/unload_controller__type_support.c
[3.615s] -- Up-to-date: /home/sebas/workspace/ros_ur_driver/install/controller_manager_msgs/include/controller_manager_msgs/controller_manager_msgs/srv/detail/set_hardware_component_state__rosidl_typesupport_introspection_c.h
[3.615s] -- Up-to-date: /home/sebas/workspace/ros_ur_driver/install/controller_manager_msgs/include/controller_manager_msgs/controller_manager_msgs/srv/detail/configure_controller__type_support.c
[3.615s] -- Up-to-date: /home/sebas/workspace/ros_ur_driver/install/controller_manager_msgs/include/controller_manager_msgs/controller_manager_msgs/msg
[3.615s] -- Up-to-date: /home/sebas/workspace/ros_ur_driver/install/controller_manager_msgs/include/controller_manager_msgs/controller_manager_msgs/msg/detail
[3.615s] -- Up-to-date: /home/sebas/workspace/ros_ur_driver/install/controller_manager_msgs/include/controller_manager_msgs/controller_manager_msgs/msg/detail/hardware_component_state__rosidl_typesupport_introspection_c.h
[3.615s] -- Up-to-date: /home/sebas/workspace/ros_ur_driver/install/controller_manager_msgs/include/controller_manager_msgs/controller_manager_msgs/msg/detail/hardware_interface__rosidl_typesupport_introspection_c.h
[3.615s] -- Up-to-date: /home/sebas/workspace/ros_ur_driver/install/controller_manager_msgs/include/controller_manager_msgs/controller_manager_msgs/msg/detail/hardware_component_state__type_support.c
[3.615s] -- Up-to-date: /home/sebas/workspace/ros_ur_driver/install/controller_manager_msgs/include/controller_manager_msgs/controller_manager_msgs/msg/detail/chain_connection__type_support.c
[3.615s] -- Up-to-date: /home/sebas/workspace/ros_ur_driver/install/controller_manager_msgs/include/controller_manager_msgs/controller_manager_msgs/msg/detail/chain_connection__rosidl_typesupport_introspection_c.h
[3.616s] -- Up-to-date: /home/sebas/workspace/ros_ur_driver/install/controller_manager_msgs/include/controller_manager_msgs/controller_manager_msgs/msg/detail/hardware_interface__type_support.c
[3.616s] -- Up-to-date: /home/sebas/workspace/ros_ur_driver/install/controller_manager_msgs/include/controller_manager_msgs/controller_manager_msgs/msg/detail/controller_state__type_support.c
[3.616s] -- Up-to-date: /home/sebas/workspace/ros_ur_driver/install/controller_manager_msgs/include/controller_manager_msgs/controller_manager_msgs/msg/detail/controller_state__rosidl_typesupport_introspection_c.h
[3.616s] -- Up-to-date: /home/sebas/workspace/ros_ur_driver/install/controller_manager_msgs/include/controller_manager_msgs/controller_manager_msgs/msg/rosidl_typesupport_introspection_c__visibility_control.h
[3.616s] -- Up-to-date: /home/sebas/workspace/ros_ur_driver/install/controller_manager_msgs/lib/libcontroller_manager_msgs__rosidl_typesupport_introspection_c.so
[3.616s] -- Up-to-date: /home/sebas/workspace/ros_ur_driver/install/controller_manager_msgs/lib/libcontroller_manager_msgs__rosidl_typesupport_c.so
[3.616s] -- Up-to-date: /home/sebas/workspace/ros_ur_driver/install/controller_manager_msgs/include/controller_manager_msgs/controller_manager_msgs
[3.616s] -- Up-to-date: /home/sebas/workspace/ros_ur_driver/install/controller_manager_msgs/include/controller_manager_msgs/controller_manager_msgs/srv
[3.616s] -- Up-to-date: /home/sebas/workspace/ros_ur_driver/install/controller_manager_msgs/include/controller_manager_msgs/controller_manager_msgs/srv/detail
[3.616s] -- Up-to-date: /home/sebas/workspace/ros_ur_driver/install/controller_manager_msgs/include/controller_manager_msgs/controller_manager_msgs/srv/detail/configure_controller__rosidl_typesupport_introspection_cpp.hpp
[3.616s] -- Up-to-date: /home/sebas/workspace/ros_ur_driver/install/controller_manager_msgs/include/controller_manager_msgs/controller_manager_msgs/srv/detail/set_hardware_component_state__rosidl_typesupport_introspection_cpp.hpp
[3.616s] -- Up-to-date: /home/sebas/workspace/ros_ur_driver/install/controller_manager_msgs/include/controller_manager_msgs/controller_manager_msgs/srv/detail/configure_controller__type_support.cpp
[3.617s] -- Up-to-date: /home/sebas/workspace/ros_ur_driver/install/controller_manager_msgs/include/controller_manager_msgs/controller_manager_msgs/srv/detail/list_controllers__rosidl_typesupport_introspection_cpp.hpp
[3.617s] -- Up-to-date: /home/sebas/workspace/ros_ur_driver/install/controller_manager_msgs/include/controller_manager_msgs/controller_manager_msgs/srv/detail/list_hardware_components__rosidl_typesupport_introspection_cpp.hpp
[3.617s] -- Up-to-date: /home/sebas/workspace/ros_ur_driver/install/controller_manager_msgs/include/controller_manager_msgs/controller_manager_msgs/srv/detail/list_controllers__type_support.cpp
[3.617s] -- Up-to-date: /home/sebas/workspace/ros_ur_driver/install/controller_manager_msgs/include/controller_manager_msgs/controller_manager_msgs/srv/detail/list_controller_types__type_support.cpp
[3.617s] -- Up-to-date: /home/sebas/workspace/ros_ur_driver/install/controller_manager_msgs/include/controller_manager_msgs/controller_manager_msgs/srv/detail/list_hardware_interfaces__type_support.cpp
[3.617s] -- Up-to-date: /home/sebas/workspace/ros_ur_driver/install/controller_manager_msgs/include/controller_manager_msgs/controller_manager_msgs/srv/detail/load_controller__type_support.cpp
[3.617s] -- Up-to-date: /home/sebas/workspace/ros_ur_driver/install/controller_manager_msgs/include/controller_manager_msgs/controller_manager_msgs/srv/detail/reload_controller_libraries__rosidl_typesupport_introspection_cpp.hpp
[3.617s] -- Up-to-date: /home/sebas/workspace/ros_ur_driver/install/controller_manager_msgs/include/controller_manager_msgs/controller_manager_msgs/srv/detail/list_hardware_components__type_support.cpp
[3.617s] -- Up-to-date: /home/sebas/workspace/ros_ur_driver/install/controller_manager_msgs/include/controller_manager_msgs/controller_manager_msgs/srv/detail/list_controller_types__rosidl_typesupport_introspection_cpp.hpp
[3.617s] -- Up-to-date: /home/sebas/workspace/ros_ur_driver/install/controller_manager_msgs/include/controller_manager_msgs/controller_manager_msgs/srv/detail/unload_controller__type_support.cpp
[3.617s] -- Up-to-date: /home/sebas/workspace/ros_ur_driver/install/controller_manager_msgs/include/controller_manager_msgs/controller_manager_msgs/srv/detail/set_hardware_component_state__type_support.cpp
[3.617s] -- Up-to-date: /home/sebas/workspace/ros_ur_driver/install/controller_manager_msgs/include/controller_manager_msgs/controller_manager_msgs/srv/detail/switch_controller__type_support.cpp
[3.617s] -- Up-to-date: /home/sebas/workspace/ros_ur_driver/install/controller_manager_msgs/include/controller_manager_msgs/controller_manager_msgs/srv/detail/unload_controller__rosidl_typesupport_introspection_cpp.hpp
[3.618s] -- Up-to-date: /home/sebas/workspace/ros_ur_driver/install/controller_manager_msgs/include/controller_manager_msgs/controller_manager_msgs/srv/detail/reload_controller_libraries__type_support.cpp
[3.618s] -- Up-to-date: /home/sebas/workspace/ros_ur_driver/install/controller_manager_msgs/include/controller_manager_msgs/controller_manager_msgs/srv/detail/load_controller__rosidl_typesupport_introspection_cpp.hpp
[3.618s] -- Up-to-date: /home/sebas/workspace/ros_ur_driver/install/controller_manager_msgs/include/controller_manager_msgs/controller_manager_msgs/srv/detail/list_hardware_interfaces__rosidl_typesupport_introspection_cpp.hpp
[3.618s] -- Up-to-date: /home/sebas/workspace/ros_ur_driver/install/controller_manager_msgs/include/controller_manager_msgs/controller_manager_msgs/srv/detail/switch_controller__rosidl_typesupport_introspection_cpp.hpp
[3.618s] -- Up-to-date: /home/sebas/workspace/ros_ur_driver/install/controller_manager_msgs/include/controller_manager_msgs/controller_manager_msgs/msg
[3.618s] -- Up-to-date: /home/sebas/workspace/ros_ur_driver/install/controller_manager_msgs/include/controller_manager_msgs/controller_manager_msgs/msg/detail
[3.618s] -- Up-to-date: /home/sebas/workspace/ros_ur_driver/install/controller_manager_msgs/include/controller_manager_msgs/controller_manager_msgs/msg/detail/chain_connection__rosidl_typesupport_introspection_cpp.hpp
[3.618s] -- Up-to-date: /home/sebas/workspace/ros_ur_driver/install/controller_manager_msgs/include/controller_manager_msgs/controller_manager_msgs/msg/detail/hardware_interface__rosidl_typesupport_introspection_cpp.hpp
[3.618s] -- Up-to-date: /home/sebas/workspace/ros_ur_driver/install/controller_manager_msgs/include/controller_manager_msgs/controller_manager_msgs/msg/detail/chain_connection__type_support.cpp
[3.618s] -- Up-to-date: /home/sebas/workspace/ros_ur_driver/install/controller_manager_msgs/include/controller_manager_msgs/controller_manager_msgs/msg/detail/hardware_component_state__type_support.cpp
[3.619s] -- Up-to-date: /home/sebas/workspace/ros_ur_driver/install/controller_manager_msgs/include/controller_manager_msgs/controller_manager_msgs/msg/detail/hardware_component_state__rosidl_typesupport_introspection_cpp.hpp
[3.619s] -- Up-to-date: /home/sebas/workspace/ros_ur_driver/install/controller_manager_msgs/include/controller_manager_msgs/controller_manager_msgs/msg/detail/controller_state__type_support.cpp
[3.619s] -- Up-to-date: /home/sebas/workspace/ros_ur_driver/install/controller_manager_msgs/include/controller_manager_msgs/controller_manager_msgs/msg/detail/hardware_interface__type_support.cpp
[3.619s] -- Up-to-date: /home/sebas/workspace/ros_ur_driver/install/controller_manager_msgs/include/controller_manager_msgs/controller_manager_msgs/msg/detail/controller_state__rosidl_typesupport_introspection_cpp.hpp
[3.619s] -- Up-to-date: /home/sebas/workspace/ros_ur_driver/install/controller_manager_msgs/lib/libcontroller_manager_msgs__rosidl_typesupport_introspection_cpp.so
[3.619s] -- Up-to-date: /home/sebas/workspace/ros_ur_driver/install/controller_manager_msgs/lib/libcontroller_manager_msgs__rosidl_typesupport_cpp.so
[3.619s] -- Up-to-date: /home/sebas/workspace/ros_ur_driver/install/controller_manager_msgs/share/controller_manager_msgs/environment/pythonpath.sh
[3.620s] -- Up-to-date: /home/sebas/workspace/ros_ur_driver/install/controller_manager_msgs/share/controller_manager_msgs/environment/pythonpath.dsv
[3.620s] -- Up-to-date: /home/sebas/workspace/ros_ur_driver/install/controller_manager_msgs/local/lib/python3.10/dist-packages/controller_manager_msgs-2.44.0-py3.10.egg-info
[3.620s] -- Installing: /home/sebas/workspace/ros_ur_driver/install/controller_manager_msgs/local/lib/python3.10/dist-packages/controller_manager_msgs-2.44.0-py3.10.egg-info/top_level.txt
[3.620s] -- Installing: /home/sebas/workspace/ros_ur_driver/install/controller_manager_msgs/local/lib/python3.10/dist-packages/controller_manager_msgs-2.44.0-py3.10.egg-info/dependency_links.txt
[3.621s] -- Installing: /home/sebas/workspace/ros_ur_driver/install/controller_manager_msgs/local/lib/python3.10/dist-packages/controller_manager_msgs-2.44.0-py3.10.egg-info/SOURCES.txt
[3.621s] -- Installing: /home/sebas/workspace/ros_ur_driver/install/controller_manager_msgs/local/lib/python3.10/dist-packages/controller_manager_msgs-2.44.0-py3.10.egg-info/PKG-INFO
[3.622s] -- Up-to-date: /home/sebas/workspace/ros_ur_driver/install/controller_manager_msgs/local/lib/python3.10/dist-packages/controller_manager_msgs
[3.622s] -- Up-to-date: /home/sebas/workspace/ros_ur_driver/install/controller_manager_msgs/local/lib/python3.10/dist-packages/controller_manager_msgs/srv
[3.623s] -- Up-to-date: /home/sebas/workspace/ros_ur_driver/install/controller_manager_msgs/local/lib/python3.10/dist-packages/controller_manager_msgs/srv/_configure_controller_s.c
[3.623s] -- Up-to-date: /home/sebas/workspace/ros_ur_driver/install/controller_manager_msgs/local/lib/python3.10/dist-packages/controller_manager_msgs/srv/_list_controllers.py
[3.623s] -- Up-to-date: /home/sebas/workspace/ros_ur_driver/install/controller_manager_msgs/local/lib/python3.10/dist-packages/controller_manager_msgs/srv/_load_controller_s.c
[3.623s] -- Up-to-date: /home/sebas/workspace/ros_ur_driver/install/controller_manager_msgs/local/lib/python3.10/dist-packages/controller_manager_msgs/srv/_set_hardware_component_state_s.c
[3.623s] -- Up-to-date: /home/sebas/workspace/ros_ur_driver/install/controller_manager_msgs/local/lib/python3.10/dist-packages/controller_manager_msgs/srv/_list_controller_types.py
[3.623s] -- Up-to-date: /home/sebas/workspace/ros_ur_driver/install/controller_manager_msgs/local/lib/python3.10/dist-packages/controller_manager_msgs/srv/_switch_controller.py
[3.623s] -- Up-to-date: /home/sebas/workspace/ros_ur_driver/install/controller_manager_msgs/local/lib/python3.10/dist-packages/controller_manager_msgs/srv/_list_controllers_s.c
[3.623s] -- Up-to-date: /home/sebas/workspace/ros_ur_driver/install/controller_manager_msgs/local/lib/python3.10/dist-packages/controller_manager_msgs/srv/_list_hardware_components_s.c
[3.623s] -- Up-to-date: /home/sebas/workspace/ros_ur_driver/install/controller_manager_msgs/local/lib/python3.10/dist-packages/controller_manager_msgs/srv/_list_hardware_interfaces_s.c
[3.624s] -- Up-to-date: /home/sebas/workspace/ros_ur_driver/install/controller_manager_msgs/local/lib/python3.10/dist-packages/controller_manager_msgs/srv/__init__.py
[3.624s] -- Up-to-date: /home/sebas/workspace/ros_ur_driver/install/controller_manager_msgs/local/lib/python3.10/dist-packages/controller_manager_msgs/srv/_load_controller.py
[3.624s] -- Up-to-date: /home/sebas/workspace/ros_ur_driver/install/controller_manager_msgs/local/lib/python3.10/dist-packages/controller_manager_msgs/srv/_list_hardware_interfaces.py
[3.624s] -- Up-to-date: /home/sebas/workspace/ros_ur_driver/install/controller_manager_msgs/local/lib/python3.10/dist-packages/controller_manager_msgs/srv/_unload_controller_s.c
[3.624s] -- Up-to-date: /home/sebas/workspace/ros_ur_driver/install/controller_manager_msgs/local/lib/python3.10/dist-packages/controller_manager_msgs/srv/_unload_controller.py
[3.624s] -- Up-to-date: /home/sebas/workspace/ros_ur_driver/install/controller_manager_msgs/local/lib/python3.10/dist-packages/controller_manager_msgs/srv/_list_hardware_components.py
[3.624s] -- Up-to-date: /home/sebas/workspace/ros_ur_driver/install/controller_manager_msgs/local/lib/python3.10/dist-packages/controller_manager_msgs/srv/_reload_controller_libraries_s.c
[3.624s] -- Up-to-date: /home/sebas/workspace/ros_ur_driver/install/controller_manager_msgs/local/lib/python3.10/dist-packages/controller_manager_msgs/srv/_reload_controller_libraries.py
[3.624s] -- Up-to-date: /home/sebas/workspace/ros_ur_driver/install/controller_manager_msgs/local/lib/python3.10/dist-packages/controller_manager_msgs/srv/_switch_controller_s.c
[3.624s] -- Up-to-date: /home/sebas/workspace/ros_ur_driver/install/controller_manager_msgs/local/lib/python3.10/dist-packages/controller_manager_msgs/srv/_list_controller_types_s.c
[3.624s] -- Up-to-date: /home/sebas/workspace/ros_ur_driver/install/controller_manager_msgs/local/lib/python3.10/dist-packages/controller_manager_msgs/srv/_configure_controller.py
[3.625s] -- Up-to-date: /home/sebas/workspace/ros_ur_driver/install/controller_manager_msgs/local/lib/python3.10/dist-packages/controller_manager_msgs/srv/_set_hardware_component_state.py
[3.625s] -- Up-to-date: /home/sebas/workspace/ros_ur_driver/install/controller_manager_msgs/local/lib/python3.10/dist-packages/controller_manager_msgs/controller_manager_msgs_s__rosidl_typesupport_introspection_c.cpython-310-x86_64-linux-gnu.so
[3.625s] -- Up-to-date: /home/sebas/workspace/ros_ur_driver/install/controller_manager_msgs/local/lib/python3.10/dist-packages/controller_manager_msgs/controller_manager_msgs_s__rosidl_typesupport_fastrtps_c.cpython-310-x86_64-linux-gnu.so
[3.625s] -- Up-to-date: /home/sebas/workspace/ros_ur_driver/install/controller_manager_msgs/local/lib/python3.10/dist-packages/controller_manager_msgs/__init__.py
[3.625s] -- Up-to-date: /home/sebas/workspace/ros_ur_driver/install/controller_manager_msgs/local/lib/python3.10/dist-packages/controller_manager_msgs/controller_manager_msgs_s__rosidl_typesupport_c.cpython-310-x86_64-linux-gnu.so
[3.625s] -- Up-to-date: /home/sebas/workspace/ros_ur_driver/install/controller_manager_msgs/local/lib/python3.10/dist-packages/controller_manager_msgs/libcontroller_manager_msgs__rosidl_generator_py.so
[3.625s] -- Up-to-date: /home/sebas/workspace/ros_ur_driver/install/controller_manager_msgs/local/lib/python3.10/dist-packages/controller_manager_msgs/_controller_manager_msgs_s.ep.rosidl_typesupport_introspection_c.c
[3.625s] -- Up-to-date: /home/sebas/workspace/ros_ur_driver/install/controller_manager_msgs/local/lib/python3.10/dist-packages/controller_manager_msgs/msg
[3.625s] -- Up-to-date: /home/sebas/workspace/ros_ur_driver/install/controller_manager_msgs/local/lib/python3.10/dist-packages/controller_manager_msgs/msg/_chain_connection.py
[3.625s] -- Up-to-date: /home/sebas/workspace/ros_ur_driver/install/controller_manager_msgs/local/lib/python3.10/dist-packages/controller_manager_msgs/msg/_chain_connection_s.c
[3.625s] -- Up-to-date: /home/sebas/workspace/ros_ur_driver/install/controller_manager_msgs/local/lib/python3.10/dist-packages/controller_manager_msgs/msg/_hardware_component_state.py
[3.625s] -- Up-to-date: /home/sebas/workspace/ros_ur_driver/install/controller_manager_msgs/local/lib/python3.10/dist-packages/controller_manager_msgs/msg/_hardware_component_state_s.c
[3.625s] -- Up-to-date: /home/sebas/workspace/ros_ur_driver/install/controller_manager_msgs/local/lib/python3.10/dist-packages/controller_manager_msgs/msg/_hardware_interface_s.c
[3.625s] -- Up-to-date: /home/sebas/workspace/ros_ur_driver/install/controller_manager_msgs/local/lib/python3.10/dist-packages/controller_manager_msgs/msg/__init__.py
[3.626s] -- Up-to-date: /home/sebas/workspace/ros_ur_driver/install/controller_manager_msgs/local/lib/python3.10/dist-packages/controller_manager_msgs/msg/_hardware_interface.py
[3.626s] -- Up-to-date: /home/sebas/workspace/ros_ur_driver/install/controller_manager_msgs/local/lib/python3.10/dist-packages/controller_manager_msgs/msg/_controller_state_s.c
[3.627s] -- Up-to-date: /home/sebas/workspace/ros_ur_driver/install/controller_manager_msgs/local/lib/python3.10/dist-packages/controller_manager_msgs/msg/_controller_state.py
[3.627s] -- Up-to-date: /home/sebas/workspace/ros_ur_driver/install/controller_manager_msgs/local/lib/python3.10/dist-packages/controller_manager_msgs/_controller_manager_msgs_s.ep.rosidl_typesupport_c.c
[3.627s] -- Up-to-date: /home/sebas/workspace/ros_ur_driver/install/controller_manager_msgs/local/lib/python3.10/dist-packages/controller_manager_msgs/_controller_manager_msgs_s.ep.rosidl_typesupport_fastrtps_c.c
[3.748s] Listing '/home/sebas/workspace/ros_ur_driver/install/controller_manager_msgs/local/lib/python3.10/dist-packages/controller_manager_msgs'...
[3.748s] Listing '/home/sebas/workspace/ros_ur_driver/install/controller_manager_msgs/local/lib/python3.10/dist-packages/controller_manager_msgs/msg'...
[3.748s] Listing '/home/sebas/workspace/ros_ur_driver/install/controller_manager_msgs/local/lib/python3.10/dist-packages/controller_manager_msgs/srv'...
[3.752s] -- Up-to-date: /home/sebas/workspace/ros_ur_driver/install/controller_manager_msgs/local/lib/python3.10/dist-packages/controller_manager_msgs/controller_manager_msgs_s__rosidl_typesupport_fastrtps_c.cpython-310-x86_64-linux-gnu.so
[3.753s] -- Up-to-date: /home/sebas/workspace/ros_ur_driver/install/controller_manager_msgs/local/lib/python3.10/dist-packages/controller_manager_msgs/controller_manager_msgs_s__rosidl_typesupport_introspection_c.cpython-310-x86_64-linux-gnu.so
[3.753s] -- Up-to-date: /home/sebas/workspace/ros_ur_driver/install/controller_manager_msgs/local/lib/python3.10/dist-packages/controller_manager_msgs/controller_manager_msgs_s__rosidl_typesupport_c.cpython-310-x86_64-linux-gnu.so
[3.754s] -- Up-to-date: /home/sebas/workspace/ros_ur_driver/install/controller_manager_msgs/lib/libcontroller_manager_msgs__rosidl_generator_py.so
[3.754s] -- Up-to-date: /home/sebas/workspace/ros_ur_driver/install/controller_manager_msgs/share/controller_manager_msgs/msg/ControllerState.idl
[3.754s] -- Up-to-date: /home/sebas/workspace/ros_ur_driver/install/controller_manager_msgs/share/controller_manager_msgs/msg/ChainConnection.idl
[3.754s] -- Up-to-date: /home/sebas/workspace/ros_ur_driver/install/controller_manager_msgs/share/controller_manager_msgs/msg/HardwareComponentState.idl
[3.754s] -- Up-to-date: /home/sebas/workspace/ros_ur_driver/install/controller_manager_msgs/share/controller_manager_msgs/msg/HardwareInterface.idl
[3.754s] -- Up-to-date: /home/sebas/workspace/ros_ur_driver/install/controller_manager_msgs/share/controller_manager_msgs/srv/ConfigureController.idl
[3.754s] -- Up-to-date: /home/sebas/workspace/ros_ur_driver/install/controller_manager_msgs/share/controller_manager_msgs/srv/ListControllers.idl
[3.755s] -- Up-to-date: /home/sebas/workspace/ros_ur_driver/install/controller_manager_msgs/share/controller_manager_msgs/srv/ListControllerTypes.idl
[3.755s] -- Up-to-date: /home/sebas/workspace/ros_ur_driver/install/controller_manager_msgs/share/controller_manager_msgs/srv/ListHardwareComponents.idl
[3.755s] -- Up-to-date: /home/sebas/workspace/ros_ur_driver/install/controller_manager_msgs/share/controller_manager_msgs/srv/ListHardwareInterfaces.idl
[3.755s] -- Up-to-date: /home/sebas/workspace/ros_ur_driver/install/controller_manager_msgs/share/controller_manager_msgs/srv/LoadController.idl
[3.755s] -- Up-to-date: /home/sebas/workspace/ros_ur_driver/install/controller_manager_msgs/share/controller_manager_msgs/srv/ReloadControllerLibraries.idl
[3.755s] -- Up-to-date: /home/sebas/workspace/ros_ur_driver/install/controller_manager_msgs/share/controller_manager_msgs/srv/SetHardwareComponentState.idl
[3.755s] -- Up-to-date: /home/sebas/workspace/ros_ur_driver/install/controller_manager_msgs/share/controller_manager_msgs/srv/SwitchController.idl
[3.755s] -- Up-to-date: /home/sebas/workspace/ros_ur_driver/install/controller_manager_msgs/share/controller_manager_msgs/srv/UnloadController.idl
[3.755s] -- Up-to-date: /home/sebas/workspace/ros_ur_driver/install/controller_manager_msgs/share/controller_manager_msgs/msg/ControllerState.msg
[3.755s] -- Up-to-date: /home/sebas/workspace/ros_ur_driver/install/controller_manager_msgs/share/controller_manager_msgs/msg/ChainConnection.msg
[3.755s] -- Up-to-date: /home/sebas/workspace/ros_ur_driver/install/controller_manager_msgs/share/controller_manager_msgs/msg/HardwareComponentState.msg
[3.756s] -- Up-to-date: /home/sebas/workspace/ros_ur_driver/install/controller_manager_msgs/share/controller_manager_msgs/msg/HardwareInterface.msg
[3.756s] -- Up-to-date: /home/sebas/workspace/ros_ur_driver/install/controller_manager_msgs/share/controller_manager_msgs/srv/ConfigureController.srv
[3.756s] -- Up-to-date: /home/sebas/workspace/ros_ur_driver/install/controller_manager_msgs/share/controller_manager_msgs/srv/ConfigureController_Request.msg
[3.756s] -- Up-to-date: /home/sebas/workspace/ros_ur_driver/install/controller_manager_msgs/share/controller_manager_msgs/srv/ConfigureController_Response.msg
[3.756s] -- Up-to-date: /home/sebas/workspace/ros_ur_driver/install/controller_manager_msgs/share/controller_manager_msgs/srv/ListControllers.srv
[3.756s] -- Up-to-date: /home/sebas/workspace/ros_ur_driver/install/controller_manager_msgs/share/controller_manager_msgs/srv/ListControllers_Request.msg
[3.756s] -- Up-to-date: /home/sebas/workspace/ros_ur_driver/install/controller_manager_msgs/share/controller_manager_msgs/srv/ListControllers_Response.msg
[3.756s] -- Up-to-date: /home/sebas/workspace/ros_ur_driver/install/controller_manager_msgs/share/controller_manager_msgs/srv/ListControllerTypes.srv
[3.756s] -- Up-to-date: /home/sebas/workspace/ros_ur_driver/install/controller_manager_msgs/share/controller_manager_msgs/srv/ListControllerTypes_Request.msg
[3.756s] -- Up-to-date: /home/sebas/workspace/ros_ur_driver/install/controller_manager_msgs/share/controller_manager_msgs/srv/ListControllerTypes_Response.msg
[3.756s] -- Up-to-date: /home/sebas/workspace/ros_ur_driver/install/controller_manager_msgs/share/controller_manager_msgs/srv/ListHardwareComponents.srv
[3.756s] -- Up-to-date: /home/sebas/workspace/ros_ur_driver/install/controller_manager_msgs/share/controller_manager_msgs/srv/ListHardwareComponents_Request.msg
[3.757s] -- Up-to-date: /home/sebas/workspace/ros_ur_driver/install/controller_manager_msgs/share/controller_manager_msgs/srv/ListHardwareComponents_Response.msg
[3.757s] -- Up-to-date: /home/sebas/workspace/ros_ur_driver/install/controller_manager_msgs/share/controller_manager_msgs/srv/ListHardwareInterfaces.srv
[3.757s] -- Up-to-date: /home/sebas/workspace/ros_ur_driver/install/controller_manager_msgs/share/controller_manager_msgs/srv/ListHardwareInterfaces_Request.msg
[3.757s] -- Up-to-date: /home/sebas/workspace/ros_ur_driver/install/controller_manager_msgs/share/controller_manager_msgs/srv/ListHardwareInterfaces_Response.msg
[3.757s] -- Up-to-date: /home/sebas/workspace/ros_ur_driver/install/controller_manager_msgs/share/controller_manager_msgs/srv/LoadController.srv
[3.757s] -- Up-to-date: /home/sebas/workspace/ros_ur_driver/install/controller_manager_msgs/share/controller_manager_msgs/srv/LoadController_Request.msg
[3.757s] -- Up-to-date: /home/sebas/workspace/ros_ur_driver/install/controller_manager_msgs/share/controller_manager_msgs/srv/LoadController_Response.msg
[3.757s] -- Up-to-date: /home/sebas/workspace/ros_ur_driver/install/controller_manager_msgs/share/controller_manager_msgs/srv/ReloadControllerLibraries.srv
[3.757s] -- Up-to-date: /home/sebas/workspace/ros_ur_driver/install/controller_manager_msgs/share/controller_manager_msgs/srv/ReloadControllerLibraries_Request.msg
[3.757s] -- Up-to-date: /home/sebas/workspace/ros_ur_driver/install/controller_manager_msgs/share/controller_manager_msgs/srv/ReloadControllerLibraries_Response.msg
[3.757s] -- Up-to-date: /home/sebas/workspace/ros_ur_driver/install/controller_manager_msgs/share/controller_manager_msgs/srv/SetHardwareComponentState.srv
[3.758s] -- Up-to-date: /home/sebas/workspace/ros_ur_driver/install/controller_manager_msgs/share/controller_manager_msgs/srv/SetHardwareComponentState_Request.msg
[3.758s] -- Up-to-date: /home/sebas/workspace/ros_ur_driver/install/controller_manager_msgs/share/controller_manager_msgs/srv/SetHardwareComponentState_Response.msg
[3.758s] -- Up-to-date: /home/sebas/workspace/ros_ur_driver/install/controller_manager_msgs/share/controller_manager_msgs/srv/SwitchController.srv
[3.758s] -- Up-to-date: /home/sebas/workspace/ros_ur_driver/install/controller_manager_msgs/share/controller_manager_msgs/srv/SwitchController_Request.msg
[3.758s] -- Up-to-date: /home/sebas/workspace/ros_ur_driver/install/controller_manager_msgs/share/controller_manager_msgs/srv/SwitchController_Response.msg
[3.758s] -- Up-to-date: /home/sebas/workspace/ros_ur_driver/install/controller_manager_msgs/share/controller_manager_msgs/srv/UnloadController.srv
[3.758s] -- Up-to-date: /home/sebas/workspace/ros_ur_driver/install/controller_manager_msgs/share/controller_manager_msgs/srv/UnloadController_Request.msg
[3.758s] -- Up-to-date: /home/sebas/workspace/ros_ur_driver/install/controller_manager_msgs/share/controller_manager_msgs/srv/UnloadController_Response.msg
[3.758s] -- Up-to-date: /home/sebas/workspace/ros_ur_driver/install/controller_manager_msgs/share/ament_index/resource_index/package_run_dependencies/controller_manager_msgs
[3.758s] -- Up-to-date: /home/sebas/workspace/ros_ur_driver/install/controller_manager_msgs/share/ament_index/resource_index/parent_prefix_path/controller_manager_msgs
[3.758s] -- Up-to-date: /home/sebas/workspace/ros_ur_driver/install/controller_manager_msgs/share/controller_manager_msgs/environment/ament_prefix_path.sh
[3.758s] -- Up-to-date: /home/sebas/workspace/ros_ur_driver/install/controller_manager_msgs/share/controller_manager_msgs/environment/ament_prefix_path.dsv
[3.758s] -- Up-to-date: /home/sebas/workspace/ros_ur_driver/install/controller_manager_msgs/share/controller_manager_msgs/environment/path.sh
[3.758s] -- Up-to-date: /home/sebas/workspace/ros_ur_driver/install/controller_manager_msgs/share/controller_manager_msgs/environment/path.dsv
[3.758s] -- Up-to-date: /home/sebas/workspace/ros_ur_driver/install/controller_manager_msgs/share/controller_manager_msgs/local_setup.bash
[3.758s] -- Up-to-date: /home/sebas/workspace/ros_ur_driver/install/controller_manager_msgs/share/controller_manager_msgs/local_setup.sh
[3.758s] -- Up-to-date: /home/sebas/workspace/ros_ur_driver/install/controller_manager_msgs/share/controller_manager_msgs/local_setup.zsh
[3.758s] -- Up-to-date: /home/sebas/workspace/ros_ur_driver/install/controller_manager_msgs/share/controller_manager_msgs/local_setup.dsv
[3.759s] -- Installing: /home/sebas/workspace/ros_ur_driver/install/controller_manager_msgs/share/controller_manager_msgs/package.dsv
[3.759s] -- Up-to-date: /home/sebas/workspace/ros_ur_driver/install/controller_manager_msgs/share/ament_index/resource_index/packages/controller_manager_msgs
[3.759s] -- Up-to-date: /home/sebas/workspace/ros_ur_driver/install/controller_manager_msgs/share/controller_manager_msgs/cmake/export_controller_manager_msgs__rosidl_generator_cExport.cmake
[3.759s] -- Up-to-date: /home/sebas/workspace/ros_ur_driver/install/controller_manager_msgs/share/controller_manager_msgs/cmake/export_controller_manager_msgs__rosidl_generator_cExport-noconfig.cmake
[3.759s] -- Up-to-date: /home/sebas/workspace/ros_ur_driver/install/controller_manager_msgs/share/controller_manager_msgs/cmake/export_controller_manager_msgs__rosidl_typesupport_fastrtps_cExport.cmake
[3.760s] -- Up-to-date: /home/sebas/workspace/ros_ur_driver/install/controller_manager_msgs/share/controller_manager_msgs/cmake/export_controller_manager_msgs__rosidl_typesupport_fastrtps_cExport-noconfig.cmake
[3.760s] -- Up-to-date: /home/sebas/workspace/ros_ur_driver/install/controller_manager_msgs/share/controller_manager_msgs/cmake/export_controller_manager_msgs__rosidl_generator_cppExport.cmake
[3.760s] -- Up-to-date: /home/sebas/workspace/ros_ur_driver/install/controller_manager_msgs/share/controller_manager_msgs/cmake/export_controller_manager_msgs__rosidl_typesupport_fastrtps_cppExport.cmake
[3.760s] -- Up-to-date: /home/sebas/workspace/ros_ur_driver/install/controller_manager_msgs/share/controller_manager_msgs/cmake/export_controller_manager_msgs__rosidl_typesupport_fastrtps_cppExport-noconfig.cmake
[3.760s] -- Up-to-date: /home/sebas/workspace/ros_ur_driver/install/controller_manager_msgs/share/controller_manager_msgs/cmake/controller_manager_msgs__rosidl_typesupport_introspection_cExport.cmake
[3.760s] -- Up-to-date: /home/sebas/workspace/ros_ur_driver/install/controller_manager_msgs/share/controller_manager_msgs/cmake/controller_manager_msgs__rosidl_typesupport_introspection_cExport-noconfig.cmake
[3.760s] -- Up-to-date: /home/sebas/workspace/ros_ur_driver/install/controller_manager_msgs/share/controller_manager_msgs/cmake/controller_manager_msgs__rosidl_typesupport_cExport.cmake
[3.761s] -- Up-to-date: /home/sebas/workspace/ros_ur_driver/install/controller_manager_msgs/share/controller_manager_msgs/cmake/controller_manager_msgs__rosidl_typesupport_cExport-noconfig.cmake
[3.761s] -- Up-to-date: /home/sebas/workspace/ros_ur_driver/install/controller_manager_msgs/share/controller_manager_msgs/cmake/controller_manager_msgs__rosidl_typesupport_introspection_cppExport.cmake
[3.761s] -- Up-to-date: /home/sebas/workspace/ros_ur_driver/install/controller_manager_msgs/share/controller_manager_msgs/cmake/controller_manager_msgs__rosidl_typesupport_introspection_cppExport-noconfig.cmake
[3.761s] -- Up-to-date: /home/sebas/workspace/ros_ur_driver/install/controller_manager_msgs/share/controller_manager_msgs/cmake/controller_manager_msgs__rosidl_typesupport_cppExport.cmake
[3.761s] -- Up-to-date: /home/sebas/workspace/ros_ur_driver/install/controller_manager_msgs/share/controller_manager_msgs/cmake/controller_manager_msgs__rosidl_typesupport_cppExport-noconfig.cmake
[3.761s] -- Up-to-date: /home/sebas/workspace/ros_ur_driver/install/controller_manager_msgs/share/controller_manager_msgs/cmake/export_controller_manager_msgs__rosidl_generator_pyExport.cmake
[3.761s] -- Up-to-date: /home/sebas/workspace/ros_ur_driver/install/controller_manager_msgs/share/controller_manager_msgs/cmake/export_controller_manager_msgs__rosidl_generator_pyExport-noconfig.cmake
[3.761s] -- Up-to-date: /home/sebas/workspace/ros_ur_driver/install/controller_manager_msgs/share/controller_manager_msgs/cmake/rosidl_cmake-extras.cmake
[3.761s] -- Up-to-date: /home/sebas/workspace/ros_ur_driver/install/controller_manager_msgs/share/controller_manager_msgs/cmake/ament_cmake_export_dependencies-extras.cmake
[3.762s] -- Up-to-date: /home/sebas/workspace/ros_ur_driver/install/controller_manager_msgs/share/controller_manager_msgs/cmake/ament_cmake_export_include_directories-extras.cmake
[3.762s] -- Up-to-date: /home/sebas/workspace/ros_ur_driver/install/controller_manager_msgs/share/controller_manager_msgs/cmake/ament_cmake_export_libraries-extras.cmake
[3.762s] -- Up-to-date: /home/sebas/workspace/ros_ur_driver/install/controller_manager_msgs/share/controller_manager_msgs/cmake/ament_cmake_export_targets-extras.cmake
[3.762s] -- Up-to-date: /home/sebas/workspace/ros_ur_driver/install/controller_manager_msgs/share/controller_manager_msgs/cmake/rosidl_cmake_export_typesupport_targets-extras.cmake
[3.762s] -- Up-to-date: /home/sebas/workspace/ros_ur_driver/install/controller_manager_msgs/share/controller_manager_msgs/cmake/rosidl_cmake_export_typesupport_libraries-extras.cmake
[3.762s] -- Up-to-date: /home/sebas/workspace/ros_ur_driver/install/controller_manager_msgs/share/controller_manager_msgs/cmake/controller_manager_msgsConfig.cmake
[3.762s] -- Up-to-date: /home/sebas/workspace/ros_ur_driver/install/controller_manager_msgs/share/controller_manager_msgs/cmake/controller_manager_msgsConfig-version.cmake
[3.762s] -- Up-to-date: /home/sebas/workspace/ros_ur_driver/install/controller_manager_msgs/share/controller_manager_msgs/package.xml
[3.767s] Invoked command in '/home/sebas/workspace/ros_ur_driver/build/controller_manager_msgs' returned '0': CMAKE_PREFIX_PATH=${CMAKE_PREFIX_PATH}:/home/sebas/workspace/ros_ur_driver/install/rqt_joint_trajectory_controller:/home/sebas/workspace/ros_ur_driver/install/ros2_controllers_test_nodes:/opt/ros/humble:/home/sebas/ros2_humble/install/rqt_bag_plugins:/home/sebas/ros2_humble/install/rqt_bag:/home/sebas/ros2_humble/install/launch_testing_examples:/home/sebas/ros2_humble/install/ros2bag:/home/sebas/ros2_humble/install/tracetools_test:/home/sebas/ros2_humble/install/tracetools_launch:/home/sebas/ros2_humble/install/topic_monitor:/home/sebas/ros2_humble/install/tf2_tools:/home/sebas/ros2_humble/install/examples_tf2_py:/home/sebas/ros2_humble/install/tf2_ros_py:/home/sebas/ros2_humble/install/sros2:/home/sebas/ros2_humble/install/rqt_topic:/home/sebas/ros2_humble/install/rqt_srv:/home/sebas/ros2_humble/install/rqt_shell:/home/sebas/ros2_humble/install/rqt_service_caller:/home/sebas/ros2_humble/install/rqt_reconfigure:/home/sebas/ros2_humble/install/rqt_py_console:/home/sebas/ros2_humble/install/rqt_publisher:/home/sebas/ros2_humble/install/rqt_plot:/home/sebas/ros2_humble/install/rqt_action:/home/sebas/ros2_humble/install/rqt_msg:/home/sebas/ros2_humble/install/rqt_console:/home/sebas/ros2_humble/install/rqt:/home/sebas/ros2_humble/install/rqt_graph:/home/sebas/ros2_humble/install/rqt_gui_py:/home/sebas/ros2_humble/install/rqt_gui:/home/sebas/ros2_humble/install/ros2trace:/home/sebas/ros2_humble/install/ros2topic:/home/sebas/ros2_humble/install/ros2test:/home/sebas/ros2_humble/install/ros2component:/home/sebas/ros2_humble/install/ros2param:/home/sebas/ros2_humble/install/ros2lifecycle:/home/sebas/ros2_humble/install/ros2service:/home/sebas/ros2_humble/install/ros2run:/home/sebas/ros2_humble/install/ros2launch:/home/sebas/ros2_humble/install/ros2pkg:/home/sebas/ros2_humble/install/ros2node:/home/sebas/ros2_humble/install/ros2multicast:/home/sebas/ros2_humble/install/ros2interface:/home/sebas/ros2_humble/install/ros2doctor:/home/sebas/ros2_humble/install/ros2action:/home/sebas/ros2_humble/install/ros2cli:/home/sebas/ros2_humble/install/quality_of_service_demo_py:/home/sebas/ros2_humble/install/lifecycle_py:/home/sebas/ros2_humble/install/launch_testing_ros:/home/sebas/ros2_humble/install/launch_ros:/home/sebas/ros2_humble/install/examples_rclpy_pointcloud_publisher:/home/sebas/ros2_humble/install/examples_rclpy_minimal_subscriber:/home/sebas/ros2_humble/install/examples_rclpy_minimal_service:/home/sebas/ros2_humble/install/examples_rclpy_minimal_publisher:/home/sebas/ros2_humble/install/examples_rclpy_minimal_client:/home/sebas/ros2_humble/install/examples_rclpy_minimal_action_server:/home/sebas/ros2_humble/install/examples_rclpy_minimal_action_client:/home/sebas/ros2_humble/install/examples_rclpy_guard_conditions:/home/sebas/ros2_humble/install/examples_rclpy_executors:/home/sebas/ros2_humble/install/demo_nodes_py:/home/sebas/ros2_humble/install/action_tutorials_py:/home/sebas/ros2_humble/install/ament_uncrustify:/home/sebas/ros2_humble/install/tracetools_trace:/home/sebas/ros2_humble/install/tracetools_read:/home/sebas/ros2_humble/install/test_tracetools_launch:/home/sebas/ros2_humble/install/test_launch_ros:/home/sebas/ros2_humble/install/sensor_msgs_py:/home/sebas/ros2_humble/install/rpyutils:/home/sebas/ros2_humble/install/rosidl_runtime_py:/home/sebas/ros2_humble/install/rosidl_cli:/home/sebas/ros2_humble/install/launch_pytest:/home/sebas/ros2_humble/install/launch_testing:/home/sebas/ros2_humble/install/launch_yaml:/home/sebas/ros2_humble/install/launch_xml:/home/sebas/ros2_humble/install/launch:/home/sebas/ros2_humble/install/osrf_pycommon:/home/sebas/ros2_humble/install/domain_coordinator:/home/sebas/ros2_humble/install/ament_xmllint:/home/sebas/ros2_humble/install/ament_pyflakes:/home/sebas/ros2_humble/install/ament_pycodestyle:/home/sebas/ros2_humble/install/ament_pep257:/home/sebas/ros2_humble/install/ament_pclint:/home/sebas/ros2_humble/install/ament_package:/home/sebas/ros2_humble/install/ament_mypy:/home/sebas/ros2_humble/install/ament_lint_cmake:/home/sebas/ros2_humble/install/ament_flake8:/home/sebas/ros2_humble/install/ament_copyright:/home/sebas/ros2_humble/install/ament_lint:/home/sebas/ros2_humble/install/ament_index_python:/home/sebas/ros2_humble/install/ament_cpplint:/home/sebas/ros2_humble/install/ament_cppcheck:/home/sebas/ros2_humble/install/ament_clang_tidy:/home/sebas/ros2_humble/install/ament_clang_format /usr/bin/cmake --install /home/sebas/workspace/ros_ur_driver/build/controller_manager_msgs
