[0.147s] Invoking command in '/home/sebas/workspace/ros_ur_driver/build/ur_description': CMAKE_PREFIX_PATH=${CMAKE_PREFIX_PATH}:/home/sebas/workspace/ros_ur_driver/install/rqt_joint_trajectory_controller:/home/sebas/workspace/ros_ur_driver/install/ros2_controllers_test_nodes:/opt/ros/humble:/home/sebas/ros2_humble/install/rqt_bag_plugins:/home/sebas/ros2_humble/install/rqt_bag:/home/sebas/ros2_humble/install/launch_testing_examples:/home/sebas/ros2_humble/install/ros2bag:/home/sebas/ros2_humble/install/tracetools_test:/home/sebas/ros2_humble/install/tracetools_launch:/home/sebas/ros2_humble/install/topic_monitor:/home/sebas/ros2_humble/install/tf2_tools:/home/sebas/ros2_humble/install/examples_tf2_py:/home/sebas/ros2_humble/install/tf2_ros_py:/home/sebas/ros2_humble/install/sros2:/home/sebas/ros2_humble/install/rqt_topic:/home/sebas/ros2_humble/install/rqt_srv:/home/sebas/ros2_humble/install/rqt_shell:/home/sebas/ros2_humble/install/rqt_service_caller:/home/sebas/ros2_humble/install/rqt_reconfigure:/home/sebas/ros2_humble/install/rqt_py_console:/home/sebas/ros2_humble/install/rqt_publisher:/home/sebas/ros2_humble/install/rqt_plot:/home/sebas/ros2_humble/install/rqt_action:/home/sebas/ros2_humble/install/rqt_msg:/home/sebas/ros2_humble/install/rqt_console:/home/sebas/ros2_humble/install/rqt:/home/sebas/ros2_humble/install/rqt_graph:/home/sebas/ros2_humble/install/rqt_gui_py:/home/sebas/ros2_humble/install/rqt_gui:/home/sebas/ros2_humble/install/ros2trace:/home/sebas/ros2_humble/install/ros2topic:/home/sebas/ros2_humble/install/ros2test:/home/sebas/ros2_humble/install/ros2component:/home/sebas/ros2_humble/install/ros2param:/home/sebas/ros2_humble/install/ros2lifecycle:/home/sebas/ros2_humble/install/ros2service:/home/sebas/ros2_humble/install/ros2run:/home/sebas/ros2_humble/install/ros2launch:/home/sebas/ros2_humble/install/ros2pkg:/home/sebas/ros2_humble/install/ros2node:/home/sebas/ros2_humble/install/ros2multicast:/home/sebas/ros2_humble/install/ros2interface:/home/sebas/ros2_humble/install/ros2doctor:/home/sebas/ros2_humble/install/ros2action:/home/sebas/ros2_humble/install/ros2cli:/home/sebas/ros2_humble/install/quality_of_service_demo_py:/home/sebas/ros2_humble/install/lifecycle_py:/home/sebas/ros2_humble/install/launch_testing_ros:/home/sebas/ros2_humble/install/launch_ros:/home/sebas/ros2_humble/install/examples_rclpy_pointcloud_publisher:/home/sebas/ros2_humble/install/examples_rclpy_minimal_subscriber:/home/sebas/ros2_humble/install/examples_rclpy_minimal_service:/home/sebas/ros2_humble/install/examples_rclpy_minimal_publisher:/home/sebas/ros2_humble/install/examples_rclpy_minimal_client:/home/sebas/ros2_humble/install/examples_rclpy_minimal_action_server:/home/sebas/ros2_humble/install/examples_rclpy_minimal_action_client:/home/sebas/ros2_humble/install/examples_rclpy_guard_conditions:/home/sebas/ros2_humble/install/examples_rclpy_executors:/home/sebas/ros2_humble/install/demo_nodes_py:/home/sebas/ros2_humble/install/action_tutorials_py:/home/sebas/ros2_humble/install/ament_uncrustify:/home/sebas/ros2_humble/install/tracetools_trace:/home/sebas/ros2_humble/install/tracetools_read:/home/sebas/ros2_humble/install/test_tracetools_launch:/home/sebas/ros2_humble/install/test_launch_ros:/home/sebas/ros2_humble/install/sensor_msgs_py:/home/sebas/ros2_humble/install/rpyutils:/home/sebas/ros2_humble/install/rosidl_runtime_py:/home/sebas/ros2_humble/install/rosidl_cli:/home/sebas/ros2_humble/install/launch_pytest:/home/sebas/ros2_humble/install/launch_testing:/home/sebas/ros2_humble/install/launch_yaml:/home/sebas/ros2_humble/install/launch_xml:/home/sebas/ros2_humble/install/launch:/home/sebas/ros2_humble/install/osrf_pycommon:/home/sebas/ros2_humble/install/domain_coordinator:/home/sebas/ros2_humble/install/ament_xmllint:/home/sebas/ros2_humble/install/ament_pyflakes:/home/sebas/ros2_humble/install/ament_pycodestyle:/home/sebas/ros2_humble/install/ament_pep257:/home/sebas/ros2_humble/install/ament_pclint:/home/sebas/ros2_humble/install/ament_package:/home/sebas/ros2_humble/install/ament_mypy:/home/sebas/ros2_humble/install/ament_lint_cmake:/home/sebas/ros2_humble/install/ament_flake8:/home/sebas/ros2_humble/install/ament_copyright:/home/sebas/ros2_humble/install/ament_lint:/home/sebas/ros2_humble/install/ament_index_python:/home/sebas/ros2_humble/install/ament_cpplint:/home/sebas/ros2_humble/install/ament_cppcheck:/home/sebas/ros2_humble/install/ament_clang_tidy:/home/sebas/ros2_humble/install/ament_clang_format /usr/bin/cmake --build /home/sebas/workspace/ros_ur_driver/build/ur_description -- -j12 -l12
[1.183s] Invoked command in '/home/sebas/workspace/ros_ur_driver/build/ur_description' returned '0': CMAKE_PREFIX_PATH=${CMAKE_PREFIX_PATH}:/home/sebas/workspace/ros_ur_driver/install/rqt_joint_trajectory_controller:/home/sebas/workspace/ros_ur_driver/install/ros2_controllers_test_nodes:/opt/ros/humble:/home/sebas/ros2_humble/install/rqt_bag_plugins:/home/sebas/ros2_humble/install/rqt_bag:/home/sebas/ros2_humble/install/launch_testing_examples:/home/sebas/ros2_humble/install/ros2bag:/home/sebas/ros2_humble/install/tracetools_test:/home/sebas/ros2_humble/install/tracetools_launch:/home/sebas/ros2_humble/install/topic_monitor:/home/sebas/ros2_humble/install/tf2_tools:/home/sebas/ros2_humble/install/examples_tf2_py:/home/sebas/ros2_humble/install/tf2_ros_py:/home/sebas/ros2_humble/install/sros2:/home/sebas/ros2_humble/install/rqt_topic:/home/sebas/ros2_humble/install/rqt_srv:/home/sebas/ros2_humble/install/rqt_shell:/home/sebas/ros2_humble/install/rqt_service_caller:/home/sebas/ros2_humble/install/rqt_reconfigure:/home/sebas/ros2_humble/install/rqt_py_console:/home/sebas/ros2_humble/install/rqt_publisher:/home/sebas/ros2_humble/install/rqt_plot:/home/sebas/ros2_humble/install/rqt_action:/home/sebas/ros2_humble/install/rqt_msg:/home/sebas/ros2_humble/install/rqt_console:/home/sebas/ros2_humble/install/rqt:/home/sebas/ros2_humble/install/rqt_graph:/home/sebas/ros2_humble/install/rqt_gui_py:/home/sebas/ros2_humble/install/rqt_gui:/home/sebas/ros2_humble/install/ros2trace:/home/sebas/ros2_humble/install/ros2topic:/home/sebas/ros2_humble/install/ros2test:/home/sebas/ros2_humble/install/ros2component:/home/sebas/ros2_humble/install/ros2param:/home/sebas/ros2_humble/install/ros2lifecycle:/home/sebas/ros2_humble/install/ros2service:/home/sebas/ros2_humble/install/ros2run:/home/sebas/ros2_humble/install/ros2launch:/home/sebas/ros2_humble/install/ros2pkg:/home/sebas/ros2_humble/install/ros2node:/home/sebas/ros2_humble/install/ros2multicast:/home/sebas/ros2_humble/install/ros2interface:/home/sebas/ros2_humble/install/ros2doctor:/home/sebas/ros2_humble/install/ros2action:/home/sebas/ros2_humble/install/ros2cli:/home/sebas/ros2_humble/install/quality_of_service_demo_py:/home/sebas/ros2_humble/install/lifecycle_py:/home/sebas/ros2_humble/install/launch_testing_ros:/home/sebas/ros2_humble/install/launch_ros:/home/sebas/ros2_humble/install/examples_rclpy_pointcloud_publisher:/home/sebas/ros2_humble/install/examples_rclpy_minimal_subscriber:/home/sebas/ros2_humble/install/examples_rclpy_minimal_service:/home/sebas/ros2_humble/install/examples_rclpy_minimal_publisher:/home/sebas/ros2_humble/install/examples_rclpy_minimal_client:/home/sebas/ros2_humble/install/examples_rclpy_minimal_action_server:/home/sebas/ros2_humble/install/examples_rclpy_minimal_action_client:/home/sebas/ros2_humble/install/examples_rclpy_guard_conditions:/home/sebas/ros2_humble/install/examples_rclpy_executors:/home/sebas/ros2_humble/install/demo_nodes_py:/home/sebas/ros2_humble/install/action_tutorials_py:/home/sebas/ros2_humble/install/ament_uncrustify:/home/sebas/ros2_humble/install/tracetools_trace:/home/sebas/ros2_humble/install/tracetools_read:/home/sebas/ros2_humble/install/test_tracetools_launch:/home/sebas/ros2_humble/install/test_launch_ros:/home/sebas/ros2_humble/install/sensor_msgs_py:/home/sebas/ros2_humble/install/rpyutils:/home/sebas/ros2_humble/install/rosidl_runtime_py:/home/sebas/ros2_humble/install/rosidl_cli:/home/sebas/ros2_humble/install/launch_pytest:/home/sebas/ros2_humble/install/launch_testing:/home/sebas/ros2_humble/install/launch_yaml:/home/sebas/ros2_humble/install/launch_xml:/home/sebas/ros2_humble/install/launch:/home/sebas/ros2_humble/install/osrf_pycommon:/home/sebas/ros2_humble/install/domain_coordinator:/home/sebas/ros2_humble/install/ament_xmllint:/home/sebas/ros2_humble/install/ament_pyflakes:/home/sebas/ros2_humble/install/ament_pycodestyle:/home/sebas/ros2_humble/install/ament_pep257:/home/sebas/ros2_humble/install/ament_pclint:/home/sebas/ros2_humble/install/ament_package:/home/sebas/ros2_humble/install/ament_mypy:/home/sebas/ros2_humble/install/ament_lint_cmake:/home/sebas/ros2_humble/install/ament_flake8:/home/sebas/ros2_humble/install/ament_copyright:/home/sebas/ros2_humble/install/ament_lint:/home/sebas/ros2_humble/install/ament_index_python:/home/sebas/ros2_humble/install/ament_cpplint:/home/sebas/ros2_humble/install/ament_cppcheck:/home/sebas/ros2_humble/install/ament_clang_tidy:/home/sebas/ros2_humble/install/ament_clang_format /usr/bin/cmake --build /home/sebas/workspace/ros_ur_driver/build/ur_description -- -j12 -l12
[1.345s] Invoking command in '/home/sebas/workspace/ros_ur_driver/build/ur_description': CMAKE_PREFIX_PATH=${CMAKE_PREFIX_PATH}:/home/sebas/workspace/ros_ur_driver/install/rqt_joint_trajectory_controller:/home/sebas/workspace/ros_ur_driver/install/ros2_controllers_test_nodes:/opt/ros/humble:/home/sebas/ros2_humble/install/rqt_bag_plugins:/home/sebas/ros2_humble/install/rqt_bag:/home/sebas/ros2_humble/install/launch_testing_examples:/home/sebas/ros2_humble/install/ros2bag:/home/sebas/ros2_humble/install/tracetools_test:/home/sebas/ros2_humble/install/tracetools_launch:/home/sebas/ros2_humble/install/topic_monitor:/home/sebas/ros2_humble/install/tf2_tools:/home/sebas/ros2_humble/install/examples_tf2_py:/home/sebas/ros2_humble/install/tf2_ros_py:/home/sebas/ros2_humble/install/sros2:/home/sebas/ros2_humble/install/rqt_topic:/home/sebas/ros2_humble/install/rqt_srv:/home/sebas/ros2_humble/install/rqt_shell:/home/sebas/ros2_humble/install/rqt_service_caller:/home/sebas/ros2_humble/install/rqt_reconfigure:/home/sebas/ros2_humble/install/rqt_py_console:/home/sebas/ros2_humble/install/rqt_publisher:/home/sebas/ros2_humble/install/rqt_plot:/home/sebas/ros2_humble/install/rqt_action:/home/sebas/ros2_humble/install/rqt_msg:/home/sebas/ros2_humble/install/rqt_console:/home/sebas/ros2_humble/install/rqt:/home/sebas/ros2_humble/install/rqt_graph:/home/sebas/ros2_humble/install/rqt_gui_py:/home/sebas/ros2_humble/install/rqt_gui:/home/sebas/ros2_humble/install/ros2trace:/home/sebas/ros2_humble/install/ros2topic:/home/sebas/ros2_humble/install/ros2test:/home/sebas/ros2_humble/install/ros2component:/home/sebas/ros2_humble/install/ros2param:/home/sebas/ros2_humble/install/ros2lifecycle:/home/sebas/ros2_humble/install/ros2service:/home/sebas/ros2_humble/install/ros2run:/home/sebas/ros2_humble/install/ros2launch:/home/sebas/ros2_humble/install/ros2pkg:/home/sebas/ros2_humble/install/ros2node:/home/sebas/ros2_humble/install/ros2multicast:/home/sebas/ros2_humble/install/ros2interface:/home/sebas/ros2_humble/install/ros2doctor:/home/sebas/ros2_humble/install/ros2action:/home/sebas/ros2_humble/install/ros2cli:/home/sebas/ros2_humble/install/quality_of_service_demo_py:/home/sebas/ros2_humble/install/lifecycle_py:/home/sebas/ros2_humble/install/launch_testing_ros:/home/sebas/ros2_humble/install/launch_ros:/home/sebas/ros2_humble/install/examples_rclpy_pointcloud_publisher:/home/sebas/ros2_humble/install/examples_rclpy_minimal_subscriber:/home/sebas/ros2_humble/install/examples_rclpy_minimal_service:/home/sebas/ros2_humble/install/examples_rclpy_minimal_publisher:/home/sebas/ros2_humble/install/examples_rclpy_minimal_client:/home/sebas/ros2_humble/install/examples_rclpy_minimal_action_server:/home/sebas/ros2_humble/install/examples_rclpy_minimal_action_client:/home/sebas/ros2_humble/install/examples_rclpy_guard_conditions:/home/sebas/ros2_humble/install/examples_rclpy_executors:/home/sebas/ros2_humble/install/demo_nodes_py:/home/sebas/ros2_humble/install/action_tutorials_py:/home/sebas/ros2_humble/install/ament_uncrustify:/home/sebas/ros2_humble/install/tracetools_trace:/home/sebas/ros2_humble/install/tracetools_read:/home/sebas/ros2_humble/install/test_tracetools_launch:/home/sebas/ros2_humble/install/test_launch_ros:/home/sebas/ros2_humble/install/sensor_msgs_py:/home/sebas/ros2_humble/install/rpyutils:/home/sebas/ros2_humble/install/rosidl_runtime_py:/home/sebas/ros2_humble/install/rosidl_cli:/home/sebas/ros2_humble/install/launch_pytest:/home/sebas/ros2_humble/install/launch_testing:/home/sebas/ros2_humble/install/launch_yaml:/home/sebas/ros2_humble/install/launch_xml:/home/sebas/ros2_humble/install/launch:/home/sebas/ros2_humble/install/osrf_pycommon:/home/sebas/ros2_humble/install/domain_coordinator:/home/sebas/ros2_humble/install/ament_xmllint:/home/sebas/ros2_humble/install/ament_pyflakes:/home/sebas/ros2_humble/install/ament_pycodestyle:/home/sebas/ros2_humble/install/ament_pep257:/home/sebas/ros2_humble/install/ament_pclint:/home/sebas/ros2_humble/install/ament_package:/home/sebas/ros2_humble/install/ament_mypy:/home/sebas/ros2_humble/install/ament_lint_cmake:/home/sebas/ros2_humble/install/ament_flake8:/home/sebas/ros2_humble/install/ament_copyright:/home/sebas/ros2_humble/install/ament_lint:/home/sebas/ros2_humble/install/ament_index_python:/home/sebas/ros2_humble/install/ament_cpplint:/home/sebas/ros2_humble/install/ament_cppcheck:/home/sebas/ros2_humble/install/ament_clang_tidy:/home/sebas/ros2_humble/install/ament_clang_format /usr/bin/cmake --install /home/sebas/workspace/ros_ur_driver/build/ur_description
[1.384s] -- Install configuration: ""
[1.385s] -- Up-to-date: /home/sebas/workspace/ros_ur_driver/install/ur_description/share/ur_description/config
[1.387s] -- Up-to-date: /home/sebas/workspace/ros_ur_driver/install/ur_description/share/ur_description/config/ur3e
[1.389s] -- Up-to-date: /home/sebas/workspace/ros_ur_driver/install/ur_description/share/ur_description/config/ur3e/visual_parameters.yaml
[1.389s] -- Up-to-date: /home/sebas/workspace/ros_ur_driver/install/ur_description/share/ur_description/config/ur3e/joint_limits.yaml
[1.390s] -- Up-to-date: /home/sebas/workspace/ros_ur_driver/install/ur_description/share/ur_description/config/ur3e/default_kinematics.yaml
[1.390s] -- Up-to-date: /home/sebas/workspace/ros_ur_driver/install/ur_description/share/ur_description/config/ur3e/physical_parameters.yaml
[1.390s] -- Up-to-date: /home/sebas/workspace/ros_ur_driver/install/ur_description/share/ur_description/config/ur20
[1.390s] -- Up-to-date: /home/sebas/workspace/ros_ur_driver/install/ur_description/share/ur_description/config/ur20/visual_parameters.yaml
[1.390s] -- Up-to-date: /home/sebas/workspace/ros_ur_driver/install/ur_description/share/ur_description/config/ur20/joint_limits.yaml
[1.390s] -- Up-to-date: /home/sebas/workspace/ros_ur_driver/install/ur_description/share/ur_description/config/ur20/default_kinematics.yaml
[1.390s] -- Up-to-date: /home/sebas/workspace/ros_ur_driver/install/ur_description/share/ur_description/config/ur20/physical_parameters.yaml
[1.391s] -- Up-to-date: /home/sebas/workspace/ros_ur_driver/install/ur_description/share/ur_description/config/ur10e
[1.391s] -- Up-to-date: /home/sebas/workspace/ros_ur_driver/install/ur_description/share/ur_description/config/ur10e/visual_parameters.yaml
[1.391s] -- Up-to-date: /home/sebas/workspace/ros_ur_driver/install/ur_description/share/ur_description/config/ur10e/joint_limits.yaml
[1.391s] -- Up-to-date: /home/sebas/workspace/ros_ur_driver/install/ur_description/share/ur_description/config/ur10e/default_kinematics.yaml
[1.391s] -- Up-to-date: /home/sebas/workspace/ros_ur_driver/install/ur_description/share/ur_description/config/ur10e/physical_parameters.yaml
[1.391s] -- Up-to-date: /home/sebas/workspace/ros_ur_driver/install/ur_description/share/ur_description/config/ur30
[1.391s] -- Up-to-date: /home/sebas/workspace/ros_ur_driver/install/ur_description/share/ur_description/config/ur30/visual_parameters.yaml
[1.391s] -- Up-to-date: /home/sebas/workspace/ros_ur_driver/install/ur_description/share/ur_description/config/ur30/joint_limits.yaml
[1.391s] -- Up-to-date: /home/sebas/workspace/ros_ur_driver/install/ur_description/share/ur_description/config/ur30/default_kinematics.yaml
[1.391s] -- Up-to-date: /home/sebas/workspace/ros_ur_driver/install/ur_description/share/ur_description/config/ur30/physical_parameters.yaml
[1.391s] -- Up-to-date: /home/sebas/workspace/ros_ur_driver/install/ur_description/share/ur_description/config/initial_positions.yaml
[1.391s] -- Up-to-date: /home/sebas/workspace/ros_ur_driver/install/ur_description/share/ur_description/config/ur10
[1.391s] -- Up-to-date: /home/sebas/workspace/ros_ur_driver/install/ur_description/share/ur_description/config/ur10/visual_parameters.yaml
[1.392s] -- Up-to-date: /home/sebas/workspace/ros_ur_driver/install/ur_description/share/ur_description/config/ur10/joint_limits.yaml
[1.392s] -- Up-to-date: /home/sebas/workspace/ros_ur_driver/install/ur_description/share/ur_description/config/ur10/default_kinematics.yaml
[1.392s] -- Up-to-date: /home/sebas/workspace/ros_ur_driver/install/ur_description/share/ur_description/config/ur10/physical_parameters.yaml
[1.392s] -- Up-to-date: /home/sebas/workspace/ros_ur_driver/install/ur_description/share/ur_description/config/ur16e
[1.392s] -- Up-to-date: /home/sebas/workspace/ros_ur_driver/install/ur_description/share/ur_description/config/ur16e/visual_parameters.yaml
[1.392s] -- Up-to-date: /home/sebas/workspace/ros_ur_driver/install/ur_description/share/ur_description/config/ur16e/joint_limits.yaml
[1.392s] -- Up-to-date: /home/sebas/workspace/ros_ur_driver/install/ur_description/share/ur_description/config/ur16e/default_kinematics.yaml
[1.392s] -- Up-to-date: /home/sebas/workspace/ros_ur_driver/install/ur_description/share/ur_description/config/ur16e/physical_parameters.yaml
[1.392s] -- Up-to-date: /home/sebas/workspace/ros_ur_driver/install/ur_description/share/ur_description/config/ur5e
[1.392s] -- Up-to-date: /home/sebas/workspace/ros_ur_driver/install/ur_description/share/ur_description/config/ur5e/visual_parameters.yaml
[1.392s] -- Up-to-date: /home/sebas/workspace/ros_ur_driver/install/ur_description/share/ur_description/config/ur5e/joint_limits.yaml
[1.392s] -- Up-to-date: /home/sebas/workspace/ros_ur_driver/install/ur_description/share/ur_description/config/ur5e/default_kinematics.yaml
[1.392s] -- Up-to-date: /home/sebas/workspace/ros_ur_driver/install/ur_description/share/ur_description/config/ur5e/physical_parameters.yaml
[1.393s] -- Up-to-date: /home/sebas/workspace/ros_ur_driver/install/ur_description/share/ur_description/config/ur3
[1.393s] -- Up-to-date: /home/sebas/workspace/ros_ur_driver/install/ur_description/share/ur_description/config/ur3/visual_parameters.yaml
[1.393s] -- Up-to-date: /home/sebas/workspace/ros_ur_driver/install/ur_description/share/ur_description/config/ur3/joint_limits.yaml
[1.393s] -- Up-to-date: /home/sebas/workspace/ros_ur_driver/install/ur_description/share/ur_description/config/ur3/default_kinematics.yaml
[1.397s] -- Up-to-date: /home/sebas/workspace/ros_ur_driver/install/ur_description/share/ur_description/config/ur3/physical_parameters.yaml
[1.397s] -- Up-to-date: /home/sebas/workspace/ros_ur_driver/install/ur_description/share/ur_description/config/ur5
[1.397s] -- Up-to-date: /home/sebas/workspace/ros_ur_driver/install/ur_description/share/ur_description/config/ur5/visual_parameters.yaml
[1.397s] -- Up-to-date: /home/sebas/workspace/ros_ur_driver/install/ur_description/share/ur_description/config/ur5/joint_limits.yaml
[1.397s] -- Up-to-date: /home/sebas/workspace/ros_ur_driver/install/ur_description/share/ur_description/config/ur5/default_kinematics.yaml
[1.398s] -- Up-to-date: /home/sebas/workspace/ros_ur_driver/install/ur_description/share/ur_description/config/ur5/physical_parameters.yaml
[1.398s] -- Up-to-date: /home/sebas/workspace/ros_ur_driver/install/ur_description/share/ur_description/launch
[1.398s] -- Up-to-date: /home/sebas/workspace/ros_ur_driver/install/ur_description/share/ur_description/launch/view_ur.launch.py
[1.398s] -- Up-to-date: /home/sebas/workspace/ros_ur_driver/install/ur_description/share/ur_description/meshes
[1.398s] -- Up-to-date: /home/sebas/workspace/ros_ur_driver/install/ur_description/share/ur_description/meshes/ur3e
[1.398s] -- Up-to-date: /home/sebas/workspace/ros_ur_driver/install/ur_description/share/ur_description/meshes/ur3e/visual
[1.398s] -- Up-to-date: /home/sebas/workspace/ros_ur_driver/install/ur_description/share/ur_description/meshes/ur3e/visual/base.dae
[1.398s] -- Up-to-date: /home/sebas/workspace/ros_ur_driver/install/ur_description/share/ur_description/meshes/ur3e/visual/shoulder.dae
[1.398s] -- Up-to-date: /home/sebas/workspace/ros_ur_driver/install/ur_description/share/ur_description/meshes/ur3e/visual/wrist3.dae
[1.398s] -- Up-to-date: /home/sebas/workspace/ros_ur_driver/install/ur_description/share/ur_description/meshes/ur3e/visual/forearm.dae
[1.398s] -- Up-to-date: /home/sebas/workspace/ros_ur_driver/install/ur_description/share/ur_description/meshes/ur3e/visual/upperarm.dae
[1.398s] -- Up-to-date: /home/sebas/workspace/ros_ur_driver/install/ur_description/share/ur_description/meshes/ur3e/visual/wrist2.dae
[1.398s] -- Up-to-date: /home/sebas/workspace/ros_ur_driver/install/ur_description/share/ur_description/meshes/ur3e/visual/wrist1.dae
[1.398s] -- Up-to-date: /home/sebas/workspace/ros_ur_driver/install/ur_description/share/ur_description/meshes/ur3e/collision
[1.399s] -- Up-to-date: /home/sebas/workspace/ros_ur_driver/install/ur_description/share/ur_description/meshes/ur3e/collision/wrist3.stl
[1.399s] -- Up-to-date: /home/sebas/workspace/ros_ur_driver/install/ur_description/share/ur_description/meshes/ur3e/collision/wrist1.stl
[1.399s] -- Up-to-date: /home/sebas/workspace/ros_ur_driver/install/ur_description/share/ur_description/meshes/ur3e/collision/base.stl
[1.399s] -- Up-to-date: /home/sebas/workspace/ros_ur_driver/install/ur_description/share/ur_description/meshes/ur3e/collision/shoulder.stl
[1.399s] -- Up-to-date: /home/sebas/workspace/ros_ur_driver/install/ur_description/share/ur_description/meshes/ur3e/collision/wrist2.stl
[1.399s] -- Up-to-date: /home/sebas/workspace/ros_ur_driver/install/ur_description/share/ur_description/meshes/ur3e/collision/forearm.stl
[1.399s] -- Up-to-date: /home/sebas/workspace/ros_ur_driver/install/ur_description/share/ur_description/meshes/ur3e/collision/upperarm.stl
[1.399s] -- Up-to-date: /home/sebas/workspace/ros_ur_driver/install/ur_description/share/ur_description/meshes/ur20
[1.399s] -- Up-to-date: /home/sebas/workspace/ros_ur_driver/install/ur_description/share/ur_description/meshes/ur20/visual
[1.399s] -- Up-to-date: /home/sebas/workspace/ros_ur_driver/install/ur_description/share/ur_description/meshes/ur20/visual/base.dae
[1.399s] -- Up-to-date: /home/sebas/workspace/ros_ur_driver/install/ur_description/share/ur_description/meshes/ur20/visual/shoulder.dae
[1.402s] -- Up-to-date: /home/sebas/workspace/ros_ur_driver/install/ur_description/share/ur_description/meshes/ur20/visual/wrist3.dae
[1.402s] -- Up-to-date: /home/sebas/workspace/ros_ur_driver/install/ur_description/share/ur_description/meshes/ur20/visual/forearm.dae
[1.402s] -- Up-to-date: /home/sebas/workspace/ros_ur_driver/install/ur_description/share/ur_description/meshes/ur20/visual/UR20_DIFF_8bit_2K.png
[1.402s] -- Up-to-date: /home/sebas/workspace/ros_ur_driver/install/ur_description/share/ur_description/meshes/ur20/visual/upperarm.dae
[1.402s] -- Up-to-date: /home/sebas/workspace/ros_ur_driver/install/ur_description/share/ur_description/meshes/ur20/visual/wrist2.dae
[1.402s] -- Up-to-date: /home/sebas/workspace/ros_ur_driver/install/ur_description/share/ur_description/meshes/ur20/visual/wrist1.dae
[1.404s] -- Up-to-date: /home/sebas/workspace/ros_ur_driver/install/ur_description/share/ur_description/meshes/ur20/LICENSE.txt
[1.404s] -- Up-to-date: /home/sebas/workspace/ros_ur_driver/install/ur_description/share/ur_description/meshes/ur20/collision
[1.404s] -- Up-to-date: /home/sebas/workspace/ros_ur_driver/install/ur_description/share/ur_description/meshes/ur20/collision/wrist3.stl
[1.404s] -- Up-to-date: /home/sebas/workspace/ros_ur_driver/install/ur_description/share/ur_description/meshes/ur20/collision/wrist1.stl
[1.404s] -- Up-to-date: /home/sebas/workspace/ros_ur_driver/install/ur_description/share/ur_description/meshes/ur20/collision/base.stl
[1.404s] -- Up-to-date: /home/sebas/workspace/ros_ur_driver/install/ur_description/share/ur_description/meshes/ur20/collision/shoulder.stl
[1.404s] -- Up-to-date: /home/sebas/workspace/ros_ur_driver/install/ur_description/share/ur_description/meshes/ur20/collision/wrist2.stl
[1.404s] -- Up-to-date: /home/sebas/workspace/ros_ur_driver/install/ur_description/share/ur_description/meshes/ur20/collision/forearm.stl
[1.404s] -- Up-to-date: /home/sebas/workspace/ros_ur_driver/install/ur_description/share/ur_description/meshes/ur20/collision/upperarm.stl
[1.405s] -- Up-to-date: /home/sebas/workspace/ros_ur_driver/install/ur_description/share/ur_description/meshes/ur10e
[1.406s] -- Up-to-date: /home/sebas/workspace/ros_ur_driver/install/ur_description/share/ur_description/meshes/ur10e/visual
[1.406s] -- Up-to-date: /home/sebas/workspace/ros_ur_driver/install/ur_description/share/ur_description/meshes/ur10e/visual/base.dae
[1.406s] -- Up-to-date: /home/sebas/workspace/ros_ur_driver/install/ur_description/share/ur_description/meshes/ur10e/visual/shoulder.dae
[1.406s] -- Up-to-date: /home/sebas/workspace/ros_ur_driver/install/ur_description/share/ur_description/meshes/ur10e/visual/wrist3.dae
[1.406s] -- Up-to-date: /home/sebas/workspace/ros_ur_driver/install/ur_description/share/ur_description/meshes/ur10e/visual/forearm.dae
[1.406s] -- Up-to-date: /home/sebas/workspace/ros_ur_driver/install/ur_description/share/ur_description/meshes/ur10e/visual/upperarm.dae
[1.406s] -- Up-to-date: /home/sebas/workspace/ros_ur_driver/install/ur_description/share/ur_description/meshes/ur10e/visual/wrist2.dae
[1.407s] -- Up-to-date: /home/sebas/workspace/ros_ur_driver/install/ur_description/share/ur_description/meshes/ur10e/visual/wrist1.dae
[1.408s] -- Up-to-date: /home/sebas/workspace/ros_ur_driver/install/ur_description/share/ur_description/meshes/ur10e/collision
[1.408s] -- Up-to-date: /home/sebas/workspace/ros_ur_driver/install/ur_description/share/ur_description/meshes/ur10e/collision/wrist3.stl
[1.408s] -- Up-to-date: /home/sebas/workspace/ros_ur_driver/install/ur_description/share/ur_description/meshes/ur10e/collision/wrist1.stl
[1.408s] -- Up-to-date: /home/sebas/workspace/ros_ur_driver/install/ur_description/share/ur_description/meshes/ur10e/collision/base.stl
[1.408s] -- Up-to-date: /home/sebas/workspace/ros_ur_driver/install/ur_description/share/ur_description/meshes/ur10e/collision/shoulder.stl
[1.408s] -- Up-to-date: /home/sebas/workspace/ros_ur_driver/install/ur_description/share/ur_description/meshes/ur10e/collision/wrist2.stl
[1.408s] -- Up-to-date: /home/sebas/workspace/ros_ur_driver/install/ur_description/share/ur_description/meshes/ur10e/collision/forearm.stl
[1.408s] -- Up-to-date: /home/sebas/workspace/ros_ur_driver/install/ur_description/share/ur_description/meshes/ur10e/collision/upperarm.stl
[1.408s] -- Up-to-date: /home/sebas/workspace/ros_ur_driver/install/ur_description/share/ur_description/meshes/ur30
[1.408s] -- Up-to-date: /home/sebas/workspace/ros_ur_driver/install/ur_description/share/ur_description/meshes/ur30/visual
[1.408s] -- Up-to-date: /home/sebas/workspace/ros_ur_driver/install/ur_description/share/ur_description/meshes/ur30/visual/forearm.dae
[1.409s] -- Up-to-date: /home/sebas/workspace/ros_ur_driver/install/ur_description/share/ur_description/meshes/ur30/visual/upperarm.dae
[1.409s] -- Up-to-date: /home/sebas/workspace/ros_ur_driver/install/ur_description/share/ur_description/meshes/ur30/visual/UR30_DIFF_8bit_2K.png
[1.409s] -- Up-to-date: /home/sebas/workspace/ros_ur_driver/install/ur_description/share/ur_description/meshes/ur30/LICENSE.txt
[1.409s] -- Up-to-date: /home/sebas/workspace/ros_ur_driver/install/ur_description/share/ur_description/meshes/ur30/collision
[1.410s] -- Up-to-date: /home/sebas/workspace/ros_ur_driver/install/ur_description/share/ur_description/meshes/ur30/collision/forearm.stl
[1.411s] -- Up-to-date: /home/sebas/workspace/ros_ur_driver/install/ur_description/share/ur_description/meshes/ur30/collision/upperarm.stl
[1.411s] -- Up-to-date: /home/sebas/workspace/ros_ur_driver/install/ur_description/share/ur_description/meshes/ur10
[1.412s] -- Up-to-date: /home/sebas/workspace/ros_ur_driver/install/ur_description/share/ur_description/meshes/ur10/visual
[1.412s] -- Up-to-date: /home/sebas/workspace/ros_ur_driver/install/ur_description/share/ur_description/meshes/ur10/visual/base.dae
[1.412s] -- Up-to-date: /home/sebas/workspace/ros_ur_driver/install/ur_description/share/ur_description/meshes/ur10/visual/shoulder.dae
[1.412s] -- Up-to-date: /home/sebas/workspace/ros_ur_driver/install/ur_description/share/ur_description/meshes/ur10/visual/wrist3.dae
[1.414s] -- Up-to-date: /home/sebas/workspace/ros_ur_driver/install/ur_description/share/ur_description/meshes/ur10/visual/forearm.dae
[1.414s] -- Up-to-date: /home/sebas/workspace/ros_ur_driver/install/ur_description/share/ur_description/meshes/ur10/visual/upperarm.dae
[1.414s] -- Up-to-date: /home/sebas/workspace/ros_ur_driver/install/ur_description/share/ur_description/meshes/ur10/visual/wrist2.dae
[1.415s] -- Up-to-date: /home/sebas/workspace/ros_ur_driver/install/ur_description/share/ur_description/meshes/ur10/visual/wrist1.dae
[1.416s] -- Up-to-date: /home/sebas/workspace/ros_ur_driver/install/ur_description/share/ur_description/meshes/ur10/collision
[1.416s] -- Up-to-date: /home/sebas/workspace/ros_ur_driver/install/ur_description/share/ur_description/meshes/ur10/collision/wrist3.stl
[1.416s] -- Up-to-date: /home/sebas/workspace/ros_ur_driver/install/ur_description/share/ur_description/meshes/ur10/collision/wrist1.stl
[1.416s] -- Up-to-date: /home/sebas/workspace/ros_ur_driver/install/ur_description/share/ur_description/meshes/ur10/collision/base.stl
[1.416s] -- Up-to-date: /home/sebas/workspace/ros_ur_driver/install/ur_description/share/ur_description/meshes/ur10/collision/shoulder.stl
[1.416s] -- Up-to-date: /home/sebas/workspace/ros_ur_driver/install/ur_description/share/ur_description/meshes/ur10/collision/wrist2.stl
[1.416s] -- Up-to-date: /home/sebas/workspace/ros_ur_driver/install/ur_description/share/ur_description/meshes/ur10/collision/forearm.stl
[1.417s] -- Up-to-date: /home/sebas/workspace/ros_ur_driver/install/ur_description/share/ur_description/meshes/ur10/collision/upperarm.stl
[1.417s] -- Up-to-date: /home/sebas/workspace/ros_ur_driver/install/ur_description/share/ur_description/meshes/ur16e
[1.417s] -- Up-to-date: /home/sebas/workspace/ros_ur_driver/install/ur_description/share/ur_description/meshes/ur16e/visual
[1.418s] -- Up-to-date: /home/sebas/workspace/ros_ur_driver/install/ur_description/share/ur_description/meshes/ur16e/visual/forearm.dae
[1.418s] -- Up-to-date: /home/sebas/workspace/ros_ur_driver/install/ur_description/share/ur_description/meshes/ur16e/visual/upperarm.dae
[1.418s] -- Up-to-date: /home/sebas/workspace/ros_ur_driver/install/ur_description/share/ur_description/meshes/ur16e/collision
[1.418s] -- Up-to-date: /home/sebas/workspace/ros_ur_driver/install/ur_description/share/ur_description/meshes/ur16e/collision/forearm.stl
[1.418s] -- Up-to-date: /home/sebas/workspace/ros_ur_driver/install/ur_description/share/ur_description/meshes/ur16e/collision/upperarm.stl
[1.419s] -- Up-to-date: /home/sebas/workspace/ros_ur_driver/install/ur_description/share/ur_description/meshes/ur5e
[1.419s] -- Up-to-date: /home/sebas/workspace/ros_ur_driver/install/ur_description/share/ur_description/meshes/ur5e/visual
[1.419s] -- Up-to-date: /home/sebas/workspace/ros_ur_driver/install/ur_description/share/ur_description/meshes/ur5e/visual/base.dae
[1.419s] -- Up-to-date: /home/sebas/workspace/ros_ur_driver/install/ur_description/share/ur_description/meshes/ur5e/visual/shoulder.dae
[1.419s] -- Up-to-date: /home/sebas/workspace/ros_ur_driver/install/ur_description/share/ur_description/meshes/ur5e/visual/wrist3.dae
[1.422s] -- Up-to-date: /home/sebas/workspace/ros_ur_driver/install/ur_description/share/ur_description/meshes/ur5e/visual/forearm.dae
[1.422s] -- Up-to-date: /home/sebas/workspace/ros_ur_driver/install/ur_description/share/ur_description/meshes/ur5e/visual/upperarm.dae
[1.422s] -- Up-to-date: /home/sebas/workspace/ros_ur_driver/install/ur_description/share/ur_description/meshes/ur5e/visual/wrist2.dae
[1.422s] -- Up-to-date: /home/sebas/workspace/ros_ur_driver/install/ur_description/share/ur_description/meshes/ur5e/visual/wrist1.dae
[1.422s] -- Up-to-date: /home/sebas/workspace/ros_ur_driver/install/ur_description/share/ur_description/meshes/ur5e/collision
[1.422s] -- Up-to-date: /home/sebas/workspace/ros_ur_driver/install/ur_description/share/ur_description/meshes/ur5e/collision/wrist3.stl
[1.422s] -- Up-to-date: /home/sebas/workspace/ros_ur_driver/install/ur_description/share/ur_description/meshes/ur5e/collision/wrist1.stl
[1.422s] -- Up-to-date: /home/sebas/workspace/ros_ur_driver/install/ur_description/share/ur_description/meshes/ur5e/collision/base.stl
[1.423s] -- Up-to-date: /home/sebas/workspace/ros_ur_driver/install/ur_description/share/ur_description/meshes/ur5e/collision/shoulder.stl
[1.426s] -- Up-to-date: /home/sebas/workspace/ros_ur_driver/install/ur_description/share/ur_description/meshes/ur5e/collision/wrist2.stl
[1.426s] -- Up-to-date: /home/sebas/workspace/ros_ur_driver/install/ur_description/share/ur_description/meshes/ur5e/collision/forearm.stl
[1.426s] -- Up-to-date: /home/sebas/workspace/ros_ur_driver/install/ur_description/share/ur_description/meshes/ur5e/collision/upperarm.stl
[1.426s] -- Up-to-date: /home/sebas/workspace/ros_ur_driver/install/ur_description/share/ur_description/meshes/ur3
[1.426s] -- Up-to-date: /home/sebas/workspace/ros_ur_driver/install/ur_description/share/ur_description/meshes/ur3/visual
[1.426s] -- Up-to-date: /home/sebas/workspace/ros_ur_driver/install/ur_description/share/ur_description/meshes/ur3/visual/base.dae
[1.426s] -- Up-to-date: /home/sebas/workspace/ros_ur_driver/install/ur_description/share/ur_description/meshes/ur3/visual/shoulder.dae
[1.427s] -- Up-to-date: /home/sebas/workspace/ros_ur_driver/install/ur_description/share/ur_description/meshes/ur3/visual/wrist3.dae
[1.427s] -- Up-to-date: /home/sebas/workspace/ros_ur_driver/install/ur_description/share/ur_description/meshes/ur3/visual/forearm.dae
[1.427s] -- Up-to-date: /home/sebas/workspace/ros_ur_driver/install/ur_description/share/ur_description/meshes/ur3/visual/upperarm.dae
[1.427s] -- Up-to-date: /home/sebas/workspace/ros_ur_driver/install/ur_description/share/ur_description/meshes/ur3/visual/wrist2.dae
[1.427s] -- Up-to-date: /home/sebas/workspace/ros_ur_driver/install/ur_description/share/ur_description/meshes/ur3/visual/wrist1.dae
[1.427s] -- Up-to-date: /home/sebas/workspace/ros_ur_driver/install/ur_description/share/ur_description/meshes/ur3/collision
[1.427s] -- Up-to-date: /home/sebas/workspace/ros_ur_driver/install/ur_description/share/ur_description/meshes/ur3/collision/wrist3.stl
[1.429s] -- Up-to-date: /home/sebas/workspace/ros_ur_driver/install/ur_description/share/ur_description/meshes/ur3/collision/wrist1.stl
[1.429s] -- Up-to-date: /home/sebas/workspace/ros_ur_driver/install/ur_description/share/ur_description/meshes/ur3/collision/base.stl
[1.429s] -- Up-to-date: /home/sebas/workspace/ros_ur_driver/install/ur_description/share/ur_description/meshes/ur3/collision/shoulder.stl
[1.429s] -- Up-to-date: /home/sebas/workspace/ros_ur_driver/install/ur_description/share/ur_description/meshes/ur3/collision/wrist2.stl
[1.429s] -- Up-to-date: /home/sebas/workspace/ros_ur_driver/install/ur_description/share/ur_description/meshes/ur3/collision/forearm.stl
[1.429s] -- Up-to-date: /home/sebas/workspace/ros_ur_driver/install/ur_description/share/ur_description/meshes/ur3/collision/upperarm.stl
[1.429s] -- Up-to-date: /home/sebas/workspace/ros_ur_driver/install/ur_description/share/ur_description/meshes/ur5
[1.429s] -- Up-to-date: /home/sebas/workspace/ros_ur_driver/install/ur_description/share/ur_description/meshes/ur5/visual
[1.429s] -- Up-to-date: /home/sebas/workspace/ros_ur_driver/install/ur_description/share/ur_description/meshes/ur5/visual/base.dae
[1.430s] -- Up-to-date: /home/sebas/workspace/ros_ur_driver/install/ur_description/share/ur_description/meshes/ur5/visual/shoulder.dae
[1.430s] -- Up-to-date: /home/sebas/workspace/ros_ur_driver/install/ur_description/share/ur_description/meshes/ur5/visual/wrist3.dae
[1.430s] -- Up-to-date: /home/sebas/workspace/ros_ur_driver/install/ur_description/share/ur_description/meshes/ur5/visual/forearm.dae
[1.430s] -- Up-to-date: /home/sebas/workspace/ros_ur_driver/install/ur_description/share/ur_description/meshes/ur5/visual/upperarm.dae
[1.430s] -- Up-to-date: /home/sebas/workspace/ros_ur_driver/install/ur_description/share/ur_description/meshes/ur5/visual/wrist2.dae
[1.438s] -- Up-to-date: /home/sebas/workspace/ros_ur_driver/install/ur_description/share/ur_description/meshes/ur5/visual/wrist1.dae
[1.438s] -- Up-to-date: /home/sebas/workspace/ros_ur_driver/install/ur_description/share/ur_description/meshes/ur5/collision
[1.439s] -- Up-to-date: /home/sebas/workspace/ros_ur_driver/install/ur_description/share/ur_description/meshes/ur5/collision/wrist3.stl
[1.439s] -- Up-to-date: /home/sebas/workspace/ros_ur_driver/install/ur_description/share/ur_description/meshes/ur5/collision/wrist1.stl
[1.439s] -- Up-to-date: /home/sebas/workspace/ros_ur_driver/install/ur_description/share/ur_description/meshes/ur5/collision/base.stl
[1.440s] -- Up-to-date: /home/sebas/workspace/ros_ur_driver/install/ur_description/share/ur_description/meshes/ur5/collision/shoulder.stl
[1.440s] -- Up-to-date: /home/sebas/workspace/ros_ur_driver/install/ur_description/share/ur_description/meshes/ur5/collision/wrist2.stl
[1.440s] -- Up-to-date: /home/sebas/workspace/ros_ur_driver/install/ur_description/share/ur_description/meshes/ur5/collision/forearm.stl
[1.440s] -- Up-to-date: /home/sebas/workspace/ros_ur_driver/install/ur_description/share/ur_description/meshes/ur5/collision/upperarm.stl
[1.440s] -- Up-to-date: /home/sebas/workspace/ros_ur_driver/install/ur_description/share/ur_description/rviz
[1.440s] -- Up-to-date: /home/sebas/workspace/ros_ur_driver/install/ur_description/share/ur_description/rviz/view_robot.rviz
[1.440s] -- Up-to-date: /home/sebas/workspace/ros_ur_driver/install/ur_description/share/ur_description/urdf
[1.440s] -- Up-to-date: /home/sebas/workspace/ros_ur_driver/install/ur_description/share/ur_description/urdf/ur_macro.xacro
[1.440s] -- Up-to-date: /home/sebas/workspace/ros_ur_driver/install/ur_description/share/ur_description/urdf/ur.ros2_control.xacro
[1.440s] -- Up-to-date: /home/sebas/workspace/ros_ur_driver/install/ur_description/share/ur_description/urdf/ur.urdf.xacro
[1.441s] -- Up-to-date: /home/sebas/workspace/ros_ur_driver/install/ur_description/share/ur_description/urdf/inc
[1.441s] -- Up-to-date: /home/sebas/workspace/ros_ur_driver/install/ur_description/share/ur_description/urdf/inc/ur_common.xacro
[1.441s] -- Up-to-date: /home/sebas/workspace/ros_ur_driver/install/ur_description/share/ur_description/urdf/inc/ur_transmissions.xacro
[1.441s] -- Up-to-date: /home/sebas/workspace/ros_ur_driver/install/ur_description/share/ur_description/test
[1.441s] -- Up-to-date: /home/sebas/workspace/ros_ur_driver/install/ur_description/share/ur_description/test/test_view_ur_launch.py
[1.441s] -- Up-to-date: /home/sebas/workspace/ros_ur_driver/install/ur_description/share/ur_description/test/test_ur_urdf_xacro.py
[1.441s] -- Up-to-date: /home/sebas/workspace/ros_ur_driver/install/ur_description/share/ament_index/resource_index/package_run_dependencies/ur_description
[1.441s] -- Up-to-date: /home/sebas/workspace/ros_ur_driver/install/ur_description/share/ament_index/resource_index/parent_prefix_path/ur_description
[1.441s] -- Up-to-date: /home/sebas/workspace/ros_ur_driver/install/ur_description/share/ur_description/environment/ament_prefix_path.sh
[1.441s] -- Up-to-date: /home/sebas/workspace/ros_ur_driver/install/ur_description/share/ur_description/environment/ament_prefix_path.dsv
[1.441s] -- Up-to-date: /home/sebas/workspace/ros_ur_driver/install/ur_description/share/ur_description/environment/path.sh
[1.441s] -- Up-to-date: /home/sebas/workspace/ros_ur_driver/install/ur_description/share/ur_description/environment/path.dsv
[1.441s] -- Up-to-date: /home/sebas/workspace/ros_ur_driver/install/ur_description/share/ur_description/local_setup.bash
[1.441s] -- Up-to-date: /home/sebas/workspace/ros_ur_driver/install/ur_description/share/ur_description/local_setup.sh
[1.442s] -- Up-to-date: /home/sebas/workspace/ros_ur_driver/install/ur_description/share/ur_description/local_setup.zsh
[1.442s] -- Up-to-date: /home/sebas/workspace/ros_ur_driver/install/ur_description/share/ur_description/local_setup.dsv
[1.442s] -- Installing: /home/sebas/workspace/ros_ur_driver/install/ur_description/share/ur_description/package.dsv
[1.442s] -- Up-to-date: /home/sebas/workspace/ros_ur_driver/install/ur_description/share/ament_index/resource_index/packages/ur_description
[1.442s] -- Up-to-date: /home/sebas/workspace/ros_ur_driver/install/ur_description/share/ur_description/cmake/ur_descriptionConfig.cmake
[1.442s] -- Up-to-date: /home/sebas/workspace/ros_ur_driver/install/ur_description/share/ur_description/cmake/ur_descriptionConfig-version.cmake
[1.442s] -- Up-to-date: /home/sebas/workspace/ros_ur_driver/install/ur_description/share/ur_description/package.xml
[1.453s] Invoked command in '/home/sebas/workspace/ros_ur_driver/build/ur_description' returned '0': CMAKE_PREFIX_PATH=${CMAKE_PREFIX_PATH}:/home/sebas/workspace/ros_ur_driver/install/rqt_joint_trajectory_controller:/home/sebas/workspace/ros_ur_driver/install/ros2_controllers_test_nodes:/opt/ros/humble:/home/sebas/ros2_humble/install/rqt_bag_plugins:/home/sebas/ros2_humble/install/rqt_bag:/home/sebas/ros2_humble/install/launch_testing_examples:/home/sebas/ros2_humble/install/ros2bag:/home/sebas/ros2_humble/install/tracetools_test:/home/sebas/ros2_humble/install/tracetools_launch:/home/sebas/ros2_humble/install/topic_monitor:/home/sebas/ros2_humble/install/tf2_tools:/home/sebas/ros2_humble/install/examples_tf2_py:/home/sebas/ros2_humble/install/tf2_ros_py:/home/sebas/ros2_humble/install/sros2:/home/sebas/ros2_humble/install/rqt_topic:/home/sebas/ros2_humble/install/rqt_srv:/home/sebas/ros2_humble/install/rqt_shell:/home/sebas/ros2_humble/install/rqt_service_caller:/home/sebas/ros2_humble/install/rqt_reconfigure:/home/sebas/ros2_humble/install/rqt_py_console:/home/sebas/ros2_humble/install/rqt_publisher:/home/sebas/ros2_humble/install/rqt_plot:/home/sebas/ros2_humble/install/rqt_action:/home/sebas/ros2_humble/install/rqt_msg:/home/sebas/ros2_humble/install/rqt_console:/home/sebas/ros2_humble/install/rqt:/home/sebas/ros2_humble/install/rqt_graph:/home/sebas/ros2_humble/install/rqt_gui_py:/home/sebas/ros2_humble/install/rqt_gui:/home/sebas/ros2_humble/install/ros2trace:/home/sebas/ros2_humble/install/ros2topic:/home/sebas/ros2_humble/install/ros2test:/home/sebas/ros2_humble/install/ros2component:/home/sebas/ros2_humble/install/ros2param:/home/sebas/ros2_humble/install/ros2lifecycle:/home/sebas/ros2_humble/install/ros2service:/home/sebas/ros2_humble/install/ros2run:/home/sebas/ros2_humble/install/ros2launch:/home/sebas/ros2_humble/install/ros2pkg:/home/sebas/ros2_humble/install/ros2node:/home/sebas/ros2_humble/install/ros2multicast:/home/sebas/ros2_humble/install/ros2interface:/home/sebas/ros2_humble/install/ros2doctor:/home/sebas/ros2_humble/install/ros2action:/home/sebas/ros2_humble/install/ros2cli:/home/sebas/ros2_humble/install/quality_of_service_demo_py:/home/sebas/ros2_humble/install/lifecycle_py:/home/sebas/ros2_humble/install/launch_testing_ros:/home/sebas/ros2_humble/install/launch_ros:/home/sebas/ros2_humble/install/examples_rclpy_pointcloud_publisher:/home/sebas/ros2_humble/install/examples_rclpy_minimal_subscriber:/home/sebas/ros2_humble/install/examples_rclpy_minimal_service:/home/sebas/ros2_humble/install/examples_rclpy_minimal_publisher:/home/sebas/ros2_humble/install/examples_rclpy_minimal_client:/home/sebas/ros2_humble/install/examples_rclpy_minimal_action_server:/home/sebas/ros2_humble/install/examples_rclpy_minimal_action_client:/home/sebas/ros2_humble/install/examples_rclpy_guard_conditions:/home/sebas/ros2_humble/install/examples_rclpy_executors:/home/sebas/ros2_humble/install/demo_nodes_py:/home/sebas/ros2_humble/install/action_tutorials_py:/home/sebas/ros2_humble/install/ament_uncrustify:/home/sebas/ros2_humble/install/tracetools_trace:/home/sebas/ros2_humble/install/tracetools_read:/home/sebas/ros2_humble/install/test_tracetools_launch:/home/sebas/ros2_humble/install/test_launch_ros:/home/sebas/ros2_humble/install/sensor_msgs_py:/home/sebas/ros2_humble/install/rpyutils:/home/sebas/ros2_humble/install/rosidl_runtime_py:/home/sebas/ros2_humble/install/rosidl_cli:/home/sebas/ros2_humble/install/launch_pytest:/home/sebas/ros2_humble/install/launch_testing:/home/sebas/ros2_humble/install/launch_yaml:/home/sebas/ros2_humble/install/launch_xml:/home/sebas/ros2_humble/install/launch:/home/sebas/ros2_humble/install/osrf_pycommon:/home/sebas/ros2_humble/install/domain_coordinator:/home/sebas/ros2_humble/install/ament_xmllint:/home/sebas/ros2_humble/install/ament_pyflakes:/home/sebas/ros2_humble/install/ament_pycodestyle:/home/sebas/ros2_humble/install/ament_pep257:/home/sebas/ros2_humble/install/ament_pclint:/home/sebas/ros2_humble/install/ament_package:/home/sebas/ros2_humble/install/ament_mypy:/home/sebas/ros2_humble/install/ament_lint_cmake:/home/sebas/ros2_humble/install/ament_flake8:/home/sebas/ros2_humble/install/ament_copyright:/home/sebas/ros2_humble/install/ament_lint:/home/sebas/ros2_humble/install/ament_index_python:/home/sebas/ros2_humble/install/ament_cpplint:/home/sebas/ros2_humble/install/ament_cppcheck:/home/sebas/ros2_humble/install/ament_clang_tidy:/home/sebas/ros2_humble/install/ament_clang_format /usr/bin/cmake --install /home/sebas/workspace/ros_ur_driver/build/ur_description
