[0.470s] Invoking command in '/home/sebas/workspace/ros_ur_driver/build/ur_client_library': CMAKE_PREFIX_PATH=${CMAKE_PREFIX_PATH}:/home/sebas/workspace/ros_ur_driver/install/ur3_rl:/home/sebas/workspace/ros_ur_driver/install/rqt_joint_trajectory_controller:/home/sebas/workspace/ros_ur_driver/install/rqt_controller_manager:/home/sebas/workspace/ros_ur_driver/install/ros2controlcli:/home/sebas/workspace/ros_ur_driver/install/ros2_controllers_test_nodes:/opt/ros/humble /usr/bin/cmake --build /home/sebas/workspace/ros_ur_driver/build/ur_client_library -- -j12 -l12
[0.611s] [ 64%] Built target urcl
[0.697s] [ 68%] Built target primary_pipeline_calibration_example
[0.698s] [ 72%] Built target primary_pipeline_example
[0.699s] [ 76%] Built target tool_contact_example
[0.699s] [ 80%] Built target rtde_client_example
[0.703s] [ 84%] Built target spline_example
[0.703s] [ 88%] Built target driver_example
[0.704s] [ 92%] Built target dashboard_example
[0.709s] [ 96%] Built target force_mode_example
[0.713s] [100%] Built target freedrive_example
[0.736s] Invoked command in '/home/sebas/workspace/ros_ur_driver/build/ur_client_library' returned '0': CMAKE_PREFIX_PATH=${CMAKE_PREFIX_PATH}:/home/sebas/workspace/ros_ur_driver/install/ur3_rl:/home/sebas/workspace/ros_ur_driver/install/rqt_joint_trajectory_controller:/home/sebas/workspace/ros_ur_driver/install/rqt_controller_manager:/home/sebas/workspace/ros_ur_driver/install/ros2controlcli:/home/sebas/workspace/ros_ur_driver/install/ros2_controllers_test_nodes:/opt/ros/humble /usr/bin/cmake --build /home/sebas/workspace/ros_ur_driver/build/ur_client_library -- -j12 -l12
[0.988s] Invoking command in '/home/sebas/workspace/ros_ur_driver/build/ur_client_library': CMAKE_PREFIX_PATH=${CMAKE_PREFIX_PATH}:/home/sebas/workspace/ros_ur_driver/install/ur3_rl:/home/sebas/workspace/ros_ur_driver/install/rqt_joint_trajectory_controller:/home/sebas/workspace/ros_ur_driver/install/rqt_controller_manager:/home/sebas/workspace/ros_ur_driver/install/ros2controlcli:/home/sebas/workspace/ros_ur_driver/install/ros2_controllers_test_nodes:/opt/ros/humble /usr/bin/cmake --install /home/sebas/workspace/ros_ur_driver/build/ur_client_library
[1.001s] -- Install configuration: "RelWithDebInfo"
[1.001s] -- Up-to-date: /home/sebas/workspace/ros_ur_driver/install/ur_client_library/lib/liburcl.so
[1.001s] -- Up-to-date: /home/sebas/workspace/ros_ur_driver/install/ur_client_library/include
[1.001s] -- Up-to-date: /home/sebas/workspace/ros_ur_driver/install/ur_client_library/include/ur_client_library
[1.001s] -- Up-to-date: /home/sebas/workspace/ros_ur_driver/install/ur_client_library/include/ur_client_library/comm
[1.001s] -- Up-to-date: /home/sebas/workspace/ros_ur_driver/install/ur_client_library/include/ur_client_library/comm/tcp_socket.h
[1.001s] -- Up-to-date: /home/sebas/workspace/ros_ur_driver/install/ur_client_library/include/ur_client_library/comm/package.h
[1.001s] -- Up-to-date: /home/sebas/workspace/ros_ur_driver/install/ur_client_library/include/ur_client_library/comm/shell_consumer.h
[1.002s] -- Up-to-date: /home/sebas/workspace/ros_ur_driver/install/ur_client_library/include/ur_client_library/comm/parser.h
[1.002s] -- Up-to-date: /home/sebas/workspace/ros_ur_driver/install/ur_client_library/include/ur_client_library/comm/package_serializer.h
[1.002s] -- Up-to-date: /home/sebas/workspace/ros_ur_driver/install/ur_client_library/include/ur_client_library/comm/pipeline.h
[1.002s] -- Up-to-date: /home/sebas/workspace/ros_ur_driver/install/ur_client_library/include/ur_client_library/comm/bin_parser.h
[1.002s] -- Up-to-date: /home/sebas/workspace/ros_ur_driver/install/ur_client_library/include/ur_client_library/comm/control_mode.h
[1.002s] -- Up-to-date: /home/sebas/workspace/ros_ur_driver/install/ur_client_library/include/ur_client_library/comm/stream.h
[1.002s] -- Up-to-date: /home/sebas/workspace/ros_ur_driver/install/ur_client_library/include/ur_client_library/comm/tcp_server.h
[1.002s] -- Up-to-date: /home/sebas/workspace/ros_ur_driver/install/ur_client_library/include/ur_client_library/comm/producer.h
[1.002s] -- Up-to-date: /home/sebas/workspace/ros_ur_driver/install/ur_client_library/include/ur_client_library/types.h
[1.003s] -- Up-to-date: /home/sebas/workspace/ros_ur_driver/install/ur_client_library/include/ur_client_library/ur
[1.003s] -- Up-to-date: /home/sebas/workspace/ros_ur_driver/install/ur_client_library/include/ur_client_library/ur/dashboard_client.h
[1.003s] -- Up-to-date: /home/sebas/workspace/ros_ur_driver/install/ur_client_library/include/ur_client_library/ur/ur_driver.h
[1.003s] -- Up-to-date: /home/sebas/workspace/ros_ur_driver/install/ur_client_library/include/ur_client_library/ur/robot_receive_timeout.h
[1.003s] -- Up-to-date: /home/sebas/workspace/ros_ur_driver/install/ur_client_library/include/ur_client_library/ur/tool_communication.h
[1.003s] -- Up-to-date: /home/sebas/workspace/ros_ur_driver/install/ur_client_library/include/ur_client_library/ur/version_information.h
[1.003s] -- Up-to-date: /home/sebas/workspace/ros_ur_driver/install/ur_client_library/include/ur_client_library/ur/calibration_checker.h
[1.003s] -- Up-to-date: /home/sebas/workspace/ros_ur_driver/install/ur_client_library/include/ur_client_library/ur/datatypes.h
[1.003s] -- Up-to-date: /home/sebas/workspace/ros_ur_driver/install/ur_client_library/include/ur_client_library/default_log_handler.h
[1.003s] -- Up-to-date: /home/sebas/workspace/ros_ur_driver/install/ur_client_library/include/ur_client_library/rtde
[1.004s] -- Up-to-date: /home/sebas/workspace/ros_ur_driver/install/ur_client_library/include/ur_client_library/rtde/rtde_parser.h
[1.004s] -- Up-to-date: /home/sebas/workspace/ros_ur_driver/install/ur_client_library/include/ur_client_library/rtde/data_package.h
[1.004s] -- Up-to-date: /home/sebas/workspace/ros_ur_driver/install/ur_client_library/include/ur_client_library/rtde/request_protocol_version.h
[1.004s] -- Up-to-date: /home/sebas/workspace/ros_ur_driver/install/ur_client_library/include/ur_client_library/rtde/control_package_start.h
[1.004s] -- Up-to-date: /home/sebas/workspace/ros_ur_driver/install/ur_client_library/include/ur_client_library/rtde/rtde_client.h
[1.004s] -- Up-to-date: /home/sebas/workspace/ros_ur_driver/install/ur_client_library/include/ur_client_library/rtde/text_message.h
[1.004s] -- Up-to-date: /home/sebas/workspace/ros_ur_driver/install/ur_client_library/include/ur_client_library/rtde/rtde_writer.h
[1.004s] -- Up-to-date: /home/sebas/workspace/ros_ur_driver/install/ur_client_library/include/ur_client_library/rtde/rtde_package.h
[1.004s] -- Up-to-date: /home/sebas/workspace/ros_ur_driver/install/ur_client_library/include/ur_client_library/rtde/control_package_pause.h
[1.004s] -- Up-to-date: /home/sebas/workspace/ros_ur_driver/install/ur_client_library/include/ur_client_library/rtde/control_package_setup_inputs.h
[1.004s] -- Up-to-date: /home/sebas/workspace/ros_ur_driver/install/ur_client_library/include/ur_client_library/rtde/control_package_setup_outputs.h
[1.004s] -- Up-to-date: /home/sebas/workspace/ros_ur_driver/install/ur_client_library/include/ur_client_library/rtde/package_header.h
[1.004s] -- Up-to-date: /home/sebas/workspace/ros_ur_driver/install/ur_client_library/include/ur_client_library/rtde/get_urcontrol_version.h
[1.005s] -- Up-to-date: /home/sebas/workspace/ros_ur_driver/install/ur_client_library/include/ur_client_library/control
[1.005s] -- Up-to-date: /home/sebas/workspace/ros_ur_driver/install/ur_client_library/include/ur_client_library/control/script_command_interface.h
[1.005s] -- Up-to-date: /home/sebas/workspace/ros_ur_driver/install/ur_client_library/include/ur_client_library/control/trajectory_point_interface.h
[1.005s] -- Up-to-date: /home/sebas/workspace/ros_ur_driver/install/ur_client_library/include/ur_client_library/control/reverse_interface.h
[1.005s] -- Up-to-date: /home/sebas/workspace/ros_ur_driver/install/ur_client_library/include/ur_client_library/control/script_sender.h
[1.005s] -- Up-to-date: /home/sebas/workspace/ros_ur_driver/install/ur_client_library/include/ur_client_library/exceptions.h
[1.005s] -- Up-to-date: /home/sebas/workspace/ros_ur_driver/install/ur_client_library/include/ur_client_library/primary
[1.005s] -- Up-to-date: /home/sebas/workspace/ros_ur_driver/install/ur_client_library/include/ur_client_library/primary/primary_package.h
[1.006s] -- Up-to-date: /home/sebas/workspace/ros_ur_driver/install/ur_client_library/include/ur_client_library/primary/robot_state.h
[1.006s] -- Up-to-date: /home/sebas/workspace/ros_ur_driver/install/ur_client_library/include/ur_client_library/primary/robot_state
[1.006s] -- Up-to-date: /home/sebas/workspace/ros_ur_driver/install/ur_client_library/include/ur_client_library/primary/robot_state/kinematics_info.h
[1.006s] -- Up-to-date: /home/sebas/workspace/ros_ur_driver/install/ur_client_library/include/ur_client_library/primary/robot_message
[1.006s] -- Up-to-date: /home/sebas/workspace/ros_ur_driver/install/ur_client_library/include/ur_client_library/primary/robot_message/version_message.h
[1.006s] -- Up-to-date: /home/sebas/workspace/ros_ur_driver/install/ur_client_library/include/ur_client_library/primary/primary_parser.h
[1.006s] -- Up-to-date: /home/sebas/workspace/ros_ur_driver/install/ur_client_library/include/ur_client_library/primary/robot_message.h
[1.006s] -- Up-to-date: /home/sebas/workspace/ros_ur_driver/install/ur_client_library/include/ur_client_library/primary/package_header.h
[1.006s] -- Up-to-date: /home/sebas/workspace/ros_ur_driver/install/ur_client_library/include/ur_client_library/primary/abstract_primary_consumer.h
[1.006s] -- Up-to-date: /home/sebas/workspace/ros_ur_driver/install/ur_client_library/include/ur_client_library/queue
[1.007s] -- Up-to-date: /home/sebas/workspace/ros_ur_driver/install/ur_client_library/include/ur_client_library/queue/atomicops.h
[1.007s] -- Up-to-date: /home/sebas/workspace/ros_ur_driver/install/ur_client_library/include/ur_client_library/queue/LICENSE.md
[1.007s] -- Up-to-date: /home/sebas/workspace/ros_ur_driver/install/ur_client_library/include/ur_client_library/queue/readerwriterqueue.h
[1.007s] -- Up-to-date: /home/sebas/workspace/ros_ur_driver/install/ur_client_library/include/ur_client_library/log.h
[1.007s] -- Up-to-date: /home/sebas/workspace/ros_ur_driver/install/ur_client_library/include/ur_client_library/helpers.h
[1.007s] -- Up-to-date: /home/sebas/workspace/ros_ur_driver/install/ur_client_library/lib/cmake/ur_client_library/urclTargets.cmake
[1.007s] -- Up-to-date: /home/sebas/workspace/ros_ur_driver/install/ur_client_library/lib/cmake/ur_client_library/urclTargets-relwithdebinfo.cmake
[1.007s] -- Up-to-date: /home/sebas/workspace/ros_ur_driver/install/ur_client_library/lib/ur_client_library/start_ursim.sh
[1.007s] -- Up-to-date: /home/sebas/workspace/ros_ur_driver/install/ur_client_library/lib/cmake/ur_client_library/ur_client_libraryConfig.cmake
[1.007s] -- Up-to-date: /home/sebas/workspace/ros_ur_driver/install/ur_client_library/share/ur_client_library/package.xml
[1.007s] -- Up-to-date: /home/sebas/workspace/ros_ur_driver/install/ur_client_library/share/ament_index/resource_index/packages/ur_client_library
[1.008s] -- Up-to-date: /home/sebas/workspace/ros_ur_driver/install/ur_client_library/share/ur_client_library/hook/ament_prefix_path.dsv
[1.009s] -- Up-to-date: /home/sebas/workspace/ros_ur_driver/install/ur_client_library/share/ur_client_library/hook/ros_package_path.dsv
[1.009s] -- Up-to-date: /home/sebas/workspace/ros_ur_driver/install/ur_client_library/share/ur_client_library/resources
[1.009s] -- Up-to-date: /home/sebas/workspace/ros_ur_driver/install/ur_client_library/share/ur_client_library/resources/external_control.urscript
[1.009s] Invoked command in '/home/sebas/workspace/ros_ur_driver/build/ur_client_library' returned '0': CMAKE_PREFIX_PATH=${CMAKE_PREFIX_PATH}:/home/sebas/workspace/ros_ur_driver/install/ur3_rl:/home/sebas/workspace/ros_ur_driver/install/rqt_joint_trajectory_controller:/home/sebas/workspace/ros_ur_driver/install/rqt_controller_manager:/home/sebas/workspace/ros_ur_driver/install/ros2controlcli:/home/sebas/workspace/ros_ur_driver/install/ros2_controllers_test_nodes:/opt/ros/humble /usr/bin/cmake --install /home/sebas/workspace/ros_ur_driver/build/ur_client_library
