[0.050s] Invoking command in '/home/sebas/workspace/ros_ur_driver/build/realtime_tools': CMAKE_PREFIX_PATH=${CMAKE_PREFIX_PATH}:/home/sebas/workspace/ros_ur_driver/install/ur3_rl:/home/sebas/workspace/ros_ur_driver/install/rqt_joint_trajectory_controller:/home/sebas/workspace/ros_ur_driver/install/rqt_controller_manager:/home/sebas/workspace/ros_ur_driver/install/ros2controlcli:/home/sebas/workspace/ros_ur_driver/install/ros2_controllers_test_nodes:/opt/ros/humble /usr/bin/cmake --build /home/sebas/workspace/ros_ur_driver/build/realtime_tools -- -j12 -l12
[0.445s] [  7%] Built target gmock_main
[0.445s] [ 25%] Built target realtime_tools
[0.445s] [ 25%] Built target thread_priority
[0.445s] [ 35%] Built target gmock
[0.445s] [ 42%] Built target thread_priority_tests
[0.445s] [ 50%] Built target realtime_box_tests
[0.445s] [ 57%] Built target realtime_clock_tests
[0.445s] [ 64%] Built target realtime_buffer_tests
[0.445s] [ 71%] Built target realtime_publisher_tests
[0.446s] [ 78%] Built target realtime_box_best_effort_tests
[0.446s] [ 85%] Built target realtime_publisher_tests_non_polling
[0.446s] [ 92%] Built target realtime_server_goal_handle_tests
[0.446s] [100%] Built target test_async_function_handler
[0.490s] Invoked command in '/home/sebas/workspace/ros_ur_driver/build/realtime_tools' returned '0': CMAKE_PREFIX_PATH=${CMAKE_PREFIX_PATH}:/home/sebas/workspace/ros_ur_driver/install/ur3_rl:/home/sebas/workspace/ros_ur_driver/install/rqt_joint_trajectory_controller:/home/sebas/workspace/ros_ur_driver/install/rqt_controller_manager:/home/sebas/workspace/ros_ur_driver/install/ros2controlcli:/home/sebas/workspace/ros_ur_driver/install/ros2_controllers_test_nodes:/opt/ros/humble /usr/bin/cmake --build /home/sebas/workspace/ros_ur_driver/build/realtime_tools -- -j12 -l12
[0.705s] Invoking command in '/home/sebas/workspace/ros_ur_driver/build/realtime_tools': CMAKE_PREFIX_PATH=${CMAKE_PREFIX_PATH}:/home/sebas/workspace/ros_ur_driver/install/ur3_rl:/home/sebas/workspace/ros_ur_driver/install/rqt_joint_trajectory_controller:/home/sebas/workspace/ros_ur_driver/install/rqt_controller_manager:/home/sebas/workspace/ros_ur_driver/install/ros2controlcli:/home/sebas/workspace/ros_ur_driver/install/ros2_controllers_test_nodes:/opt/ros/humble /usr/bin/cmake --install /home/sebas/workspace/ros_ur_driver/build/realtime_tools
[0.716s] -- Install configuration: ""
[0.716s] -- Up-to-date: /home/sebas/workspace/ros_ur_driver/install/realtime_tools/include/realtime_tools
[0.716s] -- Up-to-date: /home/sebas/workspace/ros_ur_driver/install/realtime_tools/include/realtime_tools/realtime_tools
[0.716s] -- Up-to-date: /home/sebas/workspace/ros_ur_driver/install/realtime_tools/include/realtime_tools/realtime_tools/realtime_publisher.h
[0.716s] -- Up-to-date: /home/sebas/workspace/ros_ur_driver/install/realtime_tools/include/realtime_tools/realtime_tools/thread_priority.hpp
[0.716s] -- Up-to-date: /home/sebas/workspace/ros_ur_driver/install/realtime_tools/include/realtime_tools/realtime_tools/realtime_server_goal_handle.h
[0.716s] -- Up-to-date: /home/sebas/workspace/ros_ur_driver/install/realtime_tools/include/realtime_tools/realtime_tools/async_function_handler.hpp
[0.716s] -- Up-to-date: /home/sebas/workspace/ros_ur_driver/install/realtime_tools/include/realtime_tools/realtime_tools/realtime_box_best_effort.h
[0.716s] -- Up-to-date: /home/sebas/workspace/ros_ur_driver/install/realtime_tools/include/realtime_tools/realtime_tools/realtime_helpers.hpp
[0.717s] -- Up-to-date: /home/sebas/workspace/ros_ur_driver/install/realtime_tools/include/realtime_tools/realtime_tools/realtime_box.h
[0.717s] -- Up-to-date: /home/sebas/workspace/ros_ur_driver/install/realtime_tools/include/realtime_tools/realtime_tools/realtime_buffer.h
[0.717s] -- Up-to-date: /home/sebas/workspace/ros_ur_driver/install/realtime_tools/include/realtime_tools/realtime_tools/realtime_clock.h
[0.717s] -- Up-to-date: /home/sebas/workspace/ros_ur_driver/install/realtime_tools/lib/librealtime_tools.so
[0.717s] -- Up-to-date: /home/sebas/workspace/ros_ur_driver/install/realtime_tools/lib/libthread_priority.so
[0.717s] -- Up-to-date: /home/sebas/workspace/ros_ur_driver/install/realtime_tools/share/realtime_tools/environment/library_path.sh
[0.718s] -- Up-to-date: /home/sebas/workspace/ros_ur_driver/install/realtime_tools/share/realtime_tools/environment/library_path.dsv
[0.718s] -- Up-to-date: /home/sebas/workspace/ros_ur_driver/install/realtime_tools/share/ament_index/resource_index/package_run_dependencies/realtime_tools
[0.718s] -- Up-to-date: /home/sebas/workspace/ros_ur_driver/install/realtime_tools/share/ament_index/resource_index/parent_prefix_path/realtime_tools
[0.718s] -- Up-to-date: /home/sebas/workspace/ros_ur_driver/install/realtime_tools/share/realtime_tools/environment/ament_prefix_path.sh
[0.718s] -- Up-to-date: /home/sebas/workspace/ros_ur_driver/install/realtime_tools/share/realtime_tools/environment/ament_prefix_path.dsv
[0.718s] -- Up-to-date: /home/sebas/workspace/ros_ur_driver/install/realtime_tools/share/realtime_tools/environment/path.sh
[0.718s] -- Up-to-date: /home/sebas/workspace/ros_ur_driver/install/realtime_tools/share/realtime_tools/environment/path.dsv
[0.718s] -- Up-to-date: /home/sebas/workspace/ros_ur_driver/install/realtime_tools/share/realtime_tools/local_setup.bash
[0.718s] -- Up-to-date: /home/sebas/workspace/ros_ur_driver/install/realtime_tools/share/realtime_tools/local_setup.sh
[0.719s] -- Up-to-date: /home/sebas/workspace/ros_ur_driver/install/realtime_tools/share/realtime_tools/local_setup.zsh
[0.719s] -- Up-to-date: /home/sebas/workspace/ros_ur_driver/install/realtime_tools/share/realtime_tools/local_setup.dsv
[0.719s] -- Installing: /home/sebas/workspace/ros_ur_driver/install/realtime_tools/share/realtime_tools/package.dsv
[0.719s] -- Up-to-date: /home/sebas/workspace/ros_ur_driver/install/realtime_tools/share/ament_index/resource_index/packages/realtime_tools
[0.719s] -- Up-to-date: /home/sebas/workspace/ros_ur_driver/install/realtime_tools/share/realtime_tools/cmake/export_realtime_toolsExport.cmake
[0.719s] -- Up-to-date: /home/sebas/workspace/ros_ur_driver/install/realtime_tools/share/realtime_tools/cmake/export_realtime_toolsExport-noconfig.cmake
[0.719s] -- Up-to-date: /home/sebas/workspace/ros_ur_driver/install/realtime_tools/share/realtime_tools/cmake/ament_cmake_export_targets-extras.cmake
[0.719s] -- Up-to-date: /home/sebas/workspace/ros_ur_driver/install/realtime_tools/share/realtime_tools/cmake/ament_cmake_export_dependencies-extras.cmake
[0.719s] -- Up-to-date: /home/sebas/workspace/ros_ur_driver/install/realtime_tools/share/realtime_tools/cmake/realtime_toolsConfig.cmake
[0.719s] -- Up-to-date: /home/sebas/workspace/ros_ur_driver/install/realtime_tools/share/realtime_tools/cmake/realtime_toolsConfig-version.cmake
[0.719s] -- Up-to-date: /home/sebas/workspace/ros_ur_driver/install/realtime_tools/share/realtime_tools/package.xml
[0.736s] Invoked command in '/home/sebas/workspace/ros_ur_driver/build/realtime_tools' returned '0': CMAKE_PREFIX_PATH=${CMAKE_PREFIX_PATH}:/home/sebas/workspace/ros_ur_driver/install/ur3_rl:/home/sebas/workspace/ros_ur_driver/install/rqt_joint_trajectory_controller:/home/sebas/workspace/ros_ur_driver/install/rqt_controller_manager:/home/sebas/workspace/ros_ur_driver/install/ros2controlcli:/home/sebas/workspace/ros_ur_driver/install/ros2_controllers_test_nodes:/opt/ros/humble /usr/bin/cmake --install /home/sebas/workspace/ros_ur_driver/build/realtime_tools
