[0.027s] Invoking command in '/home/sebas/workspace/ros_ur_driver/build/ur_msgs': CMAKE_PREFIX_PATH=${CMAKE_PREFIX_PATH}:/home/sebas/workspace/ros_ur_driver/install/ur3_rl:/home/sebas/workspace/ros_ur_driver/install/rqt_joint_trajectory_controller:/home/sebas/workspace/ros_ur_driver/install/rqt_controller_manager:/home/sebas/workspace/ros_ur_driver/install/ros2controlcli:/home/sebas/workspace/ros_ur_driver/install/ros2_controllers_test_nodes:/opt/ros/humble /usr/bin/cmake /home/sebas/workspace/ros_ur_driver/src/ur_msgs -DCMAKE_INSTALL_PREFIX=/home/sebas/workspace/ros_ur_driver/install/ur_msgs
[0.300s] -- The C compiler identification is GNU 11.4.0
[0.300s] -- The CXX compiler identification is GNU 11.4.0
[0.300s] -- Detecting C compiler ABI info
[0.300s] -- Detecting C compiler ABI info - done
[0.300s] -- Check for working C compiler: /usr/bin/cc - skipped
[0.300s] -- Detecting C compile features
[0.300s] -- Detecting C compile features - done
[0.300s] -- Detecting CXX compiler ABI info
[0.393s] -- Detecting CXX compiler ABI info - done
[0.399s] -- Check for working CXX compiler: /usr/bin/c++ - skipped
[0.400s] -- Detecting CXX compile features
[0.400s] -- Detecting CXX compile features - done
[0.404s] -- Found ament_cmake: 1.3.10 (/opt/ros/humble/share/ament_cmake/cmake)
[0.858s] -- Found Python3: /usr/bin/python3 (found version "3.10.12") found components: Interpreter 
[0.982s] -- Found builtin_interfaces: 1.2.1 (/opt/ros/humble/share/builtin_interfaces/cmake)
[1.029s] -- Found rosidl_generator_c: 3.1.5 (/opt/ros/humble/share/rosidl_generator_c/cmake)
[1.032s] -- Found rosidl_adapter: 3.1.5 (/opt/ros/humble/share/rosidl_adapter/cmake)
[1.050s] -- Found rosidl_generator_cpp: 3.1.5 (/opt/ros/humble/share/rosidl_generator_cpp/cmake)
[1.066s] -- Using all available rosidl_typesupport_c: rosidl_typesupport_fastrtps_c;rosidl_typesupport_introspection_c
[1.087s] -- Using all available rosidl_typesupport_cpp: rosidl_typesupport_fastrtps_cpp;rosidl_typesupport_introspection_cpp
[1.110s] -- Found rosidl_default_generators: 1.2.0 (/opt/ros/humble/share/rosidl_default_generators/cmake)
[1.124s] -- Found geometry_msgs: 4.2.4 (/opt/ros/humble/share/geometry_msgs/cmake)
[1.157s] -- Found ament_lint_auto: 0.12.11 (/opt/ros/humble/share/ament_lint_auto/cmake)
[1.982s] -- Found ament_cmake_ros: 0.10.0 (/opt/ros/humble/share/ament_cmake_ros/cmake)
[3.349s] -- Using all available rosidl_typesupport_c: rosidl_typesupport_fastrtps_c;rosidl_typesupport_introspection_c
[4.004s] -- Using all available rosidl_typesupport_cpp: rosidl_typesupport_fastrtps_cpp;rosidl_typesupport_introspection_cpp
[4.081s] -- Found PythonInterp: /usr/bin/python3 (found suitable version "3.10.12", minimum required is "3.6") 
[4.082s] -- Found python_cmake_module: 0.10.0 (/opt/ros/humble/share/python_cmake_module/cmake)
[4.175s] -- Found PythonLibs: /usr/lib/x86_64-linux-gnu/libpython3.10.so (found suitable version "3.10.12", minimum required is "3.5") 
[4.175s] -- Using PYTHON_EXECUTABLE: /usr/bin/python3
[4.176s] -- Using PYTHON_INCLUDE_DIRS: /usr/include/python3.10
[4.176s] -- Using PYTHON_LIBRARIES: /usr/lib/x86_64-linux-gnu/libpython3.10.so
[4.295s] -- Found PythonExtra: .so  
[4.664s] -- Added test 'copyright' to check source files copyright and LICENSE
[4.709s] -- Added test 'lint_cmake' to check CMake code style
[4.728s] -- Added test 'xmllint' to check XML markup files
[4.745s] -- Configuring done
[4.966s] -- Generating done
[4.974s] -- Build files have been written to: /home/sebas/workspace/ros_ur_driver/build/ur_msgs
[5.066s] Invoked command in '/home/sebas/workspace/ros_ur_driver/build/ur_msgs' returned '0': CMAKE_PREFIX_PATH=${CMAKE_PREFIX_PATH}:/home/sebas/workspace/ros_ur_driver/install/ur3_rl:/home/sebas/workspace/ros_ur_driver/install/rqt_joint_trajectory_controller:/home/sebas/workspace/ros_ur_driver/install/rqt_controller_manager:/home/sebas/workspace/ros_ur_driver/install/ros2controlcli:/home/sebas/workspace/ros_ur_driver/install/ros2_controllers_test_nodes:/opt/ros/humble /usr/bin/cmake /home/sebas/workspace/ros_ur_driver/src/ur_msgs -DCMAKE_INSTALL_PREFIX=/home/sebas/workspace/ros_ur_driver/install/ur_msgs
[5.066s] Invoking command in '/home/sebas/workspace/ros_ur_driver/build/ur_msgs': CMAKE_PREFIX_PATH=${CMAKE_PREFIX_PATH}:/home/sebas/workspace/ros_ur_driver/install/ur3_rl:/home/sebas/workspace/ros_ur_driver/install/rqt_joint_trajectory_controller:/home/sebas/workspace/ros_ur_driver/install/rqt_controller_manager:/home/sebas/workspace/ros_ur_driver/install/ros2controlcli:/home/sebas/workspace/ros_ur_driver/install/ros2_controllers_test_nodes:/opt/ros/humble /usr/bin/cmake --build /home/sebas/workspace/ros_ur_driver/build/ur_msgs -- -j12 -l12
[5.275s] [  1%] [34m[1mGenerating C code for ROS interfaces[0m
[5.347s] [  1%] [34m[1mGenerating C++ code for ROS interfaces[0m
[5.347s] [  1%] Built target ament_cmake_python_copy_ur_msgs
[6.349s] running egg_info
[6.357s] creating ur_msgs.egg-info
[6.441s] writing ur_msgs.egg-info/PKG-INFO
[6.441s] writing dependency_links to ur_msgs.egg-info/dependency_links.txt
[6.441s] writing top-level names to ur_msgs.egg-info/top_level.txt
[6.441s] writing manifest file 'ur_msgs.egg-info/SOURCES.txt'
[6.653s] reading manifest file 'ur_msgs.egg-info/SOURCES.txt'
[6.654s] writing manifest file 'ur_msgs.egg-info/SOURCES.txt'
[6.810s] [  1%] Built target ament_cmake_python_build_ur_msgs_egg
[9.496s] [  1%] [32mBuilding C object CMakeFiles/ur_msgs__rosidl_generator_c.dir/rosidl_generator_c/ur_msgs/msg/detail/digital__functions.c.o[0m
[9.500s] [  2%] [32mBuilding C object CMakeFiles/ur_msgs__rosidl_generator_c.dir/rosidl_generator_c/ur_msgs/msg/detail/analog__functions.c.o[0m
[9.506s] [  3%] [32mBuilding C object CMakeFiles/ur_msgs__rosidl_generator_c.dir/rosidl_generator_c/ur_msgs/msg/detail/robot_state_rt_msg__functions.c.o[0m
[9.507s] [  5%] [32mBuilding C object CMakeFiles/ur_msgs__rosidl_generator_c.dir/rosidl_generator_c/ur_msgs/msg/detail/robot_mode_data_msg__functions.c.o[0m
[9.511s] [  5%] [32mBuilding C object CMakeFiles/ur_msgs__rosidl_generator_c.dir/rosidl_generator_c/ur_msgs/msg/detail/io_states__functions.c.o[0m
[9.527s] [  6%] [32mBuilding C object CMakeFiles/ur_msgs__rosidl_generator_c.dir/rosidl_generator_c/ur_msgs/msg/detail/masterboard_data_msg__functions.c.o[0m
[9.540s] [  6%] [32mBuilding C object CMakeFiles/ur_msgs__rosidl_generator_c.dir/rosidl_generator_c/ur_msgs/msg/detail/tool_data_msg__functions.c.o[0m
[9.561s] [  7%] [32mBuilding C object CMakeFiles/ur_msgs__rosidl_generator_c.dir/rosidl_generator_c/ur_msgs/srv/detail/set_analog_output__functions.c.o[0m
[9.562s] [  8%] [32mBuilding C object CMakeFiles/ur_msgs__rosidl_generator_c.dir/rosidl_generator_c/ur_msgs/srv/detail/set_payload__functions.c.o[0m
[9.588s] [  9%] [32mBuilding C object CMakeFiles/ur_msgs__rosidl_generator_c.dir/rosidl_generator_c/ur_msgs/srv/detail/set_speed_slider_fraction__functions.c.o[0m
[9.680s] [ 10%] [32mBuilding C object CMakeFiles/ur_msgs__rosidl_generator_c.dir/rosidl_generator_c/ur_msgs/srv/detail/set_io__functions.c.o[0m
[9.711s] [ 10%] [32mBuilding C object CMakeFiles/ur_msgs__rosidl_generator_c.dir/rosidl_generator_c/ur_msgs/srv/detail/get_robot_software_version__functions.c.o[0m
[9.767s] [ 11%] [32mBuilding C object CMakeFiles/ur_msgs__rosidl_generator_c.dir/rosidl_generator_c/ur_msgs/srv/detail/set_force_mode__functions.c.o[0m
[9.803s] [ 11%] Built target ur_msgs__cpp
[9.830s] [ 12%] [34m[1mGenerating C++ type support for eProsima Fast-RTPS[0m
[9.853s] [ 12%] [34m[1mGenerating C++ introspection for ROS interfaces[0m
[9.854s] [ 13%] [34m[1mGenerating C++ type support dispatch for ROS interfaces[0m
[10.072s] [ 14%] [32m[1mLinking C shared library libur_msgs__rosidl_generator_c.so[0m
[10.207s] [ 14%] Built target ur_msgs__rosidl_generator_c
[10.253s] [ 15%] [34m[1mGenerating C introspection for ROS interfaces[0m
[10.259s] [ 16%] [34m[1mGenerating C type support for eProsima Fast-RTPS[0m
[10.285s] [ 17%] [34m[1mGenerating C type support dispatch for ROS interfaces[0m
[12.387s] [ 17%] [32mBuilding CXX object CMakeFiles/ur_msgs__rosidl_typesupport_cpp.dir/rosidl_typesupport_cpp/ur_msgs/msg/io_states__type_support.cpp.o[0m
[12.394s] [ 18%] [32mBuilding CXX object CMakeFiles/ur_msgs__rosidl_typesupport_cpp.dir/rosidl_typesupport_cpp/ur_msgs/msg/analog__type_support.cpp.o[0m
[12.397s] [ 19%] [32mBuilding CXX object CMakeFiles/ur_msgs__rosidl_typesupport_cpp.dir/rosidl_typesupport_cpp/ur_msgs/msg/digital__type_support.cpp.o[0m
[12.402s] [ 20%] [32mBuilding CXX object CMakeFiles/ur_msgs__rosidl_typesupport_cpp.dir/rosidl_typesupport_cpp/ur_msgs/msg/masterboard_data_msg__type_support.cpp.o[0m
[12.404s] [ 21%] [32mBuilding CXX object CMakeFiles/ur_msgs__rosidl_typesupport_cpp.dir/rosidl_typesupport_cpp/ur_msgs/msg/robot_state_rt_msg__type_support.cpp.o[0m
[12.421s] [ 22%] [32mBuilding CXX object CMakeFiles/ur_msgs__rosidl_typesupport_cpp.dir/rosidl_typesupport_cpp/ur_msgs/msg/robot_mode_data_msg__type_support.cpp.o[0m
[12.422s] [ 23%] [32mBuilding CXX object CMakeFiles/ur_msgs__rosidl_typesupport_cpp.dir/rosidl_typesupport_cpp/ur_msgs/msg/tool_data_msg__type_support.cpp.o[0m
[12.810s] [ 23%] [32mBuilding CXX object CMakeFiles/ur_msgs__rosidl_typesupport_cpp.dir/rosidl_typesupport_cpp/ur_msgs/srv/set_analog_output__type_support.cpp.o[0m
[13.229s] [ 24%] [32mBuilding CXX object CMakeFiles/ur_msgs__rosidl_typesupport_cpp.dir/rosidl_typesupport_cpp/ur_msgs/srv/set_payload__type_support.cpp.o[0m
[13.775s] [ 25%] [32mBuilding CXX object CMakeFiles/ur_msgs__rosidl_typesupport_cpp.dir/rosidl_typesupport_cpp/ur_msgs/srv/set_speed_slider_fraction__type_support.cpp.o[0m
[13.776s] [ 26%] [32mBuilding CXX object CMakeFiles/ur_msgs__rosidl_typesupport_cpp.dir/rosidl_typesupport_cpp/ur_msgs/srv/set_io__type_support.cpp.o[0m
[14.018s] [ 27%] [32mBuilding CXX object CMakeFiles/ur_msgs__rosidl_typesupport_cpp.dir/rosidl_typesupport_cpp/ur_msgs/srv/get_robot_software_version__type_support.cpp.o[0m
[14.053s] [ 27%] [32mBuilding CXX object CMakeFiles/ur_msgs__rosidl_typesupport_cpp.dir/rosidl_typesupport_cpp/ur_msgs/srv/set_force_mode__type_support.cpp.o[0m
[15.758s] [ 28%] [32m[1mLinking CXX shared library libur_msgs__rosidl_typesupport_cpp.so[0m
[16.105s] [ 28%] Built target ur_msgs__rosidl_typesupport_cpp
[16.309s] [ 29%] [32mBuilding CXX object CMakeFiles/ur_msgs__rosidl_typesupport_introspection_cpp.dir/rosidl_typesupport_introspection_cpp/ur_msgs/msg/detail/analog__type_support.cpp.o[0m
[16.314s] [ 30%] [32mBuilding CXX object CMakeFiles/ur_msgs__rosidl_typesupport_introspection_cpp.dir/rosidl_typesupport_introspection_cpp/ur_msgs/msg/detail/digital__type_support.cpp.o[0m
[16.340s] [ 31%] [32mBuilding CXX object CMakeFiles/ur_msgs__rosidl_typesupport_introspection_cpp.dir/rosidl_typesupport_introspection_cpp/ur_msgs/msg/detail/robot_mode_data_msg__type_support.cpp.o[0m
[16.342s] [ 31%] [32mBuilding CXX object CMakeFiles/ur_msgs__rosidl_typesupport_introspection_cpp.dir/rosidl_typesupport_introspection_cpp/ur_msgs/msg/detail/masterboard_data_msg__type_support.cpp.o[0m
[16.348s] [ 32%] [32mBuilding CXX object CMakeFiles/ur_msgs__rosidl_typesupport_introspection_cpp.dir/rosidl_typesupport_introspection_cpp/ur_msgs/msg/detail/io_states__type_support.cpp.o[0m
[16.358s] [ 33%] [32mBuilding CXX object CMakeFiles/ur_msgs__rosidl_typesupport_introspection_cpp.dir/rosidl_typesupport_introspection_cpp/ur_msgs/msg/detail/robot_state_rt_msg__type_support.cpp.o[0m
[16.368s] [ 34%] [32mBuilding CXX object CMakeFiles/ur_msgs__rosidl_typesupport_introspection_cpp.dir/rosidl_typesupport_introspection_cpp/ur_msgs/msg/detail/tool_data_msg__type_support.cpp.o[0m
[16.390s] [ 35%] [32mBuilding CXX object CMakeFiles/ur_msgs__rosidl_typesupport_introspection_cpp.dir/rosidl_typesupport_introspection_cpp/ur_msgs/srv/detail/set_analog_output__type_support.cpp.o[0m
[16.448s] [ 35%] [32mBuilding CXX object CMakeFiles/ur_msgs__rosidl_typesupport_c.dir/rosidl_typesupport_c/ur_msgs/msg/analog__type_support.cpp.o[0m
[16.690s] [ 36%] [32mBuilding CXX object CMakeFiles/ur_msgs__rosidl_typesupport_c.dir/rosidl_typesupport_c/ur_msgs/msg/digital__type_support.cpp.o[0m
[16.926s] [ 37%] [32mBuilding CXX object CMakeFiles/ur_msgs__rosidl_typesupport_c.dir/rosidl_typesupport_c/ur_msgs/msg/io_states__type_support.cpp.o[0m
[17.109s] [ 38%] [32mBuilding CXX object CMakeFiles/ur_msgs__rosidl_typesupport_c.dir/rosidl_typesupport_c/ur_msgs/msg/robot_state_rt_msg__type_support.cpp.o[0m
[17.336s] [ 39%] [32mBuilding CXX object CMakeFiles/ur_msgs__rosidl_typesupport_c.dir/rosidl_typesupport_c/ur_msgs/msg/masterboard_data_msg__type_support.cpp.o[0m
[17.427s] [ 39%] [32mBuilding CXX object CMakeFiles/ur_msgs__rosidl_typesupport_c.dir/rosidl_typesupport_c/ur_msgs/msg/robot_mode_data_msg__type_support.cpp.o[0m
[17.575s] [ 40%] [32mBuilding CXX object CMakeFiles/ur_msgs__rosidl_typesupport_c.dir/rosidl_typesupport_c/ur_msgs/msg/tool_data_msg__type_support.cpp.o[0m
[17.741s] [ 41%] [32mBuilding CXX object CMakeFiles/ur_msgs__rosidl_typesupport_c.dir/rosidl_typesupport_c/ur_msgs/srv/set_analog_output__type_support.cpp.o[0m
[17.846s] [ 42%] [32mBuilding CXX object CMakeFiles/ur_msgs__rosidl_typesupport_c.dir/rosidl_typesupport_c/ur_msgs/srv/set_payload__type_support.cpp.o[0m
[17.954s] [ 43%] [32mBuilding CXX object CMakeFiles/ur_msgs__rosidl_typesupport_c.dir/rosidl_typesupport_c/ur_msgs/srv/set_speed_slider_fraction__type_support.cpp.o[0m
[18.018s] [ 43%] [32mBuilding CXX object CMakeFiles/ur_msgs__rosidl_typesupport_c.dir/rosidl_typesupport_c/ur_msgs/srv/set_io__type_support.cpp.o[0m
[18.237s] [ 44%] [32mBuilding CXX object CMakeFiles/ur_msgs__rosidl_typesupport_c.dir/rosidl_typesupport_c/ur_msgs/srv/get_robot_software_version__type_support.cpp.o[0m
[18.460s] [ 45%] [32mBuilding CXX object CMakeFiles/ur_msgs__rosidl_typesupport_c.dir/rosidl_typesupport_c/ur_msgs/srv/set_force_mode__type_support.cpp.o[0m
[18.641s] [ 46%] [32m[1mLinking CXX shared library libur_msgs__rosidl_typesupport_c.so[0m
[18.879s] [ 46%] Built target ur_msgs__rosidl_typesupport_c
[18.992s] [ 47%] [32mBuilding CXX object CMakeFiles/ur_msgs__rosidl_typesupport_fastrtps_cpp.dir/rosidl_typesupport_fastrtps_cpp/ur_msgs/msg/detail/dds_fastrtps/analog__type_support.cpp.o[0m
[19.219s] [ 48%] [32mBuilding CXX object CMakeFiles/ur_msgs__rosidl_typesupport_introspection_cpp.dir/rosidl_typesupport_introspection_cpp/ur_msgs/srv/detail/set_force_mode__type_support.cpp.o[0m
[19.243s] [ 49%] [32mBuilding C object CMakeFiles/ur_msgs__rosidl_typesupport_introspection_c.dir/rosidl_typesupport_introspection_c/ur_msgs/msg/detail/analog__type_support.c.o[0m
[19.275s] [ 50%] [32mBuilding CXX object CMakeFiles/ur_msgs__rosidl_typesupport_fastrtps_c.dir/rosidl_typesupport_fastrtps_c/ur_msgs/msg/detail/analog__type_support_c.cpp.o[0m
[19.400s] [ 51%] [32mBuilding C object CMakeFiles/ur_msgs__rosidl_typesupport_introspection_c.dir/rosidl_typesupport_introspection_c/ur_msgs/msg/detail/digital__type_support.c.o[0m
[19.551s] [ 51%] [32mBuilding C object CMakeFiles/ur_msgs__rosidl_typesupport_introspection_c.dir/rosidl_typesupport_introspection_c/ur_msgs/msg/detail/io_states__type_support.c.o[0m
[19.713s] [ 52%] [32mBuilding C object CMakeFiles/ur_msgs__rosidl_typesupport_introspection_c.dir/rosidl_typesupport_introspection_c/ur_msgs/msg/detail/robot_state_rt_msg__type_support.c.o[0m
[19.975s] [ 53%] [32mBuilding C object CMakeFiles/ur_msgs__rosidl_typesupport_introspection_c.dir/rosidl_typesupport_introspection_c/ur_msgs/msg/detail/masterboard_data_msg__type_support.c.o[0m
[20.107s] [ 54%] [32mBuilding C object CMakeFiles/ur_msgs__rosidl_typesupport_introspection_c.dir/rosidl_typesupport_introspection_c/ur_msgs/msg/detail/robot_mode_data_msg__type_support.c.o[0m
[20.222s] [ 55%] [32mBuilding C object CMakeFiles/ur_msgs__rosidl_typesupport_introspection_c.dir/rosidl_typesupport_introspection_c/ur_msgs/msg/detail/tool_data_msg__type_support.c.o[0m
[20.332s] [ 56%] [32mBuilding CXX object CMakeFiles/ur_msgs__rosidl_typesupport_fastrtps_cpp.dir/rosidl_typesupport_fastrtps_cpp/ur_msgs/msg/detail/dds_fastrtps/masterboard_data_msg__type_support.cpp.o[0m
[20.344s] [ 56%] [32mBuilding C object CMakeFiles/ur_msgs__rosidl_typesupport_introspection_c.dir/rosidl_typesupport_introspection_c/ur_msgs/srv/detail/set_analog_output__type_support.c.o[0m
[20.388s] [ 57%] [32mBuilding CXX object CMakeFiles/ur_msgs__rosidl_typesupport_introspection_cpp.dir/rosidl_typesupport_introspection_cpp/ur_msgs/srv/detail/get_robot_software_version__type_support.cpp.o[0m
[20.419s] [ 57%] [32mBuilding CXX object CMakeFiles/ur_msgs__rosidl_typesupport_fastrtps_c.dir/rosidl_typesupport_fastrtps_c/ur_msgs/msg/detail/digital__type_support_c.cpp.o[0m
[20.505s] [ 58%] [32mBuilding C object CMakeFiles/ur_msgs__rosidl_typesupport_introspection_c.dir/rosidl_typesupport_introspection_c/ur_msgs/srv/detail/set_payload__type_support.c.o[0m
[20.635s] [ 59%] [32mBuilding C object CMakeFiles/ur_msgs__rosidl_typesupport_introspection_c.dir/rosidl_typesupport_introspection_c/ur_msgs/srv/detail/set_speed_slider_fraction__type_support.c.o[0m
[20.749s] [ 60%] [32mBuilding C object CMakeFiles/ur_msgs__rosidl_typesupport_introspection_c.dir/rosidl_typesupport_introspection_c/ur_msgs/srv/detail/set_io__type_support.c.o[0m
[20.856s] [ 61%] [32mBuilding C object CMakeFiles/ur_msgs__rosidl_typesupport_introspection_c.dir/rosidl_typesupport_introspection_c/ur_msgs/srv/detail/get_robot_software_version__type_support.c.o[0m
[20.949s] [ 61%] [32mBuilding C object CMakeFiles/ur_msgs__rosidl_typesupport_introspection_c.dir/rosidl_typesupport_introspection_c/ur_msgs/srv/detail/set_force_mode__type_support.c.o[0m
[21.028s] [ 62%] [32m[1mLinking C shared library libur_msgs__rosidl_typesupport_introspection_c.so[0m
[21.156s] [ 62%] Built target ur_msgs__rosidl_typesupport_introspection_c
[21.407s] [ 63%] [32mBuilding CXX object CMakeFiles/ur_msgs__rosidl_typesupport_fastrtps_c.dir/rosidl_typesupport_fastrtps_c/ur_msgs/msg/detail/io_states__type_support_c.cpp.o[0m
[21.609s] [ 64%] [32mBuilding CXX object CMakeFiles/ur_msgs__rosidl_typesupport_fastrtps_cpp.dir/rosidl_typesupport_fastrtps_cpp/ur_msgs/srv/detail/dds_fastrtps/set_analog_output__type_support.cpp.o[0m
[21.775s] [ 65%] [32mBuilding CXX object CMakeFiles/ur_msgs__rosidl_typesupport_introspection_cpp.dir/rosidl_typesupport_introspection_cpp/ur_msgs/srv/detail/set_io__type_support.cpp.o[0m
[22.055s] [ 66%] [32mBuilding CXX object CMakeFiles/ur_msgs__rosidl_typesupport_fastrtps_c.dir/rosidl_typesupport_fastrtps_c/ur_msgs/msg/detail/masterboard_data_msg__type_support_c.cpp.o[0m
[22.475s] [ 66%] [32mBuilding CXX object CMakeFiles/ur_msgs__rosidl_typesupport_introspection_cpp.dir/rosidl_typesupport_introspection_cpp/ur_msgs/srv/detail/set_speed_slider_fraction__type_support.cpp.o[0m
[22.629s] [ 67%] [32mBuilding CXX object CMakeFiles/ur_msgs__rosidl_typesupport_fastrtps_cpp.dir/rosidl_typesupport_fastrtps_cpp/ur_msgs/srv/detail/dds_fastrtps/set_speed_slider_fraction__type_support.cpp.o[0m
[22.979s] [ 68%] [32mBuilding CXX object CMakeFiles/ur_msgs__rosidl_typesupport_fastrtps_c.dir/rosidl_typesupport_fastrtps_c/ur_msgs/msg/detail/robot_mode_data_msg__type_support_c.cpp.o[0m
[23.286s] [ 69%] [32mBuilding CXX object CMakeFiles/ur_msgs__rosidl_typesupport_fastrtps_cpp.dir/rosidl_typesupport_fastrtps_cpp/ur_msgs/srv/detail/dds_fastrtps/set_io__type_support.cpp.o[0m
[23.392s] [ 70%] [32mBuilding CXX object CMakeFiles/ur_msgs__rosidl_typesupport_introspection_cpp.dir/rosidl_typesupport_introspection_cpp/ur_msgs/srv/detail/set_payload__type_support.cpp.o[0m
[23.570s] [ 70%] [32mBuilding CXX object CMakeFiles/ur_msgs__rosidl_typesupport_fastrtps_c.dir/rosidl_typesupport_fastrtps_c/ur_msgs/msg/detail/tool_data_msg__type_support_c.cpp.o[0m
[23.974s] [ 71%] [32mBuilding CXX object CMakeFiles/ur_msgs__rosidl_typesupport_fastrtps_cpp.dir/rosidl_typesupport_fastrtps_cpp/ur_msgs/srv/detail/dds_fastrtps/get_robot_software_version__type_support.cpp.o[0m
[24.044s] [ 72%] [32mBuilding CXX object CMakeFiles/ur_msgs__rosidl_typesupport_fastrtps_c.dir/rosidl_typesupport_fastrtps_c/ur_msgs/srv/detail/set_payload__type_support_c.cpp.o[0m
[24.193s] [ 73%] [32m[1mLinking CXX shared library libur_msgs__rosidl_typesupport_introspection_cpp.so[0m
[24.534s] [ 73%] Built target ur_msgs__rosidl_typesupport_introspection_cpp
[24.595s] [ 74%] [32mBuilding CXX object CMakeFiles/ur_msgs__rosidl_typesupport_fastrtps_c.dir/rosidl_typesupport_fastrtps_c/ur_msgs/srv/detail/set_speed_slider_fraction__type_support_c.cpp.o[0m
[24.697s] [ 75%] [32mBuilding CXX object CMakeFiles/ur_msgs__rosidl_typesupport_fastrtps_cpp.dir/rosidl_typesupport_fastrtps_cpp/ur_msgs/srv/detail/dds_fastrtps/set_force_mode__type_support.cpp.o[0m
[25.104s] [ 75%] [32mBuilding CXX object CMakeFiles/ur_msgs__rosidl_typesupport_fastrtps_c.dir/rosidl_typesupport_fastrtps_c/ur_msgs/srv/detail/get_robot_software_version__type_support_c.cpp.o[0m
[25.398s] [ 75%] [32mBuilding CXX object CMakeFiles/ur_msgs__rosidl_typesupport_fastrtps_cpp.dir/rosidl_typesupport_fastrtps_cpp/ur_msgs/srv/detail/dds_fastrtps/set_payload__type_support.cpp.o[0m
[25.684s] [ 76%] [32mBuilding CXX object CMakeFiles/ur_msgs__rosidl_typesupport_fastrtps_c.dir/rosidl_typesupport_fastrtps_c/ur_msgs/srv/detail/set_force_mode__type_support_c.cpp.o[0m
[25.996s] [ 77%] [32mBuilding CXX object CMakeFiles/ur_msgs__rosidl_typesupport_fastrtps_cpp.dir/rosidl_typesupport_fastrtps_cpp/ur_msgs/msg/detail/dds_fastrtps/tool_data_msg__type_support.cpp.o[0m
[26.229s] [ 78%] [32mBuilding CXX object CMakeFiles/ur_msgs__rosidl_typesupport_fastrtps_c.dir/rosidl_typesupport_fastrtps_c/ur_msgs/srv/detail/set_io__type_support_c.cpp.o[0m
[26.554s] [ 79%] [32mBuilding CXX object CMakeFiles/ur_msgs__rosidl_typesupport_fastrtps_cpp.dir/rosidl_typesupport_fastrtps_cpp/ur_msgs/msg/detail/dds_fastrtps/robot_mode_data_msg__type_support.cpp.o[0m
[26.708s] [ 80%] [32mBuilding CXX object CMakeFiles/ur_msgs__rosidl_typesupport_fastrtps_c.dir/rosidl_typesupport_fastrtps_c/ur_msgs/srv/detail/set_analog_output__type_support_c.cpp.o[0m
[27.099s] [ 80%] [32mBuilding CXX object CMakeFiles/ur_msgs__rosidl_typesupport_fastrtps_cpp.dir/rosidl_typesupport_fastrtps_cpp/ur_msgs/msg/detail/dds_fastrtps/robot_state_rt_msg__type_support.cpp.o[0m
[27.187s] [ 81%] [32mBuilding CXX object CMakeFiles/ur_msgs__rosidl_typesupport_fastrtps_c.dir/rosidl_typesupport_fastrtps_c/ur_msgs/msg/detail/robot_state_rt_msg__type_support_c.cpp.o[0m
[27.683s] [ 82%] [32m[1mLinking CXX shared library libur_msgs__rosidl_typesupport_fastrtps_c.so[0m
[27.893s] [ 83%] [32mBuilding CXX object CMakeFiles/ur_msgs__rosidl_typesupport_fastrtps_cpp.dir/rosidl_typesupport_fastrtps_cpp/ur_msgs/msg/detail/dds_fastrtps/io_states__type_support.cpp.o[0m
[27.975s] [ 83%] Built target ur_msgs__rosidl_typesupport_fastrtps_c
[28.489s] [ 84%] [32mBuilding CXX object CMakeFiles/ur_msgs__rosidl_typesupport_fastrtps_cpp.dir/rosidl_typesupport_fastrtps_cpp/ur_msgs/msg/detail/dds_fastrtps/digital__type_support.cpp.o[0m
[29.007s] [ 84%] [32m[1mLinking CXX shared library libur_msgs__rosidl_typesupport_fastrtps_cpp.so[0m
[29.158s] [ 84%] Built target ur_msgs__rosidl_typesupport_fastrtps_cpp
[29.197s] [ 84%] Built target ur_msgs
[29.234s] [ 85%] [34m[1mGenerating Python code for ROS interfaces[0m
[33.024s] [ 85%] Built target ur_msgs__py
[33.054s] [ 86%] [32mBuilding C object CMakeFiles/ur_msgs__rosidl_generator_py.dir/rosidl_generator_py/ur_msgs/msg/_analog_s.c.o[0m
[33.152s] [ 86%] [32mBuilding C object CMakeFiles/ur_msgs__rosidl_generator_py.dir/rosidl_generator_py/ur_msgs/srv/_get_robot_software_version_s.c.o[0m
[33.259s] [ 87%] [32mBuilding C object CMakeFiles/ur_msgs__rosidl_generator_py.dir/rosidl_generator_py/ur_msgs/srv/_set_force_mode_s.c.o[0m
[33.410s] [ 88%] [32mBuilding C object CMakeFiles/ur_msgs__rosidl_generator_py.dir/rosidl_generator_py/ur_msgs/srv/_set_io_s.c.o[0m
[33.536s] [ 89%] [32mBuilding C object CMakeFiles/ur_msgs__rosidl_generator_py.dir/rosidl_generator_py/ur_msgs/srv/_set_speed_slider_fraction_s.c.o[0m
[33.630s] [ 90%] [32mBuilding C object CMakeFiles/ur_msgs__rosidl_generator_py.dir/rosidl_generator_py/ur_msgs/srv/_set_payload_s.c.o[0m
[33.729s] [ 91%] [32mBuilding C object CMakeFiles/ur_msgs__rosidl_generator_py.dir/rosidl_generator_py/ur_msgs/srv/_set_analog_output_s.c.o[0m
[33.830s] [ 91%] [32mBuilding C object CMakeFiles/ur_msgs__rosidl_generator_py.dir/rosidl_generator_py/ur_msgs/msg/_tool_data_msg_s.c.o[0m
[33.921s] [ 92%] [32mBuilding C object CMakeFiles/ur_msgs__rosidl_generator_py.dir/rosidl_generator_py/ur_msgs/msg/_robot_mode_data_msg_s.c.o[0m
[34.011s] [ 93%] [32mBuilding C object CMakeFiles/ur_msgs__rosidl_generator_py.dir/rosidl_generator_py/ur_msgs/msg/_masterboard_data_msg_s.c.o[0m
[34.114s] [ 94%] [32mBuilding C object CMakeFiles/ur_msgs__rosidl_generator_py.dir/rosidl_generator_py/ur_msgs/msg/_robot_state_rt_msg_s.c.o[0m
[34.274s] [ 95%] [32mBuilding C object CMakeFiles/ur_msgs__rosidl_generator_py.dir/rosidl_generator_py/ur_msgs/msg/_io_states_s.c.o[0m
[34.372s] [ 95%] [32mBuilding C object CMakeFiles/ur_msgs__rosidl_generator_py.dir/rosidl_generator_py/ur_msgs/msg/_digital_s.c.o[0m
[34.459s] [ 96%] [32m[1mLinking C shared library rosidl_generator_py/ur_msgs/libur_msgs__rosidl_generator_py.so[0m
[34.510s] [ 96%] Built target ur_msgs__rosidl_generator_py
[34.536s] [ 97%] [32mBuilding C object CMakeFiles/ur_msgs__rosidl_typesupport_fastrtps_c__pyext.dir/rosidl_generator_py/ur_msgs/_ur_msgs_s.ep.rosidl_typesupport_fastrtps_c.c.o[0m
[34.674s] [ 97%] [32m[1mLinking C shared library rosidl_generator_py/ur_msgs/ur_msgs_s__rosidl_typesupport_fastrtps_c.cpython-310-x86_64-linux-gnu.so[0m
[34.718s] [ 97%] Built target ur_msgs__rosidl_typesupport_fastrtps_c__pyext
[34.745s] [ 98%] [32mBuilding C object CMakeFiles/ur_msgs__rosidl_typesupport_c__pyext.dir/rosidl_generator_py/ur_msgs/_ur_msgs_s.ep.rosidl_typesupport_c.c.o[0m
[34.887s] [ 98%] [32m[1mLinking C shared library rosidl_generator_py/ur_msgs/ur_msgs_s__rosidl_typesupport_c.cpython-310-x86_64-linux-gnu.so[0m
[34.931s] [ 98%] Built target ur_msgs__rosidl_typesupport_c__pyext
[34.957s] [ 99%] [32mBuilding C object CMakeFiles/ur_msgs__rosidl_typesupport_introspection_c__pyext.dir/rosidl_generator_py/ur_msgs/_ur_msgs_s.ep.rosidl_typesupport_introspection_c.c.o[0m
[35.095s] [100%] [32m[1mLinking C shared library rosidl_generator_py/ur_msgs/ur_msgs_s__rosidl_typesupport_introspection_c.cpython-310-x86_64-linux-gnu.so[0m
[35.140s] [100%] Built target ur_msgs__rosidl_typesupport_introspection_c__pyext
[35.156s] Invoked command in '/home/sebas/workspace/ros_ur_driver/build/ur_msgs' returned '0': CMAKE_PREFIX_PATH=${CMAKE_PREFIX_PATH}:/home/sebas/workspace/ros_ur_driver/install/ur3_rl:/home/sebas/workspace/ros_ur_driver/install/rqt_joint_trajectory_controller:/home/sebas/workspace/ros_ur_driver/install/rqt_controller_manager:/home/sebas/workspace/ros_ur_driver/install/ros2controlcli:/home/sebas/workspace/ros_ur_driver/install/ros2_controllers_test_nodes:/opt/ros/humble /usr/bin/cmake --build /home/sebas/workspace/ros_ur_driver/build/ur_msgs -- -j12 -l12
[35.726s] Invoking command in '/home/sebas/workspace/ros_ur_driver/build/ur_msgs': CMAKE_PREFIX_PATH=${CMAKE_PREFIX_PATH}:/home/sebas/workspace/ros_ur_driver/install/ur3_rl:/home/sebas/workspace/ros_ur_driver/install/rqt_joint_trajectory_controller:/home/sebas/workspace/ros_ur_driver/install/rqt_controller_manager:/home/sebas/workspace/ros_ur_driver/install/ros2controlcli:/home/sebas/workspace/ros_ur_driver/install/ros2_controllers_test_nodes:/opt/ros/humble /usr/bin/cmake --install /home/sebas/workspace/ros_ur_driver/build/ur_msgs
[35.736s] -- Install configuration: ""
[35.736s] -- Installing: /home/sebas/workspace/ros_ur_driver/install/ur_msgs/share/ament_index/resource_index/rosidl_interfaces/ur_msgs
[35.737s] -- Installing: /home/sebas/workspace/ros_ur_driver/install/ur_msgs/include/ur_msgs/ur_msgs
[35.737s] -- Installing: /home/sebas/workspace/ros_ur_driver/install/ur_msgs/include/ur_msgs/ur_msgs/srv
[35.737s] -- Installing: /home/sebas/workspace/ros_ur_driver/install/ur_msgs/include/ur_msgs/ur_msgs/srv/set_force_mode.h
[35.737s] -- Installing: /home/sebas/workspace/ros_ur_driver/install/ur_msgs/include/ur_msgs/ur_msgs/srv/set_payload.h
[35.737s] -- Installing: /home/sebas/workspace/ros_ur_driver/install/ur_msgs/include/ur_msgs/ur_msgs/srv/set_speed_slider_fraction.h
[35.737s] -- Installing: /home/sebas/workspace/ros_ur_driver/install/ur_msgs/include/ur_msgs/ur_msgs/srv/set_io.h
[35.737s] -- Installing: /home/sebas/workspace/ros_ur_driver/install/ur_msgs/include/ur_msgs/ur_msgs/srv/get_robot_software_version.h
[35.738s] -- Installing: /home/sebas/workspace/ros_ur_driver/install/ur_msgs/include/ur_msgs/ur_msgs/srv/set_analog_output.h
[35.738s] -- Installing: /home/sebas/workspace/ros_ur_driver/install/ur_msgs/include/ur_msgs/ur_msgs/srv/detail
[35.738s] -- Installing: /home/sebas/workspace/ros_ur_driver/install/ur_msgs/include/ur_msgs/ur_msgs/srv/detail/set_force_mode__struct.h
[35.738s] -- Installing: /home/sebas/workspace/ros_ur_driver/install/ur_msgs/include/ur_msgs/ur_msgs/srv/detail/get_robot_software_version__type_support.h
[35.738s] -- Installing: /home/sebas/workspace/ros_ur_driver/install/ur_msgs/include/ur_msgs/ur_msgs/srv/detail/set_io__struct.h
[35.738s] -- Installing: /home/sebas/workspace/ros_ur_driver/install/ur_msgs/include/ur_msgs/ur_msgs/srv/detail/set_force_mode__type_support.h
[35.738s] -- Installing: /home/sebas/workspace/ros_ur_driver/install/ur_msgs/include/ur_msgs/ur_msgs/srv/detail/set_force_mode__functions.c
[35.738s] -- Installing: /home/sebas/workspace/ros_ur_driver/install/ur_msgs/include/ur_msgs/ur_msgs/srv/detail/set_io__functions.c
[35.738s] -- Installing: /home/sebas/workspace/ros_ur_driver/install/ur_msgs/include/ur_msgs/ur_msgs/srv/detail/set_force_mode__functions.h
[35.739s] -- Installing: /home/sebas/workspace/ros_ur_driver/install/ur_msgs/include/ur_msgs/ur_msgs/srv/detail/set_speed_slider_fraction__functions.h
[35.739s] -- Installing: /home/sebas/workspace/ros_ur_driver/install/ur_msgs/include/ur_msgs/ur_msgs/srv/detail/set_payload__struct.h
[35.739s] -- Installing: /home/sebas/workspace/ros_ur_driver/install/ur_msgs/include/ur_msgs/ur_msgs/srv/detail/set_speed_slider_fraction__type_support.h
[35.739s] -- Installing: /home/sebas/workspace/ros_ur_driver/install/ur_msgs/include/ur_msgs/ur_msgs/srv/detail/set_speed_slider_fraction__functions.c
[35.739s] -- Installing: /home/sebas/workspace/ros_ur_driver/install/ur_msgs/include/ur_msgs/ur_msgs/srv/detail/set_io__type_support.h
[35.739s] -- Installing: /home/sebas/workspace/ros_ur_driver/install/ur_msgs/include/ur_msgs/ur_msgs/srv/detail/set_analog_output__functions.c
[35.740s] -- Installing: /home/sebas/workspace/ros_ur_driver/install/ur_msgs/include/ur_msgs/ur_msgs/srv/detail/set_analog_output__functions.h
[35.740s] -- Installing: /home/sebas/workspace/ros_ur_driver/install/ur_msgs/include/ur_msgs/ur_msgs/srv/detail/set_payload__functions.h
[35.740s] -- Installing: /home/sebas/workspace/ros_ur_driver/install/ur_msgs/include/ur_msgs/ur_msgs/srv/detail/set_io__functions.h
[35.740s] -- Installing: /home/sebas/workspace/ros_ur_driver/install/ur_msgs/include/ur_msgs/ur_msgs/srv/detail/set_speed_slider_fraction__struct.h
[35.740s] -- Installing: /home/sebas/workspace/ros_ur_driver/install/ur_msgs/include/ur_msgs/ur_msgs/srv/detail/get_robot_software_version__functions.h
[35.740s] -- Installing: /home/sebas/workspace/ros_ur_driver/install/ur_msgs/include/ur_msgs/ur_msgs/srv/detail/get_robot_software_version__struct.h
[35.740s] -- Installing: /home/sebas/workspace/ros_ur_driver/install/ur_msgs/include/ur_msgs/ur_msgs/srv/detail/set_analog_output__type_support.h
[35.740s] -- Installing: /home/sebas/workspace/ros_ur_driver/install/ur_msgs/include/ur_msgs/ur_msgs/srv/detail/set_analog_output__struct.h
[35.741s] -- Installing: /home/sebas/workspace/ros_ur_driver/install/ur_msgs/include/ur_msgs/ur_msgs/srv/detail/set_payload__type_support.h
[35.741s] -- Installing: /home/sebas/workspace/ros_ur_driver/install/ur_msgs/include/ur_msgs/ur_msgs/srv/detail/set_payload__functions.c
[35.741s] -- Installing: /home/sebas/workspace/ros_ur_driver/install/ur_msgs/include/ur_msgs/ur_msgs/srv/detail/get_robot_software_version__functions.c
[35.741s] -- Installing: /home/sebas/workspace/ros_ur_driver/install/ur_msgs/include/ur_msgs/ur_msgs/msg
[35.741s] -- Installing: /home/sebas/workspace/ros_ur_driver/install/ur_msgs/include/ur_msgs/ur_msgs/msg/tool_data_msg.h
[35.741s] -- Installing: /home/sebas/workspace/ros_ur_driver/install/ur_msgs/include/ur_msgs/ur_msgs/msg/rosidl_generator_c__visibility_control.h
[35.741s] -- Installing: /home/sebas/workspace/ros_ur_driver/install/ur_msgs/include/ur_msgs/ur_msgs/msg/robot_state_rt_msg.h
[35.741s] -- Installing: /home/sebas/workspace/ros_ur_driver/install/ur_msgs/include/ur_msgs/ur_msgs/msg/io_states.h
[35.741s] -- Installing: /home/sebas/workspace/ros_ur_driver/install/ur_msgs/include/ur_msgs/ur_msgs/msg/masterboard_data_msg.h
[35.742s] -- Installing: /home/sebas/workspace/ros_ur_driver/install/ur_msgs/include/ur_msgs/ur_msgs/msg/analog.h
[35.742s] -- Installing: /home/sebas/workspace/ros_ur_driver/install/ur_msgs/include/ur_msgs/ur_msgs/msg/detail
[35.742s] -- Installing: /home/sebas/workspace/ros_ur_driver/install/ur_msgs/include/ur_msgs/ur_msgs/msg/detail/robot_mode_data_msg__functions.h
[35.742s] -- Installing: /home/sebas/workspace/ros_ur_driver/install/ur_msgs/include/ur_msgs/ur_msgs/msg/detail/analog__struct.h
[35.742s] -- Installing: /home/sebas/workspace/ros_ur_driver/install/ur_msgs/include/ur_msgs/ur_msgs/msg/detail/tool_data_msg__type_support.h
[35.742s] -- Installing: /home/sebas/workspace/ros_ur_driver/install/ur_msgs/include/ur_msgs/ur_msgs/msg/detail/tool_data_msg__functions.c
[35.742s] -- Installing: /home/sebas/workspace/ros_ur_driver/install/ur_msgs/include/ur_msgs/ur_msgs/msg/detail/analog__functions.h
[35.742s] -- Installing: /home/sebas/workspace/ros_ur_driver/install/ur_msgs/include/ur_msgs/ur_msgs/msg/detail/io_states__functions.c
[35.742s] -- Installing: /home/sebas/workspace/ros_ur_driver/install/ur_msgs/include/ur_msgs/ur_msgs/msg/detail/robot_state_rt_msg__type_support.h
[35.743s] -- Installing: /home/sebas/workspace/ros_ur_driver/install/ur_msgs/include/ur_msgs/ur_msgs/msg/detail/robot_state_rt_msg__struct.h
[35.743s] -- Installing: /home/sebas/workspace/ros_ur_driver/install/ur_msgs/include/ur_msgs/ur_msgs/msg/detail/io_states__functions.h
[35.743s] -- Installing: /home/sebas/workspace/ros_ur_driver/install/ur_msgs/include/ur_msgs/ur_msgs/msg/detail/robot_mode_data_msg__functions.c
[35.743s] -- Installing: /home/sebas/workspace/ros_ur_driver/install/ur_msgs/include/ur_msgs/ur_msgs/msg/detail/masterboard_data_msg__functions.c
[35.743s] -- Installing: /home/sebas/workspace/ros_ur_driver/install/ur_msgs/include/ur_msgs/ur_msgs/msg/detail/robot_mode_data_msg__type_support.h
[35.743s] -- Installing: /home/sebas/workspace/ros_ur_driver/install/ur_msgs/include/ur_msgs/ur_msgs/msg/detail/analog__type_support.h
[35.743s] -- Installing: /home/sebas/workspace/ros_ur_driver/install/ur_msgs/include/ur_msgs/ur_msgs/msg/detail/digital__functions.h
[35.744s] -- Installing: /home/sebas/workspace/ros_ur_driver/install/ur_msgs/include/ur_msgs/ur_msgs/msg/detail/robot_state_rt_msg__functions.c
[35.744s] -- Installing: /home/sebas/workspace/ros_ur_driver/install/ur_msgs/include/ur_msgs/ur_msgs/msg/detail/robot_state_rt_msg__functions.h
[35.744s] -- Installing: /home/sebas/workspace/ros_ur_driver/install/ur_msgs/include/ur_msgs/ur_msgs/msg/detail/io_states__struct.h
[35.744s] -- Installing: /home/sebas/workspace/ros_ur_driver/install/ur_msgs/include/ur_msgs/ur_msgs/msg/detail/analog__functions.c
[35.744s] -- Installing: /home/sebas/workspace/ros_ur_driver/install/ur_msgs/include/ur_msgs/ur_msgs/msg/detail/masterboard_data_msg__struct.h
[35.744s] -- Installing: /home/sebas/workspace/ros_ur_driver/install/ur_msgs/include/ur_msgs/ur_msgs/msg/detail/tool_data_msg__struct.h
[35.744s] -- Installing: /home/sebas/workspace/ros_ur_driver/install/ur_msgs/include/ur_msgs/ur_msgs/msg/detail/robot_mode_data_msg__struct.h
[35.744s] -- Installing: /home/sebas/workspace/ros_ur_driver/install/ur_msgs/include/ur_msgs/ur_msgs/msg/detail/tool_data_msg__functions.h
[35.744s] -- Installing: /home/sebas/workspace/ros_ur_driver/install/ur_msgs/include/ur_msgs/ur_msgs/msg/detail/masterboard_data_msg__type_support.h
[35.745s] -- Installing: /home/sebas/workspace/ros_ur_driver/install/ur_msgs/include/ur_msgs/ur_msgs/msg/detail/io_states__type_support.h
[35.745s] -- Installing: /home/sebas/workspace/ros_ur_driver/install/ur_msgs/include/ur_msgs/ur_msgs/msg/detail/digital__functions.c
[35.745s] -- Installing: /home/sebas/workspace/ros_ur_driver/install/ur_msgs/include/ur_msgs/ur_msgs/msg/detail/digital__struct.h
[35.745s] -- Installing: /home/sebas/workspace/ros_ur_driver/install/ur_msgs/include/ur_msgs/ur_msgs/msg/detail/digital__type_support.h
[35.745s] -- Installing: /home/sebas/workspace/ros_ur_driver/install/ur_msgs/include/ur_msgs/ur_msgs/msg/detail/masterboard_data_msg__functions.h
[35.745s] -- Installing: /home/sebas/workspace/ros_ur_driver/install/ur_msgs/include/ur_msgs/ur_msgs/msg/robot_mode_data_msg.h
[35.745s] -- Installing: /home/sebas/workspace/ros_ur_driver/install/ur_msgs/include/ur_msgs/ur_msgs/msg/digital.h
[35.745s] -- Installing: /home/sebas/workspace/ros_ur_driver/install/ur_msgs/share/ur_msgs/environment/library_path.sh
[35.746s] -- Installing: /home/sebas/workspace/ros_ur_driver/install/ur_msgs/share/ur_msgs/environment/library_path.dsv
[35.746s] -- Installing: /home/sebas/workspace/ros_ur_driver/install/ur_msgs/lib/libur_msgs__rosidl_generator_c.so
[35.746s] -- Set runtime path of "/home/sebas/workspace/ros_ur_driver/install/ur_msgs/lib/libur_msgs__rosidl_generator_c.so" to ""
[35.746s] -- Up-to-date: /home/sebas/workspace/ros_ur_driver/install/ur_msgs/include/ur_msgs/ur_msgs
[35.747s] -- Up-to-date: /home/sebas/workspace/ros_ur_driver/install/ur_msgs/include/ur_msgs/ur_msgs/srv
[35.747s] -- Up-to-date: /home/sebas/workspace/ros_ur_driver/install/ur_msgs/include/ur_msgs/ur_msgs/srv/detail
[35.747s] -- Installing: /home/sebas/workspace/ros_ur_driver/install/ur_msgs/include/ur_msgs/ur_msgs/srv/detail/get_robot_software_version__rosidl_typesupport_fastrtps_c.h
[35.747s] -- Installing: /home/sebas/workspace/ros_ur_driver/install/ur_msgs/include/ur_msgs/ur_msgs/srv/detail/set_payload__rosidl_typesupport_fastrtps_c.h
[35.747s] -- Installing: /home/sebas/workspace/ros_ur_driver/install/ur_msgs/include/ur_msgs/ur_msgs/srv/detail/set_force_mode__rosidl_typesupport_fastrtps_c.h
[35.747s] -- Installing: /home/sebas/workspace/ros_ur_driver/install/ur_msgs/include/ur_msgs/ur_msgs/srv/detail/set_io__rosidl_typesupport_fastrtps_c.h
[35.747s] -- Installing: /home/sebas/workspace/ros_ur_driver/install/ur_msgs/include/ur_msgs/ur_msgs/srv/detail/set_speed_slider_fraction__rosidl_typesupport_fastrtps_c.h
[35.747s] -- Installing: /home/sebas/workspace/ros_ur_driver/install/ur_msgs/include/ur_msgs/ur_msgs/srv/detail/set_analog_output__rosidl_typesupport_fastrtps_c.h
[35.747s] -- Up-to-date: /home/sebas/workspace/ros_ur_driver/install/ur_msgs/include/ur_msgs/ur_msgs/msg
[35.747s] -- Installing: /home/sebas/workspace/ros_ur_driver/install/ur_msgs/include/ur_msgs/ur_msgs/msg/rosidl_typesupport_fastrtps_c__visibility_control.h
[35.747s] -- Up-to-date: /home/sebas/workspace/ros_ur_driver/install/ur_msgs/include/ur_msgs/ur_msgs/msg/detail
[35.747s] -- Installing: /home/sebas/workspace/ros_ur_driver/install/ur_msgs/include/ur_msgs/ur_msgs/msg/detail/robot_mode_data_msg__rosidl_typesupport_fastrtps_c.h
[35.748s] -- Installing: /home/sebas/workspace/ros_ur_driver/install/ur_msgs/include/ur_msgs/ur_msgs/msg/detail/io_states__rosidl_typesupport_fastrtps_c.h
[35.748s] -- Installing: /home/sebas/workspace/ros_ur_driver/install/ur_msgs/include/ur_msgs/ur_msgs/msg/detail/digital__rosidl_typesupport_fastrtps_c.h
[35.748s] -- Installing: /home/sebas/workspace/ros_ur_driver/install/ur_msgs/include/ur_msgs/ur_msgs/msg/detail/robot_state_rt_msg__rosidl_typesupport_fastrtps_c.h
[35.748s] -- Installing: /home/sebas/workspace/ros_ur_driver/install/ur_msgs/include/ur_msgs/ur_msgs/msg/detail/analog__rosidl_typesupport_fastrtps_c.h
[35.748s] -- Installing: /home/sebas/workspace/ros_ur_driver/install/ur_msgs/include/ur_msgs/ur_msgs/msg/detail/masterboard_data_msg__rosidl_typesupport_fastrtps_c.h
[35.748s] -- Installing: /home/sebas/workspace/ros_ur_driver/install/ur_msgs/include/ur_msgs/ur_msgs/msg/detail/tool_data_msg__rosidl_typesupport_fastrtps_c.h
[35.748s] -- Installing: /home/sebas/workspace/ros_ur_driver/install/ur_msgs/lib/libur_msgs__rosidl_typesupport_fastrtps_c.so
[35.749s] -- Set runtime path of "/home/sebas/workspace/ros_ur_driver/install/ur_msgs/lib/libur_msgs__rosidl_typesupport_fastrtps_c.so" to ""
[35.749s] -- Up-to-date: /home/sebas/workspace/ros_ur_driver/install/ur_msgs/include/ur_msgs/ur_msgs
[35.749s] -- Up-to-date: /home/sebas/workspace/ros_ur_driver/install/ur_msgs/include/ur_msgs/ur_msgs/srv
[35.749s] -- Installing: /home/sebas/workspace/ros_ur_driver/install/ur_msgs/include/ur_msgs/ur_msgs/srv/set_io.hpp
[35.749s] -- Installing: /home/sebas/workspace/ros_ur_driver/install/ur_msgs/include/ur_msgs/ur_msgs/srv/set_force_mode.hpp
[35.749s] -- Installing: /home/sebas/workspace/ros_ur_driver/install/ur_msgs/include/ur_msgs/ur_msgs/srv/set_analog_output.hpp
[35.749s] -- Installing: /home/sebas/workspace/ros_ur_driver/install/ur_msgs/include/ur_msgs/ur_msgs/srv/set_payload.hpp
[35.750s] -- Installing: /home/sebas/workspace/ros_ur_driver/install/ur_msgs/include/ur_msgs/ur_msgs/srv/get_robot_software_version.hpp
[35.750s] -- Up-to-date: /home/sebas/workspace/ros_ur_driver/install/ur_msgs/include/ur_msgs/ur_msgs/srv/detail
[35.750s] -- Installing: /home/sebas/workspace/ros_ur_driver/install/ur_msgs/include/ur_msgs/ur_msgs/srv/detail/set_force_mode__traits.hpp
[35.750s] -- Installing: /home/sebas/workspace/ros_ur_driver/install/ur_msgs/include/ur_msgs/ur_msgs/srv/detail/set_payload__builder.hpp
[35.750s] -- Installing: /home/sebas/workspace/ros_ur_driver/install/ur_msgs/include/ur_msgs/ur_msgs/srv/detail/set_payload__traits.hpp
[35.750s] -- Installing: /home/sebas/workspace/ros_ur_driver/install/ur_msgs/include/ur_msgs/ur_msgs/srv/detail/set_force_mode__builder.hpp
[35.750s] -- Installing: /home/sebas/workspace/ros_ur_driver/install/ur_msgs/include/ur_msgs/ur_msgs/srv/detail/set_payload__struct.hpp
[35.750s] -- Installing: /home/sebas/workspace/ros_ur_driver/install/ur_msgs/include/ur_msgs/ur_msgs/srv/detail/set_analog_output__traits.hpp
[35.750s] -- Installing: /home/sebas/workspace/ros_ur_driver/install/ur_msgs/include/ur_msgs/ur_msgs/srv/detail/get_robot_software_version__struct.hpp
[35.751s] -- Installing: /home/sebas/workspace/ros_ur_driver/install/ur_msgs/include/ur_msgs/ur_msgs/srv/detail/get_robot_software_version__traits.hpp
[35.751s] -- Installing: /home/sebas/workspace/ros_ur_driver/install/ur_msgs/include/ur_msgs/ur_msgs/srv/detail/set_io__struct.hpp
[35.751s] -- Installing: /home/sebas/workspace/ros_ur_driver/install/ur_msgs/include/ur_msgs/ur_msgs/srv/detail/set_io__builder.hpp
[35.751s] -- Installing: /home/sebas/workspace/ros_ur_driver/install/ur_msgs/include/ur_msgs/ur_msgs/srv/detail/set_speed_slider_fraction__builder.hpp
[35.751s] -- Installing: /home/sebas/workspace/ros_ur_driver/install/ur_msgs/include/ur_msgs/ur_msgs/srv/detail/set_speed_slider_fraction__traits.hpp
[35.751s] -- Installing: /home/sebas/workspace/ros_ur_driver/install/ur_msgs/include/ur_msgs/ur_msgs/srv/detail/set_analog_output__struct.hpp
[35.751s] -- Installing: /home/sebas/workspace/ros_ur_driver/install/ur_msgs/include/ur_msgs/ur_msgs/srv/detail/get_robot_software_version__builder.hpp
[35.752s] -- Installing: /home/sebas/workspace/ros_ur_driver/install/ur_msgs/include/ur_msgs/ur_msgs/srv/detail/set_io__traits.hpp
[35.752s] -- Installing: /home/sebas/workspace/ros_ur_driver/install/ur_msgs/include/ur_msgs/ur_msgs/srv/detail/set_analog_output__builder.hpp
[35.752s] -- Installing: /home/sebas/workspace/ros_ur_driver/install/ur_msgs/include/ur_msgs/ur_msgs/srv/detail/set_force_mode__struct.hpp
[35.752s] -- Installing: /home/sebas/workspace/ros_ur_driver/install/ur_msgs/include/ur_msgs/ur_msgs/srv/detail/set_speed_slider_fraction__struct.hpp
[35.752s] -- Installing: /home/sebas/workspace/ros_ur_driver/install/ur_msgs/include/ur_msgs/ur_msgs/srv/set_speed_slider_fraction.hpp
[35.752s] -- Up-to-date: /home/sebas/workspace/ros_ur_driver/install/ur_msgs/include/ur_msgs/ur_msgs/msg
[35.752s] -- Installing: /home/sebas/workspace/ros_ur_driver/install/ur_msgs/include/ur_msgs/ur_msgs/msg/masterboard_data_msg.hpp
[35.752s] -- Installing: /home/sebas/workspace/ros_ur_driver/install/ur_msgs/include/ur_msgs/ur_msgs/msg/robot_mode_data_msg.hpp
[35.753s] -- Installing: /home/sebas/workspace/ros_ur_driver/install/ur_msgs/include/ur_msgs/ur_msgs/msg/tool_data_msg.hpp
[35.753s] -- Installing: /home/sebas/workspace/ros_ur_driver/install/ur_msgs/include/ur_msgs/ur_msgs/msg/analog.hpp
[35.753s] -- Installing: /home/sebas/workspace/ros_ur_driver/install/ur_msgs/include/ur_msgs/ur_msgs/msg/digital.hpp
[35.753s] -- Up-to-date: /home/sebas/workspace/ros_ur_driver/install/ur_msgs/include/ur_msgs/ur_msgs/msg/detail
[35.753s] -- Installing: /home/sebas/workspace/ros_ur_driver/install/ur_msgs/include/ur_msgs/ur_msgs/msg/detail/io_states__struct.hpp
[35.753s] -- Installing: /home/sebas/workspace/ros_ur_driver/install/ur_msgs/include/ur_msgs/ur_msgs/msg/detail/robot_mode_data_msg__traits.hpp
[35.753s] -- Installing: /home/sebas/workspace/ros_ur_driver/install/ur_msgs/include/ur_msgs/ur_msgs/msg/detail/analog__traits.hpp
[35.754s] -- Installing: /home/sebas/workspace/ros_ur_driver/install/ur_msgs/include/ur_msgs/ur_msgs/msg/detail/digital__traits.hpp
[35.754s] -- Installing: /home/sebas/workspace/ros_ur_driver/install/ur_msgs/include/ur_msgs/ur_msgs/msg/detail/io_states__traits.hpp
[35.754s] -- Installing: /home/sebas/workspace/ros_ur_driver/install/ur_msgs/include/ur_msgs/ur_msgs/msg/detail/tool_data_msg__builder.hpp
[35.754s] -- Installing: /home/sebas/workspace/ros_ur_driver/install/ur_msgs/include/ur_msgs/ur_msgs/msg/detail/analog__struct.hpp
[35.754s] -- Installing: /home/sebas/workspace/ros_ur_driver/install/ur_msgs/include/ur_msgs/ur_msgs/msg/detail/robot_state_rt_msg__builder.hpp
[35.754s] -- Installing: /home/sebas/workspace/ros_ur_driver/install/ur_msgs/include/ur_msgs/ur_msgs/msg/detail/tool_data_msg__traits.hpp
[35.754s] -- Installing: /home/sebas/workspace/ros_ur_driver/install/ur_msgs/include/ur_msgs/ur_msgs/msg/detail/io_states__builder.hpp
[35.754s] -- Installing: /home/sebas/workspace/ros_ur_driver/install/ur_msgs/include/ur_msgs/ur_msgs/msg/detail/analog__builder.hpp
[35.754s] -- Installing: /home/sebas/workspace/ros_ur_driver/install/ur_msgs/include/ur_msgs/ur_msgs/msg/detail/robot_state_rt_msg__struct.hpp
[35.754s] -- Installing: /home/sebas/workspace/ros_ur_driver/install/ur_msgs/include/ur_msgs/ur_msgs/msg/detail/robot_mode_data_msg__struct.hpp
[35.755s] -- Installing: /home/sebas/workspace/ros_ur_driver/install/ur_msgs/include/ur_msgs/ur_msgs/msg/detail/tool_data_msg__struct.hpp
[35.755s] -- Installing: /home/sebas/workspace/ros_ur_driver/install/ur_msgs/include/ur_msgs/ur_msgs/msg/detail/digital__builder.hpp
[35.755s] -- Installing: /home/sebas/workspace/ros_ur_driver/install/ur_msgs/include/ur_msgs/ur_msgs/msg/detail/digital__struct.hpp
[35.755s] -- Installing: /home/sebas/workspace/ros_ur_driver/install/ur_msgs/include/ur_msgs/ur_msgs/msg/detail/masterboard_data_msg__builder.hpp
[35.755s] -- Installing: /home/sebas/workspace/ros_ur_driver/install/ur_msgs/include/ur_msgs/ur_msgs/msg/detail/masterboard_data_msg__traits.hpp
[35.755s] -- Installing: /home/sebas/workspace/ros_ur_driver/install/ur_msgs/include/ur_msgs/ur_msgs/msg/detail/robot_state_rt_msg__traits.hpp
[35.755s] -- Installing: /home/sebas/workspace/ros_ur_driver/install/ur_msgs/include/ur_msgs/ur_msgs/msg/detail/masterboard_data_msg__struct.hpp
[35.756s] -- Installing: /home/sebas/workspace/ros_ur_driver/install/ur_msgs/include/ur_msgs/ur_msgs/msg/detail/robot_mode_data_msg__builder.hpp
[35.756s] -- Installing: /home/sebas/workspace/ros_ur_driver/install/ur_msgs/include/ur_msgs/ur_msgs/msg/robot_state_rt_msg.hpp
[35.756s] -- Installing: /home/sebas/workspace/ros_ur_driver/install/ur_msgs/include/ur_msgs/ur_msgs/msg/io_states.hpp
[35.756s] -- Up-to-date: /home/sebas/workspace/ros_ur_driver/install/ur_msgs/include/ur_msgs/ur_msgs
[35.756s] -- Up-to-date: /home/sebas/workspace/ros_ur_driver/install/ur_msgs/include/ur_msgs/ur_msgs/srv
[35.756s] -- Up-to-date: /home/sebas/workspace/ros_ur_driver/install/ur_msgs/include/ur_msgs/ur_msgs/srv/detail
[35.756s] -- Installing: /home/sebas/workspace/ros_ur_driver/install/ur_msgs/include/ur_msgs/ur_msgs/srv/detail/set_speed_slider_fraction__rosidl_typesupport_fastrtps_cpp.hpp
[35.756s] -- Installing: /home/sebas/workspace/ros_ur_driver/install/ur_msgs/include/ur_msgs/ur_msgs/srv/detail/set_payload__rosidl_typesupport_fastrtps_cpp.hpp
[35.757s] -- Installing: /home/sebas/workspace/ros_ur_driver/install/ur_msgs/include/ur_msgs/ur_msgs/srv/detail/set_io__rosidl_typesupport_fastrtps_cpp.hpp
[35.757s] -- Installing: /home/sebas/workspace/ros_ur_driver/install/ur_msgs/include/ur_msgs/ur_msgs/srv/detail/set_analog_output__rosidl_typesupport_fastrtps_cpp.hpp
[35.757s] -- Installing: /home/sebas/workspace/ros_ur_driver/install/ur_msgs/include/ur_msgs/ur_msgs/srv/detail/set_force_mode__rosidl_typesupport_fastrtps_cpp.hpp
[35.757s] -- Installing: /home/sebas/workspace/ros_ur_driver/install/ur_msgs/include/ur_msgs/ur_msgs/srv/detail/get_robot_software_version__rosidl_typesupport_fastrtps_cpp.hpp
[35.757s] -- Installing: /home/sebas/workspace/ros_ur_driver/install/ur_msgs/include/ur_msgs/ur_msgs/srv/detail/dds_fastrtps
[35.757s] -- Up-to-date: /home/sebas/workspace/ros_ur_driver/install/ur_msgs/include/ur_msgs/ur_msgs/msg
[35.757s] -- Installing: /home/sebas/workspace/ros_ur_driver/install/ur_msgs/include/ur_msgs/ur_msgs/msg/rosidl_typesupport_fastrtps_cpp__visibility_control.h
[35.757s] -- Up-to-date: /home/sebas/workspace/ros_ur_driver/install/ur_msgs/include/ur_msgs/ur_msgs/msg/detail
[35.758s] -- Installing: /home/sebas/workspace/ros_ur_driver/install/ur_msgs/include/ur_msgs/ur_msgs/msg/detail/robot_state_rt_msg__rosidl_typesupport_fastrtps_cpp.hpp
[35.758s] -- Installing: /home/sebas/workspace/ros_ur_driver/install/ur_msgs/include/ur_msgs/ur_msgs/msg/detail/robot_mode_data_msg__rosidl_typesupport_fastrtps_cpp.hpp
[35.758s] -- Installing: /home/sebas/workspace/ros_ur_driver/install/ur_msgs/include/ur_msgs/ur_msgs/msg/detail/io_states__rosidl_typesupport_fastrtps_cpp.hpp
[35.758s] -- Installing: /home/sebas/workspace/ros_ur_driver/install/ur_msgs/include/ur_msgs/ur_msgs/msg/detail/analog__rosidl_typesupport_fastrtps_cpp.hpp
[35.758s] -- Installing: /home/sebas/workspace/ros_ur_driver/install/ur_msgs/include/ur_msgs/ur_msgs/msg/detail/digital__rosidl_typesupport_fastrtps_cpp.hpp
[35.758s] -- Installing: /home/sebas/workspace/ros_ur_driver/install/ur_msgs/include/ur_msgs/ur_msgs/msg/detail/masterboard_data_msg__rosidl_typesupport_fastrtps_cpp.hpp
[35.758s] -- Installing: /home/sebas/workspace/ros_ur_driver/install/ur_msgs/include/ur_msgs/ur_msgs/msg/detail/dds_fastrtps
[35.759s] -- Installing: /home/sebas/workspace/ros_ur_driver/install/ur_msgs/include/ur_msgs/ur_msgs/msg/detail/tool_data_msg__rosidl_typesupport_fastrtps_cpp.hpp
[35.759s] -- Installing: /home/sebas/workspace/ros_ur_driver/install/ur_msgs/lib/libur_msgs__rosidl_typesupport_fastrtps_cpp.so
[35.759s] -- Set runtime path of "/home/sebas/workspace/ros_ur_driver/install/ur_msgs/lib/libur_msgs__rosidl_typesupport_fastrtps_cpp.so" to ""
[35.760s] -- Up-to-date: /home/sebas/workspace/ros_ur_driver/install/ur_msgs/include/ur_msgs/ur_msgs
[35.760s] -- Up-to-date: /home/sebas/workspace/ros_ur_driver/install/ur_msgs/include/ur_msgs/ur_msgs/srv
[35.760s] -- Up-to-date: /home/sebas/workspace/ros_ur_driver/install/ur_msgs/include/ur_msgs/ur_msgs/srv/detail
[35.760s] -- Installing: /home/sebas/workspace/ros_ur_driver/install/ur_msgs/include/ur_msgs/ur_msgs/srv/detail/get_robot_software_version__type_support.c
[35.760s] -- Installing: /home/sebas/workspace/ros_ur_driver/install/ur_msgs/include/ur_msgs/ur_msgs/srv/detail/set_io__rosidl_typesupport_introspection_c.h
[35.760s] -- Installing: /home/sebas/workspace/ros_ur_driver/install/ur_msgs/include/ur_msgs/ur_msgs/srv/detail/set_speed_slider_fraction__type_support.c
[35.760s] -- Installing: /home/sebas/workspace/ros_ur_driver/install/ur_msgs/include/ur_msgs/ur_msgs/srv/detail/set_speed_slider_fraction__rosidl_typesupport_introspection_c.h
[35.760s] -- Installing: /home/sebas/workspace/ros_ur_driver/install/ur_msgs/include/ur_msgs/ur_msgs/srv/detail/get_robot_software_version__rosidl_typesupport_introspection_c.h
[35.760s] -- Installing: /home/sebas/workspace/ros_ur_driver/install/ur_msgs/include/ur_msgs/ur_msgs/srv/detail/set_io__type_support.c
[35.761s] -- Installing: /home/sebas/workspace/ros_ur_driver/install/ur_msgs/include/ur_msgs/ur_msgs/srv/detail/set_force_mode__rosidl_typesupport_introspection_c.h
[35.761s] -- Installing: /home/sebas/workspace/ros_ur_driver/install/ur_msgs/include/ur_msgs/ur_msgs/srv/detail/set_analog_output__type_support.c
[35.761s] -- Installing: /home/sebas/workspace/ros_ur_driver/install/ur_msgs/include/ur_msgs/ur_msgs/srv/detail/set_payload__rosidl_typesupport_introspection_c.h
[35.761s] -- Installing: /home/sebas/workspace/ros_ur_driver/install/ur_msgs/include/ur_msgs/ur_msgs/srv/detail/set_force_mode__type_support.c
[35.761s] -- Installing: /home/sebas/workspace/ros_ur_driver/install/ur_msgs/include/ur_msgs/ur_msgs/srv/detail/set_payload__type_support.c
[35.761s] -- Installing: /home/sebas/workspace/ros_ur_driver/install/ur_msgs/include/ur_msgs/ur_msgs/srv/detail/set_analog_output__rosidl_typesupport_introspection_c.h
[35.762s] -- Up-to-date: /home/sebas/workspace/ros_ur_driver/install/ur_msgs/include/ur_msgs/ur_msgs/msg
[35.762s] -- Up-to-date: /home/sebas/workspace/ros_ur_driver/install/ur_msgs/include/ur_msgs/ur_msgs/msg/detail
[35.762s] -- Installing: /home/sebas/workspace/ros_ur_driver/install/ur_msgs/include/ur_msgs/ur_msgs/msg/detail/digital__type_support.c
[35.762s] -- Installing: /home/sebas/workspace/ros_ur_driver/install/ur_msgs/include/ur_msgs/ur_msgs/msg/detail/robot_state_rt_msg__type_support.c
[35.762s] -- Installing: /home/sebas/workspace/ros_ur_driver/install/ur_msgs/include/ur_msgs/ur_msgs/msg/detail/io_states__type_support.c
[35.762s] -- Installing: /home/sebas/workspace/ros_ur_driver/install/ur_msgs/include/ur_msgs/ur_msgs/msg/detail/robot_state_rt_msg__rosidl_typesupport_introspection_c.h
[35.762s] -- Installing: /home/sebas/workspace/ros_ur_driver/install/ur_msgs/include/ur_msgs/ur_msgs/msg/detail/tool_data_msg__rosidl_typesupport_introspection_c.h
[35.762s] -- Installing: /home/sebas/workspace/ros_ur_driver/install/ur_msgs/include/ur_msgs/ur_msgs/msg/detail/digital__rosidl_typesupport_introspection_c.h
[35.763s] -- Installing: /home/sebas/workspace/ros_ur_driver/install/ur_msgs/include/ur_msgs/ur_msgs/msg/detail/io_states__rosidl_typesupport_introspection_c.h
[35.763s] -- Installing: /home/sebas/workspace/ros_ur_driver/install/ur_msgs/include/ur_msgs/ur_msgs/msg/detail/tool_data_msg__type_support.c
[35.763s] -- Installing: /home/sebas/workspace/ros_ur_driver/install/ur_msgs/include/ur_msgs/ur_msgs/msg/detail/robot_mode_data_msg__type_support.c
[35.763s] -- Installing: /home/sebas/workspace/ros_ur_driver/install/ur_msgs/include/ur_msgs/ur_msgs/msg/detail/analog__type_support.c
[35.763s] -- Installing: /home/sebas/workspace/ros_ur_driver/install/ur_msgs/include/ur_msgs/ur_msgs/msg/detail/masterboard_data_msg__type_support.c
[35.763s] -- Installing: /home/sebas/workspace/ros_ur_driver/install/ur_msgs/include/ur_msgs/ur_msgs/msg/detail/analog__rosidl_typesupport_introspection_c.h
[35.764s] -- Installing: /home/sebas/workspace/ros_ur_driver/install/ur_msgs/include/ur_msgs/ur_msgs/msg/detail/robot_mode_data_msg__rosidl_typesupport_introspection_c.h
[35.764s] -- Installing: /home/sebas/workspace/ros_ur_driver/install/ur_msgs/include/ur_msgs/ur_msgs/msg/detail/masterboard_data_msg__rosidl_typesupport_introspection_c.h
[35.764s] -- Installing: /home/sebas/workspace/ros_ur_driver/install/ur_msgs/include/ur_msgs/ur_msgs/msg/rosidl_typesupport_introspection_c__visibility_control.h
[35.764s] -- Installing: /home/sebas/workspace/ros_ur_driver/install/ur_msgs/lib/libur_msgs__rosidl_typesupport_introspection_c.so
[35.765s] -- Set runtime path of "/home/sebas/workspace/ros_ur_driver/install/ur_msgs/lib/libur_msgs__rosidl_typesupport_introspection_c.so" to ""
[35.765s] -- Installing: /home/sebas/workspace/ros_ur_driver/install/ur_msgs/lib/libur_msgs__rosidl_typesupport_c.so
[35.766s] -- Set runtime path of "/home/sebas/workspace/ros_ur_driver/install/ur_msgs/lib/libur_msgs__rosidl_typesupport_c.so" to ""
[35.766s] -- Up-to-date: /home/sebas/workspace/ros_ur_driver/install/ur_msgs/include/ur_msgs/ur_msgs
[35.766s] -- Up-to-date: /home/sebas/workspace/ros_ur_driver/install/ur_msgs/include/ur_msgs/ur_msgs/srv
[35.766s] -- Up-to-date: /home/sebas/workspace/ros_ur_driver/install/ur_msgs/include/ur_msgs/ur_msgs/srv/detail
[35.766s] -- Installing: /home/sebas/workspace/ros_ur_driver/install/ur_msgs/include/ur_msgs/ur_msgs/srv/detail/get_robot_software_version__type_support.cpp
[35.766s] -- Installing: /home/sebas/workspace/ros_ur_driver/install/ur_msgs/include/ur_msgs/ur_msgs/srv/detail/set_force_mode__rosidl_typesupport_introspection_cpp.hpp
[35.766s] -- Installing: /home/sebas/workspace/ros_ur_driver/install/ur_msgs/include/ur_msgs/ur_msgs/srv/detail/set_force_mode__type_support.cpp
[35.766s] -- Installing: /home/sebas/workspace/ros_ur_driver/install/ur_msgs/include/ur_msgs/ur_msgs/srv/detail/set_analog_output__type_support.cpp
[35.766s] -- Installing: /home/sebas/workspace/ros_ur_driver/install/ur_msgs/include/ur_msgs/ur_msgs/srv/detail/set_io__rosidl_typesupport_introspection_cpp.hpp
[35.767s] -- Installing: /home/sebas/workspace/ros_ur_driver/install/ur_msgs/include/ur_msgs/ur_msgs/srv/detail/set_payload__type_support.cpp
[35.767s] -- Installing: /home/sebas/workspace/ros_ur_driver/install/ur_msgs/include/ur_msgs/ur_msgs/srv/detail/set_payload__rosidl_typesupport_introspection_cpp.hpp
[35.767s] -- Installing: /home/sebas/workspace/ros_ur_driver/install/ur_msgs/include/ur_msgs/ur_msgs/srv/detail/get_robot_software_version__rosidl_typesupport_introspection_cpp.hpp
[35.767s] -- Installing: /home/sebas/workspace/ros_ur_driver/install/ur_msgs/include/ur_msgs/ur_msgs/srv/detail/set_speed_slider_fraction__type_support.cpp
[35.767s] -- Installing: /home/sebas/workspace/ros_ur_driver/install/ur_msgs/include/ur_msgs/ur_msgs/srv/detail/set_speed_slider_fraction__rosidl_typesupport_introspection_cpp.hpp
[35.767s] -- Installing: /home/sebas/workspace/ros_ur_driver/install/ur_msgs/include/ur_msgs/ur_msgs/srv/detail/set_io__type_support.cpp
[35.767s] -- Installing: /home/sebas/workspace/ros_ur_driver/install/ur_msgs/include/ur_msgs/ur_msgs/srv/detail/set_analog_output__rosidl_typesupport_introspection_cpp.hpp
[35.767s] -- Up-to-date: /home/sebas/workspace/ros_ur_driver/install/ur_msgs/include/ur_msgs/ur_msgs/msg
[35.767s] -- Up-to-date: /home/sebas/workspace/ros_ur_driver/install/ur_msgs/include/ur_msgs/ur_msgs/msg/detail
[35.767s] -- Installing: /home/sebas/workspace/ros_ur_driver/install/ur_msgs/include/ur_msgs/ur_msgs/msg/detail/io_states__type_support.cpp
[35.767s] -- Installing: /home/sebas/workspace/ros_ur_driver/install/ur_msgs/include/ur_msgs/ur_msgs/msg/detail/tool_data_msg__type_support.cpp
[35.767s] -- Installing: /home/sebas/workspace/ros_ur_driver/install/ur_msgs/include/ur_msgs/ur_msgs/msg/detail/analog__type_support.cpp
[35.768s] -- Installing: /home/sebas/workspace/ros_ur_driver/install/ur_msgs/include/ur_msgs/ur_msgs/msg/detail/digital__rosidl_typesupport_introspection_cpp.hpp
[35.768s] -- Installing: /home/sebas/workspace/ros_ur_driver/install/ur_msgs/include/ur_msgs/ur_msgs/msg/detail/analog__rosidl_typesupport_introspection_cpp.hpp
[35.768s] -- Installing: /home/sebas/workspace/ros_ur_driver/install/ur_msgs/include/ur_msgs/ur_msgs/msg/detail/tool_data_msg__rosidl_typesupport_introspection_cpp.hpp
[35.768s] -- Installing: /home/sebas/workspace/ros_ur_driver/install/ur_msgs/include/ur_msgs/ur_msgs/msg/detail/robot_state_rt_msg__rosidl_typesupport_introspection_cpp.hpp
[35.768s] -- Installing: /home/sebas/workspace/ros_ur_driver/install/ur_msgs/include/ur_msgs/ur_msgs/msg/detail/io_states__rosidl_typesupport_introspection_cpp.hpp
[35.768s] -- Installing: /home/sebas/workspace/ros_ur_driver/install/ur_msgs/include/ur_msgs/ur_msgs/msg/detail/masterboard_data_msg__type_support.cpp
[35.768s] -- Installing: /home/sebas/workspace/ros_ur_driver/install/ur_msgs/include/ur_msgs/ur_msgs/msg/detail/digital__type_support.cpp
[35.768s] -- Installing: /home/sebas/workspace/ros_ur_driver/install/ur_msgs/include/ur_msgs/ur_msgs/msg/detail/robot_mode_data_msg__type_support.cpp
[35.769s] -- Installing: /home/sebas/workspace/ros_ur_driver/install/ur_msgs/include/ur_msgs/ur_msgs/msg/detail/robot_state_rt_msg__type_support.cpp
[35.769s] -- Installing: /home/sebas/workspace/ros_ur_driver/install/ur_msgs/include/ur_msgs/ur_msgs/msg/detail/masterboard_data_msg__rosidl_typesupport_introspection_cpp.hpp
[35.769s] -- Installing: /home/sebas/workspace/ros_ur_driver/install/ur_msgs/include/ur_msgs/ur_msgs/msg/detail/robot_mode_data_msg__rosidl_typesupport_introspection_cpp.hpp
[35.769s] -- Installing: /home/sebas/workspace/ros_ur_driver/install/ur_msgs/lib/libur_msgs__rosidl_typesupport_introspection_cpp.so
[35.770s] -- Set runtime path of "/home/sebas/workspace/ros_ur_driver/install/ur_msgs/lib/libur_msgs__rosidl_typesupport_introspection_cpp.so" to ""
[35.770s] -- Installing: /home/sebas/workspace/ros_ur_driver/install/ur_msgs/lib/libur_msgs__rosidl_typesupport_cpp.so
[35.770s] -- Set runtime path of "/home/sebas/workspace/ros_ur_driver/install/ur_msgs/lib/libur_msgs__rosidl_typesupport_cpp.so" to ""
[35.770s] -- Installing: /home/sebas/workspace/ros_ur_driver/install/ur_msgs/share/ur_msgs/environment/pythonpath.sh
[35.770s] -- Installing: /home/sebas/workspace/ros_ur_driver/install/ur_msgs/share/ur_msgs/environment/pythonpath.dsv
[35.771s] -- Installing: /home/sebas/workspace/ros_ur_driver/install/ur_msgs/local/lib/python3.10/dist-packages/ur_msgs-2.0.1-py3.10.egg-info
[35.771s] -- Installing: /home/sebas/workspace/ros_ur_driver/install/ur_msgs/local/lib/python3.10/dist-packages/ur_msgs-2.0.1-py3.10.egg-info/top_level.txt
[35.771s] -- Installing: /home/sebas/workspace/ros_ur_driver/install/ur_msgs/local/lib/python3.10/dist-packages/ur_msgs-2.0.1-py3.10.egg-info/dependency_links.txt
[35.771s] -- Installing: /home/sebas/workspace/ros_ur_driver/install/ur_msgs/local/lib/python3.10/dist-packages/ur_msgs-2.0.1-py3.10.egg-info/SOURCES.txt
[35.771s] -- Installing: /home/sebas/workspace/ros_ur_driver/install/ur_msgs/local/lib/python3.10/dist-packages/ur_msgs-2.0.1-py3.10.egg-info/PKG-INFO
[35.771s] -- Installing: /home/sebas/workspace/ros_ur_driver/install/ur_msgs/local/lib/python3.10/dist-packages/ur_msgs
[35.771s] -- Installing: /home/sebas/workspace/ros_ur_driver/install/ur_msgs/local/lib/python3.10/dist-packages/ur_msgs/srv
[35.771s] -- Installing: /home/sebas/workspace/ros_ur_driver/install/ur_msgs/local/lib/python3.10/dist-packages/ur_msgs/srv/_set_payload_s.c
[35.772s] -- Installing: /home/sebas/workspace/ros_ur_driver/install/ur_msgs/local/lib/python3.10/dist-packages/ur_msgs/srv/_set_io.py
[35.772s] -- Installing: /home/sebas/workspace/ros_ur_driver/install/ur_msgs/local/lib/python3.10/dist-packages/ur_msgs/srv/_set_force_mode.py
[35.772s] -- Installing: /home/sebas/workspace/ros_ur_driver/install/ur_msgs/local/lib/python3.10/dist-packages/ur_msgs/srv/_set_speed_slider_fraction_s.c
[35.772s] -- Installing: /home/sebas/workspace/ros_ur_driver/install/ur_msgs/local/lib/python3.10/dist-packages/ur_msgs/srv/_set_io_s.c
[35.772s] -- Installing: /home/sebas/workspace/ros_ur_driver/install/ur_msgs/local/lib/python3.10/dist-packages/ur_msgs/srv/_get_robot_software_version_s.c
[35.772s] -- Installing: /home/sebas/workspace/ros_ur_driver/install/ur_msgs/local/lib/python3.10/dist-packages/ur_msgs/srv/__init__.py
[35.772s] -- Installing: /home/sebas/workspace/ros_ur_driver/install/ur_msgs/local/lib/python3.10/dist-packages/ur_msgs/srv/_set_payload.py
[35.772s] -- Installing: /home/sebas/workspace/ros_ur_driver/install/ur_msgs/local/lib/python3.10/dist-packages/ur_msgs/srv/_set_analog_output_s.c
[35.773s] -- Installing: /home/sebas/workspace/ros_ur_driver/install/ur_msgs/local/lib/python3.10/dist-packages/ur_msgs/srv/_set_force_mode_s.c
[35.773s] -- Installing: /home/sebas/workspace/ros_ur_driver/install/ur_msgs/local/lib/python3.10/dist-packages/ur_msgs/srv/_get_robot_software_version.py
[35.773s] -- Installing: /home/sebas/workspace/ros_ur_driver/install/ur_msgs/local/lib/python3.10/dist-packages/ur_msgs/srv/_set_analog_output.py
[35.773s] -- Installing: /home/sebas/workspace/ros_ur_driver/install/ur_msgs/local/lib/python3.10/dist-packages/ur_msgs/srv/_set_speed_slider_fraction.py
[35.773s] -- Installing: /home/sebas/workspace/ros_ur_driver/install/ur_msgs/local/lib/python3.10/dist-packages/ur_msgs/ur_msgs_s__rosidl_typesupport_fastrtps_c.cpython-310-x86_64-linux-gnu.so
[35.773s] -- Installing: /home/sebas/workspace/ros_ur_driver/install/ur_msgs/local/lib/python3.10/dist-packages/ur_msgs/_ur_msgs_s.ep.rosidl_typesupport_c.c
[35.774s] -- Installing: /home/sebas/workspace/ros_ur_driver/install/ur_msgs/local/lib/python3.10/dist-packages/ur_msgs/ur_msgs_s__rosidl_typesupport_c.cpython-310-x86_64-linux-gnu.so
[35.774s] -- Installing: /home/sebas/workspace/ros_ur_driver/install/ur_msgs/local/lib/python3.10/dist-packages/ur_msgs/__init__.py
[35.774s] -- Installing: /home/sebas/workspace/ros_ur_driver/install/ur_msgs/local/lib/python3.10/dist-packages/ur_msgs/_ur_msgs_s.ep.rosidl_typesupport_fastrtps_c.c
[35.774s] -- Installing: /home/sebas/workspace/ros_ur_driver/install/ur_msgs/local/lib/python3.10/dist-packages/ur_msgs/ur_msgs_s__rosidl_typesupport_introspection_c.cpython-310-x86_64-linux-gnu.so
[35.774s] -- Installing: /home/sebas/workspace/ros_ur_driver/install/ur_msgs/local/lib/python3.10/dist-packages/ur_msgs/_ur_msgs_s.ep.rosidl_typesupport_introspection_c.c
[35.774s] -- Installing: /home/sebas/workspace/ros_ur_driver/install/ur_msgs/local/lib/python3.10/dist-packages/ur_msgs/msg
[35.775s] -- Installing: /home/sebas/workspace/ros_ur_driver/install/ur_msgs/local/lib/python3.10/dist-packages/ur_msgs/msg/_analog_s.c
[35.775s] -- Installing: /home/sebas/workspace/ros_ur_driver/install/ur_msgs/local/lib/python3.10/dist-packages/ur_msgs/msg/_io_states_s.c
[35.775s] -- Installing: /home/sebas/workspace/ros_ur_driver/install/ur_msgs/local/lib/python3.10/dist-packages/ur_msgs/msg/_io_states.py
[35.775s] -- Installing: /home/sebas/workspace/ros_ur_driver/install/ur_msgs/local/lib/python3.10/dist-packages/ur_msgs/msg/_tool_data_msg_s.c
[35.775s] -- Installing: /home/sebas/workspace/ros_ur_driver/install/ur_msgs/local/lib/python3.10/dist-packages/ur_msgs/msg/_analog.py
[35.775s] -- Installing: /home/sebas/workspace/ros_ur_driver/install/ur_msgs/local/lib/python3.10/dist-packages/ur_msgs/msg/_robot_mode_data_msg.py
[35.775s] -- Installing: /home/sebas/workspace/ros_ur_driver/install/ur_msgs/local/lib/python3.10/dist-packages/ur_msgs/msg/_robot_state_rt_msg.py
[35.775s] -- Installing: /home/sebas/workspace/ros_ur_driver/install/ur_msgs/local/lib/python3.10/dist-packages/ur_msgs/msg/__init__.py
[35.776s] -- Installing: /home/sebas/workspace/ros_ur_driver/install/ur_msgs/local/lib/python3.10/dist-packages/ur_msgs/msg/_digital.py
[35.776s] -- Installing: /home/sebas/workspace/ros_ur_driver/install/ur_msgs/local/lib/python3.10/dist-packages/ur_msgs/msg/_masterboard_data_msg.py
[35.776s] -- Installing: /home/sebas/workspace/ros_ur_driver/install/ur_msgs/local/lib/python3.10/dist-packages/ur_msgs/msg/_robot_state_rt_msg_s.c
[35.776s] -- Installing: /home/sebas/workspace/ros_ur_driver/install/ur_msgs/local/lib/python3.10/dist-packages/ur_msgs/msg/_tool_data_msg.py
[35.776s] -- Installing: /home/sebas/workspace/ros_ur_driver/install/ur_msgs/local/lib/python3.10/dist-packages/ur_msgs/msg/_masterboard_data_msg_s.c
[35.776s] -- Installing: /home/sebas/workspace/ros_ur_driver/install/ur_msgs/local/lib/python3.10/dist-packages/ur_msgs/msg/_robot_mode_data_msg_s.c
[35.776s] -- Installing: /home/sebas/workspace/ros_ur_driver/install/ur_msgs/local/lib/python3.10/dist-packages/ur_msgs/msg/_digital_s.c
[35.776s] -- Installing: /home/sebas/workspace/ros_ur_driver/install/ur_msgs/local/lib/python3.10/dist-packages/ur_msgs/libur_msgs__rosidl_generator_py.so
[35.834s] Listing '/home/sebas/workspace/ros_ur_driver/install/ur_msgs/local/lib/python3.10/dist-packages/ur_msgs'...
[35.834s] Compiling '/home/sebas/workspace/ros_ur_driver/install/ur_msgs/local/lib/python3.10/dist-packages/ur_msgs/__init__.py'...
[35.834s] Listing '/home/sebas/workspace/ros_ur_driver/install/ur_msgs/local/lib/python3.10/dist-packages/ur_msgs/msg'...
[35.834s] Compiling '/home/sebas/workspace/ros_ur_driver/install/ur_msgs/local/lib/python3.10/dist-packages/ur_msgs/msg/__init__.py'...
[35.835s] Compiling '/home/sebas/workspace/ros_ur_driver/install/ur_msgs/local/lib/python3.10/dist-packages/ur_msgs/msg/_analog.py'...
[35.835s] Compiling '/home/sebas/workspace/ros_ur_driver/install/ur_msgs/local/lib/python3.10/dist-packages/ur_msgs/msg/_digital.py'...
[35.835s] Compiling '/home/sebas/workspace/ros_ur_driver/install/ur_msgs/local/lib/python3.10/dist-packages/ur_msgs/msg/_io_states.py'...
[35.835s] Compiling '/home/sebas/workspace/ros_ur_driver/install/ur_msgs/local/lib/python3.10/dist-packages/ur_msgs/msg/_masterboard_data_msg.py'...
[35.835s] Compiling '/home/sebas/workspace/ros_ur_driver/install/ur_msgs/local/lib/python3.10/dist-packages/ur_msgs/msg/_robot_mode_data_msg.py'...
[35.835s] Compiling '/home/sebas/workspace/ros_ur_driver/install/ur_msgs/local/lib/python3.10/dist-packages/ur_msgs/msg/_robot_state_rt_msg.py'...
[35.835s] Compiling '/home/sebas/workspace/ros_ur_driver/install/ur_msgs/local/lib/python3.10/dist-packages/ur_msgs/msg/_tool_data_msg.py'...
[35.835s] Listing '/home/sebas/workspace/ros_ur_driver/install/ur_msgs/local/lib/python3.10/dist-packages/ur_msgs/srv'...
[35.835s] Compiling '/home/sebas/workspace/ros_ur_driver/install/ur_msgs/local/lib/python3.10/dist-packages/ur_msgs/srv/__init__.py'...
[35.835s] Compiling '/home/sebas/workspace/ros_ur_driver/install/ur_msgs/local/lib/python3.10/dist-packages/ur_msgs/srv/_get_robot_software_version.py'...
[35.835s] Compiling '/home/sebas/workspace/ros_ur_driver/install/ur_msgs/local/lib/python3.10/dist-packages/ur_msgs/srv/_set_analog_output.py'...
[35.835s] Compiling '/home/sebas/workspace/ros_ur_driver/install/ur_msgs/local/lib/python3.10/dist-packages/ur_msgs/srv/_set_force_mode.py'...
[35.835s] Compiling '/home/sebas/workspace/ros_ur_driver/install/ur_msgs/local/lib/python3.10/dist-packages/ur_msgs/srv/_set_io.py'...
[35.835s] Compiling '/home/sebas/workspace/ros_ur_driver/install/ur_msgs/local/lib/python3.10/dist-packages/ur_msgs/srv/_set_payload.py'...
[35.835s] Compiling '/home/sebas/workspace/ros_ur_driver/install/ur_msgs/local/lib/python3.10/dist-packages/ur_msgs/srv/_set_speed_slider_fraction.py'...
[35.839s] -- Installing: /home/sebas/workspace/ros_ur_driver/install/ur_msgs/local/lib/python3.10/dist-packages/ur_msgs/ur_msgs_s__rosidl_typesupport_fastrtps_c.cpython-310-x86_64-linux-gnu.so
[35.840s] -- Set runtime path of "/home/sebas/workspace/ros_ur_driver/install/ur_msgs/local/lib/python3.10/dist-packages/ur_msgs/ur_msgs_s__rosidl_typesupport_fastrtps_c.cpython-310-x86_64-linux-gnu.so" to ""
[35.840s] -- Installing: /home/sebas/workspace/ros_ur_driver/install/ur_msgs/local/lib/python3.10/dist-packages/ur_msgs/ur_msgs_s__rosidl_typesupport_introspection_c.cpython-310-x86_64-linux-gnu.so
[35.841s] -- Set runtime path of "/home/sebas/workspace/ros_ur_driver/install/ur_msgs/local/lib/python3.10/dist-packages/ur_msgs/ur_msgs_s__rosidl_typesupport_introspection_c.cpython-310-x86_64-linux-gnu.so" to ""
[35.841s] -- Installing: /home/sebas/workspace/ros_ur_driver/install/ur_msgs/local/lib/python3.10/dist-packages/ur_msgs/ur_msgs_s__rosidl_typesupport_c.cpython-310-x86_64-linux-gnu.so
[35.841s] -- Set runtime path of "/home/sebas/workspace/ros_ur_driver/install/ur_msgs/local/lib/python3.10/dist-packages/ur_msgs/ur_msgs_s__rosidl_typesupport_c.cpython-310-x86_64-linux-gnu.so" to ""
[35.841s] -- Installing: /home/sebas/workspace/ros_ur_driver/install/ur_msgs/lib/libur_msgs__rosidl_generator_py.so
[35.842s] -- Set runtime path of "/home/sebas/workspace/ros_ur_driver/install/ur_msgs/lib/libur_msgs__rosidl_generator_py.so" to ""
[35.842s] -- Installing: /home/sebas/workspace/ros_ur_driver/install/ur_msgs/share/ur_msgs/msg/Analog.idl
[35.843s] -- Installing: /home/sebas/workspace/ros_ur_driver/install/ur_msgs/share/ur_msgs/msg/Digital.idl
[35.843s] -- Installing: /home/sebas/workspace/ros_ur_driver/install/ur_msgs/share/ur_msgs/msg/IOStates.idl
[35.843s] -- Installing: /home/sebas/workspace/ros_ur_driver/install/ur_msgs/share/ur_msgs/msg/RobotStateRTMsg.idl
[35.843s] -- Installing: /home/sebas/workspace/ros_ur_driver/install/ur_msgs/share/ur_msgs/msg/MasterboardDataMsg.idl
[35.843s] -- Installing: /home/sebas/workspace/ros_ur_driver/install/ur_msgs/share/ur_msgs/msg/RobotModeDataMsg.idl
[35.843s] -- Installing: /home/sebas/workspace/ros_ur_driver/install/ur_msgs/share/ur_msgs/msg/ToolDataMsg.idl
[35.844s] -- Installing: /home/sebas/workspace/ros_ur_driver/install/ur_msgs/share/ur_msgs/srv/SetAnalogOutput.idl
[35.844s] -- Installing: /home/sebas/workspace/ros_ur_driver/install/ur_msgs/share/ur_msgs/srv/SetPayload.idl
[35.844s] -- Installing: /home/sebas/workspace/ros_ur_driver/install/ur_msgs/share/ur_msgs/srv/SetSpeedSliderFraction.idl
[35.844s] -- Installing: /home/sebas/workspace/ros_ur_driver/install/ur_msgs/share/ur_msgs/srv/SetIO.idl
[35.844s] -- Installing: /home/sebas/workspace/ros_ur_driver/install/ur_msgs/share/ur_msgs/srv/GetRobotSoftwareVersion.idl
[35.845s] -- Installing: /home/sebas/workspace/ros_ur_driver/install/ur_msgs/share/ur_msgs/srv/SetForceMode.idl
[35.845s] -- Installing: /home/sebas/workspace/ros_ur_driver/install/ur_msgs/share/ur_msgs/msg/Analog.msg
[35.845s] -- Installing: /home/sebas/workspace/ros_ur_driver/install/ur_msgs/share/ur_msgs/msg/Digital.msg
[35.845s] -- Installing: /home/sebas/workspace/ros_ur_driver/install/ur_msgs/share/ur_msgs/msg/IOStates.msg
[35.845s] -- Installing: /home/sebas/workspace/ros_ur_driver/install/ur_msgs/share/ur_msgs/msg/RobotStateRTMsg.msg
[35.845s] -- Installing: /home/sebas/workspace/ros_ur_driver/install/ur_msgs/share/ur_msgs/msg/MasterboardDataMsg.msg
[35.846s] -- Installing: /home/sebas/workspace/ros_ur_driver/install/ur_msgs/share/ur_msgs/msg/RobotModeDataMsg.msg
[35.846s] -- Installing: /home/sebas/workspace/ros_ur_driver/install/ur_msgs/share/ur_msgs/msg/ToolDataMsg.msg
[35.846s] -- Installing: /home/sebas/workspace/ros_ur_driver/install/ur_msgs/share/ur_msgs/srv/SetAnalogOutput.srv
[35.846s] -- Installing: /home/sebas/workspace/ros_ur_driver/install/ur_msgs/share/ur_msgs/srv/SetAnalogOutput_Request.msg
[35.846s] -- Installing: /home/sebas/workspace/ros_ur_driver/install/ur_msgs/share/ur_msgs/srv/SetAnalogOutput_Response.msg
[35.847s] -- Installing: /home/sebas/workspace/ros_ur_driver/install/ur_msgs/share/ur_msgs/srv/SetPayload.srv
[35.847s] -- Installing: /home/sebas/workspace/ros_ur_driver/install/ur_msgs/share/ur_msgs/srv/SetPayload_Request.msg
[35.847s] -- Installing: /home/sebas/workspace/ros_ur_driver/install/ur_msgs/share/ur_msgs/srv/SetPayload_Response.msg
[35.847s] -- Installing: /home/sebas/workspace/ros_ur_driver/install/ur_msgs/share/ur_msgs/srv/SetSpeedSliderFraction.srv
[35.847s] -- Installing: /home/sebas/workspace/ros_ur_driver/install/ur_msgs/share/ur_msgs/srv/SetSpeedSliderFraction_Request.msg
[35.847s] -- Installing: /home/sebas/workspace/ros_ur_driver/install/ur_msgs/share/ur_msgs/srv/SetSpeedSliderFraction_Response.msg
[35.848s] -- Installing: /home/sebas/workspace/ros_ur_driver/install/ur_msgs/share/ur_msgs/srv/SetIO.srv
[35.848s] -- Installing: /home/sebas/workspace/ros_ur_driver/install/ur_msgs/share/ur_msgs/srv/SetIO_Request.msg
[35.848s] -- Installing: /home/sebas/workspace/ros_ur_driver/install/ur_msgs/share/ur_msgs/srv/SetIO_Response.msg
[35.848s] -- Installing: /home/sebas/workspace/ros_ur_driver/install/ur_msgs/share/ur_msgs/srv/GetRobotSoftwareVersion.srv
[35.849s] -- Installing: /home/sebas/workspace/ros_ur_driver/install/ur_msgs/share/ur_msgs/srv/GetRobotSoftwareVersion_Request.msg
[35.849s] -- Installing: /home/sebas/workspace/ros_ur_driver/install/ur_msgs/share/ur_msgs/srv/GetRobotSoftwareVersion_Response.msg
[35.849s] -- Installing: /home/sebas/workspace/ros_ur_driver/install/ur_msgs/share/ur_msgs/srv/SetForceMode.srv
[35.849s] -- Installing: /home/sebas/workspace/ros_ur_driver/install/ur_msgs/share/ur_msgs/srv/SetForceMode_Request.msg
[35.849s] -- Installing: /home/sebas/workspace/ros_ur_driver/install/ur_msgs/share/ur_msgs/srv/SetForceMode_Response.msg
[35.850s] -- Installing: /home/sebas/workspace/ros_ur_driver/install/ur_msgs/share/ament_index/resource_index/package_run_dependencies/ur_msgs
[35.850s] -- Installing: /home/sebas/workspace/ros_ur_driver/install/ur_msgs/share/ament_index/resource_index/parent_prefix_path/ur_msgs
[35.850s] -- Installing: /home/sebas/workspace/ros_ur_driver/install/ur_msgs/share/ur_msgs/environment/ament_prefix_path.sh
[35.850s] -- Installing: /home/sebas/workspace/ros_ur_driver/install/ur_msgs/share/ur_msgs/environment/ament_prefix_path.dsv
[35.850s] -- Installing: /home/sebas/workspace/ros_ur_driver/install/ur_msgs/share/ur_msgs/environment/path.sh
[35.851s] -- Installing: /home/sebas/workspace/ros_ur_driver/install/ur_msgs/share/ur_msgs/environment/path.dsv
[35.851s] -- Installing: /home/sebas/workspace/ros_ur_driver/install/ur_msgs/share/ur_msgs/local_setup.bash
[35.851s] -- Installing: /home/sebas/workspace/ros_ur_driver/install/ur_msgs/share/ur_msgs/local_setup.sh
[35.851s] -- Installing: /home/sebas/workspace/ros_ur_driver/install/ur_msgs/share/ur_msgs/local_setup.zsh
[35.851s] -- Installing: /home/sebas/workspace/ros_ur_driver/install/ur_msgs/share/ur_msgs/local_setup.dsv
[35.852s] -- Installing: /home/sebas/workspace/ros_ur_driver/install/ur_msgs/share/ur_msgs/package.dsv
[35.852s] -- Installing: /home/sebas/workspace/ros_ur_driver/install/ur_msgs/share/ament_index/resource_index/packages/ur_msgs
[35.852s] -- Installing: /home/sebas/workspace/ros_ur_driver/install/ur_msgs/share/ur_msgs/cmake/export_ur_msgs__rosidl_generator_cExport.cmake
[35.852s] -- Installing: /home/sebas/workspace/ros_ur_driver/install/ur_msgs/share/ur_msgs/cmake/export_ur_msgs__rosidl_generator_cExport-noconfig.cmake
[35.852s] -- Installing: /home/sebas/workspace/ros_ur_driver/install/ur_msgs/share/ur_msgs/cmake/export_ur_msgs__rosidl_typesupport_fastrtps_cExport.cmake
[35.853s] -- Installing: /home/sebas/workspace/ros_ur_driver/install/ur_msgs/share/ur_msgs/cmake/export_ur_msgs__rosidl_typesupport_fastrtps_cExport-noconfig.cmake
[35.853s] -- Installing: /home/sebas/workspace/ros_ur_driver/install/ur_msgs/share/ur_msgs/cmake/export_ur_msgs__rosidl_generator_cppExport.cmake
[35.853s] -- Installing: /home/sebas/workspace/ros_ur_driver/install/ur_msgs/share/ur_msgs/cmake/export_ur_msgs__rosidl_typesupport_fastrtps_cppExport.cmake
[35.853s] -- Installing: /home/sebas/workspace/ros_ur_driver/install/ur_msgs/share/ur_msgs/cmake/export_ur_msgs__rosidl_typesupport_fastrtps_cppExport-noconfig.cmake
[35.853s] -- Installing: /home/sebas/workspace/ros_ur_driver/install/ur_msgs/share/ur_msgs/cmake/ur_msgs__rosidl_typesupport_introspection_cExport.cmake
[35.854s] -- Installing: /home/sebas/workspace/ros_ur_driver/install/ur_msgs/share/ur_msgs/cmake/ur_msgs__rosidl_typesupport_introspection_cExport-noconfig.cmake
[35.854s] -- Installing: /home/sebas/workspace/ros_ur_driver/install/ur_msgs/share/ur_msgs/cmake/ur_msgs__rosidl_typesupport_cExport.cmake
[35.854s] -- Installing: /home/sebas/workspace/ros_ur_driver/install/ur_msgs/share/ur_msgs/cmake/ur_msgs__rosidl_typesupport_cExport-noconfig.cmake
[35.854s] -- Installing: /home/sebas/workspace/ros_ur_driver/install/ur_msgs/share/ur_msgs/cmake/ur_msgs__rosidl_typesupport_introspection_cppExport.cmake
[35.854s] -- Installing: /home/sebas/workspace/ros_ur_driver/install/ur_msgs/share/ur_msgs/cmake/ur_msgs__rosidl_typesupport_introspection_cppExport-noconfig.cmake
[35.855s] -- Installing: /home/sebas/workspace/ros_ur_driver/install/ur_msgs/share/ur_msgs/cmake/ur_msgs__rosidl_typesupport_cppExport.cmake
[35.855s] -- Installing: /home/sebas/workspace/ros_ur_driver/install/ur_msgs/share/ur_msgs/cmake/ur_msgs__rosidl_typesupport_cppExport-noconfig.cmake
[35.855s] -- Installing: /home/sebas/workspace/ros_ur_driver/install/ur_msgs/share/ur_msgs/cmake/export_ur_msgs__rosidl_generator_pyExport.cmake
[35.855s] -- Installing: /home/sebas/workspace/ros_ur_driver/install/ur_msgs/share/ur_msgs/cmake/export_ur_msgs__rosidl_generator_pyExport-noconfig.cmake
[35.855s] -- Installing: /home/sebas/workspace/ros_ur_driver/install/ur_msgs/share/ur_msgs/cmake/rosidl_cmake-extras.cmake
[35.855s] -- Installing: /home/sebas/workspace/ros_ur_driver/install/ur_msgs/share/ur_msgs/cmake/ament_cmake_export_dependencies-extras.cmake
[35.856s] -- Installing: /home/sebas/workspace/ros_ur_driver/install/ur_msgs/share/ur_msgs/cmake/ament_cmake_export_include_directories-extras.cmake
[35.856s] -- Installing: /home/sebas/workspace/ros_ur_driver/install/ur_msgs/share/ur_msgs/cmake/ament_cmake_export_libraries-extras.cmake
[35.856s] -- Installing: /home/sebas/workspace/ros_ur_driver/install/ur_msgs/share/ur_msgs/cmake/ament_cmake_export_targets-extras.cmake
[35.856s] -- Installing: /home/sebas/workspace/ros_ur_driver/install/ur_msgs/share/ur_msgs/cmake/rosidl_cmake_export_typesupport_targets-extras.cmake
[35.858s] -- Installing: /home/sebas/workspace/ros_ur_driver/install/ur_msgs/share/ur_msgs/cmake/rosidl_cmake_export_typesupport_libraries-extras.cmake
[35.858s] -- Installing: /home/sebas/workspace/ros_ur_driver/install/ur_msgs/share/ur_msgs/cmake/ur_msgsConfig.cmake
[35.858s] -- Installing: /home/sebas/workspace/ros_ur_driver/install/ur_msgs/share/ur_msgs/cmake/ur_msgsConfig-version.cmake
[35.858s] -- Installing: /home/sebas/workspace/ros_ur_driver/install/ur_msgs/share/ur_msgs/package.xml
[35.861s] Invoked command in '/home/sebas/workspace/ros_ur_driver/build/ur_msgs' returned '0': CMAKE_PREFIX_PATH=${CMAKE_PREFIX_PATH}:/home/sebas/workspace/ros_ur_driver/install/ur3_rl:/home/sebas/workspace/ros_ur_driver/install/rqt_joint_trajectory_controller:/home/sebas/workspace/ros_ur_driver/install/rqt_controller_manager:/home/sebas/workspace/ros_ur_driver/install/ros2controlcli:/home/sebas/workspace/ros_ur_driver/install/ros2_controllers_test_nodes:/opt/ros/humble /usr/bin/cmake --install /home/sebas/workspace/ros_ur_driver/build/ur_msgs
