-- The C compiler identification is GNU 11.4.0
-- The CXX compiler identification is GNU 11.4.0
-- Detecting C compiler ABI info
-- Detecting C compiler ABI info - done
-- Check for working C compiler: /usr/bin/cc - skipped
-- Detecting C compile features
-- Detecting C compile features - done
-- Detecting CXX compiler ABI info
-- Detecting CXX compiler ABI info - done
-- Check for working CXX compiler: /usr/bin/c++ - skipped
-- Detecting CXX compile features
-- Detecting CXX compile features - done
-- Found ament_cmake: 1.3.10 (/opt/ros/humble/share/ament_cmake/cmake)
-- Found Python3: /usr/bin/python3 (found version "3.10.12") found components: Interpreter 
-- Found angles: 1.15.0 (/opt/ros/humble/share/angles/cmake)
-- Found controller_interface: 2.44.0 (/home/sebas/workspace/ros_ur_driver/install/controller_interface/share/controller_interface/cmake)
-- Found rosidl_generator_c: 3.1.5 (/opt/ros/humble/share/rosidl_generator_c/cmake)
-- Found rosidl_adapter: 3.1.5 (/opt/ros/humble/share/rosidl_adapter/cmake)
-- Found rosidl_generator_cpp: 3.1.5 (/opt/ros/humble/share/rosidl_generator_cpp/cmake)
-- Using all available rosidl_typesupport_c: rosidl_typesupport_fastrtps_c;rosidl_typesupport_introspection_c
-- Using all available rosidl_typesupport_cpp: rosidl_typesupport_fastrtps_cpp;rosidl_typesupport_introspection_cpp
-- Found rmw_implementation_cmake: 6.1.2 (/opt/ros/humble/share/rmw_implementation_cmake/cmake)
-- Found rmw_fastrtps_cpp: 6.2.7 (/opt/ros/humble/share/rmw_fastrtps_cpp/cmake)
-- Found TinyXML2 via Config file: TinyXML2_DIR-NOTFOUND
-- Found OpenSSL: /usr/lib/x86_64-linux-gnu/libcrypto.so (found version "3.0.2")  
-- Found TinyXML2 via Config file: TinyXML2_DIR-NOTFOUND
-- Found FastRTPS: /opt/ros/humble/include  
-- Found TinyXML2 via Config file: TinyXML2_DIR-NOTFOUND
-- Found TinyXML2 via Config file: TinyXML2_DIR-NOTFOUND
-- Using RMW implementation 'rmw_fastrtps_cpp' as default
-- Looking for pthread.h
-- Looking for pthread.h - found
-- Performing Test CMAKE_HAVE_LIBC_PTHREAD
-- Performing Test CMAKE_HAVE_LIBC_PTHREAD - Success
-- Found Threads: TRUE  
-- Found joint_trajectory_controller: 2.38.0 (/home/sebas/workspace/ros_ur_driver/install/joint_trajectory_controller/share/joint_trajectory_controller/cmake)
-- Found parameter_traits: 0.3.9 (/opt/ros/humble/share/parameter_traits/cmake)
-- Found std_srvs: 4.2.4 (/opt/ros/humble/share/std_srvs/cmake)
-- Found ur_dashboard_msgs: 2.2.16 (/home/sebas/workspace/ros_ur_driver/install/ur_dashboard_msgs/share/ur_dashboard_msgs/cmake)
-- Found ur_msgs: 2.0.1 (/home/sebas/workspace/ros_ur_driver/install/ur_msgs/share/ur_msgs/cmake)
-- Configuring done
-- Generating done
-- Build files have been written to: /home/sebas/workspace/ros_ur_driver/build/ur_controllers
[ 11%] [34m[1mRunning `/opt/ros/humble/bin/generate_parameter_library_cpp /home/sebas/workspace/ros_ur_driver/build/ur_controllers/gpio_controller_parameters/include//gpio_controller_parameters.hpp /home/sebas/workspace/ros_ur_driver/src/Universal_Robots_ROS2_Driver/ur_controllers/src/gpio_controller_parameters.yaml `[0m
[ 11%] Built target gpio_controller_parameters
[ 22%] [34m[1mRunning `/opt/ros/humble/bin/generate_parameter_library_cpp /home/sebas/workspace/ros_ur_driver/build/ur_controllers/ur_configuration_controller_parameters/include//ur_configuration_controller_parameters.hpp /home/sebas/workspace/ros_ur_driver/src/Universal_Robots_ROS2_Driver/ur_controllers/src/ur_configuration_controller_parameters.yaml `[0m
[ 22%] Built target ur_configuration_controller_parameters
[ 33%] [34m[1mRunning `/opt/ros/humble/bin/generate_parameter_library_cpp /home/sebas/workspace/ros_ur_driver/build/ur_controllers/scaled_joint_trajectory_controller_parameters/include//scaled_joint_trajectory_controller_parameters.hpp /home/sebas/workspace/ros_ur_driver/src/Universal_Robots_ROS2_Driver/ur_controllers/src/scaled_joint_trajectory_controller_parameters.yaml `[0m
[ 33%] Built target scaled_joint_trajectory_controller_parameters
[ 44%] [34m[1mRunning `/opt/ros/humble/bin/generate_parameter_library_cpp /home/sebas/workspace/ros_ur_driver/build/ur_controllers/speed_scaling_state_broadcaster_parameters/include//speed_scaling_state_broadcaster_parameters.hpp /home/sebas/workspace/ros_ur_driver/src/Universal_Robots_ROS2_Driver/ur_controllers/src/speed_scaling_state_broadcaster_parameters.yaml `[0m
[ 44%] Built target speed_scaling_state_broadcaster_parameters
[ 55%] [32mBuilding CXX object CMakeFiles/ur_controllers.dir/src/scaled_joint_trajectory_controller.cpp.o[0m
[ 88%] [32mBuilding CXX object CMakeFiles/ur_controllers.dir/src/speed_scaling_state_broadcaster.cpp.o[0m
[ 88%] [32mBuilding CXX object CMakeFiles/ur_controllers.dir/src/ur_configuration_controller.cpp.o[0m
[ 88%] [32mBuilding CXX object CMakeFiles/ur_controllers.dir/src/gpio_controller.cpp.o[0m
[01m[K/home/sebas/workspace/ros_ur_driver/src/Universal_Robots_ROS2_Driver/ur_controllers/src/gpio_controller.cpp:[m[K In member function ‘[01m[Kbool ur_controllers::GPIOController::setAnalogOutput(ur_msgs::srv::SetAnalogOutput_Request_<std::allocator<void> >::SharedPtr, ur_msgs::srv::SetAnalogOutput_Response_<std::allocator<void> >::SharedPtr)[m[K’:
[01m[K/home/sebas/workspace/ros_ur_driver/src/Universal_Robots_ROS2_Driver/ur_controllers/src/gpio_controller.cpp:410:21:[m[K [01;35m[Kwarning: [m[Kcomparison is always false due to limited range of data type [[01;35m[K]8;;https://gcc.gnu.org/onlinedocs/gcc/Warning-Options.html#index-Wtype-limits-Wtype-limits]8;;[m[K]
  410 |   if ([01;35m[Kreq->data.pin < 0[m[K || req->data.pin > 1) {
      |       [01;35m[K~~~~~~~~~~~~~~^~~[m[K
[100%] [32m[1mLinking CXX shared library libur_controllers.so[0m
[100%] Built target ur_controllers
-- Install configuration: ""
-- Installing: /home/sebas/workspace/ros_ur_driver/install/ur_controllers/include/gpio_controller_parameters
-- Installing: /home/sebas/workspace/ros_ur_driver/install/ur_controllers/include/gpio_controller_parameters/gpio_controller_parameters.hpp
-- Installing: /home/sebas/workspace/ros_ur_driver/install/ur_controllers/include/speed_scaling_state_broadcaster_parameters
-- Installing: /home/sebas/workspace/ros_ur_driver/install/ur_controllers/include/speed_scaling_state_broadcaster_parameters/speed_scaling_state_broadcaster_parameters.hpp
-- Installing: /home/sebas/workspace/ros_ur_driver/install/ur_controllers/include/scaled_joint_trajectory_controller_parameters
-- Installing: /home/sebas/workspace/ros_ur_driver/install/ur_controllers/include/scaled_joint_trajectory_controller_parameters/scaled_joint_trajectory_controller_parameters.hpp
-- Installing: /home/sebas/workspace/ros_ur_driver/install/ur_controllers/include/ur_configuration_controller_parameters
-- Installing: /home/sebas/workspace/ros_ur_driver/install/ur_controllers/include/ur_configuration_controller_parameters/ur_configuration_controller_parameters.hpp
-- Installing: /home/sebas/workspace/ros_ur_driver/install/ur_controllers/share/ur_controllers/controller_plugins.xml
-- Installing: /home/sebas/workspace/ros_ur_driver/install/ur_controllers/lib/libur_controllers.so
-- Set runtime path of "/home/sebas/workspace/ros_ur_driver/install/ur_controllers/lib/libur_controllers.so" to ""
-- Up-to-date: /home/sebas/workspace/ros_ur_driver/install/ur_controllers/include
-- Installing: /home/sebas/workspace/ros_ur_driver/install/ur_controllers/include/ur_controllers
-- Installing: /home/sebas/workspace/ros_ur_driver/install/ur_controllers/include/ur_controllers/speed_scaling_state_broadcaster.hpp
-- Installing: /home/sebas/workspace/ros_ur_driver/install/ur_controllers/include/ur_controllers/gpio_controller.hpp
-- Installing: /home/sebas/workspace/ros_ur_driver/install/ur_controllers/include/ur_controllers/ur_configuration_controller.hpp
-- Installing: /home/sebas/workspace/ros_ur_driver/install/ur_controllers/include/ur_controllers/scaled_joint_trajectory_controller.hpp
-- Up-to-date: /home/sebas/workspace/ros_ur_driver/install/ur_controllers/share/ur_controllers/controller_plugins.xml
-- Installing: /home/sebas/workspace/ros_ur_driver/install/ur_controllers/share/ur_controllers/environment/library_path.sh
-- Installing: /home/sebas/workspace/ros_ur_driver/install/ur_controllers/share/ur_controllers/environment/library_path.dsv
-- Installing: /home/sebas/workspace/ros_ur_driver/install/ur_controllers/share/ament_index/resource_index/package_run_dependencies/ur_controllers
-- Installing: /home/sebas/workspace/ros_ur_driver/install/ur_controllers/share/ament_index/resource_index/parent_prefix_path/ur_controllers
-- Installing: /home/sebas/workspace/ros_ur_driver/install/ur_controllers/share/ur_controllers/environment/ament_prefix_path.sh
-- Installing: /home/sebas/workspace/ros_ur_driver/install/ur_controllers/share/ur_controllers/environment/ament_prefix_path.dsv
-- Installing: /home/sebas/workspace/ros_ur_driver/install/ur_controllers/share/ur_controllers/environment/path.sh
-- Installing: /home/sebas/workspace/ros_ur_driver/install/ur_controllers/share/ur_controllers/environment/path.dsv
-- Installing: /home/sebas/workspace/ros_ur_driver/install/ur_controllers/share/ur_controllers/local_setup.bash
-- Installing: /home/sebas/workspace/ros_ur_driver/install/ur_controllers/share/ur_controllers/local_setup.sh
-- Installing: /home/sebas/workspace/ros_ur_driver/install/ur_controllers/share/ur_controllers/local_setup.zsh
-- Installing: /home/sebas/workspace/ros_ur_driver/install/ur_controllers/share/ur_controllers/local_setup.dsv
-- Installing: /home/sebas/workspace/ros_ur_driver/install/ur_controllers/share/ur_controllers/package.dsv
-- Installing: /home/sebas/workspace/ros_ur_driver/install/ur_controllers/share/ament_index/resource_index/packages/ur_controllers
-- Installing: /home/sebas/workspace/ros_ur_driver/install/ur_controllers/share/ament_index/resource_index/controller_interface__pluginlib__plugin/ur_controllers
-- Installing: /home/sebas/workspace/ros_ur_driver/install/ur_controllers/share/ur_controllers/cmake/ament_cmake_export_dependencies-extras.cmake
-- Installing: /home/sebas/workspace/ros_ur_driver/install/ur_controllers/share/ur_controllers/cmake/ament_cmake_export_include_directories-extras.cmake
-- Installing: /home/sebas/workspace/ros_ur_driver/install/ur_controllers/share/ur_controllers/cmake/ament_cmake_export_libraries-extras.cmake
-- Installing: /home/sebas/workspace/ros_ur_driver/install/ur_controllers/share/ur_controllers/cmake/ur_controllersConfig.cmake
-- Installing: /home/sebas/workspace/ros_ur_driver/install/ur_controllers/share/ur_controllers/cmake/ur_controllersConfig-version.cmake
-- Installing: /home/sebas/workspace/ros_ur_driver/install/ur_controllers/share/ur_controllers/package.xml
