[0.028s] Invoking command in '/home/sebas/workspace/ros_ur_driver/build/controller_manager': CMAKE_PREFIX_PATH=/home/sebas/workspace/ros_ur_driver/install/hardware_interface_testing:/home/sebas/workspace/ros_ur_driver/install/controller_interface:/home/sebas/workspace/ros_ur_driver/install/hardware_interface:/home/sebas/workspace/ros_ur_driver/install/ros2_control_test_assets:/home/sebas/workspace/ros_ur_driver/install/realtime_tools:/home/sebas/workspace/ros_ur_driver/install/controller_manager_msgs:/home/sebas/workspace/ros_ur_driver/install/control_msgs:/home/sebas/workspace/ros_ur_driver/install/ur:/home/sebas/workspace/ros_ur_driver/install/ur_calibration:/home/sebas/workspace/ros_ur_driver/install/ur_robot_driver:/home/sebas/workspace/ros_ur_driver/install/ur_bringup:/home/sebas/workspace/ros_ur_driver/install/ros2_controllers:/home/sebas/workspace/ros_ur_driver/install/velocity_controllers:/home/sebas/workspace/ros_ur_driver/install/ur_controllers:/home/sebas/workspace/ros_ur_driver/install/ur_msgs:/home/sebas/workspace/ros_ur_driver/install/ur_moveit_config:/home/sebas/workspace/ros_ur_driver/install/ur_description:/home/sebas/workspace/ros_ur_driver/install/ur_dashboard_msgs:/home/sebas/workspace/ros_ur_driver/install/ur_client_library:/home/sebas/workspace/ros_ur_driver/install/tricycle_steering_controller:/home/sebas/workspace/ros_ur_driver/install/tricycle_controller:/home/sebas/workspace/ros_ur_driver/install/ros2_control:/home/sebas/workspace/ros_ur_driver/install/transmission_interface:/home/sebas/workspace/ros_ur_driver/install/bicycle_steering_controller:/home/sebas/workspace/ros_ur_driver/install/ackermann_steering_controller:/home/sebas/workspace/ros_ur_driver/install/steering_controllers_library:/home/sebas/workspace/ros_ur_driver/install/controller_manager:/home/sebas/workspace/ros_ur_driver/install/range_sensor_broadcaster:/home/sebas/workspace/ros_ur_driver/install/position_controllers:/home/sebas/workspace/ros_ur_driver/install/pose_broadcaster:/home/sebas/workspace/ros_ur_driver/install/pid_controller:/home/sebas/workspace/ros_ur_driver/install/admittance_controller:/home/sebas/workspace/ros_ur_driver/install/joint_trajectory_controller:/home/sebas/workspace/ros_ur_driver/install/joint_state_broadcaster:/home/sebas/workspace/ros_ur_driver/install/imu_sensor_broadcaster:/home/sebas/workspace/ros_ur_driver/install/gripper_controllers:/home/sebas/workspace/ros_ur_driver/install/effort_controllers:/home/sebas/workspace/ros_ur_driver/install/forward_command_controller:/home/sebas/workspace/ros_ur_driver/install/force_torque_sensor_broadcaster:/home/sebas/workspace/ros_ur_driver/install/diff_drive_controller:/home/sebas/workspace/ros_ur_driver/install/kinematics_interface_kdl:/home/sebas/workspace/ros_ur_driver/install/kinematics_interface:/home/sebas/workspace/ros_ur_driver/install/joint_limits:/home/sebas/workspace/ros_ur_driver/install/ur3_rl:/home/sebas/workspace/ros_ur_driver/install/rqt_joint_trajectory_controller:/home/sebas/workspace/ros_ur_driver/install/rqt_controller_manager:/home/sebas/workspace/ros_ur_driver/install/ros2controlcli:/home/sebas/workspace/ros_ur_driver/install/ros2_controllers_test_nodes:/opt/ros/humble LD_LIBRARY_PATH=/home/sebas/workspace/ros_ur_driver/install/hardware_interface_testing/lib:/home/sebas/workspace/ros_ur_driver/install/controller_interface/lib:/home/sebas/workspace/ros_ur_driver/install/hardware_interface/lib:/home/sebas/workspace/ros_ur_driver/install/realtime_tools/lib:/home/sebas/workspace/ros_ur_driver/install/controller_manager_msgs/lib:/home/sebas/workspace/ros_ur_driver/install/control_msgs/lib:/home/sebas/workspace/ros_ur_driver/install/ur_robot_driver/lib:/home/sebas/workspace/ros_ur_driver/install/velocity_controllers/lib:/home/sebas/workspace/ros_ur_driver/install/ur_controllers/lib:/home/sebas/workspace/ros_ur_driver/install/ur_msgs/lib:/home/sebas/workspace/ros_ur_driver/install/ur_dashboard_msgs/lib:/home/sebas/workspace/ros_ur_driver/install/ur_client_library/lib:/home/sebas/workspace/ros_ur_driver/install/tricycle_steering_controller/lib:/home/sebas/workspace/ros_ur_driver/install/tricycle_controller/lib:/home/sebas/workspace/ros_ur_driver/install/transmission_interface/lib:/home/sebas/workspace/ros_ur_driver/install/bicycle_steering_controller/lib:/home/sebas/workspace/ros_ur_driver/install/ackermann_steering_controller/lib:/home/sebas/workspace/ros_ur_driver/install/steering_controllers_library/lib:/home/sebas/workspace/ros_ur_driver/install/controller_manager/lib:/home/sebas/workspace/ros_ur_driver/install/range_sensor_broadcaster/lib:/home/sebas/workspace/ros_ur_driver/install/position_controllers/lib:/home/sebas/workspace/ros_ur_driver/install/pose_broadcaster/lib:/home/sebas/workspace/ros_ur_driver/install/pid_controller/lib:/home/sebas/workspace/ros_ur_driver/install/admittance_controller/lib:/home/sebas/workspace/ros_ur_driver/install/joint_trajectory_controller/lib:/home/sebas/workspace/ros_ur_driver/install/joint_state_broadcaster/lib:/home/sebas/workspace/ros_ur_driver/install/imu_sensor_broadcaster/lib:/home/sebas/workspace/ros_ur_driver/install/gripper_controllers/lib:/home/sebas/workspace/ros_ur_driver/install/effort_controllers/lib:/home/sebas/workspace/ros_ur_driver/install/forward_command_controller/lib:/home/sebas/workspace/ros_ur_driver/install/force_torque_sensor_broadcaster/lib:/home/sebas/workspace/ros_ur_driver/install/diff_drive_controller/lib:/home/sebas/workspace/ros_ur_driver/install/kinematics_interface_kdl/lib:/home/sebas/workspace/ros_ur_driver/install/kinematics_interface/lib:/opt/ros/humble/opt/rviz_ogre_vendor/lib:/opt/ros/humble/lib/x86_64-linux-gnu:/opt/ros/humble/lib /usr/bin/cmake /home/sebas/workspace/ros_ur_driver/src/ros2_control/controller_manager -DCMAKE_INSTALL_PREFIX=/home/sebas/workspace/ros_ur_driver/install/controller_manager
[0.087s] -- The C compiler identification is GNU 11.4.0
[0.139s] -- The CXX compiler identification is GNU 11.4.0
[0.146s] -- Detecting C compiler ABI info
[0.222s] -- Detecting C compiler ABI info - done
[0.227s] -- Check for working C compiler: /usr/bin/cc - skipped
[0.227s] -- Detecting C compile features
[0.228s] -- Detecting C compile features - done
[0.230s] -- Detecting CXX compiler ABI info
[0.315s] -- Detecting CXX compiler ABI info - done
[0.320s] -- Check for working CXX compiler: /usr/bin/c++ - skipped
[0.320s] -- Detecting CXX compile features
[0.321s] -- Detecting CXX compile features - done
[0.324s] -- Found ament_cmake: 1.3.10 (/opt/ros/humble/share/ament_cmake/cmake)
[0.600s] -- Found Python3: /usr/bin/python3 (found version "3.10.12") found components: Interpreter 
[0.700s] -- Found ament_index_cpp: 1.4.0 (/opt/ros/humble/share/ament_index_cpp/cmake)
[0.701s] -- Found controller_interface: 2.44.0 (/home/sebas/workspace/ros_ur_driver/install/controller_interface/share/controller_interface/cmake)
[0.751s] -- Found rosidl_generator_c: 3.1.5 (/opt/ros/humble/share/rosidl_generator_c/cmake)
[0.758s] -- Found rosidl_adapter: 3.1.5 (/opt/ros/humble/share/rosidl_adapter/cmake)
[0.768s] -- Found rosidl_generator_cpp: 3.1.5 (/opt/ros/humble/share/rosidl_generator_cpp/cmake)
[0.781s] -- Using all available rosidl_typesupport_c: rosidl_typesupport_fastrtps_c;rosidl_typesupport_introspection_c
[0.799s] -- Using all available rosidl_typesupport_cpp: rosidl_typesupport_fastrtps_cpp;rosidl_typesupport_introspection_cpp
[0.988s] -- Found rmw_implementation_cmake: 6.1.2 (/opt/ros/humble/share/rmw_implementation_cmake/cmake)
[0.993s] -- Found rmw_fastrtps_cpp: 6.2.7 (/opt/ros/humble/share/rmw_fastrtps_cpp/cmake)
[1.019s] -- Found TinyXML2 via Config file: TinyXML2_DIR-NOTFOUND
[1.096s] -- Found OpenSSL: /usr/lib/x86_64-linux-gnu/libcrypto.so (found version "3.0.2")  
[1.099s] -- Found TinyXML2 via Config file: TinyXML2_DIR-NOTFOUND
[1.114s] -- Found FastRTPS: /opt/ros/humble/include  
[1.116s] -- Found TinyXML2 via Config file: TinyXML2_DIR-NOTFOUND
[1.125s] -- Found TinyXML2 via Config file: TinyXML2_DIR-NOTFOUND
[1.135s] -- Using RMW implementation 'rmw_fastrtps_cpp' as default
[1.147s] -- Looking for pthread.h
[1.223s] -- Looking for pthread.h - found
[1.223s] -- Performing Test CMAKE_HAVE_LIBC_PTHREAD
[1.302s] -- Performing Test CMAKE_HAVE_LIBC_PTHREAD - Success
[1.303s] -- Found Threads: TRUE  
[1.347s] -- Found controller_manager_msgs: 2.44.0 (/home/sebas/workspace/ros_ur_driver/install/controller_manager_msgs/share/controller_manager_msgs/cmake)
[1.358s] -- Found realtime_tools: 2.8.1 (/home/sebas/workspace/ros_ur_driver/install/realtime_tools/share/realtime_tools/cmake)
[1.416s] -- Found ament_cmake_gmock: 1.3.10 (/opt/ros/humble/share/ament_cmake_gmock/cmake)
[1.417s] -- Found ros2_control_test_assets: 2.44.0 (/home/sebas/workspace/ros_ur_driver/install/ros2_control_test_assets/share/ros2_control_test_assets/cmake)
[1.422s] -- Found gmock sources under '/opt/ros/humble/src/gmock_vendor': C++ tests using 'Google Mock' will be built
[1.429s] -- Found ament_cmake_gtest: 1.3.10 (/opt/ros/humble/share/ament_cmake_gtest/cmake)
[1.430s] -- Found gtest sources under '/opt/ros/humble/src/gtest_vendor': C++ tests using 'Google Test' will be built
[1.449s] -- Found ament_cmake_pytest: 1.3.10 (/opt/ros/humble/share/ament_cmake_pytest/cmake)
[1.972s] -- Configuring done
[2.241s] -- Generating done
[2.244s] -- Build files have been written to: /home/sebas/workspace/ros_ur_driver/build/controller_manager
[2.258s] Invoked command in '/home/sebas/workspace/ros_ur_driver/build/controller_manager' returned '0': CMAKE_PREFIX_PATH=/home/sebas/workspace/ros_ur_driver/install/hardware_interface_testing:/home/sebas/workspace/ros_ur_driver/install/controller_interface:/home/sebas/workspace/ros_ur_driver/install/hardware_interface:/home/sebas/workspace/ros_ur_driver/install/ros2_control_test_assets:/home/sebas/workspace/ros_ur_driver/install/realtime_tools:/home/sebas/workspace/ros_ur_driver/install/controller_manager_msgs:/home/sebas/workspace/ros_ur_driver/install/control_msgs:/home/sebas/workspace/ros_ur_driver/install/ur:/home/sebas/workspace/ros_ur_driver/install/ur_calibration:/home/sebas/workspace/ros_ur_driver/install/ur_robot_driver:/home/sebas/workspace/ros_ur_driver/install/ur_bringup:/home/sebas/workspace/ros_ur_driver/install/ros2_controllers:/home/sebas/workspace/ros_ur_driver/install/velocity_controllers:/home/sebas/workspace/ros_ur_driver/install/ur_controllers:/home/sebas/workspace/ros_ur_driver/install/ur_msgs:/home/sebas/workspace/ros_ur_driver/install/ur_moveit_config:/home/sebas/workspace/ros_ur_driver/install/ur_description:/home/sebas/workspace/ros_ur_driver/install/ur_dashboard_msgs:/home/sebas/workspace/ros_ur_driver/install/ur_client_library:/home/sebas/workspace/ros_ur_driver/install/tricycle_steering_controller:/home/sebas/workspace/ros_ur_driver/install/tricycle_controller:/home/sebas/workspace/ros_ur_driver/install/ros2_control:/home/sebas/workspace/ros_ur_driver/install/transmission_interface:/home/sebas/workspace/ros_ur_driver/install/bicycle_steering_controller:/home/sebas/workspace/ros_ur_driver/install/ackermann_steering_controller:/home/sebas/workspace/ros_ur_driver/install/steering_controllers_library:/home/sebas/workspace/ros_ur_driver/install/controller_manager:/home/sebas/workspace/ros_ur_driver/install/range_sensor_broadcaster:/home/sebas/workspace/ros_ur_driver/install/position_controllers:/home/sebas/workspace/ros_ur_driver/install/pose_broadcaster:/home/sebas/workspace/ros_ur_driver/install/pid_controller:/home/sebas/workspace/ros_ur_driver/install/admittance_controller:/home/sebas/workspace/ros_ur_driver/install/joint_trajectory_controller:/home/sebas/workspace/ros_ur_driver/install/joint_state_broadcaster:/home/sebas/workspace/ros_ur_driver/install/imu_sensor_broadcaster:/home/sebas/workspace/ros_ur_driver/install/gripper_controllers:/home/sebas/workspace/ros_ur_driver/install/effort_controllers:/home/sebas/workspace/ros_ur_driver/install/forward_command_controller:/home/sebas/workspace/ros_ur_driver/install/force_torque_sensor_broadcaster:/home/sebas/workspace/ros_ur_driver/install/diff_drive_controller:/home/sebas/workspace/ros_ur_driver/install/kinematics_interface_kdl:/home/sebas/workspace/ros_ur_driver/install/kinematics_interface:/home/sebas/workspace/ros_ur_driver/install/joint_limits:/home/sebas/workspace/ros_ur_driver/install/ur3_rl:/home/sebas/workspace/ros_ur_driver/install/rqt_joint_trajectory_controller:/home/sebas/workspace/ros_ur_driver/install/rqt_controller_manager:/home/sebas/workspace/ros_ur_driver/install/ros2controlcli:/home/sebas/workspace/ros_ur_driver/install/ros2_controllers_test_nodes:/opt/ros/humble LD_LIBRARY_PATH=/home/sebas/workspace/ros_ur_driver/install/hardware_interface_testing/lib:/home/sebas/workspace/ros_ur_driver/install/controller_interface/lib:/home/sebas/workspace/ros_ur_driver/install/hardware_interface/lib:/home/sebas/workspace/ros_ur_driver/install/realtime_tools/lib:/home/sebas/workspace/ros_ur_driver/install/controller_manager_msgs/lib:/home/sebas/workspace/ros_ur_driver/install/control_msgs/lib:/home/sebas/workspace/ros_ur_driver/install/ur_robot_driver/lib:/home/sebas/workspace/ros_ur_driver/install/velocity_controllers/lib:/home/sebas/workspace/ros_ur_driver/install/ur_controllers/lib:/home/sebas/workspace/ros_ur_driver/install/ur_msgs/lib:/home/sebas/workspace/ros_ur_driver/install/ur_dashboard_msgs/lib:/home/sebas/workspace/ros_ur_driver/install/ur_client_library/lib:/home/sebas/workspace/ros_ur_driver/install/tricycle_steering_controller/lib:/home/sebas/workspace/ros_ur_driver/install/tricycle_controller/lib:/home/sebas/workspace/ros_ur_driver/install/transmission_interface/lib:/home/sebas/workspace/ros_ur_driver/install/bicycle_steering_controller/lib:/home/sebas/workspace/ros_ur_driver/install/ackermann_steering_controller/lib:/home/sebas/workspace/ros_ur_driver/install/steering_controllers_library/lib:/home/sebas/workspace/ros_ur_driver/install/controller_manager/lib:/home/sebas/workspace/ros_ur_driver/install/range_sensor_broadcaster/lib:/home/sebas/workspace/ros_ur_driver/install/position_controllers/lib:/home/sebas/workspace/ros_ur_driver/install/pose_broadcaster/lib:/home/sebas/workspace/ros_ur_driver/install/pid_controller/lib:/home/sebas/workspace/ros_ur_driver/install/admittance_controller/lib:/home/sebas/workspace/ros_ur_driver/install/joint_trajectory_controller/lib:/home/sebas/workspace/ros_ur_driver/install/joint_state_broadcaster/lib:/home/sebas/workspace/ros_ur_driver/install/imu_sensor_broadcaster/lib:/home/sebas/workspace/ros_ur_driver/install/gripper_controllers/lib:/home/sebas/workspace/ros_ur_driver/install/effort_controllers/lib:/home/sebas/workspace/ros_ur_driver/install/forward_command_controller/lib:/home/sebas/workspace/ros_ur_driver/install/force_torque_sensor_broadcaster/lib:/home/sebas/workspace/ros_ur_driver/install/diff_drive_controller/lib:/home/sebas/workspace/ros_ur_driver/install/kinematics_interface_kdl/lib:/home/sebas/workspace/ros_ur_driver/install/kinematics_interface/lib:/opt/ros/humble/opt/rviz_ogre_vendor/lib:/opt/ros/humble/lib/x86_64-linux-gnu:/opt/ros/humble/lib /usr/bin/cmake /home/sebas/workspace/ros_ur_driver/src/ros2_control/controller_manager -DCMAKE_INSTALL_PREFIX=/home/sebas/workspace/ros_ur_driver/install/controller_manager
[2.259s] Invoking command in '/home/sebas/workspace/ros_ur_driver/build/controller_manager': CMAKE_PREFIX_PATH=/home/sebas/workspace/ros_ur_driver/install/hardware_interface_testing:/home/sebas/workspace/ros_ur_driver/install/controller_interface:/home/sebas/workspace/ros_ur_driver/install/hardware_interface:/home/sebas/workspace/ros_ur_driver/install/ros2_control_test_assets:/home/sebas/workspace/ros_ur_driver/install/realtime_tools:/home/sebas/workspace/ros_ur_driver/install/controller_manager_msgs:/home/sebas/workspace/ros_ur_driver/install/control_msgs:/home/sebas/workspace/ros_ur_driver/install/ur:/home/sebas/workspace/ros_ur_driver/install/ur_calibration:/home/sebas/workspace/ros_ur_driver/install/ur_robot_driver:/home/sebas/workspace/ros_ur_driver/install/ur_bringup:/home/sebas/workspace/ros_ur_driver/install/ros2_controllers:/home/sebas/workspace/ros_ur_driver/install/velocity_controllers:/home/sebas/workspace/ros_ur_driver/install/ur_controllers:/home/sebas/workspace/ros_ur_driver/install/ur_msgs:/home/sebas/workspace/ros_ur_driver/install/ur_moveit_config:/home/sebas/workspace/ros_ur_driver/install/ur_description:/home/sebas/workspace/ros_ur_driver/install/ur_dashboard_msgs:/home/sebas/workspace/ros_ur_driver/install/ur_client_library:/home/sebas/workspace/ros_ur_driver/install/tricycle_steering_controller:/home/sebas/workspace/ros_ur_driver/install/tricycle_controller:/home/sebas/workspace/ros_ur_driver/install/ros2_control:/home/sebas/workspace/ros_ur_driver/install/transmission_interface:/home/sebas/workspace/ros_ur_driver/install/bicycle_steering_controller:/home/sebas/workspace/ros_ur_driver/install/ackermann_steering_controller:/home/sebas/workspace/ros_ur_driver/install/steering_controllers_library:/home/sebas/workspace/ros_ur_driver/install/controller_manager:/home/sebas/workspace/ros_ur_driver/install/range_sensor_broadcaster:/home/sebas/workspace/ros_ur_driver/install/position_controllers:/home/sebas/workspace/ros_ur_driver/install/pose_broadcaster:/home/sebas/workspace/ros_ur_driver/install/pid_controller:/home/sebas/workspace/ros_ur_driver/install/admittance_controller:/home/sebas/workspace/ros_ur_driver/install/joint_trajectory_controller:/home/sebas/workspace/ros_ur_driver/install/joint_state_broadcaster:/home/sebas/workspace/ros_ur_driver/install/imu_sensor_broadcaster:/home/sebas/workspace/ros_ur_driver/install/gripper_controllers:/home/sebas/workspace/ros_ur_driver/install/effort_controllers:/home/sebas/workspace/ros_ur_driver/install/forward_command_controller:/home/sebas/workspace/ros_ur_driver/install/force_torque_sensor_broadcaster:/home/sebas/workspace/ros_ur_driver/install/diff_drive_controller:/home/sebas/workspace/ros_ur_driver/install/kinematics_interface_kdl:/home/sebas/workspace/ros_ur_driver/install/kinematics_interface:/home/sebas/workspace/ros_ur_driver/install/joint_limits:/home/sebas/workspace/ros_ur_driver/install/ur3_rl:/home/sebas/workspace/ros_ur_driver/install/rqt_joint_trajectory_controller:/home/sebas/workspace/ros_ur_driver/install/rqt_controller_manager:/home/sebas/workspace/ros_ur_driver/install/ros2controlcli:/home/sebas/workspace/ros_ur_driver/install/ros2_controllers_test_nodes:/opt/ros/humble LD_LIBRARY_PATH=/home/sebas/workspace/ros_ur_driver/install/hardware_interface_testing/lib:/home/sebas/workspace/ros_ur_driver/install/controller_interface/lib:/home/sebas/workspace/ros_ur_driver/install/hardware_interface/lib:/home/sebas/workspace/ros_ur_driver/install/realtime_tools/lib:/home/sebas/workspace/ros_ur_driver/install/controller_manager_msgs/lib:/home/sebas/workspace/ros_ur_driver/install/control_msgs/lib:/home/sebas/workspace/ros_ur_driver/install/ur_robot_driver/lib:/home/sebas/workspace/ros_ur_driver/install/velocity_controllers/lib:/home/sebas/workspace/ros_ur_driver/install/ur_controllers/lib:/home/sebas/workspace/ros_ur_driver/install/ur_msgs/lib:/home/sebas/workspace/ros_ur_driver/install/ur_dashboard_msgs/lib:/home/sebas/workspace/ros_ur_driver/install/ur_client_library/lib:/home/sebas/workspace/ros_ur_driver/install/tricycle_steering_controller/lib:/home/sebas/workspace/ros_ur_driver/install/tricycle_controller/lib:/home/sebas/workspace/ros_ur_driver/install/transmission_interface/lib:/home/sebas/workspace/ros_ur_driver/install/bicycle_steering_controller/lib:/home/sebas/workspace/ros_ur_driver/install/ackermann_steering_controller/lib:/home/sebas/workspace/ros_ur_driver/install/steering_controllers_library/lib:/home/sebas/workspace/ros_ur_driver/install/controller_manager/lib:/home/sebas/workspace/ros_ur_driver/install/range_sensor_broadcaster/lib:/home/sebas/workspace/ros_ur_driver/install/position_controllers/lib:/home/sebas/workspace/ros_ur_driver/install/pose_broadcaster/lib:/home/sebas/workspace/ros_ur_driver/install/pid_controller/lib:/home/sebas/workspace/ros_ur_driver/install/admittance_controller/lib:/home/sebas/workspace/ros_ur_driver/install/joint_trajectory_controller/lib:/home/sebas/workspace/ros_ur_driver/install/joint_state_broadcaster/lib:/home/sebas/workspace/ros_ur_driver/install/imu_sensor_broadcaster/lib:/home/sebas/workspace/ros_ur_driver/install/gripper_controllers/lib:/home/sebas/workspace/ros_ur_driver/install/effort_controllers/lib:/home/sebas/workspace/ros_ur_driver/install/forward_command_controller/lib:/home/sebas/workspace/ros_ur_driver/install/force_torque_sensor_broadcaster/lib:/home/sebas/workspace/ros_ur_driver/install/diff_drive_controller/lib:/home/sebas/workspace/ros_ur_driver/install/kinematics_interface_kdl/lib:/home/sebas/workspace/ros_ur_driver/install/kinematics_interface/lib:/opt/ros/humble/opt/rviz_ogre_vendor/lib:/opt/ros/humble/lib/x86_64-linux-gnu:/opt/ros/humble/lib /usr/bin/cmake --build /home/sebas/workspace/ros_ur_driver/build/controller_manager -- -j12 -l12
[2.319s] [  8%] [32mBuilding CXX object gmock/CMakeFiles/gmock.dir/opt/ros/humble/src/gtest_vendor/src/gtest-all.cc.o[0m
[2.319s] [  8%] [32mBuilding CXX object gmock/CMakeFiles/gmock.dir/src/gmock-all.cc.o[0m
[2.319s] [  8%] [32mBuilding CXX object gmock/CMakeFiles/gmock_main.dir/src/gmock_main.cc.o[0m
[2.319s] [ 10%] [32mBuilding CXX object CMakeFiles/controller_manager.dir/src/controller_manager.cpp.o[0m
[2.330s] [ 10%] Built target ament_cmake_python_copy_controller_manager_setup
[2.330s] [ 10%] Built target ament_cmake_python_copy_controller_manager
[2.523s] running install_scripts
[2.526s] running egg_info
[2.527s] creating controller_manager.egg-info
[2.541s] writing controller_manager.egg-info/PKG-INFO
[2.541s] writing dependency_links to controller_manager.egg-info/dependency_links.txt
[2.542s] writing entry points to controller_manager.egg-info/entry_points.txt
[2.542s] writing top-level names to controller_manager.egg-info/top_level.txt
[2.542s] writing manifest file 'controller_manager.egg-info/SOURCES.txt'
[2.557s] /home/sebas/.local/lib/python3.10/site-packages/setuptools/_distutils/cmd.py:66: SetuptoolsDeprecationWarning: setup.py install is deprecated.
[2.558s] !!
[2.558s] 
[2.558s]         ********************************************************************************
[2.558s]         Please avoid running ``setup.py`` directly.
[2.558s]         Instead, use pypa/build, pypa/installer or other
[2.558s]         standards-based tools.
[2.558s] 
[2.558s]         See https://blog.ganssle.io/articles/2021/10/setup-py-deprecated.html for details.
[2.558s]         ********************************************************************************
[2.558s] 
[2.558s] !!
[2.558s]   self.initialize_options()
[2.562s] running egg_info
[2.588s] reading manifest file 'controller_manager.egg-info/SOURCES.txt'
[2.589s] writing manifest file 'controller_manager.egg-info/SOURCES.txt'
[2.597s] writing controller_manager.egg-info/PKG-INFO
[2.597s] writing dependency_links to controller_manager.egg-info/dependency_links.txt
[2.597s] writing entry points to controller_manager.egg-info/entry_points.txt
[2.598s] writing top-level names to controller_manager.egg-info/top_level.txt
[2.623s] [ 10%] Built target ament_cmake_python_build_controller_manager_egg
[2.630s] reading manifest file 'controller_manager.egg-info/SOURCES.txt'
[2.631s] writing manifest file 'controller_manager.egg-info/SOURCES.txt'
[2.760s] Installing hardware_spawner script to scripts
[2.760s] Installing spawner script to scripts
[2.760s] Installing unspawner script to scripts
[2.804s] [ 10%] Built target ament_cmake_python_build_controller_manager_scripts
[3.281s] [ 13%] [32m[1mLinking CXX static library libgmock_main.a[0m
[3.360s] [ 13%] Built target gmock_main
[4.696s] [ 16%] [32m[1mLinking CXX static library libgmock.a[0m
[4.805s] [ 16%] Built target gmock
[16.273s] [ 18%] [32m[1mLinking CXX shared library libcontroller_manager.so[0m
[17.219s] [ 18%] Built target controller_manager
[17.246s] [ 32%] [32mBuilding CXX object CMakeFiles/test_chainable_controller.dir/test/test_chainable_controller/test_chainable_controller.cpp.o[0m
[17.246s] [ 32%] [32mBuilding CXX object CMakeFiles/test_controller.dir/test/test_controller/test_controller.cpp.o[0m
[17.246s] [ 32%] [32mBuilding CXX object CMakeFiles/test_controller_with_interfaces.dir/test/test_controller_with_interfaces/test_controller_with_interfaces.cpp.o[0m
[17.246s] [ 32%] [32mBuilding CXX object CMakeFiles/ros2_control_node.dir/src/ros2_control_node.cpp.o[0m
[17.246s] [ 32%] [32mBuilding CXX object CMakeFiles/test_controller_manager_urdf_passing.dir/test/test_controller_manager_urdf_passing.cpp.o[0m
[17.246s] [ 35%] [32mBuilding CXX object CMakeFiles/test_hardware_spawner.dir/test/test_hardware_spawner.cpp.o[0m
[17.247s] [ 37%] [32mBuilding CXX object CMakeFiles/test_controller_failed_init.dir/test/test_controller_failed_init/test_controller_failed_init.cpp.o[0m
[21.053s] [ 40%] [32m[1mLinking CXX shared library libtest_controller_with_interfaces.so[0m
[21.065s] [ 43%] [32m[1mLinking CXX shared library libtest_controller.so[0m
[21.216s] [ 43%] Built target test_controller_with_interfaces
[21.248s] [ 45%] [32mBuilding CXX object CMakeFiles/test_release_interfaces.dir/test/test_release_interfaces.cpp.o[0m
[21.305s] [ 45%] Built target test_controller
[21.341s] [ 54%] [32mBuilding CXX object CMakeFiles/test_controller_manager.dir/test/test_controller_manager.cpp.o[0m
[21.341s] [ 54%] [32mBuilding CXX object CMakeFiles/test_spawner_unspawner.dir/test/test_spawner_unspawner.cpp.o[0m
[21.341s] [ 54%] [32mBuilding CXX object CMakeFiles/test_hardware_management_srvs.dir/test/test_hardware_management_srvs.cpp.o[0m
[21.341s] [ 56%] [32mBuilding CXX object CMakeFiles/test_controller_manager_with_namespace.cpp.dir/test/test_controller_manager_with_namespace.cpp.o[0m
[21.728s] [ 59%] [32m[1mLinking CXX executable ros2_control_node[0m
[22.264s] [ 62%] [32m[1mLinking CXX shared library libtest_controller_failed_init.so[0m
[22.562s] [ 62%] Built target test_controller_failed_init
[22.609s] [ 64%] [32mBuilding CXX object CMakeFiles/test_load_controller.dir/test/test_load_controller.cpp.o[0m
[23.081s] [ 64%] Built target ros2_control_node
[23.735s] [ 67%] [32m[1mLinking CXX executable test_controller_manager_urdf_passing[0m
[24.615s] [ 70%] [32m[1mLinking CXX executable test_hardware_spawner[0m
[25.685s] [ 70%] Built target test_controller_manager_urdf_passing
[26.331s] [ 70%] Built target test_hardware_spawner
[26.343s] [ 72%] [32m[1mLinking CXX shared library libtest_chainable_controller.so[0m
[26.864s] [ 72%] Built target test_chainable_controller
[26.897s] [ 75%] [32mBuilding CXX object CMakeFiles/test_controllers_chaining_with_controller_manager.dir/test/test_controllers_chaining_with_controller_manager.cpp.o[0m
[26.899s] [ 78%] [32mBuilding CXX object CMakeFiles/test_controller_manager_srvs.dir/test/test_controller_manager_srvs.cpp.o[0m
[28.301s] [ 81%] [32m[1mLinking CXX executable test_controller_manager_with_namespace.cpp[0m
[29.438s] [ 83%] [32m[1mLinking CXX executable test_release_interfaces[0m
[29.613s] [ 83%] Built target test_controller_manager_with_namespace.cpp
[29.637s] [ 86%] [32m[1mLinking CXX executable test_controller_manager[0m
[29.963s] [ 89%] [32m[1mLinking CXX executable test_spawner_unspawner[0m
[30.608s] [ 91%] [32m[1mLinking CXX executable test_load_controller[0m
[31.028s] [ 94%] [32m[1mLinking CXX executable test_hardware_management_srvs[0m
[31.369s] [ 94%] Built target test_controller_manager
[31.479s] [ 94%] Built target test_release_interfaces
[31.798s] [ 94%] Built target test_spawner_unspawner
[32.302s] [ 94%] Built target test_load_controller
[32.407s] [ 94%] Built target test_hardware_management_srvs
[34.883s] [ 97%] [32m[1mLinking CXX executable test_controllers_chaining_with_controller_manager[0m
[35.775s] [ 97%] Built target test_controllers_chaining_with_controller_manager
[38.348s] [100%] [32m[1mLinking CXX executable test_controller_manager_srvs[0m
[39.337s] [100%] Built target test_controller_manager_srvs
[39.351s] Invoked command in '/home/sebas/workspace/ros_ur_driver/build/controller_manager' returned '0': CMAKE_PREFIX_PATH=/home/sebas/workspace/ros_ur_driver/install/hardware_interface_testing:/home/sebas/workspace/ros_ur_driver/install/controller_interface:/home/sebas/workspace/ros_ur_driver/install/hardware_interface:/home/sebas/workspace/ros_ur_driver/install/ros2_control_test_assets:/home/sebas/workspace/ros_ur_driver/install/realtime_tools:/home/sebas/workspace/ros_ur_driver/install/controller_manager_msgs:/home/sebas/workspace/ros_ur_driver/install/control_msgs:/home/sebas/workspace/ros_ur_driver/install/ur:/home/sebas/workspace/ros_ur_driver/install/ur_calibration:/home/sebas/workspace/ros_ur_driver/install/ur_robot_driver:/home/sebas/workspace/ros_ur_driver/install/ur_bringup:/home/sebas/workspace/ros_ur_driver/install/ros2_controllers:/home/sebas/workspace/ros_ur_driver/install/velocity_controllers:/home/sebas/workspace/ros_ur_driver/install/ur_controllers:/home/sebas/workspace/ros_ur_driver/install/ur_msgs:/home/sebas/workspace/ros_ur_driver/install/ur_moveit_config:/home/sebas/workspace/ros_ur_driver/install/ur_description:/home/sebas/workspace/ros_ur_driver/install/ur_dashboard_msgs:/home/sebas/workspace/ros_ur_driver/install/ur_client_library:/home/sebas/workspace/ros_ur_driver/install/tricycle_steering_controller:/home/sebas/workspace/ros_ur_driver/install/tricycle_controller:/home/sebas/workspace/ros_ur_driver/install/ros2_control:/home/sebas/workspace/ros_ur_driver/install/transmission_interface:/home/sebas/workspace/ros_ur_driver/install/bicycle_steering_controller:/home/sebas/workspace/ros_ur_driver/install/ackermann_steering_controller:/home/sebas/workspace/ros_ur_driver/install/steering_controllers_library:/home/sebas/workspace/ros_ur_driver/install/controller_manager:/home/sebas/workspace/ros_ur_driver/install/range_sensor_broadcaster:/home/sebas/workspace/ros_ur_driver/install/position_controllers:/home/sebas/workspace/ros_ur_driver/install/pose_broadcaster:/home/sebas/workspace/ros_ur_driver/install/pid_controller:/home/sebas/workspace/ros_ur_driver/install/admittance_controller:/home/sebas/workspace/ros_ur_driver/install/joint_trajectory_controller:/home/sebas/workspace/ros_ur_driver/install/joint_state_broadcaster:/home/sebas/workspace/ros_ur_driver/install/imu_sensor_broadcaster:/home/sebas/workspace/ros_ur_driver/install/gripper_controllers:/home/sebas/workspace/ros_ur_driver/install/effort_controllers:/home/sebas/workspace/ros_ur_driver/install/forward_command_controller:/home/sebas/workspace/ros_ur_driver/install/force_torque_sensor_broadcaster:/home/sebas/workspace/ros_ur_driver/install/diff_drive_controller:/home/sebas/workspace/ros_ur_driver/install/kinematics_interface_kdl:/home/sebas/workspace/ros_ur_driver/install/kinematics_interface:/home/sebas/workspace/ros_ur_driver/install/joint_limits:/home/sebas/workspace/ros_ur_driver/install/ur3_rl:/home/sebas/workspace/ros_ur_driver/install/rqt_joint_trajectory_controller:/home/sebas/workspace/ros_ur_driver/install/rqt_controller_manager:/home/sebas/workspace/ros_ur_driver/install/ros2controlcli:/home/sebas/workspace/ros_ur_driver/install/ros2_controllers_test_nodes:/opt/ros/humble LD_LIBRARY_PATH=/home/sebas/workspace/ros_ur_driver/install/hardware_interface_testing/lib:/home/sebas/workspace/ros_ur_driver/install/controller_interface/lib:/home/sebas/workspace/ros_ur_driver/install/hardware_interface/lib:/home/sebas/workspace/ros_ur_driver/install/realtime_tools/lib:/home/sebas/workspace/ros_ur_driver/install/controller_manager_msgs/lib:/home/sebas/workspace/ros_ur_driver/install/control_msgs/lib:/home/sebas/workspace/ros_ur_driver/install/ur_robot_driver/lib:/home/sebas/workspace/ros_ur_driver/install/velocity_controllers/lib:/home/sebas/workspace/ros_ur_driver/install/ur_controllers/lib:/home/sebas/workspace/ros_ur_driver/install/ur_msgs/lib:/home/sebas/workspace/ros_ur_driver/install/ur_dashboard_msgs/lib:/home/sebas/workspace/ros_ur_driver/install/ur_client_library/lib:/home/sebas/workspace/ros_ur_driver/install/tricycle_steering_controller/lib:/home/sebas/workspace/ros_ur_driver/install/tricycle_controller/lib:/home/sebas/workspace/ros_ur_driver/install/transmission_interface/lib:/home/sebas/workspace/ros_ur_driver/install/bicycle_steering_controller/lib:/home/sebas/workspace/ros_ur_driver/install/ackermann_steering_controller/lib:/home/sebas/workspace/ros_ur_driver/install/steering_controllers_library/lib:/home/sebas/workspace/ros_ur_driver/install/controller_manager/lib:/home/sebas/workspace/ros_ur_driver/install/range_sensor_broadcaster/lib:/home/sebas/workspace/ros_ur_driver/install/position_controllers/lib:/home/sebas/workspace/ros_ur_driver/install/pose_broadcaster/lib:/home/sebas/workspace/ros_ur_driver/install/pid_controller/lib:/home/sebas/workspace/ros_ur_driver/install/admittance_controller/lib:/home/sebas/workspace/ros_ur_driver/install/joint_trajectory_controller/lib:/home/sebas/workspace/ros_ur_driver/install/joint_state_broadcaster/lib:/home/sebas/workspace/ros_ur_driver/install/imu_sensor_broadcaster/lib:/home/sebas/workspace/ros_ur_driver/install/gripper_controllers/lib:/home/sebas/workspace/ros_ur_driver/install/effort_controllers/lib:/home/sebas/workspace/ros_ur_driver/install/forward_command_controller/lib:/home/sebas/workspace/ros_ur_driver/install/force_torque_sensor_broadcaster/lib:/home/sebas/workspace/ros_ur_driver/install/diff_drive_controller/lib:/home/sebas/workspace/ros_ur_driver/install/kinematics_interface_kdl/lib:/home/sebas/workspace/ros_ur_driver/install/kinematics_interface/lib:/opt/ros/humble/opt/rviz_ogre_vendor/lib:/opt/ros/humble/lib/x86_64-linux-gnu:/opt/ros/humble/lib /usr/bin/cmake --build /home/sebas/workspace/ros_ur_driver/build/controller_manager -- -j12 -l12
[39.523s] Invoking command in '/home/sebas/workspace/ros_ur_driver/build/controller_manager': CMAKE_PREFIX_PATH=/home/sebas/workspace/ros_ur_driver/install/hardware_interface_testing:/home/sebas/workspace/ros_ur_driver/install/controller_interface:/home/sebas/workspace/ros_ur_driver/install/hardware_interface:/home/sebas/workspace/ros_ur_driver/install/ros2_control_test_assets:/home/sebas/workspace/ros_ur_driver/install/realtime_tools:/home/sebas/workspace/ros_ur_driver/install/controller_manager_msgs:/home/sebas/workspace/ros_ur_driver/install/control_msgs:/home/sebas/workspace/ros_ur_driver/install/ur:/home/sebas/workspace/ros_ur_driver/install/ur_calibration:/home/sebas/workspace/ros_ur_driver/install/ur_robot_driver:/home/sebas/workspace/ros_ur_driver/install/ur_bringup:/home/sebas/workspace/ros_ur_driver/install/ros2_controllers:/home/sebas/workspace/ros_ur_driver/install/velocity_controllers:/home/sebas/workspace/ros_ur_driver/install/ur_controllers:/home/sebas/workspace/ros_ur_driver/install/ur_msgs:/home/sebas/workspace/ros_ur_driver/install/ur_moveit_config:/home/sebas/workspace/ros_ur_driver/install/ur_description:/home/sebas/workspace/ros_ur_driver/install/ur_dashboard_msgs:/home/sebas/workspace/ros_ur_driver/install/ur_client_library:/home/sebas/workspace/ros_ur_driver/install/tricycle_steering_controller:/home/sebas/workspace/ros_ur_driver/install/tricycle_controller:/home/sebas/workspace/ros_ur_driver/install/ros2_control:/home/sebas/workspace/ros_ur_driver/install/transmission_interface:/home/sebas/workspace/ros_ur_driver/install/bicycle_steering_controller:/home/sebas/workspace/ros_ur_driver/install/ackermann_steering_controller:/home/sebas/workspace/ros_ur_driver/install/steering_controllers_library:/home/sebas/workspace/ros_ur_driver/install/controller_manager:/home/sebas/workspace/ros_ur_driver/install/range_sensor_broadcaster:/home/sebas/workspace/ros_ur_driver/install/position_controllers:/home/sebas/workspace/ros_ur_driver/install/pose_broadcaster:/home/sebas/workspace/ros_ur_driver/install/pid_controller:/home/sebas/workspace/ros_ur_driver/install/admittance_controller:/home/sebas/workspace/ros_ur_driver/install/joint_trajectory_controller:/home/sebas/workspace/ros_ur_driver/install/joint_state_broadcaster:/home/sebas/workspace/ros_ur_driver/install/imu_sensor_broadcaster:/home/sebas/workspace/ros_ur_driver/install/gripper_controllers:/home/sebas/workspace/ros_ur_driver/install/effort_controllers:/home/sebas/workspace/ros_ur_driver/install/forward_command_controller:/home/sebas/workspace/ros_ur_driver/install/force_torque_sensor_broadcaster:/home/sebas/workspace/ros_ur_driver/install/diff_drive_controller:/home/sebas/workspace/ros_ur_driver/install/kinematics_interface_kdl:/home/sebas/workspace/ros_ur_driver/install/kinematics_interface:/home/sebas/workspace/ros_ur_driver/install/joint_limits:/home/sebas/workspace/ros_ur_driver/install/ur3_rl:/home/sebas/workspace/ros_ur_driver/install/rqt_joint_trajectory_controller:/home/sebas/workspace/ros_ur_driver/install/rqt_controller_manager:/home/sebas/workspace/ros_ur_driver/install/ros2controlcli:/home/sebas/workspace/ros_ur_driver/install/ros2_controllers_test_nodes:/opt/ros/humble LD_LIBRARY_PATH=/home/sebas/workspace/ros_ur_driver/install/hardware_interface_testing/lib:/home/sebas/workspace/ros_ur_driver/install/controller_interface/lib:/home/sebas/workspace/ros_ur_driver/install/hardware_interface/lib:/home/sebas/workspace/ros_ur_driver/install/realtime_tools/lib:/home/sebas/workspace/ros_ur_driver/install/controller_manager_msgs/lib:/home/sebas/workspace/ros_ur_driver/install/control_msgs/lib:/home/sebas/workspace/ros_ur_driver/install/ur_robot_driver/lib:/home/sebas/workspace/ros_ur_driver/install/velocity_controllers/lib:/home/sebas/workspace/ros_ur_driver/install/ur_controllers/lib:/home/sebas/workspace/ros_ur_driver/install/ur_msgs/lib:/home/sebas/workspace/ros_ur_driver/install/ur_dashboard_msgs/lib:/home/sebas/workspace/ros_ur_driver/install/ur_client_library/lib:/home/sebas/workspace/ros_ur_driver/install/tricycle_steering_controller/lib:/home/sebas/workspace/ros_ur_driver/install/tricycle_controller/lib:/home/sebas/workspace/ros_ur_driver/install/transmission_interface/lib:/home/sebas/workspace/ros_ur_driver/install/bicycle_steering_controller/lib:/home/sebas/workspace/ros_ur_driver/install/ackermann_steering_controller/lib:/home/sebas/workspace/ros_ur_driver/install/steering_controllers_library/lib:/home/sebas/workspace/ros_ur_driver/install/controller_manager/lib:/home/sebas/workspace/ros_ur_driver/install/range_sensor_broadcaster/lib:/home/sebas/workspace/ros_ur_driver/install/position_controllers/lib:/home/sebas/workspace/ros_ur_driver/install/pose_broadcaster/lib:/home/sebas/workspace/ros_ur_driver/install/pid_controller/lib:/home/sebas/workspace/ros_ur_driver/install/admittance_controller/lib:/home/sebas/workspace/ros_ur_driver/install/joint_trajectory_controller/lib:/home/sebas/workspace/ros_ur_driver/install/joint_state_broadcaster/lib:/home/sebas/workspace/ros_ur_driver/install/imu_sensor_broadcaster/lib:/home/sebas/workspace/ros_ur_driver/install/gripper_controllers/lib:/home/sebas/workspace/ros_ur_driver/install/effort_controllers/lib:/home/sebas/workspace/ros_ur_driver/install/forward_command_controller/lib:/home/sebas/workspace/ros_ur_driver/install/force_torque_sensor_broadcaster/lib:/home/sebas/workspace/ros_ur_driver/install/diff_drive_controller/lib:/home/sebas/workspace/ros_ur_driver/install/kinematics_interface_kdl/lib:/home/sebas/workspace/ros_ur_driver/install/kinematics_interface/lib:/opt/ros/humble/opt/rviz_ogre_vendor/lib:/opt/ros/humble/lib/x86_64-linux-gnu:/opt/ros/humble/lib /usr/bin/cmake --install /home/sebas/workspace/ros_ur_driver/build/controller_manager
[39.531s] -- Install configuration: ""
[39.531s] -- Installing: /home/sebas/workspace/ros_ur_driver/install/controller_manager/lib/libcontroller_manager.so
[39.546s] -- Set runtime path of "/home/sebas/workspace/ros_ur_driver/install/controller_manager/lib/libcontroller_manager.so" to ""
[39.546s] -- Installing: /home/sebas/workspace/ros_ur_driver/install/controller_manager/lib/controller_manager/ros2_control_node
[39.546s] -- Set runtime path of "/home/sebas/workspace/ros_ur_driver/install/controller_manager/lib/controller_manager/ros2_control_node" to ""
[39.546s] -- Installing: /home/sebas/workspace/ros_ur_driver/install/controller_manager/include
[39.547s] -- Installing: /home/sebas/workspace/ros_ur_driver/install/controller_manager/include/controller_manager
[39.547s] -- Installing: /home/sebas/workspace/ros_ur_driver/install/controller_manager/include/controller_manager/controller_spec.hpp
[39.547s] -- Installing: /home/sebas/workspace/ros_ur_driver/install/controller_manager/include/controller_manager/visibility_control.h
[39.547s] -- Installing: /home/sebas/workspace/ros_ur_driver/install/controller_manager/include/controller_manager/controller_manager.hpp
[39.547s] -- Installing: /home/sebas/workspace/ros_ur_driver/install/controller_manager/share/controller_manager/test/test_controller/test_controller.xml
[39.547s] -- Installing: /home/sebas/workspace/ros_ur_driver/install/controller_manager/lib/libtest_controller.so
[39.548s] -- Set runtime path of "/home/sebas/workspace/ros_ur_driver/install/controller_manager/lib/libtest_controller.so" to ""
[39.548s] -- Installing: /home/sebas/workspace/ros_ur_driver/install/controller_manager/share/controller_manager/test/test_controller_failed_init/test_controller_failed_init.xml
[39.548s] -- Installing: /home/sebas/workspace/ros_ur_driver/install/controller_manager/lib/libtest_controller_failed_init.so
[39.548s] -- Set runtime path of "/home/sebas/workspace/ros_ur_driver/install/controller_manager/lib/libtest_controller_failed_init.so" to ""
[39.548s] -- Installing: /home/sebas/workspace/ros_ur_driver/install/controller_manager/share/controller_manager/test/test_chainable_controller/test_chainable_controller.xml
[39.548s] -- Installing: /home/sebas/workspace/ros_ur_driver/install/controller_manager/lib/libtest_chainable_controller.so
[39.554s] -- Set runtime path of "/home/sebas/workspace/ros_ur_driver/install/controller_manager/lib/libtest_chainable_controller.so" to ""
[39.554s] -- Installing: /home/sebas/workspace/ros_ur_driver/install/controller_manager/share/controller_manager/test/test_controller_with_interfaces/test_controller_with_interfaces.xml
[39.554s] -- Installing: /home/sebas/workspace/ros_ur_driver/install/controller_manager/lib/libtest_controller_with_interfaces.so
[39.555s] -- Set runtime path of "/home/sebas/workspace/ros_ur_driver/install/controller_manager/lib/libtest_controller_with_interfaces.so" to ""
[39.555s] -- Installing: /home/sebas/workspace/ros_ur_driver/install/controller_manager/test/test_controller_spawner_with_type.yaml
[39.555s] -- Installing: /home/sebas/workspace/ros_ur_driver/install/controller_manager/test/test_ros2_control_node.yaml
[39.555s] -- Installing: /home/sebas/workspace/ros_ur_driver/install/controller_manager/share/controller_manager/environment/pythonpath.sh
[39.555s] -- Installing: /home/sebas/workspace/ros_ur_driver/install/controller_manager/share/controller_manager/environment/pythonpath.dsv
[39.555s] -- Installing: /home/sebas/workspace/ros_ur_driver/install/controller_manager/local/lib/python3.10/dist-packages/controller_manager-2.44.0-py3.10.egg-info
[39.555s] -- Installing: /home/sebas/workspace/ros_ur_driver/install/controller_manager/local/lib/python3.10/dist-packages/controller_manager-2.44.0-py3.10.egg-info/top_level.txt
[39.556s] -- Installing: /home/sebas/workspace/ros_ur_driver/install/controller_manager/local/lib/python3.10/dist-packages/controller_manager-2.44.0-py3.10.egg-info/dependency_links.txt
[39.556s] -- Installing: /home/sebas/workspace/ros_ur_driver/install/controller_manager/local/lib/python3.10/dist-packages/controller_manager-2.44.0-py3.10.egg-info/SOURCES.txt
[39.556s] -- Installing: /home/sebas/workspace/ros_ur_driver/install/controller_manager/local/lib/python3.10/dist-packages/controller_manager-2.44.0-py3.10.egg-info/entry_points.txt
[39.556s] -- Installing: /home/sebas/workspace/ros_ur_driver/install/controller_manager/local/lib/python3.10/dist-packages/controller_manager-2.44.0-py3.10.egg-info/PKG-INFO
[39.556s] -- Up-to-date: /home/sebas/workspace/ros_ur_driver/install/controller_manager/lib/controller_manager/
[39.556s] -- Installing: /home/sebas/workspace/ros_ur_driver/install/controller_manager/lib/controller_manager//unspawner
[39.556s] -- Installing: /home/sebas/workspace/ros_ur_driver/install/controller_manager/lib/controller_manager//spawner
[39.556s] -- Installing: /home/sebas/workspace/ros_ur_driver/install/controller_manager/lib/controller_manager//hardware_spawner
[39.556s] -- Installing: /home/sebas/workspace/ros_ur_driver/install/controller_manager/local/lib/python3.10/dist-packages/controller_manager
[39.556s] -- Installing: /home/sebas/workspace/ros_ur_driver/install/controller_manager/local/lib/python3.10/dist-packages/controller_manager/spawner.py
[39.556s] -- Installing: /home/sebas/workspace/ros_ur_driver/install/controller_manager/local/lib/python3.10/dist-packages/controller_manager/launch_utils.py
[39.557s] -- Installing: /home/sebas/workspace/ros_ur_driver/install/controller_manager/local/lib/python3.10/dist-packages/controller_manager/unspawner.py
[39.557s] -- Installing: /home/sebas/workspace/ros_ur_driver/install/controller_manager/local/lib/python3.10/dist-packages/controller_manager/__init__.py
[39.557s] -- Installing: /home/sebas/workspace/ros_ur_driver/install/controller_manager/local/lib/python3.10/dist-packages/controller_manager/hardware_spawner.py
[39.557s] -- Installing: /home/sebas/workspace/ros_ur_driver/install/controller_manager/local/lib/python3.10/dist-packages/controller_manager/controller_manager_services.py
[39.589s] Listing '/home/sebas/workspace/ros_ur_driver/install/controller_manager/local/lib/python3.10/dist-packages/controller_manager'...
[39.589s] Compiling '/home/sebas/workspace/ros_ur_driver/install/controller_manager/local/lib/python3.10/dist-packages/controller_manager/__init__.py'...
[39.589s] Compiling '/home/sebas/workspace/ros_ur_driver/install/controller_manager/local/lib/python3.10/dist-packages/controller_manager/controller_manager_services.py'...
[39.589s] Compiling '/home/sebas/workspace/ros_ur_driver/install/controller_manager/local/lib/python3.10/dist-packages/controller_manager/hardware_spawner.py'...
[39.589s] Compiling '/home/sebas/workspace/ros_ur_driver/install/controller_manager/local/lib/python3.10/dist-packages/controller_manager/launch_utils.py'...
[39.589s] Compiling '/home/sebas/workspace/ros_ur_driver/install/controller_manager/local/lib/python3.10/dist-packages/controller_manager/spawner.py'...
[39.589s] Compiling '/home/sebas/workspace/ros_ur_driver/install/controller_manager/local/lib/python3.10/dist-packages/controller_manager/unspawner.py'...
[39.592s] -- Installing: /home/sebas/workspace/ros_ur_driver/install/controller_manager/share/controller_manager/environment/library_path.sh
[39.592s] -- Installing: /home/sebas/workspace/ros_ur_driver/install/controller_manager/share/controller_manager/environment/library_path.dsv
[39.593s] -- Installing: /home/sebas/workspace/ros_ur_driver/install/controller_manager/share/ament_index/resource_index/package_run_dependencies/controller_manager
[39.593s] -- Installing: /home/sebas/workspace/ros_ur_driver/install/controller_manager/share/ament_index/resource_index/parent_prefix_path/controller_manager
[39.593s] -- Installing: /home/sebas/workspace/ros_ur_driver/install/controller_manager/share/controller_manager/environment/ament_prefix_path.sh
[39.593s] -- Installing: /home/sebas/workspace/ros_ur_driver/install/controller_manager/share/controller_manager/environment/ament_prefix_path.dsv
[39.593s] -- Installing: /home/sebas/workspace/ros_ur_driver/install/controller_manager/share/controller_manager/environment/path.sh
[39.593s] -- Installing: /home/sebas/workspace/ros_ur_driver/install/controller_manager/share/controller_manager/environment/path.dsv
[39.593s] -- Installing: /home/sebas/workspace/ros_ur_driver/install/controller_manager/share/controller_manager/local_setup.bash
[39.594s] -- Installing: /home/sebas/workspace/ros_ur_driver/install/controller_manager/share/controller_manager/local_setup.sh
[39.594s] -- Installing: /home/sebas/workspace/ros_ur_driver/install/controller_manager/share/controller_manager/local_setup.zsh
[39.594s] -- Installing: /home/sebas/workspace/ros_ur_driver/install/controller_manager/share/controller_manager/local_setup.dsv
[39.594s] -- Installing: /home/sebas/workspace/ros_ur_driver/install/controller_manager/share/controller_manager/package.dsv
[39.594s] -- Installing: /home/sebas/workspace/ros_ur_driver/install/controller_manager/share/ament_index/resource_index/packages/controller_manager
[39.594s] -- Installing: /home/sebas/workspace/ros_ur_driver/install/controller_manager/share/ament_index/resource_index/controller_interface__pluginlib__plugin/controller_manager
[39.594s] -- Installing: /home/sebas/workspace/ros_ur_driver/install/controller_manager/share/controller_manager/cmake/ament_cmake_export_libraries-extras.cmake
[39.595s] -- Installing: /home/sebas/workspace/ros_ur_driver/install/controller_manager/share/controller_manager/cmake/ament_cmake_export_include_directories-extras.cmake
[39.595s] -- Installing: /home/sebas/workspace/ros_ur_driver/install/controller_manager/share/controller_manager/cmake/ament_cmake_export_dependencies-extras.cmake
[39.595s] -- Installing: /home/sebas/workspace/ros_ur_driver/install/controller_manager/share/controller_manager/cmake/controller_managerConfig.cmake
[39.595s] -- Installing: /home/sebas/workspace/ros_ur_driver/install/controller_manager/share/controller_manager/cmake/controller_managerConfig-version.cmake
[39.595s] -- Installing: /home/sebas/workspace/ros_ur_driver/install/controller_manager/share/controller_manager/package.xml
[39.598s] Invoked command in '/home/sebas/workspace/ros_ur_driver/build/controller_manager' returned '0': CMAKE_PREFIX_PATH=/home/sebas/workspace/ros_ur_driver/install/hardware_interface_testing:/home/sebas/workspace/ros_ur_driver/install/controller_interface:/home/sebas/workspace/ros_ur_driver/install/hardware_interface:/home/sebas/workspace/ros_ur_driver/install/ros2_control_test_assets:/home/sebas/workspace/ros_ur_driver/install/realtime_tools:/home/sebas/workspace/ros_ur_driver/install/controller_manager_msgs:/home/sebas/workspace/ros_ur_driver/install/control_msgs:/home/sebas/workspace/ros_ur_driver/install/ur:/home/sebas/workspace/ros_ur_driver/install/ur_calibration:/home/sebas/workspace/ros_ur_driver/install/ur_robot_driver:/home/sebas/workspace/ros_ur_driver/install/ur_bringup:/home/sebas/workspace/ros_ur_driver/install/ros2_controllers:/home/sebas/workspace/ros_ur_driver/install/velocity_controllers:/home/sebas/workspace/ros_ur_driver/install/ur_controllers:/home/sebas/workspace/ros_ur_driver/install/ur_msgs:/home/sebas/workspace/ros_ur_driver/install/ur_moveit_config:/home/sebas/workspace/ros_ur_driver/install/ur_description:/home/sebas/workspace/ros_ur_driver/install/ur_dashboard_msgs:/home/sebas/workspace/ros_ur_driver/install/ur_client_library:/home/sebas/workspace/ros_ur_driver/install/tricycle_steering_controller:/home/sebas/workspace/ros_ur_driver/install/tricycle_controller:/home/sebas/workspace/ros_ur_driver/install/ros2_control:/home/sebas/workspace/ros_ur_driver/install/transmission_interface:/home/sebas/workspace/ros_ur_driver/install/bicycle_steering_controller:/home/sebas/workspace/ros_ur_driver/install/ackermann_steering_controller:/home/sebas/workspace/ros_ur_driver/install/steering_controllers_library:/home/sebas/workspace/ros_ur_driver/install/controller_manager:/home/sebas/workspace/ros_ur_driver/install/range_sensor_broadcaster:/home/sebas/workspace/ros_ur_driver/install/position_controllers:/home/sebas/workspace/ros_ur_driver/install/pose_broadcaster:/home/sebas/workspace/ros_ur_driver/install/pid_controller:/home/sebas/workspace/ros_ur_driver/install/admittance_controller:/home/sebas/workspace/ros_ur_driver/install/joint_trajectory_controller:/home/sebas/workspace/ros_ur_driver/install/joint_state_broadcaster:/home/sebas/workspace/ros_ur_driver/install/imu_sensor_broadcaster:/home/sebas/workspace/ros_ur_driver/install/gripper_controllers:/home/sebas/workspace/ros_ur_driver/install/effort_controllers:/home/sebas/workspace/ros_ur_driver/install/forward_command_controller:/home/sebas/workspace/ros_ur_driver/install/force_torque_sensor_broadcaster:/home/sebas/workspace/ros_ur_driver/install/diff_drive_controller:/home/sebas/workspace/ros_ur_driver/install/kinematics_interface_kdl:/home/sebas/workspace/ros_ur_driver/install/kinematics_interface:/home/sebas/workspace/ros_ur_driver/install/joint_limits:/home/sebas/workspace/ros_ur_driver/install/ur3_rl:/home/sebas/workspace/ros_ur_driver/install/rqt_joint_trajectory_controller:/home/sebas/workspace/ros_ur_driver/install/rqt_controller_manager:/home/sebas/workspace/ros_ur_driver/install/ros2controlcli:/home/sebas/workspace/ros_ur_driver/install/ros2_controllers_test_nodes:/opt/ros/humble LD_LIBRARY_PATH=/home/sebas/workspace/ros_ur_driver/install/hardware_interface_testing/lib:/home/sebas/workspace/ros_ur_driver/install/controller_interface/lib:/home/sebas/workspace/ros_ur_driver/install/hardware_interface/lib:/home/sebas/workspace/ros_ur_driver/install/realtime_tools/lib:/home/sebas/workspace/ros_ur_driver/install/controller_manager_msgs/lib:/home/sebas/workspace/ros_ur_driver/install/control_msgs/lib:/home/sebas/workspace/ros_ur_driver/install/ur_robot_driver/lib:/home/sebas/workspace/ros_ur_driver/install/velocity_controllers/lib:/home/sebas/workspace/ros_ur_driver/install/ur_controllers/lib:/home/sebas/workspace/ros_ur_driver/install/ur_msgs/lib:/home/sebas/workspace/ros_ur_driver/install/ur_dashboard_msgs/lib:/home/sebas/workspace/ros_ur_driver/install/ur_client_library/lib:/home/sebas/workspace/ros_ur_driver/install/tricycle_steering_controller/lib:/home/sebas/workspace/ros_ur_driver/install/tricycle_controller/lib:/home/sebas/workspace/ros_ur_driver/install/transmission_interface/lib:/home/sebas/workspace/ros_ur_driver/install/bicycle_steering_controller/lib:/home/sebas/workspace/ros_ur_driver/install/ackermann_steering_controller/lib:/home/sebas/workspace/ros_ur_driver/install/steering_controllers_library/lib:/home/sebas/workspace/ros_ur_driver/install/controller_manager/lib:/home/sebas/workspace/ros_ur_driver/install/range_sensor_broadcaster/lib:/home/sebas/workspace/ros_ur_driver/install/position_controllers/lib:/home/sebas/workspace/ros_ur_driver/install/pose_broadcaster/lib:/home/sebas/workspace/ros_ur_driver/install/pid_controller/lib:/home/sebas/workspace/ros_ur_driver/install/admittance_controller/lib:/home/sebas/workspace/ros_ur_driver/install/joint_trajectory_controller/lib:/home/sebas/workspace/ros_ur_driver/install/joint_state_broadcaster/lib:/home/sebas/workspace/ros_ur_driver/install/imu_sensor_broadcaster/lib:/home/sebas/workspace/ros_ur_driver/install/gripper_controllers/lib:/home/sebas/workspace/ros_ur_driver/install/effort_controllers/lib:/home/sebas/workspace/ros_ur_driver/install/forward_command_controller/lib:/home/sebas/workspace/ros_ur_driver/install/force_torque_sensor_broadcaster/lib:/home/sebas/workspace/ros_ur_driver/install/diff_drive_controller/lib:/home/sebas/workspace/ros_ur_driver/install/kinematics_interface_kdl/lib:/home/sebas/workspace/ros_ur_driver/install/kinematics_interface/lib:/opt/ros/humble/opt/rviz_ogre_vendor/lib:/opt/ros/humble/lib/x86_64-linux-gnu:/opt/ros/humble/lib /usr/bin/cmake --install /home/sebas/workspace/ros_ur_driver/build/controller_manager
