[0.051s] Invoking command in '/home/sebas/workspace/ros_ur_driver/build/ur_msgs': CMAKE_PREFIX_PATH=${CMAKE_PREFIX_PATH}:/home/sebas/workspace/ros_ur_driver/install/ur3_rl:/home/sebas/workspace/ros_ur_driver/install/rqt_joint_trajectory_controller:/home/sebas/workspace/ros_ur_driver/install/rqt_controller_manager:/home/sebas/workspace/ros_ur_driver/install/ros2controlcli:/home/sebas/workspace/ros_ur_driver/install/ros2_controllers_test_nodes:/opt/ros/humble /usr/bin/cmake --build /home/sebas/workspace/ros_ur_driver/build/ur_msgs -- -j12 -l12
[0.532s] [  0%] Built target ur_msgs__cpp
[0.532s] [ 12%] Built target ur_msgs__rosidl_generator_c
[0.532s] [ 12%] Built target ament_cmake_python_copy_ur_msgs
[0.532s] [ 24%] Built target ur_msgs__rosidl_typesupport_cpp
[0.532s] [ 41%] Built target ur_msgs__rosidl_typesupport_fastrtps_cpp
[0.532s] [ 48%] Built target ur_msgs__rosidl_typesupport_introspection_cpp
[0.532s] [ 60%] Built target ur_msgs__rosidl_typesupport_introspection_c
[0.532s] [ 72%] Built target ur_msgs__rosidl_typesupport_fastrtps_c
[0.532s] [ 84%] Built target ur_msgs__rosidl_typesupport_c
[0.532s] [ 84%] Built target ur_msgs
[0.532s] [ 85%] Built target ur_msgs__py
[0.532s] [ 96%] Built target ur_msgs__rosidl_generator_py
[0.551s] [ 97%] Built target ur_msgs__rosidl_typesupport_fastrtps_c__pyext
[0.565s] [ 98%] Built target ur_msgs__rosidl_typesupport_c__pyext
[0.572s] [100%] Built target ur_msgs__rosidl_typesupport_introspection_c__pyext
[0.599s] running egg_info
[0.627s] writing ur_msgs.egg-info/PKG-INFO
[0.628s] writing dependency_links to ur_msgs.egg-info/dependency_links.txt
[0.628s] writing top-level names to ur_msgs.egg-info/top_level.txt
[0.726s] reading manifest file 'ur_msgs.egg-info/SOURCES.txt'
[0.726s] writing manifest file 'ur_msgs.egg-info/SOURCES.txt'
[0.769s] [100%] Built target ament_cmake_python_build_ur_msgs_egg
[0.816s] Invoked command in '/home/sebas/workspace/ros_ur_driver/build/ur_msgs' returned '0': CMAKE_PREFIX_PATH=${CMAKE_PREFIX_PATH}:/home/sebas/workspace/ros_ur_driver/install/ur3_rl:/home/sebas/workspace/ros_ur_driver/install/rqt_joint_trajectory_controller:/home/sebas/workspace/ros_ur_driver/install/rqt_controller_manager:/home/sebas/workspace/ros_ur_driver/install/ros2controlcli:/home/sebas/workspace/ros_ur_driver/install/ros2_controllers_test_nodes:/opt/ros/humble /usr/bin/cmake --build /home/sebas/workspace/ros_ur_driver/build/ur_msgs -- -j12 -l12
[1.464s] Invoking command in '/home/sebas/workspace/ros_ur_driver/build/ur_msgs': CMAKE_PREFIX_PATH=${CMAKE_PREFIX_PATH}:/home/sebas/workspace/ros_ur_driver/install/ur3_rl:/home/sebas/workspace/ros_ur_driver/install/rqt_joint_trajectory_controller:/home/sebas/workspace/ros_ur_driver/install/rqt_controller_manager:/home/sebas/workspace/ros_ur_driver/install/ros2controlcli:/home/sebas/workspace/ros_ur_driver/install/ros2_controllers_test_nodes:/opt/ros/humble /usr/bin/cmake --install /home/sebas/workspace/ros_ur_driver/build/ur_msgs
[1.475s] -- Install configuration: ""
[1.475s] -- Up-to-date: /home/sebas/workspace/ros_ur_driver/install/ur_msgs/share/ament_index/resource_index/rosidl_interfaces/ur_msgs
[1.475s] -- Up-to-date: /home/sebas/workspace/ros_ur_driver/install/ur_msgs/include/ur_msgs/ur_msgs
[1.475s] -- Up-to-date: /home/sebas/workspace/ros_ur_driver/install/ur_msgs/include/ur_msgs/ur_msgs/srv
[1.475s] -- Up-to-date: /home/sebas/workspace/ros_ur_driver/install/ur_msgs/include/ur_msgs/ur_msgs/srv/set_force_mode.h
[1.475s] -- Up-to-date: /home/sebas/workspace/ros_ur_driver/install/ur_msgs/include/ur_msgs/ur_msgs/srv/set_payload.h
[1.476s] -- Up-to-date: /home/sebas/workspace/ros_ur_driver/install/ur_msgs/include/ur_msgs/ur_msgs/srv/set_speed_slider_fraction.h
[1.476s] -- Up-to-date: /home/sebas/workspace/ros_ur_driver/install/ur_msgs/include/ur_msgs/ur_msgs/srv/set_io.h
[1.476s] -- Up-to-date: /home/sebas/workspace/ros_ur_driver/install/ur_msgs/include/ur_msgs/ur_msgs/srv/get_robot_software_version.h
[1.476s] -- Up-to-date: /home/sebas/workspace/ros_ur_driver/install/ur_msgs/include/ur_msgs/ur_msgs/srv/set_analog_output.h
[1.476s] -- Up-to-date: /home/sebas/workspace/ros_ur_driver/install/ur_msgs/include/ur_msgs/ur_msgs/srv/detail
[1.476s] -- Up-to-date: /home/sebas/workspace/ros_ur_driver/install/ur_msgs/include/ur_msgs/ur_msgs/srv/detail/set_force_mode__struct.h
[1.476s] -- Up-to-date: /home/sebas/workspace/ros_ur_driver/install/ur_msgs/include/ur_msgs/ur_msgs/srv/detail/get_robot_software_version__type_support.h
[1.476s] -- Up-to-date: /home/sebas/workspace/ros_ur_driver/install/ur_msgs/include/ur_msgs/ur_msgs/srv/detail/set_io__struct.h
[1.476s] -- Up-to-date: /home/sebas/workspace/ros_ur_driver/install/ur_msgs/include/ur_msgs/ur_msgs/srv/detail/set_force_mode__type_support.h
[1.476s] -- Up-to-date: /home/sebas/workspace/ros_ur_driver/install/ur_msgs/include/ur_msgs/ur_msgs/srv/detail/set_force_mode__functions.c
[1.476s] -- Up-to-date: /home/sebas/workspace/ros_ur_driver/install/ur_msgs/include/ur_msgs/ur_msgs/srv/detail/set_io__functions.c
[1.476s] -- Up-to-date: /home/sebas/workspace/ros_ur_driver/install/ur_msgs/include/ur_msgs/ur_msgs/srv/detail/set_force_mode__functions.h
[1.476s] -- Up-to-date: /home/sebas/workspace/ros_ur_driver/install/ur_msgs/include/ur_msgs/ur_msgs/srv/detail/set_speed_slider_fraction__functions.h
[1.476s] -- Up-to-date: /home/sebas/workspace/ros_ur_driver/install/ur_msgs/include/ur_msgs/ur_msgs/srv/detail/set_payload__struct.h
[1.476s] -- Up-to-date: /home/sebas/workspace/ros_ur_driver/install/ur_msgs/include/ur_msgs/ur_msgs/srv/detail/set_speed_slider_fraction__type_support.h
[1.477s] -- Up-to-date: /home/sebas/workspace/ros_ur_driver/install/ur_msgs/include/ur_msgs/ur_msgs/srv/detail/set_speed_slider_fraction__functions.c
[1.477s] -- Up-to-date: /home/sebas/workspace/ros_ur_driver/install/ur_msgs/include/ur_msgs/ur_msgs/srv/detail/set_io__type_support.h
[1.477s] -- Up-to-date: /home/sebas/workspace/ros_ur_driver/install/ur_msgs/include/ur_msgs/ur_msgs/srv/detail/set_analog_output__functions.c
[1.477s] -- Up-to-date: /home/sebas/workspace/ros_ur_driver/install/ur_msgs/include/ur_msgs/ur_msgs/srv/detail/set_analog_output__functions.h
[1.477s] -- Up-to-date: /home/sebas/workspace/ros_ur_driver/install/ur_msgs/include/ur_msgs/ur_msgs/srv/detail/set_payload__functions.h
[1.477s] -- Up-to-date: /home/sebas/workspace/ros_ur_driver/install/ur_msgs/include/ur_msgs/ur_msgs/srv/detail/set_io__functions.h
[1.477s] -- Up-to-date: /home/sebas/workspace/ros_ur_driver/install/ur_msgs/include/ur_msgs/ur_msgs/srv/detail/set_speed_slider_fraction__struct.h
[1.477s] -- Up-to-date: /home/sebas/workspace/ros_ur_driver/install/ur_msgs/include/ur_msgs/ur_msgs/srv/detail/get_robot_software_version__functions.h
[1.477s] -- Up-to-date: /home/sebas/workspace/ros_ur_driver/install/ur_msgs/include/ur_msgs/ur_msgs/srv/detail/get_robot_software_version__struct.h
[1.477s] -- Up-to-date: /home/sebas/workspace/ros_ur_driver/install/ur_msgs/include/ur_msgs/ur_msgs/srv/detail/set_analog_output__type_support.h
[1.477s] -- Up-to-date: /home/sebas/workspace/ros_ur_driver/install/ur_msgs/include/ur_msgs/ur_msgs/srv/detail/set_analog_output__struct.h
[1.477s] -- Up-to-date: /home/sebas/workspace/ros_ur_driver/install/ur_msgs/include/ur_msgs/ur_msgs/srv/detail/set_payload__type_support.h
[1.477s] -- Up-to-date: /home/sebas/workspace/ros_ur_driver/install/ur_msgs/include/ur_msgs/ur_msgs/srv/detail/set_payload__functions.c
[1.478s] -- Up-to-date: /home/sebas/workspace/ros_ur_driver/install/ur_msgs/include/ur_msgs/ur_msgs/srv/detail/get_robot_software_version__functions.c
[1.478s] -- Up-to-date: /home/sebas/workspace/ros_ur_driver/install/ur_msgs/include/ur_msgs/ur_msgs/msg
[1.478s] -- Up-to-date: /home/sebas/workspace/ros_ur_driver/install/ur_msgs/include/ur_msgs/ur_msgs/msg/tool_data_msg.h
[1.478s] -- Up-to-date: /home/sebas/workspace/ros_ur_driver/install/ur_msgs/include/ur_msgs/ur_msgs/msg/rosidl_generator_c__visibility_control.h
[1.478s] -- Up-to-date: /home/sebas/workspace/ros_ur_driver/install/ur_msgs/include/ur_msgs/ur_msgs/msg/robot_state_rt_msg.h
[1.478s] -- Up-to-date: /home/sebas/workspace/ros_ur_driver/install/ur_msgs/include/ur_msgs/ur_msgs/msg/io_states.h
[1.478s] -- Up-to-date: /home/sebas/workspace/ros_ur_driver/install/ur_msgs/include/ur_msgs/ur_msgs/msg/masterboard_data_msg.h
[1.478s] -- Up-to-date: /home/sebas/workspace/ros_ur_driver/install/ur_msgs/include/ur_msgs/ur_msgs/msg/analog.h
[1.478s] -- Up-to-date: /home/sebas/workspace/ros_ur_driver/install/ur_msgs/include/ur_msgs/ur_msgs/msg/detail
[1.478s] -- Up-to-date: /home/sebas/workspace/ros_ur_driver/install/ur_msgs/include/ur_msgs/ur_msgs/msg/detail/robot_mode_data_msg__functions.h
[1.478s] -- Up-to-date: /home/sebas/workspace/ros_ur_driver/install/ur_msgs/include/ur_msgs/ur_msgs/msg/detail/analog__struct.h
[1.478s] -- Up-to-date: /home/sebas/workspace/ros_ur_driver/install/ur_msgs/include/ur_msgs/ur_msgs/msg/detail/tool_data_msg__type_support.h
[1.478s] -- Up-to-date: /home/sebas/workspace/ros_ur_driver/install/ur_msgs/include/ur_msgs/ur_msgs/msg/detail/tool_data_msg__functions.c
[1.478s] -- Up-to-date: /home/sebas/workspace/ros_ur_driver/install/ur_msgs/include/ur_msgs/ur_msgs/msg/detail/analog__functions.h
[1.478s] -- Up-to-date: /home/sebas/workspace/ros_ur_driver/install/ur_msgs/include/ur_msgs/ur_msgs/msg/detail/io_states__functions.c
[1.478s] -- Up-to-date: /home/sebas/workspace/ros_ur_driver/install/ur_msgs/include/ur_msgs/ur_msgs/msg/detail/robot_state_rt_msg__type_support.h
[1.478s] -- Up-to-date: /home/sebas/workspace/ros_ur_driver/install/ur_msgs/include/ur_msgs/ur_msgs/msg/detail/robot_state_rt_msg__struct.h
[1.479s] -- Up-to-date: /home/sebas/workspace/ros_ur_driver/install/ur_msgs/include/ur_msgs/ur_msgs/msg/detail/io_states__functions.h
[1.479s] -- Up-to-date: /home/sebas/workspace/ros_ur_driver/install/ur_msgs/include/ur_msgs/ur_msgs/msg/detail/robot_mode_data_msg__functions.c
[1.479s] -- Up-to-date: /home/sebas/workspace/ros_ur_driver/install/ur_msgs/include/ur_msgs/ur_msgs/msg/detail/masterboard_data_msg__functions.c
[1.479s] -- Up-to-date: /home/sebas/workspace/ros_ur_driver/install/ur_msgs/include/ur_msgs/ur_msgs/msg/detail/robot_mode_data_msg__type_support.h
[1.479s] -- Up-to-date: /home/sebas/workspace/ros_ur_driver/install/ur_msgs/include/ur_msgs/ur_msgs/msg/detail/analog__type_support.h
[1.479s] -- Up-to-date: /home/sebas/workspace/ros_ur_driver/install/ur_msgs/include/ur_msgs/ur_msgs/msg/detail/digital__functions.h
[1.479s] -- Up-to-date: /home/sebas/workspace/ros_ur_driver/install/ur_msgs/include/ur_msgs/ur_msgs/msg/detail/robot_state_rt_msg__functions.c
[1.479s] -- Up-to-date: /home/sebas/workspace/ros_ur_driver/install/ur_msgs/include/ur_msgs/ur_msgs/msg/detail/robot_state_rt_msg__functions.h
[1.479s] -- Up-to-date: /home/sebas/workspace/ros_ur_driver/install/ur_msgs/include/ur_msgs/ur_msgs/msg/detail/io_states__struct.h
[1.479s] -- Up-to-date: /home/sebas/workspace/ros_ur_driver/install/ur_msgs/include/ur_msgs/ur_msgs/msg/detail/analog__functions.c
[1.479s] -- Up-to-date: /home/sebas/workspace/ros_ur_driver/install/ur_msgs/include/ur_msgs/ur_msgs/msg/detail/masterboard_data_msg__struct.h
[1.479s] -- Up-to-date: /home/sebas/workspace/ros_ur_driver/install/ur_msgs/include/ur_msgs/ur_msgs/msg/detail/tool_data_msg__struct.h
[1.479s] -- Up-to-date: /home/sebas/workspace/ros_ur_driver/install/ur_msgs/include/ur_msgs/ur_msgs/msg/detail/robot_mode_data_msg__struct.h
[1.479s] -- Up-to-date: /home/sebas/workspace/ros_ur_driver/install/ur_msgs/include/ur_msgs/ur_msgs/msg/detail/tool_data_msg__functions.h
[1.479s] -- Up-to-date: /home/sebas/workspace/ros_ur_driver/install/ur_msgs/include/ur_msgs/ur_msgs/msg/detail/masterboard_data_msg__type_support.h
[1.480s] -- Up-to-date: /home/sebas/workspace/ros_ur_driver/install/ur_msgs/include/ur_msgs/ur_msgs/msg/detail/io_states__type_support.h
[1.480s] -- Up-to-date: /home/sebas/workspace/ros_ur_driver/install/ur_msgs/include/ur_msgs/ur_msgs/msg/detail/digital__functions.c
[1.480s] -- Up-to-date: /home/sebas/workspace/ros_ur_driver/install/ur_msgs/include/ur_msgs/ur_msgs/msg/detail/digital__struct.h
[1.480s] -- Up-to-date: /home/sebas/workspace/ros_ur_driver/install/ur_msgs/include/ur_msgs/ur_msgs/msg/detail/digital__type_support.h
[1.480s] -- Up-to-date: /home/sebas/workspace/ros_ur_driver/install/ur_msgs/include/ur_msgs/ur_msgs/msg/detail/masterboard_data_msg__functions.h
[1.480s] -- Up-to-date: /home/sebas/workspace/ros_ur_driver/install/ur_msgs/include/ur_msgs/ur_msgs/msg/robot_mode_data_msg.h
[1.480s] -- Up-to-date: /home/sebas/workspace/ros_ur_driver/install/ur_msgs/include/ur_msgs/ur_msgs/msg/digital.h
[1.480s] -- Up-to-date: /home/sebas/workspace/ros_ur_driver/install/ur_msgs/share/ur_msgs/environment/library_path.sh
[1.480s] -- Up-to-date: /home/sebas/workspace/ros_ur_driver/install/ur_msgs/share/ur_msgs/environment/library_path.dsv
[1.480s] -- Up-to-date: /home/sebas/workspace/ros_ur_driver/install/ur_msgs/lib/libur_msgs__rosidl_generator_c.so
[1.481s] -- Up-to-date: /home/sebas/workspace/ros_ur_driver/install/ur_msgs/include/ur_msgs/ur_msgs
[1.481s] -- Up-to-date: /home/sebas/workspace/ros_ur_driver/install/ur_msgs/include/ur_msgs/ur_msgs/srv
[1.481s] -- Up-to-date: /home/sebas/workspace/ros_ur_driver/install/ur_msgs/include/ur_msgs/ur_msgs/srv/detail
[1.481s] -- Up-to-date: /home/sebas/workspace/ros_ur_driver/install/ur_msgs/include/ur_msgs/ur_msgs/srv/detail/get_robot_software_version__rosidl_typesupport_fastrtps_c.h
[1.481s] -- Up-to-date: /home/sebas/workspace/ros_ur_driver/install/ur_msgs/include/ur_msgs/ur_msgs/srv/detail/set_payload__rosidl_typesupport_fastrtps_c.h
[1.482s] -- Up-to-date: /home/sebas/workspace/ros_ur_driver/install/ur_msgs/include/ur_msgs/ur_msgs/srv/detail/set_force_mode__rosidl_typesupport_fastrtps_c.h
[1.482s] -- Up-to-date: /home/sebas/workspace/ros_ur_driver/install/ur_msgs/include/ur_msgs/ur_msgs/srv/detail/set_io__rosidl_typesupport_fastrtps_c.h
[1.482s] -- Up-to-date: /home/sebas/workspace/ros_ur_driver/install/ur_msgs/include/ur_msgs/ur_msgs/srv/detail/set_speed_slider_fraction__rosidl_typesupport_fastrtps_c.h
[1.482s] -- Up-to-date: /home/sebas/workspace/ros_ur_driver/install/ur_msgs/include/ur_msgs/ur_msgs/srv/detail/set_analog_output__rosidl_typesupport_fastrtps_c.h
[1.482s] -- Up-to-date: /home/sebas/workspace/ros_ur_driver/install/ur_msgs/include/ur_msgs/ur_msgs/msg
[1.482s] -- Up-to-date: /home/sebas/workspace/ros_ur_driver/install/ur_msgs/include/ur_msgs/ur_msgs/msg/rosidl_typesupport_fastrtps_c__visibility_control.h
[1.483s] -- Up-to-date: /home/sebas/workspace/ros_ur_driver/install/ur_msgs/include/ur_msgs/ur_msgs/msg/detail
[1.484s] -- Up-to-date: /home/sebas/workspace/ros_ur_driver/install/ur_msgs/include/ur_msgs/ur_msgs/msg/detail/robot_mode_data_msg__rosidl_typesupport_fastrtps_c.h
[1.484s] -- Up-to-date: /home/sebas/workspace/ros_ur_driver/install/ur_msgs/include/ur_msgs/ur_msgs/msg/detail/io_states__rosidl_typesupport_fastrtps_c.h
[1.484s] -- Up-to-date: /home/sebas/workspace/ros_ur_driver/install/ur_msgs/include/ur_msgs/ur_msgs/msg/detail/digital__rosidl_typesupport_fastrtps_c.h
[1.484s] -- Up-to-date: /home/sebas/workspace/ros_ur_driver/install/ur_msgs/include/ur_msgs/ur_msgs/msg/detail/robot_state_rt_msg__rosidl_typesupport_fastrtps_c.h
[1.484s] -- Up-to-date: /home/sebas/workspace/ros_ur_driver/install/ur_msgs/include/ur_msgs/ur_msgs/msg/detail/analog__rosidl_typesupport_fastrtps_c.h
[1.484s] -- Up-to-date: /home/sebas/workspace/ros_ur_driver/install/ur_msgs/include/ur_msgs/ur_msgs/msg/detail/masterboard_data_msg__rosidl_typesupport_fastrtps_c.h
[1.484s] -- Up-to-date: /home/sebas/workspace/ros_ur_driver/install/ur_msgs/include/ur_msgs/ur_msgs/msg/detail/tool_data_msg__rosidl_typesupport_fastrtps_c.h
[1.485s] -- Up-to-date: /home/sebas/workspace/ros_ur_driver/install/ur_msgs/lib/libur_msgs__rosidl_typesupport_fastrtps_c.so
[1.485s] -- Up-to-date: /home/sebas/workspace/ros_ur_driver/install/ur_msgs/include/ur_msgs/ur_msgs
[1.485s] -- Up-to-date: /home/sebas/workspace/ros_ur_driver/install/ur_msgs/include/ur_msgs/ur_msgs/srv
[1.485s] -- Up-to-date: /home/sebas/workspace/ros_ur_driver/install/ur_msgs/include/ur_msgs/ur_msgs/srv/set_io.hpp
[1.485s] -- Up-to-date: /home/sebas/workspace/ros_ur_driver/install/ur_msgs/include/ur_msgs/ur_msgs/srv/set_force_mode.hpp
[1.485s] -- Up-to-date: /home/sebas/workspace/ros_ur_driver/install/ur_msgs/include/ur_msgs/ur_msgs/srv/set_analog_output.hpp
[1.485s] -- Up-to-date: /home/sebas/workspace/ros_ur_driver/install/ur_msgs/include/ur_msgs/ur_msgs/srv/set_payload.hpp
[1.485s] -- Up-to-date: /home/sebas/workspace/ros_ur_driver/install/ur_msgs/include/ur_msgs/ur_msgs/srv/get_robot_software_version.hpp
[1.485s] -- Up-to-date: /home/sebas/workspace/ros_ur_driver/install/ur_msgs/include/ur_msgs/ur_msgs/srv/detail
[1.485s] -- Up-to-date: /home/sebas/workspace/ros_ur_driver/install/ur_msgs/include/ur_msgs/ur_msgs/srv/detail/set_force_mode__traits.hpp
[1.485s] -- Up-to-date: /home/sebas/workspace/ros_ur_driver/install/ur_msgs/include/ur_msgs/ur_msgs/srv/detail/set_payload__builder.hpp
[1.485s] -- Up-to-date: /home/sebas/workspace/ros_ur_driver/install/ur_msgs/include/ur_msgs/ur_msgs/srv/detail/set_payload__traits.hpp
[1.485s] -- Up-to-date: /home/sebas/workspace/ros_ur_driver/install/ur_msgs/include/ur_msgs/ur_msgs/srv/detail/set_force_mode__builder.hpp
[1.485s] -- Up-to-date: /home/sebas/workspace/ros_ur_driver/install/ur_msgs/include/ur_msgs/ur_msgs/srv/detail/set_payload__struct.hpp
[1.485s] -- Up-to-date: /home/sebas/workspace/ros_ur_driver/install/ur_msgs/include/ur_msgs/ur_msgs/srv/detail/set_analog_output__traits.hpp
[1.485s] -- Up-to-date: /home/sebas/workspace/ros_ur_driver/install/ur_msgs/include/ur_msgs/ur_msgs/srv/detail/get_robot_software_version__struct.hpp
[1.485s] -- Up-to-date: /home/sebas/workspace/ros_ur_driver/install/ur_msgs/include/ur_msgs/ur_msgs/srv/detail/get_robot_software_version__traits.hpp
[1.486s] -- Up-to-date: /home/sebas/workspace/ros_ur_driver/install/ur_msgs/include/ur_msgs/ur_msgs/srv/detail/set_io__struct.hpp
[1.486s] -- Up-to-date: /home/sebas/workspace/ros_ur_driver/install/ur_msgs/include/ur_msgs/ur_msgs/srv/detail/set_io__builder.hpp
[1.486s] -- Up-to-date: /home/sebas/workspace/ros_ur_driver/install/ur_msgs/include/ur_msgs/ur_msgs/srv/detail/set_speed_slider_fraction__builder.hpp
[1.486s] -- Up-to-date: /home/sebas/workspace/ros_ur_driver/install/ur_msgs/include/ur_msgs/ur_msgs/srv/detail/set_speed_slider_fraction__traits.hpp
[1.486s] -- Up-to-date: /home/sebas/workspace/ros_ur_driver/install/ur_msgs/include/ur_msgs/ur_msgs/srv/detail/set_analog_output__struct.hpp
[1.486s] -- Up-to-date: /home/sebas/workspace/ros_ur_driver/install/ur_msgs/include/ur_msgs/ur_msgs/srv/detail/get_robot_software_version__builder.hpp
[1.486s] -- Up-to-date: /home/sebas/workspace/ros_ur_driver/install/ur_msgs/include/ur_msgs/ur_msgs/srv/detail/set_io__traits.hpp
[1.486s] -- Up-to-date: /home/sebas/workspace/ros_ur_driver/install/ur_msgs/include/ur_msgs/ur_msgs/srv/detail/set_analog_output__builder.hpp
[1.486s] -- Up-to-date: /home/sebas/workspace/ros_ur_driver/install/ur_msgs/include/ur_msgs/ur_msgs/srv/detail/set_force_mode__struct.hpp
[1.486s] -- Up-to-date: /home/sebas/workspace/ros_ur_driver/install/ur_msgs/include/ur_msgs/ur_msgs/srv/detail/set_speed_slider_fraction__struct.hpp
[1.486s] -- Up-to-date: /home/sebas/workspace/ros_ur_driver/install/ur_msgs/include/ur_msgs/ur_msgs/srv/set_speed_slider_fraction.hpp
[1.486s] -- Up-to-date: /home/sebas/workspace/ros_ur_driver/install/ur_msgs/include/ur_msgs/ur_msgs/msg
[1.487s] -- Up-to-date: /home/sebas/workspace/ros_ur_driver/install/ur_msgs/include/ur_msgs/ur_msgs/msg/masterboard_data_msg.hpp
[1.487s] -- Up-to-date: /home/sebas/workspace/ros_ur_driver/install/ur_msgs/include/ur_msgs/ur_msgs/msg/robot_mode_data_msg.hpp
[1.487s] -- Up-to-date: /home/sebas/workspace/ros_ur_driver/install/ur_msgs/include/ur_msgs/ur_msgs/msg/tool_data_msg.hpp
[1.487s] -- Up-to-date: /home/sebas/workspace/ros_ur_driver/install/ur_msgs/include/ur_msgs/ur_msgs/msg/analog.hpp
[1.487s] -- Up-to-date: /home/sebas/workspace/ros_ur_driver/install/ur_msgs/include/ur_msgs/ur_msgs/msg/digital.hpp
[1.487s] -- Up-to-date: /home/sebas/workspace/ros_ur_driver/install/ur_msgs/include/ur_msgs/ur_msgs/msg/detail
[1.487s] -- Up-to-date: /home/sebas/workspace/ros_ur_driver/install/ur_msgs/include/ur_msgs/ur_msgs/msg/detail/io_states__struct.hpp
[1.487s] -- Up-to-date: /home/sebas/workspace/ros_ur_driver/install/ur_msgs/include/ur_msgs/ur_msgs/msg/detail/robot_mode_data_msg__traits.hpp
[1.487s] -- Up-to-date: /home/sebas/workspace/ros_ur_driver/install/ur_msgs/include/ur_msgs/ur_msgs/msg/detail/analog__traits.hpp
[1.488s] -- Up-to-date: /home/sebas/workspace/ros_ur_driver/install/ur_msgs/include/ur_msgs/ur_msgs/msg/detail/digital__traits.hpp
[1.488s] -- Up-to-date: /home/sebas/workspace/ros_ur_driver/install/ur_msgs/include/ur_msgs/ur_msgs/msg/detail/io_states__traits.hpp
[1.488s] -- Up-to-date: /home/sebas/workspace/ros_ur_driver/install/ur_msgs/include/ur_msgs/ur_msgs/msg/detail/tool_data_msg__builder.hpp
[1.488s] -- Up-to-date: /home/sebas/workspace/ros_ur_driver/install/ur_msgs/include/ur_msgs/ur_msgs/msg/detail/analog__struct.hpp
[1.488s] -- Up-to-date: /home/sebas/workspace/ros_ur_driver/install/ur_msgs/include/ur_msgs/ur_msgs/msg/detail/robot_state_rt_msg__builder.hpp
[1.488s] -- Up-to-date: /home/sebas/workspace/ros_ur_driver/install/ur_msgs/include/ur_msgs/ur_msgs/msg/detail/tool_data_msg__traits.hpp
[1.488s] -- Up-to-date: /home/sebas/workspace/ros_ur_driver/install/ur_msgs/include/ur_msgs/ur_msgs/msg/detail/io_states__builder.hpp
[1.488s] -- Up-to-date: /home/sebas/workspace/ros_ur_driver/install/ur_msgs/include/ur_msgs/ur_msgs/msg/detail/analog__builder.hpp
[1.488s] -- Up-to-date: /home/sebas/workspace/ros_ur_driver/install/ur_msgs/include/ur_msgs/ur_msgs/msg/detail/robot_state_rt_msg__struct.hpp
[1.488s] -- Up-to-date: /home/sebas/workspace/ros_ur_driver/install/ur_msgs/include/ur_msgs/ur_msgs/msg/detail/robot_mode_data_msg__struct.hpp
[1.489s] -- Up-to-date: /home/sebas/workspace/ros_ur_driver/install/ur_msgs/include/ur_msgs/ur_msgs/msg/detail/tool_data_msg__struct.hpp
[1.489s] -- Up-to-date: /home/sebas/workspace/ros_ur_driver/install/ur_msgs/include/ur_msgs/ur_msgs/msg/detail/digital__builder.hpp
[1.489s] -- Up-to-date: /home/sebas/workspace/ros_ur_driver/install/ur_msgs/include/ur_msgs/ur_msgs/msg/detail/digital__struct.hpp
[1.490s] -- Up-to-date: /home/sebas/workspace/ros_ur_driver/install/ur_msgs/include/ur_msgs/ur_msgs/msg/detail/masterboard_data_msg__builder.hpp
[1.490s] -- Up-to-date: /home/sebas/workspace/ros_ur_driver/install/ur_msgs/include/ur_msgs/ur_msgs/msg/detail/masterboard_data_msg__traits.hpp
[1.490s] -- Up-to-date: /home/sebas/workspace/ros_ur_driver/install/ur_msgs/include/ur_msgs/ur_msgs/msg/detail/robot_state_rt_msg__traits.hpp
[1.490s] -- Up-to-date: /home/sebas/workspace/ros_ur_driver/install/ur_msgs/include/ur_msgs/ur_msgs/msg/detail/masterboard_data_msg__struct.hpp
[1.490s] -- Up-to-date: /home/sebas/workspace/ros_ur_driver/install/ur_msgs/include/ur_msgs/ur_msgs/msg/detail/robot_mode_data_msg__builder.hpp
[1.490s] -- Up-to-date: /home/sebas/workspace/ros_ur_driver/install/ur_msgs/include/ur_msgs/ur_msgs/msg/robot_state_rt_msg.hpp
[1.490s] -- Up-to-date: /home/sebas/workspace/ros_ur_driver/install/ur_msgs/include/ur_msgs/ur_msgs/msg/io_states.hpp
[1.490s] -- Up-to-date: /home/sebas/workspace/ros_ur_driver/install/ur_msgs/include/ur_msgs/ur_msgs
[1.490s] -- Up-to-date: /home/sebas/workspace/ros_ur_driver/install/ur_msgs/include/ur_msgs/ur_msgs/srv
[1.490s] -- Up-to-date: /home/sebas/workspace/ros_ur_driver/install/ur_msgs/include/ur_msgs/ur_msgs/srv/detail
[1.491s] -- Up-to-date: /home/sebas/workspace/ros_ur_driver/install/ur_msgs/include/ur_msgs/ur_msgs/srv/detail/set_speed_slider_fraction__rosidl_typesupport_fastrtps_cpp.hpp
[1.491s] -- Up-to-date: /home/sebas/workspace/ros_ur_driver/install/ur_msgs/include/ur_msgs/ur_msgs/srv/detail/set_payload__rosidl_typesupport_fastrtps_cpp.hpp
[1.491s] -- Up-to-date: /home/sebas/workspace/ros_ur_driver/install/ur_msgs/include/ur_msgs/ur_msgs/srv/detail/set_io__rosidl_typesupport_fastrtps_cpp.hpp
[1.491s] -- Up-to-date: /home/sebas/workspace/ros_ur_driver/install/ur_msgs/include/ur_msgs/ur_msgs/srv/detail/set_analog_output__rosidl_typesupport_fastrtps_cpp.hpp
[1.491s] -- Up-to-date: /home/sebas/workspace/ros_ur_driver/install/ur_msgs/include/ur_msgs/ur_msgs/srv/detail/set_force_mode__rosidl_typesupport_fastrtps_cpp.hpp
[1.491s] -- Up-to-date: /home/sebas/workspace/ros_ur_driver/install/ur_msgs/include/ur_msgs/ur_msgs/srv/detail/get_robot_software_version__rosidl_typesupport_fastrtps_cpp.hpp
[1.491s] -- Up-to-date: /home/sebas/workspace/ros_ur_driver/install/ur_msgs/include/ur_msgs/ur_msgs/srv/detail/dds_fastrtps
[1.491s] -- Up-to-date: /home/sebas/workspace/ros_ur_driver/install/ur_msgs/include/ur_msgs/ur_msgs/msg
[1.492s] -- Up-to-date: /home/sebas/workspace/ros_ur_driver/install/ur_msgs/include/ur_msgs/ur_msgs/msg/rosidl_typesupport_fastrtps_cpp__visibility_control.h
[1.492s] -- Up-to-date: /home/sebas/workspace/ros_ur_driver/install/ur_msgs/include/ur_msgs/ur_msgs/msg/detail
[1.493s] -- Up-to-date: /home/sebas/workspace/ros_ur_driver/install/ur_msgs/include/ur_msgs/ur_msgs/msg/detail/robot_state_rt_msg__rosidl_typesupport_fastrtps_cpp.hpp
[1.493s] -- Up-to-date: /home/sebas/workspace/ros_ur_driver/install/ur_msgs/include/ur_msgs/ur_msgs/msg/detail/robot_mode_data_msg__rosidl_typesupport_fastrtps_cpp.hpp
[1.493s] -- Up-to-date: /home/sebas/workspace/ros_ur_driver/install/ur_msgs/include/ur_msgs/ur_msgs/msg/detail/io_states__rosidl_typesupport_fastrtps_cpp.hpp
[1.493s] -- Up-to-date: /home/sebas/workspace/ros_ur_driver/install/ur_msgs/include/ur_msgs/ur_msgs/msg/detail/analog__rosidl_typesupport_fastrtps_cpp.hpp
[1.493s] -- Up-to-date: /home/sebas/workspace/ros_ur_driver/install/ur_msgs/include/ur_msgs/ur_msgs/msg/detail/digital__rosidl_typesupport_fastrtps_cpp.hpp
[1.493s] -- Up-to-date: /home/sebas/workspace/ros_ur_driver/install/ur_msgs/include/ur_msgs/ur_msgs/msg/detail/masterboard_data_msg__rosidl_typesupport_fastrtps_cpp.hpp
[1.493s] -- Up-to-date: /home/sebas/workspace/ros_ur_driver/install/ur_msgs/include/ur_msgs/ur_msgs/msg/detail/dds_fastrtps
[1.493s] -- Up-to-date: /home/sebas/workspace/ros_ur_driver/install/ur_msgs/include/ur_msgs/ur_msgs/msg/detail/tool_data_msg__rosidl_typesupport_fastrtps_cpp.hpp
[1.495s] -- Up-to-date: /home/sebas/workspace/ros_ur_driver/install/ur_msgs/lib/libur_msgs__rosidl_typesupport_fastrtps_cpp.so
[1.495s] -- Up-to-date: /home/sebas/workspace/ros_ur_driver/install/ur_msgs/include/ur_msgs/ur_msgs
[1.495s] -- Up-to-date: /home/sebas/workspace/ros_ur_driver/install/ur_msgs/include/ur_msgs/ur_msgs/srv
[1.495s] -- Up-to-date: /home/sebas/workspace/ros_ur_driver/install/ur_msgs/include/ur_msgs/ur_msgs/srv/detail
[1.495s] -- Up-to-date: /home/sebas/workspace/ros_ur_driver/install/ur_msgs/include/ur_msgs/ur_msgs/srv/detail/get_robot_software_version__type_support.c
[1.495s] -- Up-to-date: /home/sebas/workspace/ros_ur_driver/install/ur_msgs/include/ur_msgs/ur_msgs/srv/detail/set_io__rosidl_typesupport_introspection_c.h
[1.495s] -- Up-to-date: /home/sebas/workspace/ros_ur_driver/install/ur_msgs/include/ur_msgs/ur_msgs/srv/detail/set_speed_slider_fraction__type_support.c
[1.495s] -- Up-to-date: /home/sebas/workspace/ros_ur_driver/install/ur_msgs/include/ur_msgs/ur_msgs/srv/detail/set_speed_slider_fraction__rosidl_typesupport_introspection_c.h
[1.495s] -- Up-to-date: /home/sebas/workspace/ros_ur_driver/install/ur_msgs/include/ur_msgs/ur_msgs/srv/detail/get_robot_software_version__rosidl_typesupport_introspection_c.h
[1.495s] -- Up-to-date: /home/sebas/workspace/ros_ur_driver/install/ur_msgs/include/ur_msgs/ur_msgs/srv/detail/set_io__type_support.c
[1.495s] -- Up-to-date: /home/sebas/workspace/ros_ur_driver/install/ur_msgs/include/ur_msgs/ur_msgs/srv/detail/set_force_mode__rosidl_typesupport_introspection_c.h
[1.496s] -- Up-to-date: /home/sebas/workspace/ros_ur_driver/install/ur_msgs/include/ur_msgs/ur_msgs/srv/detail/set_analog_output__type_support.c
[1.496s] -- Up-to-date: /home/sebas/workspace/ros_ur_driver/install/ur_msgs/include/ur_msgs/ur_msgs/srv/detail/set_payload__rosidl_typesupport_introspection_c.h
[1.496s] -- Up-to-date: /home/sebas/workspace/ros_ur_driver/install/ur_msgs/include/ur_msgs/ur_msgs/srv/detail/set_force_mode__type_support.c
[1.496s] -- Up-to-date: /home/sebas/workspace/ros_ur_driver/install/ur_msgs/include/ur_msgs/ur_msgs/srv/detail/set_payload__type_support.c
[1.496s] -- Up-to-date: /home/sebas/workspace/ros_ur_driver/install/ur_msgs/include/ur_msgs/ur_msgs/srv/detail/set_analog_output__rosidl_typesupport_introspection_c.h
[1.496s] -- Up-to-date: /home/sebas/workspace/ros_ur_driver/install/ur_msgs/include/ur_msgs/ur_msgs/msg
[1.497s] -- Up-to-date: /home/sebas/workspace/ros_ur_driver/install/ur_msgs/include/ur_msgs/ur_msgs/msg/detail
[1.499s] -- Up-to-date: /home/sebas/workspace/ros_ur_driver/install/ur_msgs/include/ur_msgs/ur_msgs/msg/detail/digital__type_support.c
[1.499s] -- Up-to-date: /home/sebas/workspace/ros_ur_driver/install/ur_msgs/include/ur_msgs/ur_msgs/msg/detail/robot_state_rt_msg__type_support.c
[1.499s] -- Up-to-date: /home/sebas/workspace/ros_ur_driver/install/ur_msgs/include/ur_msgs/ur_msgs/msg/detail/io_states__type_support.c
[1.499s] -- Up-to-date: /home/sebas/workspace/ros_ur_driver/install/ur_msgs/include/ur_msgs/ur_msgs/msg/detail/robot_state_rt_msg__rosidl_typesupport_introspection_c.h
[1.499s] -- Up-to-date: /home/sebas/workspace/ros_ur_driver/install/ur_msgs/include/ur_msgs/ur_msgs/msg/detail/tool_data_msg__rosidl_typesupport_introspection_c.h
[1.499s] -- Up-to-date: /home/sebas/workspace/ros_ur_driver/install/ur_msgs/include/ur_msgs/ur_msgs/msg/detail/digital__rosidl_typesupport_introspection_c.h
[1.499s] -- Up-to-date: /home/sebas/workspace/ros_ur_driver/install/ur_msgs/include/ur_msgs/ur_msgs/msg/detail/io_states__rosidl_typesupport_introspection_c.h
[1.499s] -- Up-to-date: /home/sebas/workspace/ros_ur_driver/install/ur_msgs/include/ur_msgs/ur_msgs/msg/detail/tool_data_msg__type_support.c
[1.500s] -- Up-to-date: /home/sebas/workspace/ros_ur_driver/install/ur_msgs/include/ur_msgs/ur_msgs/msg/detail/robot_mode_data_msg__type_support.c
[1.500s] -- Up-to-date: /home/sebas/workspace/ros_ur_driver/install/ur_msgs/include/ur_msgs/ur_msgs/msg/detail/analog__type_support.c
[1.502s] -- Up-to-date: /home/sebas/workspace/ros_ur_driver/install/ur_msgs/include/ur_msgs/ur_msgs/msg/detail/masterboard_data_msg__type_support.c
[1.502s] -- Up-to-date: /home/sebas/workspace/ros_ur_driver/install/ur_msgs/include/ur_msgs/ur_msgs/msg/detail/analog__rosidl_typesupport_introspection_c.h
[1.502s] -- Up-to-date: /home/sebas/workspace/ros_ur_driver/install/ur_msgs/include/ur_msgs/ur_msgs/msg/detail/robot_mode_data_msg__rosidl_typesupport_introspection_c.h
[1.502s] -- Up-to-date: /home/sebas/workspace/ros_ur_driver/install/ur_msgs/include/ur_msgs/ur_msgs/msg/detail/masterboard_data_msg__rosidl_typesupport_introspection_c.h
[1.502s] -- Up-to-date: /home/sebas/workspace/ros_ur_driver/install/ur_msgs/include/ur_msgs/ur_msgs/msg/rosidl_typesupport_introspection_c__visibility_control.h
[1.502s] -- Up-to-date: /home/sebas/workspace/ros_ur_driver/install/ur_msgs/lib/libur_msgs__rosidl_typesupport_introspection_c.so
[1.502s] -- Up-to-date: /home/sebas/workspace/ros_ur_driver/install/ur_msgs/lib/libur_msgs__rosidl_typesupport_c.so
[1.503s] -- Up-to-date: /home/sebas/workspace/ros_ur_driver/install/ur_msgs/include/ur_msgs/ur_msgs
[1.503s] -- Up-to-date: /home/sebas/workspace/ros_ur_driver/install/ur_msgs/include/ur_msgs/ur_msgs/srv
[1.503s] -- Up-to-date: /home/sebas/workspace/ros_ur_driver/install/ur_msgs/include/ur_msgs/ur_msgs/srv/detail
[1.503s] -- Up-to-date: /home/sebas/workspace/ros_ur_driver/install/ur_msgs/include/ur_msgs/ur_msgs/srv/detail/get_robot_software_version__type_support.cpp
[1.503s] -- Up-to-date: /home/sebas/workspace/ros_ur_driver/install/ur_msgs/include/ur_msgs/ur_msgs/srv/detail/set_force_mode__rosidl_typesupport_introspection_cpp.hpp
[1.503s] -- Up-to-date: /home/sebas/workspace/ros_ur_driver/install/ur_msgs/include/ur_msgs/ur_msgs/srv/detail/set_force_mode__type_support.cpp
[1.503s] -- Up-to-date: /home/sebas/workspace/ros_ur_driver/install/ur_msgs/include/ur_msgs/ur_msgs/srv/detail/set_analog_output__type_support.cpp
[1.503s] -- Up-to-date: /home/sebas/workspace/ros_ur_driver/install/ur_msgs/include/ur_msgs/ur_msgs/srv/detail/set_io__rosidl_typesupport_introspection_cpp.hpp
[1.503s] -- Up-to-date: /home/sebas/workspace/ros_ur_driver/install/ur_msgs/include/ur_msgs/ur_msgs/srv/detail/set_payload__type_support.cpp
[1.503s] -- Up-to-date: /home/sebas/workspace/ros_ur_driver/install/ur_msgs/include/ur_msgs/ur_msgs/srv/detail/set_payload__rosidl_typesupport_introspection_cpp.hpp
[1.503s] -- Up-to-date: /home/sebas/workspace/ros_ur_driver/install/ur_msgs/include/ur_msgs/ur_msgs/srv/detail/get_robot_software_version__rosidl_typesupport_introspection_cpp.hpp
[1.504s] -- Up-to-date: /home/sebas/workspace/ros_ur_driver/install/ur_msgs/include/ur_msgs/ur_msgs/srv/detail/set_speed_slider_fraction__type_support.cpp
[1.504s] -- Up-to-date: /home/sebas/workspace/ros_ur_driver/install/ur_msgs/include/ur_msgs/ur_msgs/srv/detail/set_speed_slider_fraction__rosidl_typesupport_introspection_cpp.hpp
[1.504s] -- Up-to-date: /home/sebas/workspace/ros_ur_driver/install/ur_msgs/include/ur_msgs/ur_msgs/srv/detail/set_io__type_support.cpp
[1.504s] -- Up-to-date: /home/sebas/workspace/ros_ur_driver/install/ur_msgs/include/ur_msgs/ur_msgs/srv/detail/set_analog_output__rosidl_typesupport_introspection_cpp.hpp
[1.504s] -- Up-to-date: /home/sebas/workspace/ros_ur_driver/install/ur_msgs/include/ur_msgs/ur_msgs/msg
[1.504s] -- Up-to-date: /home/sebas/workspace/ros_ur_driver/install/ur_msgs/include/ur_msgs/ur_msgs/msg/detail
[1.504s] -- Up-to-date: /home/sebas/workspace/ros_ur_driver/install/ur_msgs/include/ur_msgs/ur_msgs/msg/detail/io_states__type_support.cpp
[1.504s] -- Up-to-date: /home/sebas/workspace/ros_ur_driver/install/ur_msgs/include/ur_msgs/ur_msgs/msg/detail/tool_data_msg__type_support.cpp
[1.505s] -- Up-to-date: /home/sebas/workspace/ros_ur_driver/install/ur_msgs/include/ur_msgs/ur_msgs/msg/detail/analog__type_support.cpp
[1.505s] -- Up-to-date: /home/sebas/workspace/ros_ur_driver/install/ur_msgs/include/ur_msgs/ur_msgs/msg/detail/digital__rosidl_typesupport_introspection_cpp.hpp
[1.505s] -- Up-to-date: /home/sebas/workspace/ros_ur_driver/install/ur_msgs/include/ur_msgs/ur_msgs/msg/detail/analog__rosidl_typesupport_introspection_cpp.hpp
[1.505s] -- Up-to-date: /home/sebas/workspace/ros_ur_driver/install/ur_msgs/include/ur_msgs/ur_msgs/msg/detail/tool_data_msg__rosidl_typesupport_introspection_cpp.hpp
[1.505s] -- Up-to-date: /home/sebas/workspace/ros_ur_driver/install/ur_msgs/include/ur_msgs/ur_msgs/msg/detail/robot_state_rt_msg__rosidl_typesupport_introspection_cpp.hpp
[1.505s] -- Up-to-date: /home/sebas/workspace/ros_ur_driver/install/ur_msgs/include/ur_msgs/ur_msgs/msg/detail/io_states__rosidl_typesupport_introspection_cpp.hpp
[1.505s] -- Up-to-date: /home/sebas/workspace/ros_ur_driver/install/ur_msgs/include/ur_msgs/ur_msgs/msg/detail/masterboard_data_msg__type_support.cpp
[1.505s] -- Up-to-date: /home/sebas/workspace/ros_ur_driver/install/ur_msgs/include/ur_msgs/ur_msgs/msg/detail/digital__type_support.cpp
[1.505s] -- Up-to-date: /home/sebas/workspace/ros_ur_driver/install/ur_msgs/include/ur_msgs/ur_msgs/msg/detail/robot_mode_data_msg__type_support.cpp
[1.505s] -- Up-to-date: /home/sebas/workspace/ros_ur_driver/install/ur_msgs/include/ur_msgs/ur_msgs/msg/detail/robot_state_rt_msg__type_support.cpp
[1.505s] -- Up-to-date: /home/sebas/workspace/ros_ur_driver/install/ur_msgs/include/ur_msgs/ur_msgs/msg/detail/masterboard_data_msg__rosidl_typesupport_introspection_cpp.hpp
[1.505s] -- Up-to-date: /home/sebas/workspace/ros_ur_driver/install/ur_msgs/include/ur_msgs/ur_msgs/msg/detail/robot_mode_data_msg__rosidl_typesupport_introspection_cpp.hpp
[1.505s] -- Up-to-date: /home/sebas/workspace/ros_ur_driver/install/ur_msgs/lib/libur_msgs__rosidl_typesupport_introspection_cpp.so
[1.505s] -- Up-to-date: /home/sebas/workspace/ros_ur_driver/install/ur_msgs/lib/libur_msgs__rosidl_typesupport_cpp.so
[1.505s] -- Up-to-date: /home/sebas/workspace/ros_ur_driver/install/ur_msgs/share/ur_msgs/environment/pythonpath.sh
[1.505s] -- Up-to-date: /home/sebas/workspace/ros_ur_driver/install/ur_msgs/share/ur_msgs/environment/pythonpath.dsv
[1.507s] -- Up-to-date: /home/sebas/workspace/ros_ur_driver/install/ur_msgs/local/lib/python3.10/dist-packages/ur_msgs-2.0.1-py3.10.egg-info
[1.507s] -- Installing: /home/sebas/workspace/ros_ur_driver/install/ur_msgs/local/lib/python3.10/dist-packages/ur_msgs-2.0.1-py3.10.egg-info/top_level.txt
[1.507s] -- Installing: /home/sebas/workspace/ros_ur_driver/install/ur_msgs/local/lib/python3.10/dist-packages/ur_msgs-2.0.1-py3.10.egg-info/dependency_links.txt
[1.507s] -- Installing: /home/sebas/workspace/ros_ur_driver/install/ur_msgs/local/lib/python3.10/dist-packages/ur_msgs-2.0.1-py3.10.egg-info/SOURCES.txt
[1.508s] -- Installing: /home/sebas/workspace/ros_ur_driver/install/ur_msgs/local/lib/python3.10/dist-packages/ur_msgs-2.0.1-py3.10.egg-info/PKG-INFO
[1.508s] -- Up-to-date: /home/sebas/workspace/ros_ur_driver/install/ur_msgs/local/lib/python3.10/dist-packages/ur_msgs
[1.509s] -- Up-to-date: /home/sebas/workspace/ros_ur_driver/install/ur_msgs/local/lib/python3.10/dist-packages/ur_msgs/srv
[1.509s] -- Up-to-date: /home/sebas/workspace/ros_ur_driver/install/ur_msgs/local/lib/python3.10/dist-packages/ur_msgs/srv/_set_payload_s.c
[1.509s] -- Up-to-date: /home/sebas/workspace/ros_ur_driver/install/ur_msgs/local/lib/python3.10/dist-packages/ur_msgs/srv/_set_io.py
[1.509s] -- Up-to-date: /home/sebas/workspace/ros_ur_driver/install/ur_msgs/local/lib/python3.10/dist-packages/ur_msgs/srv/_set_force_mode.py
[1.509s] -- Up-to-date: /home/sebas/workspace/ros_ur_driver/install/ur_msgs/local/lib/python3.10/dist-packages/ur_msgs/srv/_set_speed_slider_fraction_s.c
[1.509s] -- Up-to-date: /home/sebas/workspace/ros_ur_driver/install/ur_msgs/local/lib/python3.10/dist-packages/ur_msgs/srv/_set_io_s.c
[1.509s] -- Up-to-date: /home/sebas/workspace/ros_ur_driver/install/ur_msgs/local/lib/python3.10/dist-packages/ur_msgs/srv/_get_robot_software_version_s.c
[1.509s] -- Up-to-date: /home/sebas/workspace/ros_ur_driver/install/ur_msgs/local/lib/python3.10/dist-packages/ur_msgs/srv/__init__.py
[1.509s] -- Up-to-date: /home/sebas/workspace/ros_ur_driver/install/ur_msgs/local/lib/python3.10/dist-packages/ur_msgs/srv/_set_payload.py
[1.509s] -- Up-to-date: /home/sebas/workspace/ros_ur_driver/install/ur_msgs/local/lib/python3.10/dist-packages/ur_msgs/srv/_set_analog_output_s.c
[1.509s] -- Up-to-date: /home/sebas/workspace/ros_ur_driver/install/ur_msgs/local/lib/python3.10/dist-packages/ur_msgs/srv/_set_force_mode_s.c
[1.509s] -- Up-to-date: /home/sebas/workspace/ros_ur_driver/install/ur_msgs/local/lib/python3.10/dist-packages/ur_msgs/srv/_get_robot_software_version.py
[1.509s] -- Up-to-date: /home/sebas/workspace/ros_ur_driver/install/ur_msgs/local/lib/python3.10/dist-packages/ur_msgs/srv/_set_analog_output.py
[1.509s] -- Up-to-date: /home/sebas/workspace/ros_ur_driver/install/ur_msgs/local/lib/python3.10/dist-packages/ur_msgs/srv/_set_speed_slider_fraction.py
[1.510s] -- Up-to-date: /home/sebas/workspace/ros_ur_driver/install/ur_msgs/local/lib/python3.10/dist-packages/ur_msgs/ur_msgs_s__rosidl_typesupport_fastrtps_c.cpython-310-x86_64-linux-gnu.so
[1.510s] -- Up-to-date: /home/sebas/workspace/ros_ur_driver/install/ur_msgs/local/lib/python3.10/dist-packages/ur_msgs/_ur_msgs_s.ep.rosidl_typesupport_c.c
[1.510s] -- Up-to-date: /home/sebas/workspace/ros_ur_driver/install/ur_msgs/local/lib/python3.10/dist-packages/ur_msgs/ur_msgs_s__rosidl_typesupport_c.cpython-310-x86_64-linux-gnu.so
[1.510s] -- Up-to-date: /home/sebas/workspace/ros_ur_driver/install/ur_msgs/local/lib/python3.10/dist-packages/ur_msgs/__init__.py
[1.511s] -- Up-to-date: /home/sebas/workspace/ros_ur_driver/install/ur_msgs/local/lib/python3.10/dist-packages/ur_msgs/_ur_msgs_s.ep.rosidl_typesupport_fastrtps_c.c
[1.511s] -- Up-to-date: /home/sebas/workspace/ros_ur_driver/install/ur_msgs/local/lib/python3.10/dist-packages/ur_msgs/ur_msgs_s__rosidl_typesupport_introspection_c.cpython-310-x86_64-linux-gnu.so
[1.511s] -- Up-to-date: /home/sebas/workspace/ros_ur_driver/install/ur_msgs/local/lib/python3.10/dist-packages/ur_msgs/_ur_msgs_s.ep.rosidl_typesupport_introspection_c.c
[1.511s] -- Up-to-date: /home/sebas/workspace/ros_ur_driver/install/ur_msgs/local/lib/python3.10/dist-packages/ur_msgs/msg
[1.511s] -- Up-to-date: /home/sebas/workspace/ros_ur_driver/install/ur_msgs/local/lib/python3.10/dist-packages/ur_msgs/msg/_analog_s.c
[1.511s] -- Up-to-date: /home/sebas/workspace/ros_ur_driver/install/ur_msgs/local/lib/python3.10/dist-packages/ur_msgs/msg/_io_states_s.c
[1.511s] -- Up-to-date: /home/sebas/workspace/ros_ur_driver/install/ur_msgs/local/lib/python3.10/dist-packages/ur_msgs/msg/_io_states.py
[1.511s] -- Up-to-date: /home/sebas/workspace/ros_ur_driver/install/ur_msgs/local/lib/python3.10/dist-packages/ur_msgs/msg/_tool_data_msg_s.c
[1.511s] -- Up-to-date: /home/sebas/workspace/ros_ur_driver/install/ur_msgs/local/lib/python3.10/dist-packages/ur_msgs/msg/_analog.py
[1.511s] -- Up-to-date: /home/sebas/workspace/ros_ur_driver/install/ur_msgs/local/lib/python3.10/dist-packages/ur_msgs/msg/_robot_mode_data_msg.py
[1.511s] -- Up-to-date: /home/sebas/workspace/ros_ur_driver/install/ur_msgs/local/lib/python3.10/dist-packages/ur_msgs/msg/_robot_state_rt_msg.py
[1.511s] -- Up-to-date: /home/sebas/workspace/ros_ur_driver/install/ur_msgs/local/lib/python3.10/dist-packages/ur_msgs/msg/__init__.py
[1.512s] -- Up-to-date: /home/sebas/workspace/ros_ur_driver/install/ur_msgs/local/lib/python3.10/dist-packages/ur_msgs/msg/_digital.py
[1.512s] -- Up-to-date: /home/sebas/workspace/ros_ur_driver/install/ur_msgs/local/lib/python3.10/dist-packages/ur_msgs/msg/_masterboard_data_msg.py
[1.512s] -- Up-to-date: /home/sebas/workspace/ros_ur_driver/install/ur_msgs/local/lib/python3.10/dist-packages/ur_msgs/msg/_robot_state_rt_msg_s.c
[1.512s] -- Up-to-date: /home/sebas/workspace/ros_ur_driver/install/ur_msgs/local/lib/python3.10/dist-packages/ur_msgs/msg/_tool_data_msg.py
[1.512s] -- Up-to-date: /home/sebas/workspace/ros_ur_driver/install/ur_msgs/local/lib/python3.10/dist-packages/ur_msgs/msg/_masterboard_data_msg_s.c
[1.512s] -- Up-to-date: /home/sebas/workspace/ros_ur_driver/install/ur_msgs/local/lib/python3.10/dist-packages/ur_msgs/msg/_robot_mode_data_msg_s.c
[1.512s] -- Up-to-date: /home/sebas/workspace/ros_ur_driver/install/ur_msgs/local/lib/python3.10/dist-packages/ur_msgs/msg/_digital_s.c
[1.512s] -- Up-to-date: /home/sebas/workspace/ros_ur_driver/install/ur_msgs/local/lib/python3.10/dist-packages/ur_msgs/libur_msgs__rosidl_generator_py.so
[1.537s] Listing '/home/sebas/workspace/ros_ur_driver/install/ur_msgs/local/lib/python3.10/dist-packages/ur_msgs'...
[1.537s] Listing '/home/sebas/workspace/ros_ur_driver/install/ur_msgs/local/lib/python3.10/dist-packages/ur_msgs/msg'...
[1.537s] Listing '/home/sebas/workspace/ros_ur_driver/install/ur_msgs/local/lib/python3.10/dist-packages/ur_msgs/srv'...
[1.538s] -- Up-to-date: /home/sebas/workspace/ros_ur_driver/install/ur_msgs/local/lib/python3.10/dist-packages/ur_msgs/ur_msgs_s__rosidl_typesupport_fastrtps_c.cpython-310-x86_64-linux-gnu.so
[1.538s] -- Up-to-date: /home/sebas/workspace/ros_ur_driver/install/ur_msgs/local/lib/python3.10/dist-packages/ur_msgs/ur_msgs_s__rosidl_typesupport_introspection_c.cpython-310-x86_64-linux-gnu.so
[1.538s] -- Up-to-date: /home/sebas/workspace/ros_ur_driver/install/ur_msgs/local/lib/python3.10/dist-packages/ur_msgs/ur_msgs_s__rosidl_typesupport_c.cpython-310-x86_64-linux-gnu.so
[1.538s] -- Up-to-date: /home/sebas/workspace/ros_ur_driver/install/ur_msgs/lib/libur_msgs__rosidl_generator_py.so
[1.538s] -- Up-to-date: /home/sebas/workspace/ros_ur_driver/install/ur_msgs/share/ur_msgs/msg/Analog.idl
[1.538s] -- Up-to-date: /home/sebas/workspace/ros_ur_driver/install/ur_msgs/share/ur_msgs/msg/Digital.idl
[1.538s] -- Up-to-date: /home/sebas/workspace/ros_ur_driver/install/ur_msgs/share/ur_msgs/msg/IOStates.idl
[1.538s] -- Up-to-date: /home/sebas/workspace/ros_ur_driver/install/ur_msgs/share/ur_msgs/msg/RobotStateRTMsg.idl
[1.538s] -- Up-to-date: /home/sebas/workspace/ros_ur_driver/install/ur_msgs/share/ur_msgs/msg/MasterboardDataMsg.idl
[1.538s] -- Up-to-date: /home/sebas/workspace/ros_ur_driver/install/ur_msgs/share/ur_msgs/msg/RobotModeDataMsg.idl
[1.538s] -- Up-to-date: /home/sebas/workspace/ros_ur_driver/install/ur_msgs/share/ur_msgs/msg/ToolDataMsg.idl
[1.538s] -- Up-to-date: /home/sebas/workspace/ros_ur_driver/install/ur_msgs/share/ur_msgs/srv/SetAnalogOutput.idl
[1.538s] -- Up-to-date: /home/sebas/workspace/ros_ur_driver/install/ur_msgs/share/ur_msgs/srv/SetPayload.idl
[1.539s] -- Up-to-date: /home/sebas/workspace/ros_ur_driver/install/ur_msgs/share/ur_msgs/srv/SetSpeedSliderFraction.idl
[1.539s] -- Up-to-date: /home/sebas/workspace/ros_ur_driver/install/ur_msgs/share/ur_msgs/srv/SetIO.idl
[1.539s] -- Up-to-date: /home/sebas/workspace/ros_ur_driver/install/ur_msgs/share/ur_msgs/srv/GetRobotSoftwareVersion.idl
[1.539s] -- Up-to-date: /home/sebas/workspace/ros_ur_driver/install/ur_msgs/share/ur_msgs/srv/SetForceMode.idl
[1.540s] -- Up-to-date: /home/sebas/workspace/ros_ur_driver/install/ur_msgs/share/ur_msgs/msg/Analog.msg
[1.540s] -- Up-to-date: /home/sebas/workspace/ros_ur_driver/install/ur_msgs/share/ur_msgs/msg/Digital.msg
[1.540s] -- Up-to-date: /home/sebas/workspace/ros_ur_driver/install/ur_msgs/share/ur_msgs/msg/IOStates.msg
[1.540s] -- Up-to-date: /home/sebas/workspace/ros_ur_driver/install/ur_msgs/share/ur_msgs/msg/RobotStateRTMsg.msg
[1.540s] -- Up-to-date: /home/sebas/workspace/ros_ur_driver/install/ur_msgs/share/ur_msgs/msg/MasterboardDataMsg.msg
[1.540s] -- Up-to-date: /home/sebas/workspace/ros_ur_driver/install/ur_msgs/share/ur_msgs/msg/RobotModeDataMsg.msg
[1.540s] -- Up-to-date: /home/sebas/workspace/ros_ur_driver/install/ur_msgs/share/ur_msgs/msg/ToolDataMsg.msg
[1.540s] -- Up-to-date: /home/sebas/workspace/ros_ur_driver/install/ur_msgs/share/ur_msgs/srv/SetAnalogOutput.srv
[1.540s] -- Up-to-date: /home/sebas/workspace/ros_ur_driver/install/ur_msgs/share/ur_msgs/srv/SetAnalogOutput_Request.msg
[1.540s] -- Up-to-date: /home/sebas/workspace/ros_ur_driver/install/ur_msgs/share/ur_msgs/srv/SetAnalogOutput_Response.msg
[1.541s] -- Up-to-date: /home/sebas/workspace/ros_ur_driver/install/ur_msgs/share/ur_msgs/srv/SetPayload.srv
[1.541s] -- Up-to-date: /home/sebas/workspace/ros_ur_driver/install/ur_msgs/share/ur_msgs/srv/SetPayload_Request.msg
[1.541s] -- Up-to-date: /home/sebas/workspace/ros_ur_driver/install/ur_msgs/share/ur_msgs/srv/SetPayload_Response.msg
[1.541s] -- Up-to-date: /home/sebas/workspace/ros_ur_driver/install/ur_msgs/share/ur_msgs/srv/SetSpeedSliderFraction.srv
[1.541s] -- Up-to-date: /home/sebas/workspace/ros_ur_driver/install/ur_msgs/share/ur_msgs/srv/SetSpeedSliderFraction_Request.msg
[1.541s] -- Up-to-date: /home/sebas/workspace/ros_ur_driver/install/ur_msgs/share/ur_msgs/srv/SetSpeedSliderFraction_Response.msg
[1.541s] -- Up-to-date: /home/sebas/workspace/ros_ur_driver/install/ur_msgs/share/ur_msgs/srv/SetIO.srv
[1.541s] -- Up-to-date: /home/sebas/workspace/ros_ur_driver/install/ur_msgs/share/ur_msgs/srv/SetIO_Request.msg
[1.541s] -- Up-to-date: /home/sebas/workspace/ros_ur_driver/install/ur_msgs/share/ur_msgs/srv/SetIO_Response.msg
[1.541s] -- Up-to-date: /home/sebas/workspace/ros_ur_driver/install/ur_msgs/share/ur_msgs/srv/GetRobotSoftwareVersion.srv
[1.541s] -- Up-to-date: /home/sebas/workspace/ros_ur_driver/install/ur_msgs/share/ur_msgs/srv/GetRobotSoftwareVersion_Request.msg
[1.541s] -- Up-to-date: /home/sebas/workspace/ros_ur_driver/install/ur_msgs/share/ur_msgs/srv/GetRobotSoftwareVersion_Response.msg
[1.541s] -- Up-to-date: /home/sebas/workspace/ros_ur_driver/install/ur_msgs/share/ur_msgs/srv/SetForceMode.srv
[1.541s] -- Up-to-date: /home/sebas/workspace/ros_ur_driver/install/ur_msgs/share/ur_msgs/srv/SetForceMode_Request.msg
[1.541s] -- Up-to-date: /home/sebas/workspace/ros_ur_driver/install/ur_msgs/share/ur_msgs/srv/SetForceMode_Response.msg
[1.541s] -- Up-to-date: /home/sebas/workspace/ros_ur_driver/install/ur_msgs/share/ament_index/resource_index/package_run_dependencies/ur_msgs
[1.541s] -- Up-to-date: /home/sebas/workspace/ros_ur_driver/install/ur_msgs/share/ament_index/resource_index/parent_prefix_path/ur_msgs
[1.541s] -- Up-to-date: /home/sebas/workspace/ros_ur_driver/install/ur_msgs/share/ur_msgs/environment/ament_prefix_path.sh
[1.541s] -- Up-to-date: /home/sebas/workspace/ros_ur_driver/install/ur_msgs/share/ur_msgs/environment/ament_prefix_path.dsv
[1.541s] -- Up-to-date: /home/sebas/workspace/ros_ur_driver/install/ur_msgs/share/ur_msgs/environment/path.sh
[1.541s] -- Up-to-date: /home/sebas/workspace/ros_ur_driver/install/ur_msgs/share/ur_msgs/environment/path.dsv
[1.542s] -- Up-to-date: /home/sebas/workspace/ros_ur_driver/install/ur_msgs/share/ur_msgs/local_setup.bash
[1.542s] -- Up-to-date: /home/sebas/workspace/ros_ur_driver/install/ur_msgs/share/ur_msgs/local_setup.sh
[1.542s] -- Up-to-date: /home/sebas/workspace/ros_ur_driver/install/ur_msgs/share/ur_msgs/local_setup.zsh
[1.542s] -- Up-to-date: /home/sebas/workspace/ros_ur_driver/install/ur_msgs/share/ur_msgs/local_setup.dsv
[1.542s] -- Installing: /home/sebas/workspace/ros_ur_driver/install/ur_msgs/share/ur_msgs/package.dsv
[1.542s] -- Up-to-date: /home/sebas/workspace/ros_ur_driver/install/ur_msgs/share/ament_index/resource_index/packages/ur_msgs
[1.542s] -- Up-to-date: /home/sebas/workspace/ros_ur_driver/install/ur_msgs/share/ur_msgs/cmake/export_ur_msgs__rosidl_generator_cExport.cmake
[1.542s] -- Up-to-date: /home/sebas/workspace/ros_ur_driver/install/ur_msgs/share/ur_msgs/cmake/export_ur_msgs__rosidl_generator_cExport-noconfig.cmake
[1.542s] -- Up-to-date: /home/sebas/workspace/ros_ur_driver/install/ur_msgs/share/ur_msgs/cmake/export_ur_msgs__rosidl_typesupport_fastrtps_cExport.cmake
[1.542s] -- Up-to-date: /home/sebas/workspace/ros_ur_driver/install/ur_msgs/share/ur_msgs/cmake/export_ur_msgs__rosidl_typesupport_fastrtps_cExport-noconfig.cmake
[1.542s] -- Up-to-date: /home/sebas/workspace/ros_ur_driver/install/ur_msgs/share/ur_msgs/cmake/export_ur_msgs__rosidl_generator_cppExport.cmake
[1.542s] -- Up-to-date: /home/sebas/workspace/ros_ur_driver/install/ur_msgs/share/ur_msgs/cmake/export_ur_msgs__rosidl_typesupport_fastrtps_cppExport.cmake
[1.542s] -- Up-to-date: /home/sebas/workspace/ros_ur_driver/install/ur_msgs/share/ur_msgs/cmake/export_ur_msgs__rosidl_typesupport_fastrtps_cppExport-noconfig.cmake
[1.542s] -- Up-to-date: /home/sebas/workspace/ros_ur_driver/install/ur_msgs/share/ur_msgs/cmake/ur_msgs__rosidl_typesupport_introspection_cExport.cmake
[1.543s] -- Up-to-date: /home/sebas/workspace/ros_ur_driver/install/ur_msgs/share/ur_msgs/cmake/ur_msgs__rosidl_typesupport_introspection_cExport-noconfig.cmake
[1.543s] -- Up-to-date: /home/sebas/workspace/ros_ur_driver/install/ur_msgs/share/ur_msgs/cmake/ur_msgs__rosidl_typesupport_cExport.cmake
[1.543s] -- Up-to-date: /home/sebas/workspace/ros_ur_driver/install/ur_msgs/share/ur_msgs/cmake/ur_msgs__rosidl_typesupport_cExport-noconfig.cmake
[1.543s] -- Up-to-date: /home/sebas/workspace/ros_ur_driver/install/ur_msgs/share/ur_msgs/cmake/ur_msgs__rosidl_typesupport_introspection_cppExport.cmake
[1.543s] -- Up-to-date: /home/sebas/workspace/ros_ur_driver/install/ur_msgs/share/ur_msgs/cmake/ur_msgs__rosidl_typesupport_introspection_cppExport-noconfig.cmake
[1.543s] -- Up-to-date: /home/sebas/workspace/ros_ur_driver/install/ur_msgs/share/ur_msgs/cmake/ur_msgs__rosidl_typesupport_cppExport.cmake
[1.544s] -- Up-to-date: /home/sebas/workspace/ros_ur_driver/install/ur_msgs/share/ur_msgs/cmake/ur_msgs__rosidl_typesupport_cppExport-noconfig.cmake
[1.544s] -- Up-to-date: /home/sebas/workspace/ros_ur_driver/install/ur_msgs/share/ur_msgs/cmake/export_ur_msgs__rosidl_generator_pyExport.cmake
[1.544s] -- Up-to-date: /home/sebas/workspace/ros_ur_driver/install/ur_msgs/share/ur_msgs/cmake/export_ur_msgs__rosidl_generator_pyExport-noconfig.cmake
[1.544s] -- Up-to-date: /home/sebas/workspace/ros_ur_driver/install/ur_msgs/share/ur_msgs/cmake/rosidl_cmake-extras.cmake
[1.544s] -- Up-to-date: /home/sebas/workspace/ros_ur_driver/install/ur_msgs/share/ur_msgs/cmake/ament_cmake_export_dependencies-extras.cmake
[1.544s] -- Up-to-date: /home/sebas/workspace/ros_ur_driver/install/ur_msgs/share/ur_msgs/cmake/ament_cmake_export_include_directories-extras.cmake
[1.544s] -- Up-to-date: /home/sebas/workspace/ros_ur_driver/install/ur_msgs/share/ur_msgs/cmake/ament_cmake_export_libraries-extras.cmake
[1.544s] -- Up-to-date: /home/sebas/workspace/ros_ur_driver/install/ur_msgs/share/ur_msgs/cmake/ament_cmake_export_targets-extras.cmake
[1.544s] -- Up-to-date: /home/sebas/workspace/ros_ur_driver/install/ur_msgs/share/ur_msgs/cmake/rosidl_cmake_export_typesupport_targets-extras.cmake
[1.544s] -- Up-to-date: /home/sebas/workspace/ros_ur_driver/install/ur_msgs/share/ur_msgs/cmake/rosidl_cmake_export_typesupport_libraries-extras.cmake
[1.544s] -- Up-to-date: /home/sebas/workspace/ros_ur_driver/install/ur_msgs/share/ur_msgs/cmake/ur_msgsConfig.cmake
[1.545s] -- Up-to-date: /home/sebas/workspace/ros_ur_driver/install/ur_msgs/share/ur_msgs/cmake/ur_msgsConfig-version.cmake
[1.545s] -- Up-to-date: /home/sebas/workspace/ros_ur_driver/install/ur_msgs/share/ur_msgs/package.xml
[1.563s] Invoked command in '/home/sebas/workspace/ros_ur_driver/build/ur_msgs' returned '0': CMAKE_PREFIX_PATH=${CMAKE_PREFIX_PATH}:/home/sebas/workspace/ros_ur_driver/install/ur3_rl:/home/sebas/workspace/ros_ur_driver/install/rqt_joint_trajectory_controller:/home/sebas/workspace/ros_ur_driver/install/rqt_controller_manager:/home/sebas/workspace/ros_ur_driver/install/ros2controlcli:/home/sebas/workspace/ros_ur_driver/install/ros2_controllers_test_nodes:/opt/ros/humble /usr/bin/cmake --install /home/sebas/workspace/ros_ur_driver/build/ur_msgs
